4.3418 	DEBUG 	Fullscreen settings ignored as running in pilot mode.
4.3425 	INFO 	Loaded monitor calibration from ['2023_11_17 03:59']
4.8476 	EXP 	Created window1 = Window(allowGUI=False, allowStencil=False, autoLog=True, backendConf=UNKNOWN, backgroundFit=<method-wrapper '__getattribute__' of attributeSetter object at 0x0000025E97E46E90>, backgroundImage=<method-wrapper '__getattribute__' of attributeSetter object at 0x0000025E97E46E30>, bitsMode=UNKNOWN, blendMode='avg', bpc=(8, 8, 8), color=array([0, 0, 0]), colorSpace='rgb', depthBits=8, fullscr=False, gamma=None, gammaErrorPolicy='raise', infoMsg=UNKNOWN, lms=UNKNOWN, monitor=<psychopy.monitors.calibTools.Monitor object at 0x0000025E97F20700>, multiSample=False, name='window1', numSamples=2, pos=[880.0, 500.0], screen=0, size=array([800, 600]), stencilBits=0, stereo=False, title='PsychoPy', units='height', useFBO=True, useRetina=False, viewOri=0.0, viewPos=None, viewScale=None, waitBlanking=True, winType='pyglet')
4.8477 	EXP 	window1: backgroundImage = ''
4.8477 	EXP 	window1: backgroundFit = 'none'
4.8688 	DEBUG 	TextBox2 loaded 1 chars with 0 blanks and 1 valid
4.8703 	DEBUG 	TextBox2 loaded 1 chars with 0 blanks and 1 valid
4.8717 	DEBUG 	TextBox2 loaded 1 chars with 0 blanks and 1 valid
4.8728 	DEBUG 	TextBox2 loaded 1 chars with 0 blanks and 1 valid
4.8734 	DEBUG 	TextBox2 loaded 1 chars with 0 blanks and 1 valid
4.8738 	DEBUG 	TextBox2 loaded 1 chars with 0 blanks and 1 valid
4.8744 	DEBUG 	TextBox2 loaded 1 chars with 0 blanks and 1 valid
4.8751 	DEBUG 	TextBox2 loaded 1 chars with 0 blanks and 1 valid
4.8754 	DEBUG 	TextBox2 loaded 1 chars with 0 blanks and 1 valid
4.8756 	DEBUG 	TextBox2 loaded 1 chars with 0 blanks and 1 valid
4.8761 	DEBUG 	TextBox2 loaded 1 chars with 0 blanks and 1 valid
4.8768 	DEBUG 	TextBox2 loaded 1 chars with 0 blanks and 1 valid
4.8774 	DEBUG 	TextBox2 loaded 1 chars with 0 blanks and 1 valid
4.8779 	DEBUG 	TextBox2 loaded 1 chars with 0 blanks and 1 valid
4.8785 	DEBUG 	TextBox2 loaded 1 chars with 0 blanks and 1 valid
4.8791 	DEBUG 	TextBox2 loaded 1 chars with 0 blanks and 1 valid
4.8797 	DEBUG 	TextBox2 loaded 1 chars with 0 blanks and 1 valid
4.8800 	DEBUG 	TextBox2 loaded 1 chars with 0 blanks and 1 valid
4.8804 	DEBUG 	TextBox2 loaded 1 chars with 0 blanks and 1 valid
4.8811 	DEBUG 	TextBox2 loaded 1 chars with 0 blanks and 1 valid
4.8814 	DEBUG 	TextBox2 loaded 1 chars with 0 blanks and 1 valid
4.8817 	DEBUG 	Uploading Texture Font fontname to graphics card
4.8880 	DEBUG 	Upload of Texture Font fontname complete
4.9054 	DEBUG 	TextBox2 loaded 1 chars with 0 blanks and 1 valid
4.9063 	DEBUG 	TextBox2 loaded 1 chars with 0 blanks and 1 valid
4.9072 	DEBUG 	TextBox2 loaded 1 chars with 0 blanks and 1 valid
4.9074 	DEBUG 	Uploading Texture Font fontname to graphics card
4.9132 	DEBUG 	Upload of Texture Font fontname complete
4.9151 	EXP 	window1: Attempting to measure frame rate of screen (0) ...
4.9152 	EXP 	window1: recordFrameIntervals = False
5.1834 	EXP 	window1: recordFrameIntervals = True
5.5839 	WARNING 	t of last frame was 23.80ms (=1/42)
5.8265 	WARNING 	t of last frame was 20.07ms (=1/49)
6.0826 	WARNING 	t of last frame was 31.13ms (=1/32)
6.1070 	WARNING 	t of last frame was 24.40ms (=1/40)
6.1292 	WARNING 	Multiple dropped frames have occurred - I'll stop bothering you about them!
6.5291 	WARNING 	Couldn't measure a consistent frame rate!
  - Is your graphics card set to sync to vertical blank?
  - Are you running other processes on your computer?

6.5394 	DEBUG 	TextBox2 loaded 1 chars with 0 blanks and 1 valid
6.5398 	DEBUG 	TextBox2 loaded 1 chars with 0 blanks and 1 valid
6.5406 	DEBUG 	TextBox2 loaded 1 chars with 0 blanks and 1 valid
6.5415 	DEBUG 	TextBox2 loaded 1 chars with 0 blanks and 1 valid
6.5422 	DEBUG 	TextBox2 loaded 1 chars with 0 blanks and 1 valid
6.5430 	DEBUG 	TextBox2 loaded 1 chars with 0 blanks and 1 valid
6.5433 	DEBUG 	TextBox2 loaded 1 chars with 0 blanks and 1 valid
6.5440 	DEBUG 	TextBox2 loaded 1 chars with 0 blanks and 1 valid
6.5447 	DEBUG 	TextBox2 loaded 1 chars with 0 blanks and 1 valid
6.5452 	DEBUG 	TextBox2 loaded 1 chars with 0 blanks and 1 valid
6.5455 	DEBUG 	Uploading Texture Font fontname to graphics card
6.5459 	DEBUG 	Upload of Texture Font fontname complete
6.5594 	WARNING 	launchHubServer: If using the iohub mouse or eyetracker devices, fullScr should be True.
8.0361 	INFO 	keyboard.Keyboard is using iohub backend.
8.0362 	INFO 	keyboard.Keyboard is using iohub backend.
8.0362 	EXP 	Foreperiod_task: status = STARTED
8.1031 	EXP 	Created Welcome_Text = TextStim(__class__=<class 'psychopy.visual.text.TextStim'>, alignHoriz=method-wrapper(...), alignText='center', alignVert=method-wrapper(...), anchorHoriz='center', anchorVert='center', antialias=True, autoDraw=False, autoLog=True, bold=False, color=array([1., 1., 1.]), colorSpace='rgb', contrast=1.0, depth=0.0, draggable=False, flipHoriz=False, flipVert=False, font='Open Sans', fontFiles=[], height=0.05, italic=False, languageStyle='LTR', name='Welcome_Text', opacity=1, ori=0.0, pos=array([0., 0.]), rgb=UNKNOWN, text=str(...), units='height', win=Window(...), wrapWidth=1)
8.1119 	EXP 	Created PLUS_FP = ShapeStim(__class__=<class 'psychopy.visual.shape.ShapeStim'>, anchor=('center', 'center'), autoDraw=False, autoLog=True, closeShape=True, color=method-wrapper(...), colorSpace='rgb', contrast=None, depth=-1.0, draggable=False, fillColor=array([1, 1, 1]), fillColorSpace='rgb', fillRGB=array([1, 1, 1]), interpolate=True, lineColor=array([1., 1., 1.]), lineColorSpace='rgb', lineRGB=array([1, 1, 1]), lineWidth=1.0, name='PLUS_FP', opacity=1, ori=0.0, pos=array([0., 0.]), size=array([0.05, 0.05]), units='height', vertices=ndarray(...), win=Window(...), windingRule=None)
8.1148 	EXP 	Created polygon = ShapeStim(__class__=<class 'psychopy.visual.shape.ShapeStim'>, anchor=('center', 'center'), autoDraw=False, autoLog=True, closeShape=True, color=method-wrapper(...), colorSpace='rgb', contrast=None, depth=-2.0, draggable=False, fillColor=array([1, 1, 1]), fillColorSpace='rgb', fillRGB=array([1, 1, 1]), interpolate=True, lineColor=array([1., 1., 1.]), lineColorSpace='rgb', lineRGB=array([1, 1, 1]), lineWidth=1.0, name='polygon', opacity=1, ori=0.0, pos=array([0., 0.]), size=array([0.5, 0.5]), units='height', vertices=ndarray(...), win=Window(...), windingRule=None)
8.1170 	EXP 	Created Photodiode_polygon = Rect(__class__=<class 'psychopy.visual.rect.Rect'>, anchor=('center', 'center'), autoDraw=False, autoLog=True, closeShape=True, color=method-wrapper(...), colorSpace='rgb', contrast=None, depth=-4.0, draggable=False, fillColor=array([1, 1, 1]), fillColorSpace='rgb', fillRGB=array([1, 1, 1]), interpolate=True, lineColor=array([1., 1., 1.]), lineColorSpace='rgb', lineRGB=array([1, 1, 1]), lineWidth=1.0, name='Photodiode_polygon', opacity=1, ori=0.0, pos=array([ 0.735, -0.44 ]), size=array([0.11, 0.11]), units='height', vertices=ndarray(...), win=Window(...))
8.1191 	EXP 	Created Photodiode_plus = Rect(__class__=<class 'psychopy.visual.rect.Rect'>, anchor=('center', 'center'), autoDraw=False, autoLog=True, closeShape=True, color=method-wrapper(...), colorSpace='rgb', contrast=None, depth=-5.0, draggable=False, fillColor=array([1, 1, 1]), fillColorSpace='rgb', fillRGB=array([1, 1, 1]), interpolate=True, lineColor=array([1., 1., 1.]), lineColorSpace='rgb', lineRGB=array([1, 1, 1]), lineWidth=1.0, name='Photodiode_plus', opacity=1, ori=0.0, pos=array([ 0.735, -0.44 ]), size=array([0.11, 0.11]), units='height', vertices=ndarray(...), win=Window(...))
8.1214 	EXP 	Created text = TextStim(__class__=<class 'psychopy.visual.text.TextStim'>, alignHoriz=method-wrapper(...), alignText='center', alignVert=method-wrapper(...), anchorHoriz='center', anchorVert='center', antialias=True, autoDraw=False, autoLog=True, bold=False, color=array([1., 1., 1.]), colorSpace='rgb', contrast=1.0, depth=0.0, draggable=False, flipHoriz=False, flipVert=False, font='Open Sans', fontFiles=[], height=0.05, italic=False, languageStyle='LTR', name='text', opacity=1, ori=0.0, pos=array([ 0.  , -0.35]), rgb=UNKNOWN, text='', units='height', win=Window(...), wrapWidth=1)
8.1296 	EXP 	Created Photodiode_2 = Rect(__class__=<class 'psychopy.visual.rect.Rect'>, anchor=('center', 'center'), autoDraw=False, autoLog=True, closeShape=True, color=method-wrapper(...), colorSpace='rgb', contrast=None, depth=-2.0, draggable=False, fillColor=array([1, 1, 1]), fillColorSpace='rgb', fillRGB=array([1, 1, 1]), interpolate=True, lineColor=array([1., 1., 1.]), lineColorSpace='rgb', lineRGB=array([1, 1, 1]), lineWidth=1.0, name='Photodiode_2', opacity=1, ori=0.0, pos=array([ 0.735, -0.44 ]), size=array([0.11, 0.11]), units='height', vertices=ndarray(...), win=Window(...))
8.1335 	EXP 	Created text_3 = TextStim(__class__=<class 'psychopy.visual.text.TextStim'>, alignHoriz=method-wrapper(...), alignText='center', alignVert=method-wrapper(...), anchorHoriz='center', anchorVert='center', antialias=True, autoDraw=False, autoLog=True, bold=False, color=array([1., 1., 1.]), colorSpace='rgb', contrast=1.0, depth=-1.0, draggable=False, flipHoriz=False, flipVert=False, font='Arial', fontFiles=[], height=0.05, italic=False, languageStyle='LTR', name='text_3', opacity=1, ori=0.0, pos=array([0., 0.]), rgb=UNKNOWN, text='', units='height', win=Window(...), wrapWidth=1)
0.0353 	EXP 	Welcome_Text: autoDraw = True
5.0262 	DATA 	Mouse: Left button down, pos=(681,334)
5.0274 	EXP 	New trial (rep=0, index=0): <Trial 0 (0 in rep 0) data={'thisN': 0, 'thisTrialN': 0, 'thisRepN': 0}>
5.0276 	EXP 	New trial (rep=0, index=0): <Trial 0 (0 in rep 0) data={'thisN': 0, 'thisTrialN': 0, 'thisRepN': 0}>
5.0917 	DEBUG 	Saving data for Foreperiod_task ExperimentHandler
5.0931 	INFO 	saved data to C:\Users\bhdib\OneDrive\Desktop\Foreperiod_task\data/071578_Foreperiod_task_2025-01-26_10h46.21.470.psydat
5.0939 	INFO 	saved data to 'C:\\Users\\bhdib\\OneDrive\\Desktop\\Foreperiod_task\\data/071578_Foreperiod_task_2025-01-26_10h46.21.470.csv'
