3.4317 	WARNING 	User requested fullscreen with size [1920 1080], but screen is actually [1920, 1200]. Using actual size
3.7317 	EXP 	Created window1 = Window(allowGUI=True, allowStencil=False, autoLog=True, backendConf=UNKNOWN, backgroundFit=<method-wrapper '__getattribute__' of attributeSetter object at 0x000001FE4B71EDA0>, backgroundImage=<method-wrapper '__getattribute__' of attributeSetter object at 0x000001FE4B71ED40>, bitsMode=UNKNOWN, blendMode='avg', bpc=(8, 8, 8), color=array([0, 0, 0]), colorSpace='rgb', depthBits=8, fullscr=<method-wrapper '__getattribute__' of attributeSetter object at 0x000001FE4B71EB90>, gamma=None, gammaErrorPolicy='raise', infoMsg=UNKNOWN, lms=UNKNOWN, monitor=<psychopy.monitors.calibTools.Monitor object at 0x000001FE4B80CBE0>, multiSample=False, name='window1', numSamples=2, pos=[0.0, 0.0], screen=0, size=array([1920, 1200]), stencilBits=0, stereo=False, title='PsychoPy', units='height', useFBO=True, useRetina=False, viewOri=0.0, viewPos=None, viewScale=None, waitBlanking=True, winType='pyglet')
3.7317 	EXP 	window1: backgroundImage = ''
3.7317 	EXP 	window1: backgroundFit = 'none'
3.7319 	EXP 	window1: mouseVisible = <method-wrapper '__getattribute__' of attributeSetter object at 0x000001FE4B71C8E0>
3.7320 	EXP 	window1: mouseVisible = <method-wrapper '__getattribute__' of attributeSetter object at 0x000001FE4B71C8E0>
3.7344 	EXP 	window1: mouseVisible = <method-wrapper '__getattribute__' of attributeSetter object at 0x000001FE4B71C8E0>
3.7349 	EXP 	window1: mouseVisible = <method-wrapper '__getattribute__' of attributeSetter object at 0x000001FE4B71C8E0>
3.7725 	EXP 	window1: mouseVisible = <method-wrapper '__getattribute__' of attributeSetter object at 0x000001FE4B71C8E0>
3.7726 	EXP 	window1: mouseVisible = <method-wrapper '__getattribute__' of attributeSetter object at 0x000001FE4B71C8E0>
3.7730 	EXP 	window1: mouseVisible = <method-wrapper '__getattribute__' of attributeSetter object at 0x000001FE4B71C8E0>
3.7733 	EXP 	window1: mouseVisible = <method-wrapper '__getattribute__' of attributeSetter object at 0x000001FE4B71C8E0>
3.7881 	EXP 	window1: Attempting to measure frame rate of screen (0) ...
3.7882 	EXP 	window1: recordFrameIntervals = False
3.9392 	EXP 	window1: recordFrameIntervals = True
4.1229 	EXP 	Screen (0) actual frame rate measured at 59.92Hz
4.1230 	EXP 	window1: recordFrameIntervals = False
4.1231 	EXP 	window1: mouseVisible = False
5.4406 	EXP 	Foreperiod_task: status = STARTED
5.4408 	EXP 	window1: mouseVisible = False
5.4881 	EXP 	Created Welcome_Text = TextStim(__class__=<class 'psychopy.visual.text.TextStim'>, alignHoriz=method-wrapper(...), alignText='center', alignVert=method-wrapper(...), anchorHoriz='center', anchorVert='center', antialias=True, autoDraw=False, autoLog=True, bold=False, color=array([1., 1., 1.]), colorSpace='rgb', contrast=1.0, depth=0.0, draggable=False, flipHoriz=False, flipVert=False, font='Open Sans', fontFiles=[], height=0.05, italic=False, languageStyle='LTR', name='Welcome_Text', opacity=1, ori=0.0, pos=array([0., 0.]), rgb=UNKNOWN, text=str(...), units='height', win=Window(...), wrapWidth=1)
5.5054 	EXP 	window1: mouseVisible = False
5.5077 	EXP 	Created PLUS_FP = ShapeStim(__class__=<class 'psychopy.visual.shape.ShapeStim'>, anchor=('center', 'center'), autoDraw=False, autoLog=True, closeShape=True, color=method-wrapper(...), colorSpace='rgb', contrast=None, depth=-1.0, draggable=False, fillColor=array([1, 1, 1]), fillColorSpace='rgb', fillRGB=array([1, 1, 1]), interpolate=True, lineColor=array([1., 1., 1.]), lineColorSpace='rgb', lineRGB=array([1, 1, 1]), lineWidth=1.0, name='PLUS_FP', opacity=1, ori=0.0, pos=array([0., 0.]), size=array([0.05, 0.05]), units='height', vertices=ndarray(...), win=Window(...), windingRule=None)
5.5077 	EXP 	window1: mouseVisible = False
5.5084 	EXP 	Created polygon = ShapeStim(__class__=<class 'psychopy.visual.shape.ShapeStim'>, anchor=('center', 'center'), autoDraw=False, autoLog=True, closeShape=True, color=method-wrapper(...), colorSpace='rgb', contrast=None, depth=-2.0, draggable=False, fillColor=array([1, 1, 1]), fillColorSpace='rgb', fillRGB=array([1, 1, 1]), interpolate=True, lineColor=array([1., 1., 1.]), lineColorSpace='rgb', lineRGB=array([1, 1, 1]), lineWidth=1.0, name='polygon', opacity=1, ori=0.0, pos=array([0., 0.]), size=array([0.5, 0.5]), units='height', vertices=ndarray(...), win=Window(...), windingRule=None)
5.5085 	EXP 	window1: mouseVisible = False
5.5090 	EXP 	Created Photodiode_polygon = Rect(__class__=<class 'psychopy.visual.rect.Rect'>, anchor=('center', 'center'), autoDraw=False, autoLog=True, closeShape=True, color=method-wrapper(...), colorSpace='rgb', contrast=None, depth=-4.0, draggable=False, fillColor=array([1, 1, 1]), fillColorSpace='rgb', fillRGB=array([1, 1, 1]), interpolate=True, lineColor=array([1., 1., 1.]), lineColorSpace='rgb', lineRGB=array([1, 1, 1]), lineWidth=1.0, name='Photodiode_polygon', opacity=1, ori=0.0, pos=array([ 0.735, -0.44 ]), size=array([0.11, 0.11]), units='height', vertices=ndarray(...), win=Window(...))
5.5090 	EXP 	window1: mouseVisible = False
5.5103 	EXP 	Created Photodiode_plus = Rect(__class__=<class 'psychopy.visual.rect.Rect'>, anchor=('center', 'center'), autoDraw=False, autoLog=True, closeShape=True, color=method-wrapper(...), colorSpace='rgb', contrast=None, depth=-5.0, draggable=False, fillColor=array([1, 1, 1]), fillColorSpace='rgb', fillRGB=array([1, 1, 1]), interpolate=True, lineColor=array([1., 1., 1.]), lineColorSpace='rgb', lineRGB=array([1, 1, 1]), lineWidth=1.0, name='Photodiode_plus', opacity=1, ori=0.0, pos=array([ 0.735, -0.44 ]), size=array([0.11, 0.11]), units='height', vertices=ndarray(...), win=Window(...))
5.5104 	EXP 	window1: mouseVisible = False
5.5107 	EXP 	Created text = TextStim(__class__=<class 'psychopy.visual.text.TextStim'>, alignHoriz=method-wrapper(...), alignText='center', alignVert=method-wrapper(...), anchorHoriz='center', anchorVert='center', antialias=True, autoDraw=False, autoLog=True, bold=False, color=array([1., 1., 1.]), colorSpace='rgb', contrast=1.0, depth=0.0, draggable=False, flipHoriz=False, flipVert=False, font='Open Sans', fontFiles=[], height=0.05, italic=False, languageStyle='LTR', name='text', opacity=1, ori=0.0, pos=array([ 0.  , -0.35]), rgb=UNKNOWN, text='', units='height', win=Window(...), wrapWidth=1)
5.5107 	EXP 	window1: mouseVisible = False
5.5113 	EXP 	Created Photodiode_2 = Rect(__class__=<class 'psychopy.visual.rect.Rect'>, anchor=('center', 'center'), autoDraw=False, autoLog=True, closeShape=True, color=method-wrapper(...), colorSpace='rgb', contrast=None, depth=-2.0, draggable=False, fillColor=array([1, 1, 1]), fillColorSpace='rgb', fillRGB=array([1, 1, 1]), interpolate=True, lineColor=array([1., 1., 1.]), lineColorSpace='rgb', lineRGB=array([1, 1, 1]), lineWidth=1.0, name='Photodiode_2', opacity=1, ori=0.0, pos=array([ 0.735, -0.44 ]), size=array([0.11, 0.11]), units='height', vertices=ndarray(...), win=Window(...))
5.5113 	EXP 	window1: mouseVisible = False
5.5118 	EXP 	Created text_3 = TextStim(__class__=<class 'psychopy.visual.text.TextStim'>, alignHoriz=method-wrapper(...), alignText='center', alignVert=method-wrapper(...), anchorHoriz='center', anchorVert='center', antialias=True, autoDraw=False, autoLog=True, bold=False, color=array([1., 1., 1.]), colorSpace='rgb', contrast=1.0, depth=-1.0, draggable=False, flipHoriz=False, flipVert=False, font='Arial', fontFiles=[], height=0.05, italic=False, languageStyle='LTR', name='text_3', opacity=1, ori=0.0, pos=array([0., 0.]), rgb=UNKNOWN, text='', units='height', win=Window(...), wrapWidth=1)
0.0043 	EXP 	Welcome_Text: autoDraw = True
1.4141 	DATA 	Mouse: Left button down, pos=(886,741)
1.4154 	EXP 	New trial (rep=0, index=0): <Trial 0 (0 in rep 0) data={'thisN': 0, 'thisTrialN': 0, 'thisRepN': 0}>
1.4157 	EXP 	New trial (rep=0, index=0): <Trial 0 (0 in rep 0) data={'thisN': 0, 'thisTrialN': 0, 'thisRepN': 0}>
1.4297 	EXP 	Welcome_Text: autoDraw = False
1.4297 	EXP 	PLUS_FP: autoDraw = True
1.4297 	EXP 	Photodiode_plus: autoDraw = True
1.5134 	DATA 	Mouse:  Left button up, pos=(886,741)
1.6298 	EXP 	Photodiode_plus: autoDraw = False
3.4150 	EXP 	PLUS_FP: autoDraw = False
3.4150 	EXP 	polygon: autoDraw = True
3.4150 	EXP 	Photodiode_polygon: autoDraw = True
3.4315 	EXP 	Photodiode_polygon: autoDraw = False
3.6822 	DATA 	Mouse: Left button down, pos=(886,741)
3.6985 	EXP 	PLUS_FP: autoDraw = False
3.6985 	EXP 	polygon: autoDraw = False
3.6985 	EXP 	Photodiode_polygon: autoDraw = False
3.6985 	EXP 	Photodiode_plus: autoDraw = False
3.6985 	EXP 	Photodiode_2: autoDraw = True
3.7494 	DATA 	Mouse:  Left button up, pos=(886,741)
3.8490 	DATA 	Mouse: Left button down, pos=(885,742)
3.9319 	DATA 	Mouse:  Left button up, pos=(885,740)
3.9987 	EXP 	Photodiode_2: autoDraw = False
3.9991 	DATA 	Mouse: Left button down, pos=(885,741)
4.0820 	DATA 	Mouse:  Left button up, pos=(885,742)
4.1500 	DATA 	Mouse: Left button down, pos=(885,742)
4.2491 	DATA 	Mouse:  Left button up, pos=(885,738)
4.2995 	DATA 	Mouse: Left button down, pos=(885,738)
4.3490 	DATA 	Mouse:  Left button up, pos=(885,738)
4.5497 	DATA 	Mouse: Left button down, pos=(890,743)
4.6493 	DATA 	Mouse:  Left button up, pos=(888,729)
4.7164 	DATA 	Mouse: Left button down, pos=(856,758)
4.8163 	DATA 	Mouse:  Left button up, pos=(857,755)
4.8830 	DATA 	Mouse: Left button down, pos=(858,755)
4.9495 	DATA 	Mouse:  Left button up, pos=(858,755)
5.0729 	EXP 	window1: mouseVisible = True
