4.4571 	EXP 	Created window1 = Window(allowGUI=True, allowStencil=False, autoLog=True, backendConf=UNKNOWN, backgroundFit=<method-wrapper '__getattribute__' of attributeSetter object at 0x0000023843E026E0>, backgroundImage=<method-wrapper '__getattribute__' of attributeSetter object at 0x0000023843E02740>, bitsMode=UNKNOWN, blendMode='avg', bpc=(8, 8, 8), color=array([0, 0, 0]), colorSpace='rgb', depthBits=8, fullscr=<method-wrapper '__getattribute__' of attributeSetter object at 0x0000023843E01090>, gamma=None, gammaErrorPolicy='raise', infoMsg=UNKNOWN, lms=UNKNOWN, monitor=<psychopy.monitors.calibTools.Monitor object at 0x0000023843DF7FD0>, multiSample=False, name='window1', numSamples=2, pos=[0.0, 0.0], screen=0, size=array([1920, 1080]), stencilBits=0, stereo=False, title='PsychoPy', units='height', useFBO=True, useRetina=False, viewOri=0.0, viewPos=None, viewScale=None, waitBlanking=True, winType='pyglet')
4.4572 	EXP 	window1: backgroundImage = ''
4.4572 	EXP 	window1: backgroundFit = 'none'
4.4573 	EXP 	window1: mouseVisible = <method-wrapper '__getattribute__' of attributeSetter object at 0x0000023843E02EF0>
4.4575 	EXP 	window1: mouseVisible = <method-wrapper '__getattribute__' of attributeSetter object at 0x0000023843E02EF0>
4.4602 	EXP 	window1: mouseVisible = <method-wrapper '__getattribute__' of attributeSetter object at 0x0000023843E02EF0>
4.4606 	EXP 	window1: mouseVisible = <method-wrapper '__getattribute__' of attributeSetter object at 0x0000023843E02EF0>
4.4865 	EXP 	window1: mouseVisible = <method-wrapper '__getattribute__' of attributeSetter object at 0x0000023843E02EF0>
4.4866 	EXP 	window1: mouseVisible = <method-wrapper '__getattribute__' of attributeSetter object at 0x0000023843E02EF0>
4.4869 	EXP 	window1: mouseVisible = <method-wrapper '__getattribute__' of attributeSetter object at 0x0000023843E02EF0>
4.4872 	EXP 	window1: mouseVisible = <method-wrapper '__getattribute__' of attributeSetter object at 0x0000023843E02EF0>
4.4990 	EXP 	window1: Attempting to measure frame rate of screen (0) ...
4.4990 	EXP 	window1: recordFrameIntervals = False
4.6516 	EXP 	window1: recordFrameIntervals = True
4.8350 	EXP 	Screen (0) actual frame rate measured at 60.08Hz
4.8351 	EXP 	window1: recordFrameIntervals = False
4.8353 	EXP 	window1: mouseVisible = False
6.2642 	EXP 	Foreperiod_task: status = STARTED
6.2645 	EXP 	window1: mouseVisible = False
6.3266 	EXP 	Created Welcome_Text = TextStim(__class__=<class 'psychopy.visual.text.TextStim'>, alignHoriz=method-wrapper(...), alignText='center', alignVert=method-wrapper(...), anchorHoriz='center', anchorVert='center', antialias=True, autoDraw=False, autoLog=True, bold=False, color=array([1., 1., 1.]), colorSpace='rgb', contrast=1.0, depth=0.0, draggable=False, flipHoriz=False, flipVert=False, font='Open Sans', fontFiles=[], height=0.05, italic=False, languageStyle='LTR', name='Welcome_Text', opacity=1, ori=0.0, pos=array([0., 0.]), rgb=UNKNOWN, text=str(...), units='height', win=Window(...), wrapWidth=1)
6.3303 	EXP 	window1: mouseVisible = False
6.3328 	EXP 	Created PLUS_FP = ShapeStim(__class__=<class 'psychopy.visual.shape.ShapeStim'>, anchor=('center', 'center'), autoDraw=False, autoLog=True, closeShape=True, color=method-wrapper(...), colorSpace='rgb', contrast=None, depth=-1.0, draggable=False, fillColor=array([1, 1, 1]), fillColorSpace='rgb', fillRGB=array([1, 1, 1]), interpolate=True, lineColor=array([1., 1., 1.]), lineColorSpace='rgb', lineRGB=array([1, 1, 1]), lineWidth=1.0, name='PLUS_FP', opacity=1, ori=0.0, pos=array([0., 0.]), size=array([0.05, 0.05]), units='height', vertices=ndarray(...), win=Window(...), windingRule=None)
6.3328 	EXP 	window1: mouseVisible = False
6.3336 	EXP 	Created polygon = ShapeStim(__class__=<class 'psychopy.visual.shape.ShapeStim'>, anchor=('center', 'center'), autoDraw=False, autoLog=True, closeShape=True, color=method-wrapper(...), colorSpace='rgb', contrast=None, depth=-2.0, draggable=False, fillColor=array([1, 1, 1]), fillColorSpace='rgb', fillRGB=array([1, 1, 1]), interpolate=True, lineColor=array([1., 1., 1.]), lineColorSpace='rgb', lineRGB=array([1, 1, 1]), lineWidth=1.0, name='polygon', opacity=1, ori=0.0, pos=array([0., 0.]), size=array([0.5, 0.5]), units='height', vertices=ndarray(...), win=Window(...), windingRule=None)
6.3336 	EXP 	window1: mouseVisible = False
6.3342 	EXP 	Created Photodiode_polygon = Rect(__class__=<class 'psychopy.visual.rect.Rect'>, anchor=('center', 'center'), autoDraw=False, autoLog=True, closeShape=True, color=method-wrapper(...), colorSpace='rgb', contrast=None, depth=-4.0, draggable=False, fillColor=array([1, 1, 1]), fillColorSpace='rgb', fillRGB=array([1, 1, 1]), interpolate=True, lineColor=array([1., 1., 1.]), lineColorSpace='rgb', lineRGB=array([1, 1, 1]), lineWidth=1.0, name='Photodiode_polygon', opacity=1, ori=0.0, pos=array([ 0.735, -0.44 ]), size=array([0.11, 0.11]), units='height', vertices=ndarray(...), win=Window(...))
6.3342 	EXP 	window1: mouseVisible = False
6.3347 	EXP 	Created Photodiode_plus = Rect(__class__=<class 'psychopy.visual.rect.Rect'>, anchor=('center', 'center'), autoDraw=False, autoLog=True, closeShape=True, color=method-wrapper(...), colorSpace='rgb', contrast=None, depth=-5.0, draggable=False, fillColor=array([1, 1, 1]), fillColorSpace='rgb', fillRGB=array([1, 1, 1]), interpolate=True, lineColor=array([1., 1., 1.]), lineColorSpace='rgb', lineRGB=array([1, 1, 1]), lineWidth=1.0, name='Photodiode_plus', opacity=1, ori=0.0, pos=array([ 0.735, -0.44 ]), size=array([0.11, 0.11]), units='height', vertices=ndarray(...), win=Window(...))
6.3348 	EXP 	window1: mouseVisible = False
6.3351 	EXP 	Created text = TextStim(__class__=<class 'psychopy.visual.text.TextStim'>, alignHoriz=method-wrapper(...), alignText='center', alignVert=method-wrapper(...), anchorHoriz='center', anchorVert='center', antialias=True, autoDraw=False, autoLog=True, bold=False, color=array([1., 1., 1.]), colorSpace='rgb', contrast=1.0, depth=0.0, draggable=False, flipHoriz=False, flipVert=False, font='Open Sans', fontFiles=[], height=0.05, italic=False, languageStyle='LTR', name='text', opacity=1, ori=0.0, pos=array([ 0.  , -0.35]), rgb=UNKNOWN, text='', units='height', win=Window(...), wrapWidth=1)
6.3352 	EXP 	window1: mouseVisible = False
6.3357 	EXP 	Created Photodiode_2 = Rect(__class__=<class 'psychopy.visual.rect.Rect'>, anchor=('center', 'center'), autoDraw=False, autoLog=True, closeShape=True, color=method-wrapper(...), colorSpace='rgb', contrast=None, depth=-2.0, draggable=False, fillColor=array([1, 1, 1]), fillColorSpace='rgb', fillRGB=array([1, 1, 1]), interpolate=True, lineColor=array([1., 1., 1.]), lineColorSpace='rgb', lineRGB=array([1, 1, 1]), lineWidth=1.0, name='Photodiode_2', opacity=1, ori=0.0, pos=array([ 0.735, -0.44 ]), size=array([0.11, 0.11]), units='height', vertices=ndarray(...), win=Window(...))
6.3357 	EXP 	window1: mouseVisible = False
6.3363 	EXP 	Created text_3 = TextStim(__class__=<class 'psychopy.visual.text.TextStim'>, alignHoriz=method-wrapper(...), alignText='center', alignVert=method-wrapper(...), anchorHoriz='center', anchorVert='center', antialias=True, autoDraw=False, autoLog=True, bold=False, color=array([1., 1., 1.]), colorSpace='rgb', contrast=1.0, depth=-1.0, draggable=False, flipHoriz=False, flipVert=False, font='Arial', fontFiles=[], height=0.05, italic=False, languageStyle='LTR', name='text_3', opacity=1, ori=0.0, pos=array([0., 0.]), rgb=UNKNOWN, text='', units='height', win=Window(...), wrapWidth=1)
0.0141 	EXP 	Welcome_Text: autoDraw = True
5.3323 	DATA 	Mouse: Left button down, pos=(901,814)
5.3338 	EXP 	New trial (rep=0, index=0): <Trial 0 (0 in rep 0) data={'thisN': 0, 'thisTrialN': 0, 'thisRepN': 0}>
5.3345 	EXP 	New trial (rep=0, index=0): <Trial 0 (0 in rep 0) data={'thisN': 0, 'thisTrialN': 0, 'thisRepN': 0}>
5.3485 	EXP 	Welcome_Text: autoDraw = False
5.3485 	EXP 	PLUS_FP: autoDraw = True
5.3485 	EXP 	Photodiode_plus: autoDraw = True
5.4314 	DATA 	Mouse:  Left button up, pos=(903,813)
5.5484 	EXP 	Photodiode_plus: autoDraw = False
7.3483 	EXP 	PLUS_FP: autoDraw = False
7.3483 	EXP 	polygon: autoDraw = True
7.3483 	EXP 	Photodiode_polygon: autoDraw = True
7.3650 	EXP 	Photodiode_polygon: autoDraw = False
8.3990 	DATA 	Mouse: Left button down, pos=(904,829)
8.4153 	EXP 	PLUS_FP: autoDraw = False
8.4153 	EXP 	polygon: autoDraw = False
8.4153 	EXP 	Photodiode_polygon: autoDraw = False
8.4153 	EXP 	Photodiode_plus: autoDraw = False
8.4153 	EXP 	Photodiode_2: autoDraw = True
8.4986 	DATA 	Mouse:  Left button up, pos=(904,829)
8.7150 	EXP 	Photodiode_2: autoDraw = False
10.0660 	EXP 	New trial (rep=1, index=0): <Trial 1 (0 in rep 1) data={'thisN': 1, 'thisTrialN': 0, 'thisRepN': 1}>
10.0816 	EXP 	text: autoDraw = False
10.0816 	EXP 	Photodiode_2: autoDraw = False
10.0816 	EXP 	PLUS_FP: autoDraw = True
10.0816 	EXP 	Photodiode_plus: autoDraw = True
10.2816 	EXP 	Photodiode_plus: autoDraw = False
10.6990 	DATA 	Mouse: Left button down, pos=(891,859)
10.7154 	EXP 	PLUS_FP: autoDraw = False
10.7154 	EXP 	polygon: autoDraw = False
10.7154 	EXP 	Photodiode_polygon: autoDraw = False
10.7154 	EXP 	Photodiode_plus: autoDraw = False
10.7154 	EXP 	text: autoDraw = True
10.7154 	EXP 	Photodiode_2: autoDraw = True
10.8152 	DATA 	Mouse:  Left button up, pos=(891,859)
11.0149 	EXP 	Photodiode_2: autoDraw = False
12.3658 	EXP 	New trial (rep=2, index=0): <Trial 2 (0 in rep 2) data={'thisN': 2, 'thisTrialN': 0, 'thisRepN': 2}>
12.3819 	EXP 	text: autoDraw = False
12.3819 	EXP 	Photodiode_2: autoDraw = False
12.3819 	EXP 	PLUS_FP: autoDraw = True
12.3819 	EXP 	Photodiode_plus: autoDraw = True
12.5817 	EXP 	Photodiode_plus: autoDraw = False
14.3647 	EXP 	PLUS_FP: autoDraw = False
14.3647 	EXP 	polygon: autoDraw = True
14.3647 	EXP 	Photodiode_polygon: autoDraw = True
14.3819 	EXP 	Photodiode_polygon: autoDraw = False
14.8489 	DATA 	Mouse: Left button down, pos=(894,1080)
14.8651 	EXP 	PLUS_FP: autoDraw = False
14.8651 	EXP 	polygon: autoDraw = False
14.8651 	EXP 	Photodiode_polygon: autoDraw = False
14.8651 	EXP 	Photodiode_plus: autoDraw = False
14.8651 	EXP 	Photodiode_2: autoDraw = True
14.9980 	DATA 	Mouse:  Left button up, pos=(894,1080)
15.1643 	EXP 	Photodiode_2: autoDraw = False
16.2662 	EXP 	New trial (rep=3, index=0): <Trial 3 (0 in rep 3) data={'thisN': 3, 'thisTrialN': 0, 'thisRepN': 3}>
16.2817 	EXP 	text: autoDraw = False
16.2817 	EXP 	Photodiode_2: autoDraw = False
16.2817 	EXP 	PLUS_FP: autoDraw = True
16.2817 	EXP 	Photodiode_plus: autoDraw = True
16.4817 	EXP 	Photodiode_plus: autoDraw = False
16.7816 	EXP 	PLUS_FP: autoDraw = False
16.7816 	EXP 	polygon: autoDraw = True
16.7816 	EXP 	Photodiode_polygon: autoDraw = True
16.7982 	EXP 	Photodiode_polygon: autoDraw = False
24.1156 	DATA 	Mouse: Left button down, pos=(933,1080)
24.1316 	EXP 	PLUS_FP: autoDraw = False
24.1316 	EXP 	polygon: autoDraw = False
24.1316 	EXP 	Photodiode_polygon: autoDraw = False
24.1316 	EXP 	Photodiode_plus: autoDraw = False
24.1316 	EXP 	Photodiode_2: autoDraw = True
24.2317 	DATA 	Mouse:  Left button up, pos=(933,1080)
24.4316 	EXP 	Photodiode_2: autoDraw = False
25.6824 	EXP 	New trial (rep=4, index=0): <Trial 4 (0 in rep 4) data={'thisN': 4, 'thisTrialN': 0, 'thisRepN': 4}>
25.6982 	EXP 	text: autoDraw = False
25.6982 	EXP 	Photodiode_2: autoDraw = False
25.6982 	EXP 	PLUS_FP: autoDraw = True
25.6982 	EXP 	Photodiode_plus: autoDraw = True
25.8982 	EXP 	Photodiode_plus: autoDraw = False
26.1816 	EXP 	PLUS_FP: autoDraw = False
26.1816 	EXP 	polygon: autoDraw = True
26.1816 	EXP 	Photodiode_polygon: autoDraw = True
26.1982 	EXP 	Photodiode_polygon: autoDraw = False
26.5821 	DATA 	Mouse: Left button down, pos=(940,1080)
26.5982 	EXP 	PLUS_FP: autoDraw = False
26.5982 	EXP 	polygon: autoDraw = False
26.5982 	EXP 	Photodiode_polygon: autoDraw = False
26.5982 	EXP 	Photodiode_plus: autoDraw = False
26.5982 	EXP 	Photodiode_2: autoDraw = True
26.6815 	DATA 	Mouse:  Left button up, pos=(940,1080)
26.8983 	EXP 	Photodiode_2: autoDraw = False
27.8160 	EXP 	New trial (rep=5, index=0): <Trial 5 (0 in rep 5) data={'thisN': 5, 'thisTrialN': 0, 'thisRepN': 5}>
27.8316 	EXP 	text: autoDraw = False
27.8316 	EXP 	Photodiode_2: autoDraw = False
27.8316 	EXP 	PLUS_FP: autoDraw = True
27.8316 	EXP 	Photodiode_plus: autoDraw = True
28.0315 	EXP 	Photodiode_plus: autoDraw = False
29.1481 	EXP 	PLUS_FP: autoDraw = False
29.1481 	EXP 	polygon: autoDraw = True
29.1481 	EXP 	Photodiode_polygon: autoDraw = True
29.1649 	EXP 	Photodiode_polygon: autoDraw = False
29.4668 	DATA 	Mouse: Left button down, pos=(941,1080)
29.4982 	EXP 	PLUS_FP: autoDraw = False
29.4982 	EXP 	polygon: autoDraw = False
29.4982 	EXP 	Photodiode_polygon: autoDraw = False
29.4982 	EXP 	Photodiode_plus: autoDraw = False
29.4982 	EXP 	Photodiode_2: autoDraw = True
29.5485 	DATA 	Mouse:  Left button up, pos=(941,1080)
29.7982 	EXP 	Photodiode_2: autoDraw = False
30.6994 	EXP 	New trial (rep=6, index=0): <Trial 6 (0 in rep 6) data={'thisN': 6, 'thisTrialN': 0, 'thisRepN': 6}>
30.7150 	EXP 	text: autoDraw = False
30.7150 	EXP 	Photodiode_2: autoDraw = False
30.7150 	EXP 	PLUS_FP: autoDraw = True
30.7150 	EXP 	Photodiode_plus: autoDraw = True
30.9149 	EXP 	Photodiode_plus: autoDraw = False
31.1984 	EXP 	PLUS_FP: autoDraw = False
31.1984 	EXP 	polygon: autoDraw = True
31.1984 	EXP 	Photodiode_polygon: autoDraw = True
31.2152 	EXP 	Photodiode_polygon: autoDraw = False
35.9831 	DATA 	Keypress: escape
36.0498 	EXP 	Foreperiod_task: status = STOPPED
36.0649 	EXP 	polygon: autoDraw = False
36.0650 	EXP 	Foreperiod_task: status = STOPPED
36.0993 	EXP 	window1: mouseVisible = True
