6.5442 	EXP 	Created window1 = Window(allowGUI=True, allowStencil=False, autoLog=True, backendConf=UNKNOWN, backgroundFit=<method-wrapper '__getattribute__' of attributeSetter object at 0x000001F472179030>, backgroundImage=<method-wrapper '__getattribute__' of attributeSetter object at 0x000001F472179090>, bitsMode=UNKNOWN, blendMode='avg', bpc=(8, 8, 8), color=array([0, 0, 0]), colorSpace='rgb', depthBits=8, fullscr=<method-wrapper '__getattribute__' of attributeSetter object at 0x000001F47217BEE0>, gamma=None, gammaErrorPolicy='raise', infoMsg=UNKNOWN, lms=UNKNOWN, monitor=<psychopy.monitors.calibTools.Monitor object at 0x000001F46AF51450>, multiSample=False, name='window1', numSamples=2, pos=[0.0, 0.0], screen=0, size=array([1920, 1080]), stencilBits=0, stereo=False, title='PsychoPy', units='height', useFBO=True, useRetina=False, viewOri=0.0, viewPos=None, viewScale=None, waitBlanking=True, winType='pyglet')
6.5442 	EXP 	window1: backgroundImage = ''
6.5442 	EXP 	window1: backgroundFit = 'none'
6.5444 	EXP 	window1: mouseVisible = <method-wrapper '__getattribute__' of attributeSetter object at 0x000001F472178F10>
6.5445 	EXP 	window1: mouseVisible = <method-wrapper '__getattribute__' of attributeSetter object at 0x000001F472178F10>
6.5603 	EXP 	window1: mouseVisible = <method-wrapper '__getattribute__' of attributeSetter object at 0x000001F472178F10>
6.5609 	EXP 	window1: mouseVisible = <method-wrapper '__getattribute__' of attributeSetter object at 0x000001F472178F10>
6.5944 	EXP 	window1: mouseVisible = <method-wrapper '__getattribute__' of attributeSetter object at 0x000001F472178F10>
6.5945 	EXP 	window1: mouseVisible = <method-wrapper '__getattribute__' of attributeSetter object at 0x000001F472178F10>
6.5948 	EXP 	window1: mouseVisible = <method-wrapper '__getattribute__' of attributeSetter object at 0x000001F472178F10>
6.5951 	EXP 	window1: mouseVisible = <method-wrapper '__getattribute__' of attributeSetter object at 0x000001F472178F10>
6.6199 	EXP 	window1: Attempting to measure frame rate of screen (0) ...
6.6199 	EXP 	window1: recordFrameIntervals = False
6.7852 	EXP 	window1: recordFrameIntervals = True
6.9693 	EXP 	Screen (0) actual frame rate measured at 59.96Hz
6.9693 	EXP 	window1: recordFrameIntervals = False
6.9695 	EXP 	window1: mouseVisible = False
9.1143 	EXP 	Foreperiod_task: status = STARTED
9.1145 	EXP 	window1: mouseVisible = False
9.3026 	EXP 	Created Welcome_Text = TextStim(__class__=<class 'psychopy.visual.text.TextStim'>, alignHoriz=method-wrapper(...), alignText='center', alignVert=method-wrapper(...), anchorHoriz='center', anchorVert='center', antialias=True, autoDraw=False, autoLog=True, bold=False, color=array([1., 1., 1.]), colorSpace='rgb', contrast=1.0, depth=0.0, draggable=False, flipHoriz=False, flipVert=False, font='Open Sans', fontFiles=[], height=0.05, italic=False, languageStyle='LTR', name='Welcome_Text', opacity=1, ori=0.0, pos=array([0., 0.]), rgb=UNKNOWN, text=str(...), units='height', win=Window(...), wrapWidth=1)
9.3214 	EXP 	window1: mouseVisible = False
9.3456 	EXP 	Created PLUS_FP = ShapeStim(__class__=<class 'psychopy.visual.shape.ShapeStim'>, anchor=('center', 'center'), autoDraw=False, autoLog=True, closeShape=True, color=method-wrapper(...), colorSpace='rgb', contrast=None, depth=-1.0, draggable=False, fillColor=array([1, 1, 1]), fillColorSpace='rgb', fillRGB=array([1, 1, 1]), interpolate=True, lineColor=array([1., 1., 1.]), lineColorSpace='rgb', lineRGB=array([1, 1, 1]), lineWidth=1.0, name='PLUS_FP', opacity=1, ori=0.0, pos=array([0., 0.]), size=array([0.05, 0.05]), units='height', vertices=ndarray(...), win=Window(...), windingRule=None)
9.3456 	EXP 	window1: mouseVisible = False
9.3464 	EXP 	Created polygon = ShapeStim(__class__=<class 'psychopy.visual.shape.ShapeStim'>, anchor=('center', 'center'), autoDraw=False, autoLog=True, closeShape=True, color=method-wrapper(...), colorSpace='rgb', contrast=None, depth=-2.0, draggable=False, fillColor=array([1, 1, 1]), fillColorSpace='rgb', fillRGB=array([1, 1, 1]), interpolate=True, lineColor=array([1., 1., 1.]), lineColorSpace='rgb', lineRGB=array([1, 1, 1]), lineWidth=1.0, name='polygon', opacity=1, ori=0.0, pos=array([0., 0.]), size=array([0.5, 0.5]), units='height', vertices=ndarray(...), win=Window(...), windingRule=None)
9.3464 	EXP 	window1: mouseVisible = False
9.3470 	EXP 	Created AVG = TextStim(__class__=<class 'psychopy.visual.text.TextStim'>, alignHoriz=method-wrapper(...), alignText='center', alignVert=method-wrapper(...), anchorHoriz='center', anchorVert='center', antialias=True, autoDraw=False, autoLog=True, bold=False, color=array([1., 1., 1.]), colorSpace='rgb', contrast=1.0, depth=-4.0, draggable=False, flipHoriz=False, flipVert=False, font='Open Sans', fontFiles=[], height=0.05, italic=False, languageStyle='LTR', name='AVG', opacity=1, ori=0.0, pos=array([ 0.  , -0.35]), rgb=UNKNOWN, text='', units='height', win=Window(...), wrapWidth=1)
9.3470 	EXP 	window1: mouseVisible = False
9.3477 	EXP 	Created Photodiode_polygon = Rect(__class__=<class 'psychopy.visual.rect.Rect'>, anchor=('center', 'center'), autoDraw=False, autoLog=True, closeShape=True, color=method-wrapper(...), colorSpace='rgb', contrast=None, depth=-5.0, draggable=False, fillColor=array([1, 1, 1]), fillColorSpace='rgb', fillRGB=array([1, 1, 1]), interpolate=True, lineColor=array([1., 1., 1.]), lineColorSpace='rgb', lineRGB=array([1, 1, 1]), lineWidth=1.0, name='Photodiode_polygon', opacity=1, ori=0.0, pos=array([ 0.735, -0.44 ]), size=array([0.11, 0.11]), units='height', vertices=ndarray(...), win=Window(...))
9.3478 	EXP 	window1: mouseVisible = False
9.3483 	EXP 	Created Photodiode_plus = Rect(__class__=<class 'psychopy.visual.rect.Rect'>, anchor=('center', 'center'), autoDraw=False, autoLog=True, closeShape=True, color=method-wrapper(...), colorSpace='rgb', contrast=None, depth=-6.0, draggable=False, fillColor=array([1, 1, 1]), fillColorSpace='rgb', fillRGB=array([1, 1, 1]), interpolate=True, lineColor=array([1., 1., 1.]), lineColorSpace='rgb', lineRGB=array([1, 1, 1]), lineWidth=1.0, name='Photodiode_plus', opacity=1, ori=0.0, pos=array([ 0.735, -0.44 ]), size=array([0.11, 0.11]), units='height', vertices=ndarray(...), win=Window(...))
9.3484 	EXP 	window1: mouseVisible = False
9.3487 	EXP 	Created text = TextStim(__class__=<class 'psychopy.visual.text.TextStim'>, alignHoriz=method-wrapper(...), alignText='center', alignVert=method-wrapper(...), anchorHoriz='center', anchorVert='center', antialias=True, autoDraw=False, autoLog=True, bold=False, color=array([1., 1., 1.]), colorSpace='rgb', contrast=1.0, depth=0.0, draggable=False, flipHoriz=False, flipVert=False, font='Open Sans', fontFiles=[], height=0.05, italic=False, languageStyle='LTR', name='text', opacity=1, ori=0.0, pos=array([ 0.  , -0.35]), rgb=UNKNOWN, text='', units='height', win=Window(...), wrapWidth=1)
9.3488 	EXP 	window1: mouseVisible = False
9.3493 	EXP 	Created Photodiode_2 = Rect(__class__=<class 'psychopy.visual.rect.Rect'>, anchor=('center', 'center'), autoDraw=False, autoLog=True, closeShape=True, color=method-wrapper(...), colorSpace='rgb', contrast=None, depth=-2.0, draggable=False, fillColor=array([1, 1, 1]), fillColorSpace='rgb', fillRGB=array([1, 1, 1]), interpolate=True, lineColor=array([1., 1., 1.]), lineColorSpace='rgb', lineRGB=array([1, 1, 1]), lineWidth=1.0, name='Photodiode_2', opacity=1, ori=0.0, pos=array([ 0.735, -0.44 ]), size=array([0.11, 0.11]), units='height', vertices=ndarray(...), win=Window(...))
9.3493 	EXP 	window1: mouseVisible = False
9.3496 	EXP 	Created Instructions = TextStim(__class__=<class 'psychopy.visual.text.TextStim'>, alignHoriz=method-wrapper(...), alignText='center', alignVert=method-wrapper(...), anchorHoriz='center', anchorVert='center', antialias=True, autoDraw=False, autoLog=True, bold=False, color=array([1., 1., 1.]), colorSpace='rgb', contrast=1.0, depth=0.0, draggable=False, flipHoriz=False, flipVert=False, font='Open Sans', fontFiles=[], height=0.05, italic=False, languageStyle='LTR', name='Instructions', opacity=1, ori=0.0, pos=array([0., 0.]), rgb=UNKNOWN, text='', units='height', win=Window(...), wrapWidth=1)
0.0205 	EXP 	Welcome_Text: autoDraw = True
41.1050 	DATA 	Mouse: Left button down, pos=(449,560)
41.1058 	EXP 	New trial (rep=0, index=0): <Trial 0 (0 in rep 0) data={'thisN': 0, 'thisTrialN': 0, 'thisRepN': 0}>
41.1061 	EXP 	New trial (rep=0, index=0): <Trial 0 (0 in rep 0) data={'thisN': 0, 'thisTrialN': 0, 'thisRepN': 0}>
41.1218 	EXP 	Welcome_Text: autoDraw = False
41.1218 	EXP 	AVG: text = ''
41.1218 	EXP 	PLUS_FP: autoDraw = True
41.1218 	EXP 	AVG: autoDraw = True
41.1218 	EXP 	Photodiode_plus: autoDraw = True
41.1720 	DATA 	Mouse:  Left button up, pos=(449,560)
41.3223 	EXP 	Photodiode_plus: autoDraw = False
43.1065 	EXP 	PLUS_FP: autoDraw = False
43.1065 	EXP 	polygon: autoDraw = True
43.1065 	EXP 	Photodiode_polygon: autoDraw = True
43.1240 	EXP 	Photodiode_polygon: autoDraw = False
45.4598 	DATA 	Mouse: Left button down, pos=(591,666)
45.4755 	EXP 	PLUS_FP: autoDraw = False
45.4755 	EXP 	polygon: autoDraw = False
45.4755 	EXP 	AVG: autoDraw = False
45.4755 	EXP 	Photodiode_polygon: autoDraw = False
45.4755 	EXP 	Photodiode_plus: autoDraw = False
45.4755 	EXP 	Photodiode_2: autoDraw = True
45.5267 	DATA 	Mouse:  Left button up, pos=(591,665)
45.7760 	EXP 	Photodiode_2: autoDraw = False
46.7945 	EXP 	New trial (rep=1, index=0): <Trial 1 (0 in rep 1) data={'thisN': 1, 'thisTrialN': 0, 'thisRepN': 1}>
46.8101 	EXP 	text: autoDraw = False
46.8101 	EXP 	Photodiode_2: autoDraw = False
46.8101 	EXP 	AVG: text = ''
46.8101 	EXP 	PLUS_FP: autoDraw = True
46.8101 	EXP 	AVG: autoDraw = True
46.8101 	EXP 	Photodiode_plus: autoDraw = True
47.0103 	EXP 	Photodiode_plus: autoDraw = False
47.2940 	EXP 	PLUS_FP: autoDraw = False
47.2940 	EXP 	polygon: autoDraw = True
47.2940 	EXP 	Photodiode_polygon: autoDraw = True
47.3104 	EXP 	Photodiode_polygon: autoDraw = False
49.0793 	DATA 	Mouse: Left button down, pos=(556,825)
49.0955 	EXP 	PLUS_FP: autoDraw = False
49.0955 	EXP 	polygon: autoDraw = False
49.0955 	EXP 	AVG: autoDraw = False
49.0955 	EXP 	Photodiode_polygon: autoDraw = False
49.0955 	EXP 	Photodiode_plus: autoDraw = False
49.0955 	EXP 	Photodiode_2: autoDraw = True
49.1793 	DATA 	Mouse:  Left button up, pos=(556,825)
49.3957 	EXP 	Photodiode_2: autoDraw = False
50.4307 	EXP 	New trial (rep=2, index=0): <Trial 2 (0 in rep 2) data={'thisN': 2, 'thisTrialN': 0, 'thisRepN': 2}>
50.4466 	EXP 	text: autoDraw = False
50.4466 	EXP 	Photodiode_2: autoDraw = False
50.4466 	EXP 	AVG: text = ''
50.4466 	EXP 	PLUS_FP: autoDraw = True
50.4466 	EXP 	AVG: autoDraw = True
50.4466 	EXP 	Photodiode_plus: autoDraw = True
50.6467 	EXP 	Photodiode_plus: autoDraw = False
52.4315 	EXP 	PLUS_FP: autoDraw = False
52.4315 	EXP 	polygon: autoDraw = True
52.4315 	EXP 	Photodiode_polygon: autoDraw = True
52.4482 	EXP 	Photodiode_polygon: autoDraw = False
55.1677 	DATA 	Mouse: Left button down, pos=(616,844)
55.1838 	EXP 	PLUS_FP: autoDraw = False
55.1838 	EXP 	polygon: autoDraw = False
55.1838 	EXP 	AVG: autoDraw = False
55.1838 	EXP 	Photodiode_polygon: autoDraw = False
55.1838 	EXP 	Photodiode_plus: autoDraw = False
55.1838 	EXP 	Photodiode_2: autoDraw = True
55.2678 	DATA 	Mouse:  Left button up, pos=(616,844)
55.4840 	EXP 	Photodiode_2: autoDraw = False
56.6524 	EXP 	New trial (rep=3, index=0): <Trial 3 (0 in rep 3) data={'thisN': 3, 'thisTrialN': 0, 'thisRepN': 3}>
56.6684 	EXP 	text: autoDraw = False
56.6684 	EXP 	Photodiode_2: autoDraw = False
56.6684 	EXP 	AVG: text = ''
56.6684 	EXP 	PLUS_FP: autoDraw = True
56.6684 	EXP 	AVG: autoDraw = True
56.6684 	EXP 	Photodiode_plus: autoDraw = True
56.8685 	EXP 	Photodiode_plus: autoDraw = False
57.1515 	EXP 	PLUS_FP: autoDraw = False
57.1515 	EXP 	polygon: autoDraw = True
57.1515 	EXP 	Photodiode_polygon: autoDraw = True
57.1681 	EXP 	Photodiode_polygon: autoDraw = False
62.5739 	DATA 	Mouse: Left button down, pos=(554,695)
62.5900 	EXP 	PLUS_FP: autoDraw = False
62.5900 	EXP 	polygon: autoDraw = False
62.5900 	EXP 	AVG: autoDraw = False
62.5900 	EXP 	Photodiode_polygon: autoDraw = False
62.5900 	EXP 	Photodiode_plus: autoDraw = False
62.5900 	EXP 	Photodiode_2: autoDraw = True
62.7239 	DATA 	Mouse:  Left button up, pos=(548,689)
62.8903 	EXP 	Photodiode_2: autoDraw = False
63.7917 	EXP 	New trial (rep=4, index=0): <Trial 4 (0 in rep 4) data={'thisN': 4, 'thisTrialN': 0, 'thisRepN': 4}>
63.8076 	EXP 	text: autoDraw = False
63.8076 	EXP 	Photodiode_2: autoDraw = False
63.8076 	EXP 	AVG: text = ''
63.8076 	EXP 	PLUS_FP: autoDraw = True
63.8076 	EXP 	AVG: autoDraw = True
63.8076 	EXP 	Photodiode_plus: autoDraw = True
64.0080 	EXP 	Photodiode_plus: autoDraw = False
65.7927 	EXP 	PLUS_FP: autoDraw = False
65.7927 	EXP 	polygon: autoDraw = True
65.7927 	EXP 	Photodiode_polygon: autoDraw = True
65.8093 	EXP 	Photodiode_polygon: autoDraw = False
68.9793 	DATA 	Mouse: Left button down, pos=(543,701)
68.9955 	EXP 	PLUS_FP: autoDraw = False
68.9955 	EXP 	polygon: autoDraw = False
68.9955 	EXP 	AVG: autoDraw = False
68.9955 	EXP 	Photodiode_polygon: autoDraw = False
68.9955 	EXP 	Photodiode_plus: autoDraw = False
68.9955 	EXP 	Photodiode_2: autoDraw = True
69.0966 	DATA 	Mouse:  Left button up, pos=(543,701)
69.2956 	EXP 	Photodiode_2: autoDraw = False
70.5475 	EXP 	New trial (rep=5, index=0): <Trial 5 (0 in rep 5) data={'thisN': 5, 'thisTrialN': 0, 'thisRepN': 5}>
70.5633 	EXP 	text: autoDraw = False
70.5633 	EXP 	Photodiode_2: autoDraw = False
70.5633 	EXP 	AVG: text = ''
70.5633 	EXP 	PLUS_FP: autoDraw = True
70.5633 	EXP 	AVG: autoDraw = True
70.5633 	EXP 	Photodiode_plus: autoDraw = True
70.7633 	EXP 	Photodiode_plus: autoDraw = False
72.5476 	EXP 	PLUS_FP: autoDraw = False
72.5476 	EXP 	polygon: autoDraw = True
72.5476 	EXP 	Photodiode_polygon: autoDraw = True
72.5650 	EXP 	Photodiode_polygon: autoDraw = False
74.0500 	DATA 	Mouse: Left button down, pos=(528,702)
74.0663 	EXP 	PLUS_FP: autoDraw = False
74.0663 	EXP 	polygon: autoDraw = False
74.0663 	EXP 	AVG: autoDraw = False
74.0663 	EXP 	Photodiode_polygon: autoDraw = False
74.0663 	EXP 	Photodiode_plus: autoDraw = False
74.0663 	EXP 	Photodiode_2: autoDraw = True
74.1672 	DATA 	Mouse:  Left button up, pos=(528,702)
74.3663 	EXP 	Photodiode_2: autoDraw = False
75.5020 	EXP 	New trial (rep=6, index=0): <Trial 6 (0 in rep 6) data={'thisN': 6, 'thisTrialN': 0, 'thisRepN': 6}>
75.5177 	EXP 	text: autoDraw = False
75.5177 	EXP 	Photodiode_2: autoDraw = False
75.5177 	EXP 	AVG: text = ''
75.5177 	EXP 	PLUS_FP: autoDraw = True
75.5177 	EXP 	AVG: autoDraw = True
75.5177 	EXP 	Photodiode_plus: autoDraw = True
75.7175 	EXP 	Photodiode_plus: autoDraw = False
76.0013 	EXP 	PLUS_FP: autoDraw = False
76.0013 	EXP 	polygon: autoDraw = True
76.0013 	EXP 	Photodiode_polygon: autoDraw = True
76.0177 	EXP 	Photodiode_polygon: autoDraw = False
77.0192 	DATA 	Mouse: Left button down, pos=(507,711)
77.0352 	EXP 	PLUS_FP: autoDraw = False
77.0352 	EXP 	polygon: autoDraw = False
77.0352 	EXP 	AVG: autoDraw = False
77.0352 	EXP 	Photodiode_polygon: autoDraw = False
77.0352 	EXP 	Photodiode_plus: autoDraw = False
77.0352 	EXP 	Photodiode_2: autoDraw = True
77.1527 	DATA 	Mouse:  Left button up, pos=(507,711)
77.3355 	EXP 	Photodiode_2: autoDraw = False
78.3537 	EXP 	New trial (rep=7, index=0): <Trial 7 (0 in rep 7) data={'thisN': 7, 'thisTrialN': 0, 'thisRepN': 7}>
78.3694 	EXP 	text: autoDraw = False
78.3694 	EXP 	Photodiode_2: autoDraw = False
78.3694 	EXP 	AVG: text = ''
78.3694 	EXP 	PLUS_FP: autoDraw = True
78.3694 	EXP 	AVG: autoDraw = True
78.3694 	EXP 	Photodiode_plus: autoDraw = True
78.5700 	EXP 	Photodiode_plus: autoDraw = False
80.3548 	EXP 	PLUS_FP: autoDraw = False
80.3548 	EXP 	polygon: autoDraw = True
80.3548 	EXP 	Photodiode_polygon: autoDraw = True
80.3715 	EXP 	Photodiode_polygon: autoDraw = False
81.1064 	DATA 	Mouse: Left button down, pos=(539,694)
81.1221 	EXP 	PLUS_FP: autoDraw = False
81.1221 	EXP 	polygon: autoDraw = False
81.1221 	EXP 	AVG: autoDraw = False
81.1221 	EXP 	Photodiode_polygon: autoDraw = False
81.1221 	EXP 	Photodiode_plus: autoDraw = False
81.1221 	EXP 	Photodiode_2: autoDraw = True
81.2225 	DATA 	Mouse:  Left button up, pos=(539,694)
81.4223 	EXP 	Photodiode_2: autoDraw = False
82.4742 	EXP 	New trial (rep=8, index=0): <Trial 8 (0 in rep 8) data={'thisN': 8, 'thisTrialN': 0, 'thisRepN': 8}>
82.4900 	EXP 	text: autoDraw = False
82.4900 	EXP 	Photodiode_2: autoDraw = False
82.4900 	EXP 	AVG: text = ''
82.4900 	EXP 	PLUS_FP: autoDraw = True
82.4900 	EXP 	AVG: autoDraw = True
82.4900 	EXP 	Photodiode_plus: autoDraw = True
82.6901 	EXP 	Photodiode_plus: autoDraw = False
82.9736 	EXP 	PLUS_FP: autoDraw = False
82.9736 	EXP 	polygon: autoDraw = True
82.9736 	EXP 	Photodiode_polygon: autoDraw = True
82.9903 	EXP 	Photodiode_polygon: autoDraw = False
83.6250 	DATA 	Mouse: Left button down, pos=(561,695)
83.6408 	EXP 	PLUS_FP: autoDraw = False
83.6408 	EXP 	polygon: autoDraw = False
83.6408 	EXP 	AVG: autoDraw = False
83.6408 	EXP 	Photodiode_polygon: autoDraw = False
83.6408 	EXP 	Photodiode_plus: autoDraw = False
83.6408 	EXP 	Photodiode_2: autoDraw = True
83.7416 	DATA 	Mouse:  Left button up, pos=(561,693)
83.9410 	EXP 	Photodiode_2: autoDraw = False
85.1762 	EXP 	New trial (rep=9, index=0): <Trial 9 (0 in rep 9) data={'thisN': 9, 'thisTrialN': 0, 'thisRepN': 9}>
85.1922 	EXP 	text: autoDraw = False
85.1922 	EXP 	Photodiode_2: autoDraw = False
85.1922 	EXP 	AVG: text = ''
85.1922 	EXP 	PLUS_FP: autoDraw = True
85.1922 	EXP 	AVG: autoDraw = True
85.1922 	EXP 	Photodiode_plus: autoDraw = True
85.3923 	EXP 	Photodiode_plus: autoDraw = False
85.6759 	EXP 	PLUS_FP: autoDraw = False
85.6759 	EXP 	polygon: autoDraw = True
85.6759 	EXP 	Photodiode_polygon: autoDraw = True
85.6926 	EXP 	Photodiode_polygon: autoDraw = False
86.0436 	DATA 	Mouse: Left button down, pos=(560,693)
86.0595 	EXP 	PLUS_FP: autoDraw = False
86.0595 	EXP 	polygon: autoDraw = False
86.0595 	EXP 	AVG: autoDraw = False
86.0595 	EXP 	Photodiode_polygon: autoDraw = False
86.0595 	EXP 	Photodiode_plus: autoDraw = False
86.0595 	EXP 	Photodiode_2: autoDraw = True
86.1269 	DATA 	Mouse:  Left button up, pos=(560,693)
86.3598 	EXP 	Photodiode_2: autoDraw = False
87.3283 	EXP 	New trial (rep=10, index=0): <Trial 10 (0 in rep 10) data={'thisN': 10, 'thisTrialN': 0, 'thisRepN': 10}>
87.3438 	EXP 	text: autoDraw = False
87.3438 	EXP 	Photodiode_2: autoDraw = False
87.3438 	EXP 	AVG: text = ''
87.3438 	EXP 	PLUS_FP: autoDraw = True
87.3438 	EXP 	AVG: autoDraw = True
87.3438 	EXP 	Photodiode_plus: autoDraw = True
87.5441 	EXP 	Photodiode_plus: autoDraw = False
88.5284 	EXP 	PLUS_FP: autoDraw = False
88.5284 	EXP 	polygon: autoDraw = True
88.5284 	EXP 	Photodiode_polygon: autoDraw = True
88.5451 	EXP 	Photodiode_polygon: autoDraw = False
88.9124 	DATA 	Mouse: Left button down, pos=(560,693)
88.9285 	EXP 	PLUS_FP: autoDraw = False
88.9285 	EXP 	polygon: autoDraw = False
88.9285 	EXP 	AVG: autoDraw = False
88.9285 	EXP 	Photodiode_polygon: autoDraw = False
88.9285 	EXP 	Photodiode_plus: autoDraw = False
88.9285 	EXP 	Photodiode_2: autoDraw = True
88.9960 	DATA 	Mouse:  Left button up, pos=(560,693)
89.2287 	EXP 	Photodiode_2: autoDraw = False
90.5475 	EXP 	New trial (rep=11, index=0): <Trial 11 (0 in rep 11) data={'thisN': 11, 'thisTrialN': 0, 'thisRepN': 11}>
90.5632 	EXP 	text: autoDraw = False
90.5632 	EXP 	Photodiode_2: autoDraw = False
90.5632 	EXP 	AVG: text = ''
90.5632 	EXP 	PLUS_FP: autoDraw = True
90.5632 	EXP 	AVG: autoDraw = True
90.5632 	EXP 	Photodiode_plus: autoDraw = True
90.7633 	EXP 	Photodiode_plus: autoDraw = False
92.5483 	EXP 	PLUS_FP: autoDraw = False
92.5483 	EXP 	polygon: autoDraw = True
92.5483 	EXP 	Photodiode_polygon: autoDraw = True
92.5649 	EXP 	Photodiode_polygon: autoDraw = False
92.9326 	DATA 	Mouse: Left button down, pos=(560,693)
92.9487 	EXP 	PLUS_FP: autoDraw = False
92.9487 	EXP 	polygon: autoDraw = False
92.9487 	EXP 	AVG: autoDraw = False
92.9487 	EXP 	Photodiode_polygon: autoDraw = False
92.9487 	EXP 	Photodiode_plus: autoDraw = False
92.9487 	EXP 	Photodiode_2: autoDraw = True
92.9997 	DATA 	Mouse:  Left button up, pos=(568,667)
93.2485 	EXP 	Photodiode_2: autoDraw = False
94.6009 	EXP 	New trial (rep=12, index=0): <Trial 12 (0 in rep 12) data={'thisN': 12, 'thisTrialN': 0, 'thisRepN': 12}>
94.6166 	EXP 	text: autoDraw = False
94.6166 	EXP 	Photodiode_2: autoDraw = False
94.6166 	EXP 	AVG: text = ''
94.6166 	EXP 	PLUS_FP: autoDraw = True
94.6166 	EXP 	AVG: autoDraw = True
94.6166 	EXP 	Photodiode_plus: autoDraw = True
94.8167 	EXP 	Photodiode_plus: autoDraw = False
96.6016 	EXP 	PLUS_FP: autoDraw = False
96.6016 	EXP 	polygon: autoDraw = True
96.6016 	EXP 	Photodiode_polygon: autoDraw = True
96.6183 	EXP 	Photodiode_polygon: autoDraw = False
101.8068 	DATA 	Mouse: Left button down, pos=(568,667)
101.8229 	EXP 	PLUS_FP: autoDraw = False
101.8229 	EXP 	polygon: autoDraw = False
101.8229 	EXP 	AVG: autoDraw = False
101.8229 	EXP 	Photodiode_polygon: autoDraw = False
101.8229 	EXP 	Photodiode_plus: autoDraw = False
101.8229 	EXP 	Photodiode_2: autoDraw = True
101.8897 	DATA 	Mouse:  Left button up, pos=(568,667)
102.1227 	EXP 	Photodiode_2: autoDraw = False
103.0245 	EXP 	New trial (rep=13, index=0): <Trial 13 (0 in rep 13) data={'thisN': 13, 'thisTrialN': 0, 'thisRepN': 13}>
103.0404 	EXP 	text: autoDraw = False
103.0404 	EXP 	Photodiode_2: autoDraw = False
103.0404 	EXP 	AVG: text = ''
103.0404 	EXP 	PLUS_FP: autoDraw = True
103.0404 	EXP 	AVG: autoDraw = True
103.0404 	EXP 	Photodiode_plus: autoDraw = True
103.2401 	EXP 	Photodiode_plus: autoDraw = False
103.5241 	EXP 	PLUS_FP: autoDraw = False
103.5241 	EXP 	polygon: autoDraw = True
103.5241 	EXP 	Photodiode_polygon: autoDraw = True
103.5407 	EXP 	Photodiode_polygon: autoDraw = False
106.4605 	DATA 	Mouse: Left button down, pos=(568,667)
106.4766 	EXP 	PLUS_FP: autoDraw = False
106.4766 	EXP 	polygon: autoDraw = False
106.4766 	EXP 	AVG: autoDraw = False
106.4766 	EXP 	Photodiode_polygon: autoDraw = False
106.4766 	EXP 	Photodiode_plus: autoDraw = False
106.4766 	EXP 	Photodiode_2: autoDraw = True
106.5772 	DATA 	Mouse:  Left button up, pos=(574,646)
106.7766 	EXP 	Photodiode_2: autoDraw = False
107.8118 	EXP 	New trial (rep=14, index=0): <Trial 14 (0 in rep 14) data={'thisN': 14, 'thisTrialN': 0, 'thisRepN': 14}>
107.8276 	EXP 	text: autoDraw = False
107.8276 	EXP 	Photodiode_2: autoDraw = False
107.8276 	EXP 	AVG: text = ''
107.8276 	EXP 	PLUS_FP: autoDraw = True
107.8276 	EXP 	AVG: autoDraw = True
107.8276 	EXP 	Photodiode_plus: autoDraw = True
108.0275 	EXP 	Photodiode_plus: autoDraw = False
108.3113 	EXP 	PLUS_FP: autoDraw = False
108.3113 	EXP 	polygon: autoDraw = True
108.3113 	EXP 	Photodiode_polygon: autoDraw = True
108.3279 	EXP 	Photodiode_polygon: autoDraw = False
110.6471 	DATA 	Mouse: Left button down, pos=(567,660)
110.6633 	EXP 	PLUS_FP: autoDraw = False
110.6633 	EXP 	polygon: autoDraw = False
110.6633 	EXP 	AVG: autoDraw = False
110.6633 	EXP 	Photodiode_polygon: autoDraw = False
110.6633 	EXP 	Photodiode_plus: autoDraw = False
110.6633 	EXP 	Photodiode_2: autoDraw = True
110.7307 	DATA 	Mouse:  Left button up, pos=(567,660)
110.9635 	EXP 	Photodiode_2: autoDraw = False
112.1486 	EXP 	New trial (rep=15, index=0): <Trial 15 (0 in rep 15) data={'thisN': 15, 'thisTrialN': 0, 'thisRepN': 15}>
112.1645 	EXP 	text: autoDraw = False
112.1645 	EXP 	Photodiode_2: autoDraw = False
112.1645 	EXP 	AVG: text = ''
112.1645 	EXP 	PLUS_FP: autoDraw = True
112.1645 	EXP 	AVG: autoDraw = True
112.1645 	EXP 	Photodiode_plus: autoDraw = True
112.3646 	EXP 	Photodiode_plus: autoDraw = False
113.3324 	EXP 	PLUS_FP: autoDraw = False
113.3324 	EXP 	polygon: autoDraw = True
113.3324 	EXP 	Photodiode_polygon: autoDraw = True
113.3488 	EXP 	Photodiode_polygon: autoDraw = False
128.1616 	DATA 	Mouse: Left button down, pos=(513,657)
128.1778 	EXP 	PLUS_FP: autoDraw = False
128.1778 	EXP 	polygon: autoDraw = False
128.1778 	EXP 	AVG: autoDraw = False
128.1778 	EXP 	Photodiode_polygon: autoDraw = False
128.1778 	EXP 	Photodiode_plus: autoDraw = False
128.1778 	EXP 	Photodiode_2: autoDraw = True
128.2949 	DATA 	Mouse:  Left button up, pos=(513,657)
128.4779 	EXP 	Photodiode_2: autoDraw = False
129.8300 	EXP 	New trial (rep=16, index=0): <Trial 16 (0 in rep 16) data={'thisN': 16, 'thisTrialN': 0, 'thisRepN': 16}>
129.8458 	EXP 	text: autoDraw = False
129.8458 	EXP 	Photodiode_2: autoDraw = False
129.8458 	EXP 	AVG: text = ''
129.8458 	EXP 	PLUS_FP: autoDraw = True
129.8458 	EXP 	AVG: autoDraw = True
129.8458 	EXP 	Photodiode_plus: autoDraw = True
130.0460 	EXP 	Photodiode_plus: autoDraw = False
130.3458 	EXP 	PLUS_FP: autoDraw = False
130.3458 	EXP 	polygon: autoDraw = True
130.3458 	EXP 	Photodiode_polygon: autoDraw = True
130.3631 	EXP 	Photodiode_polygon: autoDraw = False
131.2809 	DATA 	Mouse: Left button down, pos=(509,658)
131.2966 	EXP 	PLUS_FP: autoDraw = False
131.2966 	EXP 	polygon: autoDraw = False
131.2966 	EXP 	AVG: autoDraw = False
131.2966 	EXP 	Photodiode_polygon: autoDraw = False
131.2966 	EXP 	Photodiode_plus: autoDraw = False
131.2966 	EXP 	Photodiode_2: autoDraw = True
131.3977 	DATA 	Mouse:  Left button up, pos=(509,658)
131.5972 	EXP 	Photodiode_2: autoDraw = False
132.9493 	EXP 	New trial (rep=17, index=0): <Trial 17 (0 in rep 17) data={'thisN': 17, 'thisTrialN': 0, 'thisRepN': 17}>
132.9655 	EXP 	text: autoDraw = False
132.9655 	EXP 	Photodiode_2: autoDraw = False
132.9655 	EXP 	AVG: text = ''
132.9655 	EXP 	PLUS_FP: autoDraw = True
132.9655 	EXP 	AVG: autoDraw = True
132.9655 	EXP 	Photodiode_plus: autoDraw = True
133.1658 	EXP 	Photodiode_plus: autoDraw = False
133.9665 	DATA 	Mouse: Left button down, pos=(510,658)
133.9819 	EXP 	PLUS_FP: autoDraw = False
133.9819 	EXP 	polygon: autoDraw = False
133.9819 	EXP 	AVG: autoDraw = False
133.9819 	EXP 	Photodiode_polygon: autoDraw = False
133.9819 	EXP 	Photodiode_plus: autoDraw = False
133.9819 	EXP 	text: autoDraw = True
133.9819 	EXP 	Photodiode_2: autoDraw = True
134.0668 	DATA 	Mouse:  Left button up, pos=(510,658)
134.2831 	EXP 	Photodiode_2: autoDraw = False
135.4684 	EXP 	New trial (rep=18, index=0): <Trial 18 (0 in rep 18) data={'thisN': 18, 'thisTrialN': 0, 'thisRepN': 18}>
135.4839 	EXP 	text: autoDraw = False
135.4839 	EXP 	Photodiode_2: autoDraw = False
135.4839 	EXP 	AVG: text = ''
135.4839 	EXP 	PLUS_FP: autoDraw = True
135.4839 	EXP 	AVG: autoDraw = True
135.4839 	EXP 	Photodiode_plus: autoDraw = True
135.6840 	EXP 	Photodiode_plus: autoDraw = False
135.9679 	EXP 	PLUS_FP: autoDraw = False
135.9679 	EXP 	polygon: autoDraw = True
135.9679 	EXP 	Photodiode_polygon: autoDraw = True
135.9848 	EXP 	Photodiode_polygon: autoDraw = False
136.8542 	DATA 	Mouse: Left button down, pos=(502,658)
136.8853 	EXP 	PLUS_FP: autoDraw = False
136.8853 	EXP 	polygon: autoDraw = False
136.8853 	EXP 	AVG: autoDraw = False
136.8853 	EXP 	Photodiode_polygon: autoDraw = False
136.8853 	EXP 	Photodiode_plus: autoDraw = False
136.8853 	EXP 	Photodiode_2: autoDraw = True
136.9525 	DATA 	Mouse:  Left button up, pos=(502,648)
137.1853 	EXP 	Photodiode_2: autoDraw = False
138.3707 	EXP 	New trial (rep=19, index=0): <Trial 19 (0 in rep 19) data={'thisN': 19, 'thisTrialN': 0, 'thisRepN': 19}>
138.3863 	EXP 	text: autoDraw = False
138.3863 	EXP 	Photodiode_2: autoDraw = False
138.3863 	EXP 	AVG: text = ''
138.3863 	EXP 	PLUS_FP: autoDraw = True
138.3863 	EXP 	AVG: autoDraw = True
138.3863 	EXP 	Photodiode_plus: autoDraw = True
138.5865 	EXP 	Photodiode_plus: autoDraw = False
139.5213 	DATA 	Mouse: Left button down, pos=(503,648)
139.5371 	EXP 	PLUS_FP: autoDraw = False
139.5371 	EXP 	polygon: autoDraw = False
139.5371 	EXP 	AVG: autoDraw = False
139.5371 	EXP 	Photodiode_polygon: autoDraw = False
139.5371 	EXP 	Photodiode_plus: autoDraw = False
139.5371 	EXP 	text: autoDraw = True
139.5371 	EXP 	Photodiode_2: autoDraw = True
139.6050 	DATA 	Mouse:  Left button up, pos=(503,648)
139.8375 	EXP 	Photodiode_2: autoDraw = False
141.0062 	EXP 	New trial (rep=20, index=0): <Trial 20 (0 in rep 20) data={'thisN': 20, 'thisTrialN': 0, 'thisRepN': 20}>
141.0219 	EXP 	text: autoDraw = False
141.0219 	EXP 	Photodiode_2: autoDraw = False
141.0219 	EXP 	AVG: text = ''
141.0219 	EXP 	PLUS_FP: autoDraw = True
141.0219 	EXP 	AVG: autoDraw = True
141.0219 	EXP 	Photodiode_plus: autoDraw = True
141.2222 	EXP 	Photodiode_plus: autoDraw = False
141.5059 	EXP 	PLUS_FP: autoDraw = False
141.5059 	EXP 	polygon: autoDraw = True
141.5059 	EXP 	Photodiode_polygon: autoDraw = True
141.5225 	EXP 	Photodiode_polygon: autoDraw = False
142.9242 	DATA 	Mouse: Left button down, pos=(503,648)
142.9402 	EXP 	PLUS_FP: autoDraw = False
142.9402 	EXP 	polygon: autoDraw = False
142.9402 	EXP 	AVG: autoDraw = False
142.9402 	EXP 	Photodiode_polygon: autoDraw = False
142.9402 	EXP 	Photodiode_plus: autoDraw = False
142.9402 	EXP 	Photodiode_2: autoDraw = True
143.0744 	DATA 	Mouse:  Left button up, pos=(505,642)
143.2403 	EXP 	Photodiode_2: autoDraw = False
144.4256 	EXP 	New trial (rep=21, index=0): <Trial 21 (0 in rep 21) data={'thisN': 21, 'thisTrialN': 0, 'thisRepN': 21}>
144.4414 	EXP 	text: autoDraw = False
144.4414 	EXP 	Photodiode_2: autoDraw = False
144.4414 	EXP 	AVG: text = ''
144.4414 	EXP 	PLUS_FP: autoDraw = True
144.4414 	EXP 	AVG: autoDraw = True
144.4414 	EXP 	Photodiode_plus: autoDraw = True
144.6418 	EXP 	Photodiode_plus: autoDraw = False
146.4264 	EXP 	PLUS_FP: autoDraw = False
146.4264 	EXP 	polygon: autoDraw = True
146.4264 	EXP 	Photodiode_polygon: autoDraw = True
146.4432 	EXP 	Photodiode_polygon: autoDraw = False
169.7630 	DATA 	Mouse: Left button down, pos=(505,642)
169.7792 	EXP 	PLUS_FP: autoDraw = False
169.7792 	EXP 	polygon: autoDraw = False
169.7792 	EXP 	AVG: autoDraw = False
169.7792 	EXP 	Photodiode_polygon: autoDraw = False
169.7792 	EXP 	Photodiode_plus: autoDraw = False
169.7792 	EXP 	Photodiode_2: autoDraw = True
169.8637 	DATA 	Mouse:  Left button up, pos=(505,642)
170.0794 	EXP 	Photodiode_2: autoDraw = False
170.9808 	EXP 	New trial (rep=22, index=0): <Trial 22 (0 in rep 22) data={'thisN': 22, 'thisTrialN': 0, 'thisRepN': 22}>
170.9967 	EXP 	text: autoDraw = False
170.9967 	EXP 	Photodiode_2: autoDraw = False
170.9967 	EXP 	AVG: text = ''
170.9967 	EXP 	PLUS_FP: autoDraw = True
170.9967 	EXP 	AVG: autoDraw = True
170.9967 	EXP 	Photodiode_plus: autoDraw = True
171.1971 	EXP 	Photodiode_plus: autoDraw = False
171.4804 	EXP 	PLUS_FP: autoDraw = False
171.4804 	EXP 	polygon: autoDraw = True
171.4804 	EXP 	Photodiode_polygon: autoDraw = True
171.4971 	EXP 	Photodiode_polygon: autoDraw = False
171.6818 	DATA 	Mouse: Left button down, pos=(977,638)
171.6974 	EXP 	PLUS_FP: autoDraw = False
171.6974 	EXP 	polygon: autoDraw = False
171.6974 	EXP 	AVG: autoDraw = False
171.6974 	EXP 	Photodiode_polygon: autoDraw = False
171.6974 	EXP 	Photodiode_plus: autoDraw = False
171.6974 	EXP 	Photodiode_2: autoDraw = True
171.8153 	DATA 	Mouse:  Left button up, pos=(992,675)
171.9980 	EXP 	Photodiode_2: autoDraw = False
172.9658 	EXP 	New trial (rep=23, index=0): <Trial 23 (0 in rep 23) data={'thisN': 23, 'thisTrialN': 0, 'thisRepN': 23}>
172.9817 	EXP 	text: autoDraw = False
172.9817 	EXP 	Photodiode_2: autoDraw = False
172.9817 	EXP 	AVG: text = ''
172.9817 	EXP 	PLUS_FP: autoDraw = True
172.9817 	EXP 	AVG: autoDraw = True
172.9817 	EXP 	Photodiode_plus: autoDraw = True
173.1820 	EXP 	Photodiode_plus: autoDraw = False
173.2161 	DATA 	Mouse: Left button down, pos=(921,810)
173.2322 	EXP 	PLUS_FP: autoDraw = False
173.2322 	EXP 	polygon: autoDraw = False
173.2322 	EXP 	AVG: autoDraw = False
173.2322 	EXP 	Photodiode_polygon: autoDraw = False
173.2322 	EXP 	Photodiode_plus: autoDraw = False
173.2322 	EXP 	text: autoDraw = True
173.2322 	EXP 	Photodiode_2: autoDraw = True
173.2661 	DATA 	Mouse:  Left button up, pos=(921,810)
173.5326 	EXP 	Photodiode_2: autoDraw = False
173.7165 	EXP 	New trial (rep=24, index=0): <Trial 24 (0 in rep 24) data={'thisN': 24, 'thisTrialN': 0, 'thisRepN': 24}>
173.7325 	EXP 	text: autoDraw = False
173.7325 	EXP 	text: autoDraw = False
173.7325 	EXP 	Photodiode_2: autoDraw = False
173.7325 	EXP 	AVG: text = ''
173.7325 	EXP 	PLUS_FP: autoDraw = True
173.7325 	EXP 	AVG: autoDraw = True
173.7325 	EXP 	Photodiode_plus: autoDraw = True
173.9326 	EXP 	Photodiode_plus: autoDraw = False
175.2844 	DATA 	Mouse: Left button down, pos=(888,1007)
175.2999 	EXP 	PLUS_FP: autoDraw = False
175.2999 	EXP 	polygon: autoDraw = False
175.2999 	EXP 	AVG: autoDraw = False
175.2999 	EXP 	Photodiode_polygon: autoDraw = False
175.2999 	EXP 	Photodiode_plus: autoDraw = False
175.2999 	EXP 	text: autoDraw = True
175.2999 	EXP 	Photodiode_2: autoDraw = True
175.3511 	DATA 	Mouse:  Left button up, pos=(886,1004)
175.6008 	EXP 	Photodiode_2: autoDraw = False
176.5020 	EXP 	New trial (rep=25, index=0): <Trial 25 (0 in rep 25) data={'thisN': 25, 'thisTrialN': 0, 'thisRepN': 25}>
176.5181 	EXP 	text: autoDraw = False
176.5181 	EXP 	Photodiode_2: autoDraw = False
176.5181 	EXP 	AVG: text = ''
176.5181 	EXP 	PLUS_FP: autoDraw = True
176.5181 	EXP 	AVG: autoDraw = True
176.5181 	EXP 	Photodiode_plus: autoDraw = True
176.7182 	EXP 	Photodiode_plus: autoDraw = False
177.0020 	EXP 	PLUS_FP: autoDraw = False
177.0020 	EXP 	polygon: autoDraw = True
177.0020 	EXP 	Photodiode_polygon: autoDraw = True
177.0186 	EXP 	Photodiode_polygon: autoDraw = False
177.5361 	DATA 	Mouse: Left button down, pos=(981,988)
177.5521 	EXP 	PLUS_FP: autoDraw = False
177.5521 	EXP 	polygon: autoDraw = False
177.5521 	EXP 	AVG: autoDraw = False
177.5521 	EXP 	Photodiode_polygon: autoDraw = False
177.5521 	EXP 	Photodiode_plus: autoDraw = False
177.5521 	EXP 	Photodiode_2: autoDraw = True
177.6696 	DATA 	Mouse:  Left button up, pos=(981,988)
177.8525 	EXP 	Photodiode_2: autoDraw = False
178.7544 	EXP 	New trial (rep=26, index=0): <Trial 26 (0 in rep 26) data={'thisN': 26, 'thisTrialN': 0, 'thisRepN': 26}>
178.7700 	EXP 	text: autoDraw = False
178.7700 	EXP 	Photodiode_2: autoDraw = False
178.7700 	EXP 	AVG: text = ''
178.7700 	EXP 	PLUS_FP: autoDraw = True
178.7700 	EXP 	AVG: autoDraw = True
178.7700 	EXP 	Photodiode_plus: autoDraw = True
178.9701 	EXP 	Photodiode_plus: autoDraw = False
179.2538 	EXP 	PLUS_FP: autoDraw = False
179.2538 	EXP 	polygon: autoDraw = True
179.2538 	EXP 	Photodiode_polygon: autoDraw = True
179.2703 	EXP 	Photodiode_polygon: autoDraw = False
179.9050 	DATA 	Mouse: Left button down, pos=(981,988)
179.9213 	EXP 	PLUS_FP: autoDraw = False
179.9213 	EXP 	polygon: autoDraw = False
179.9213 	EXP 	AVG: autoDraw = False
179.9213 	EXP 	Photodiode_polygon: autoDraw = False
179.9213 	EXP 	Photodiode_plus: autoDraw = False
179.9213 	EXP 	Photodiode_2: autoDraw = True
179.9715 	DATA 	Mouse:  Left button up, pos=(981,988)
180.2214 	EXP 	Photodiode_2: autoDraw = False
181.5064 	EXP 	New trial (rep=27, index=0): <Trial 27 (0 in rep 27) data={'thisN': 27, 'thisTrialN': 0, 'thisRepN': 27}>
181.5221 	EXP 	text: autoDraw = False
181.5221 	EXP 	Photodiode_2: autoDraw = False
181.5221 	EXP 	AVG: text = ''
181.5221 	EXP 	PLUS_FP: autoDraw = True
181.5221 	EXP 	AVG: autoDraw = True
181.5221 	EXP 	Photodiode_plus: autoDraw = True
181.7223 	EXP 	Photodiode_plus: autoDraw = False
182.0059 	EXP 	PLUS_FP: autoDraw = False
182.0059 	EXP 	polygon: autoDraw = True
182.0059 	EXP 	Photodiode_polygon: autoDraw = True
182.0226 	EXP 	Photodiode_polygon: autoDraw = False
182.4069 	DATA 	Mouse: Left button down, pos=(984,993)
182.4221 	EXP 	PLUS_FP: autoDraw = False
182.4221 	EXP 	polygon: autoDraw = False
182.4221 	EXP 	AVG: autoDraw = False
182.4221 	EXP 	Photodiode_polygon: autoDraw = False
182.4221 	EXP 	Photodiode_plus: autoDraw = False
182.4221 	EXP 	Photodiode_2: autoDraw = True
182.5065 	DATA 	Mouse:  Left button up, pos=(984,993)
182.6079 	DATA 	Mouse: Left button down, pos=(984,993)
182.6901 	DATA 	Mouse:  Left button up, pos=(984,993)
182.7226 	EXP 	Photodiode_2: autoDraw = False
182.7915 	DATA 	Mouse: Left button down, pos=(984,993)
182.8570 	DATA 	Mouse:  Left button up, pos=(984,993)
183.0587 	DATA 	Mouse: Left button down, pos=(984,993)
183.1073 	DATA 	Mouse:  Left button up, pos=(984,993)
183.2583 	DATA 	Mouse: Left button down, pos=(984,993)
183.3068 	DATA 	Mouse:  Left button up, pos=(984,993)
183.4237 	DATA 	Mouse: Left button down, pos=(984,993)
183.4742 	DATA 	Mouse:  Left button up, pos=(984,993)
183.8917 	EXP 	New trial (rep=28, index=0): <Trial 28 (0 in rep 28) data={'thisN': 28, 'thisTrialN': 0, 'thisRepN': 28}>
183.9075 	EXP 	text: autoDraw = False
183.9075 	EXP 	Photodiode_2: autoDraw = False
183.9075 	EXP 	AVG: text = ''
183.9075 	EXP 	PLUS_FP: autoDraw = True
183.9075 	EXP 	AVG: autoDraw = True
183.9075 	EXP 	Photodiode_plus: autoDraw = True
184.1072 	EXP 	Photodiode_plus: autoDraw = False
185.1088 	EXP 	PLUS_FP: autoDraw = False
185.1088 	EXP 	polygon: autoDraw = True
185.1088 	EXP 	Photodiode_polygon: autoDraw = True
185.1253 	EXP 	Photodiode_polygon: autoDraw = False
186.3936 	DATA 	Mouse: Left button down, pos=(721,1022)
186.4092 	EXP 	PLUS_FP: autoDraw = False
186.4092 	EXP 	polygon: autoDraw = False
186.4092 	EXP 	AVG: autoDraw = False
186.4092 	EXP 	Photodiode_polygon: autoDraw = False
186.4092 	EXP 	Photodiode_plus: autoDraw = False
186.4092 	EXP 	Photodiode_2: autoDraw = True
186.4933 	DATA 	Mouse:  Left button up, pos=(721,1022)
186.7099 	EXP 	Photodiode_2: autoDraw = False
187.7786 	EXP 	New trial (rep=29, index=0): <Trial 29 (0 in rep 29) data={'thisN': 29, 'thisTrialN': 0, 'thisRepN': 29}>
187.7942 	EXP 	text: autoDraw = False
187.7942 	EXP 	Photodiode_2: autoDraw = False
187.7942 	EXP 	AVG: text = ''
187.7942 	EXP 	PLUS_FP: autoDraw = True
187.7942 	EXP 	AVG: autoDraw = True
187.7942 	EXP 	Photodiode_plus: autoDraw = True
187.9946 	EXP 	Photodiode_plus: autoDraw = False
188.2784 	EXP 	PLUS_FP: autoDraw = False
188.2784 	EXP 	polygon: autoDraw = True
188.2784 	EXP 	Photodiode_polygon: autoDraw = True
188.2947 	EXP 	Photodiode_polygon: autoDraw = False
188.8624 	DATA 	Mouse: Left button down, pos=(698,1052)
188.8784 	EXP 	PLUS_FP: autoDraw = False
188.8784 	EXP 	polygon: autoDraw = False
188.8784 	EXP 	AVG: autoDraw = False
188.8784 	EXP 	Photodiode_polygon: autoDraw = False
188.8784 	EXP 	Photodiode_plus: autoDraw = False
188.8784 	EXP 	Photodiode_2: autoDraw = True
188.9623 	DATA 	Mouse:  Left button up, pos=(698,1052)
189.0639 	DATA 	Mouse: Left button down, pos=(698,1052)
189.1296 	DATA 	Mouse:  Left button up, pos=(698,1052)
189.1780 	EXP 	Photodiode_2: autoDraw = False
189.2467 	DATA 	Mouse: Left button down, pos=(698,1054)
189.2958 	DATA 	Mouse:  Left button up, pos=(698,1054)
189.5467 	DATA 	Mouse: Left button down, pos=(698,1054)
189.6291 	DATA 	Mouse:  Left button up, pos=(698,1054)
189.7306 	DATA 	Mouse: Left button down, pos=(698,1054)
189.8128 	DATA 	Mouse:  Left button up, pos=(698,1054)
189.8974 	DATA 	Mouse: Left button down, pos=(698,1054)
189.9797 	DATA 	Mouse:  Left button up, pos=(698,1054)
190.0811 	DATA 	Mouse: Left button down, pos=(698,1054)
190.1631 	DATA 	Mouse:  Left button up, pos=(698,1054)
190.2652 	DATA 	Mouse: Left button down, pos=(697,1056)
190.3299 	DATA 	Mouse:  Left button up, pos=(697,1056)
190.3973 	EXP 	New trial (rep=30, index=0): <Trial 30 (0 in rep 30) data={'thisN': 30, 'thisTrialN': 0, 'thisRepN': 30}>
190.4131 	EXP 	text: autoDraw = False
190.4131 	EXP 	Photodiode_2: autoDraw = False
190.4131 	EXP 	AVG: text = ''
190.4131 	EXP 	PLUS_FP: autoDraw = True
190.4131 	EXP 	AVG: autoDraw = True
190.4131 	EXP 	Photodiode_plus: autoDraw = True
190.4471 	DATA 	Mouse: Left button down, pos=(694,1057)
190.4625 	EXP 	PLUS_FP: autoDraw = False
190.4625 	EXP 	polygon: autoDraw = False
190.4625 	EXP 	AVG: autoDraw = False
190.4625 	EXP 	Photodiode_polygon: autoDraw = False
190.4625 	EXP 	Photodiode_plus: autoDraw = False
190.4625 	EXP 	text: autoDraw = True
190.4625 	EXP 	Photodiode_2: autoDraw = True
190.5136 	DATA 	Mouse:  Left button up, pos=(694,1057)
190.6318 	DATA 	Mouse: Left button down, pos=(690,1061)
190.6974 	DATA 	Mouse:  Left button up, pos=(690,1061)
190.7633 	EXP 	Photodiode_2: autoDraw = False
190.8485 	DATA 	Mouse: Left button down, pos=(690,1061)
190.8977 	DATA 	Mouse:  Left button up, pos=(690,1061)
191.6818 	EXP 	New trial (rep=31, index=0): <Trial 31 (0 in rep 31) data={'thisN': 31, 'thisTrialN': 0, 'thisRepN': 31}>
191.6975 	EXP 	text: autoDraw = False
191.6975 	EXP 	Photodiode_2: autoDraw = False
191.6975 	EXP 	AVG: text = ''
191.6975 	EXP 	PLUS_FP: autoDraw = True
191.6975 	EXP 	AVG: autoDraw = True
191.6975 	EXP 	Photodiode_plus: autoDraw = True
191.8975 	EXP 	Photodiode_plus: autoDraw = False
193.6829 	EXP 	PLUS_FP: autoDraw = False
193.6829 	EXP 	polygon: autoDraw = True
193.6829 	EXP 	Photodiode_polygon: autoDraw = True
193.6995 	EXP 	Photodiode_polygon: autoDraw = False
193.9505 	DATA 	Mouse: Left button down, pos=(688,1069)
193.9660 	EXP 	PLUS_FP: autoDraw = False
193.9660 	EXP 	polygon: autoDraw = False
193.9660 	EXP 	AVG: autoDraw = False
193.9660 	EXP 	Photodiode_polygon: autoDraw = False
193.9660 	EXP 	Photodiode_plus: autoDraw = False
193.9660 	EXP 	Photodiode_2: autoDraw = True
194.0666 	DATA 	Mouse:  Left button up, pos=(688,1069)
194.2509 	DATA 	Mouse: Left button down, pos=(688,1069)
194.2661 	EXP 	Photodiode_2: autoDraw = False
194.3500 	DATA 	Mouse:  Left button up, pos=(688,1069)
194.4671 	DATA 	Mouse: Left button down, pos=(688,1069)
194.5335 	DATA 	Mouse:  Left button up, pos=(688,1069)
194.6177 	DATA 	Mouse: Left button down, pos=(688,1069)
194.7003 	DATA 	Mouse:  Left button up, pos=(688,1069)
195.4510 	EXP 	New trial (rep=32, index=0): <Trial 32 (0 in rep 32) data={'thisN': 32, 'thisTrialN': 0, 'thisRepN': 32}>
195.4668 	EXP 	text: autoDraw = False
195.4668 	EXP 	Photodiode_2: autoDraw = False
195.4668 	EXP 	AVG: text = ''
195.4668 	EXP 	PLUS_FP: autoDraw = True
195.4668 	EXP 	AVG: autoDraw = True
195.4668 	EXP 	Photodiode_plus: autoDraw = True
195.6673 	EXP 	Photodiode_plus: autoDraw = False
195.9509 	EXP 	PLUS_FP: autoDraw = False
195.9509 	EXP 	polygon: autoDraw = True
195.9509 	EXP 	Photodiode_polygon: autoDraw = True
195.9677 	EXP 	Photodiode_polygon: autoDraw = False
197.2360 	DATA 	Mouse: Left button down, pos=(678,1074)
197.2521 	EXP 	PLUS_FP: autoDraw = False
197.2521 	EXP 	polygon: autoDraw = False
197.2521 	EXP 	AVG: autoDraw = False
197.2521 	EXP 	Photodiode_polygon: autoDraw = False
197.2521 	EXP 	Photodiode_plus: autoDraw = False
197.2521 	EXP 	Photodiode_2: autoDraw = True
197.3024 	DATA 	Mouse:  Left button up, pos=(678,1074)
197.5523 	EXP 	Photodiode_2: autoDraw = False
198.3215 	DATA 	Mouse: Left button down, pos=(669,1078)
198.4034 	DATA 	Mouse:  Left button up, pos=(669,1078)
198.5043 	EXP 	New trial (rep=33, index=0): <Trial 33 (0 in rep 33) data={'thisN': 33, 'thisTrialN': 0, 'thisRepN': 33}>
198.5197 	EXP 	text: autoDraw = False
198.5197 	EXP 	Photodiode_2: autoDraw = False
198.5197 	EXP 	AVG: text = ''
198.5197 	EXP 	PLUS_FP: autoDraw = True
198.5197 	EXP 	AVG: autoDraw = True
198.5197 	EXP 	Photodiode_plus: autoDraw = True
198.7198 	EXP 	Photodiode_plus: autoDraw = False
199.9047 	DATA 	Mouse: Left button down, pos=(663,1080)
199.9209 	EXP 	PLUS_FP: autoDraw = False
199.9209 	EXP 	polygon: autoDraw = False
199.9209 	EXP 	AVG: autoDraw = False
199.9209 	EXP 	Photodiode_polygon: autoDraw = False
199.9209 	EXP 	Photodiode_plus: autoDraw = False
199.9209 	EXP 	text: autoDraw = True
199.9209 	EXP 	Photodiode_2: autoDraw = True
200.0217 	DATA 	Mouse:  Left button up, pos=(663,1080)
200.2211 	EXP 	Photodiode_2: autoDraw = False
201.1728 	EXP 	New trial (rep=34, index=0): <Trial 34 (0 in rep 34) data={'thisN': 34, 'thisTrialN': 0, 'thisRepN': 34}>
201.1889 	EXP 	text: autoDraw = False
201.1889 	EXP 	Photodiode_2: autoDraw = False
201.1889 	EXP 	AVG: text = ''
201.1889 	EXP 	PLUS_FP: autoDraw = True
201.1889 	EXP 	AVG: autoDraw = True
201.1889 	EXP 	Photodiode_plus: autoDraw = True
201.3889 	EXP 	Photodiode_plus: autoDraw = False
201.6724 	EXP 	PLUS_FP: autoDraw = False
201.6724 	EXP 	polygon: autoDraw = True
201.6724 	EXP 	Photodiode_polygon: autoDraw = True
201.6891 	EXP 	Photodiode_polygon: autoDraw = False
203.2578 	DATA 	Mouse: Left button down, pos=(663,1080)
203.2735 	EXP 	PLUS_FP: autoDraw = False
203.2735 	EXP 	polygon: autoDraw = False
203.2735 	EXP 	AVG: autoDraw = False
203.2735 	EXP 	Photodiode_polygon: autoDraw = False
203.2735 	EXP 	Photodiode_plus: autoDraw = False
203.2735 	EXP 	Photodiode_2: autoDraw = True
203.3581 	DATA 	Mouse:  Left button up, pos=(663,1080)
203.5741 	EXP 	Photodiode_2: autoDraw = False
204.2260 	DATA 	Mouse: Left button down, pos=(662,1080)
204.3251 	DATA 	Mouse:  Left button up, pos=(662,1080)
204.4593 	DATA 	Mouse: Left button down, pos=(662,1080)
204.5418 	DATA 	Mouse:  Left button up, pos=(662,1080)
204.9426 	EXP 	New trial (rep=35, index=0): <Trial 35 (0 in rep 35) data={'thisN': 35, 'thisTrialN': 0, 'thisRepN': 35}>
204.9585 	EXP 	text: autoDraw = False
204.9585 	EXP 	Photodiode_2: autoDraw = False
204.9585 	EXP 	AVG: text = ''
204.9585 	EXP 	PLUS_FP: autoDraw = True
204.9585 	EXP 	AVG: autoDraw = True
204.9585 	EXP 	Photodiode_plus: autoDraw = True
205.1112 	DATA 	Mouse: Left button down, pos=(662,1080)
205.1421 	EXP 	PLUS_FP: autoDraw = False
205.1421 	EXP 	polygon: autoDraw = False
205.1421 	EXP 	AVG: autoDraw = False
205.1421 	EXP 	Photodiode_polygon: autoDraw = False
205.1421 	EXP 	Photodiode_plus: autoDraw = False
205.1421 	EXP 	text: autoDraw = True
205.1421 	EXP 	Photodiode_2: autoDraw = True
205.1929 	DATA 	Mouse:  Left button up, pos=(662,1080)
205.3609 	DATA 	Mouse: Left button down, pos=(662,1080)
205.4096 	DATA 	Mouse:  Left button up, pos=(662,1080)
205.4416 	EXP 	Photodiode_2: autoDraw = False
206.3601 	EXP 	New trial (rep=36, index=0): <Trial 36 (0 in rep 36) data={'thisN': 36, 'thisTrialN': 0, 'thisRepN': 36}>
206.3761 	EXP 	text: autoDraw = False
206.3761 	EXP 	Photodiode_2: autoDraw = False
206.3761 	EXP 	AVG: text = ''
206.3761 	EXP 	PLUS_FP: autoDraw = True
206.3761 	EXP 	AVG: autoDraw = True
206.3761 	EXP 	Photodiode_plus: autoDraw = True
206.5762 	EXP 	Photodiode_plus: autoDraw = False
206.8603 	EXP 	PLUS_FP: autoDraw = False
206.8603 	EXP 	polygon: autoDraw = True
206.8603 	EXP 	Photodiode_polygon: autoDraw = True
206.8767 	EXP 	Photodiode_polygon: autoDraw = False
213.3168 	DATA 	Mouse: Left button down, pos=(573,1080)
213.3321 	EXP 	PLUS_FP: autoDraw = False
213.3321 	EXP 	polygon: autoDraw = False
213.3321 	EXP 	AVG: autoDraw = False
213.3321 	EXP 	Photodiode_polygon: autoDraw = False
213.3321 	EXP 	Photodiode_plus: autoDraw = False
213.3321 	EXP 	Photodiode_2: autoDraw = True
213.3825 	DATA 	Mouse:  Left button up, pos=(573,1080)
213.6323 	EXP 	Photodiode_2: autoDraw = False
214.9007 	EXP 	New trial (rep=37, index=0): <Trial 37 (0 in rep 37) data={'thisN': 37, 'thisTrialN': 0, 'thisRepN': 37}>
214.9165 	EXP 	text: autoDraw = False
214.9165 	EXP 	Photodiode_2: autoDraw = False
214.9165 	EXP 	AVG: text = ''
214.9165 	EXP 	PLUS_FP: autoDraw = True
214.9165 	EXP 	AVG: autoDraw = True
214.9165 	EXP 	Photodiode_plus: autoDraw = True
215.1168 	EXP 	Photodiode_plus: autoDraw = False
216.9018 	EXP 	PLUS_FP: autoDraw = False
216.9018 	EXP 	polygon: autoDraw = True
216.9018 	EXP 	Photodiode_polygon: autoDraw = True
216.9184 	EXP 	Photodiode_polygon: autoDraw = False
313.6828 	DATA 	Mouse: Left button down, pos=(676,1061)
313.6989 	EXP 	PLUS_FP: autoDraw = False
313.6989 	EXP 	polygon: autoDraw = False
313.6989 	EXP 	AVG: autoDraw = False
313.6989 	EXP 	Photodiode_polygon: autoDraw = False
313.6989 	EXP 	Photodiode_plus: autoDraw = False
313.6989 	EXP 	Photodiode_2: autoDraw = True
313.7834 	DATA 	Mouse:  Left button up, pos=(679,1061)
313.9990 	EXP 	Photodiode_2: autoDraw = False
314.9505 	EXP 	New trial (rep=38, index=0): <Trial 38 (0 in rep 38) data={'thisN': 38, 'thisTrialN': 0, 'thisRepN': 38}>
314.9666 	EXP 	text: autoDraw = False
314.9666 	EXP 	Photodiode_2: autoDraw = False
314.9666 	EXP 	AVG: text = ''
314.9666 	EXP 	PLUS_FP: autoDraw = True
314.9666 	EXP 	AVG: autoDraw = True
314.9666 	EXP 	Photodiode_plus: autoDraw = True
315.1670 	EXP 	Photodiode_plus: autoDraw = False
316.0694 	DATA 	Mouse: Left button down, pos=(1362,771)
316.1010 	EXP 	PLUS_FP: autoDraw = False
316.1010 	EXP 	polygon: autoDraw = False
316.1010 	EXP 	AVG: autoDraw = False
316.1010 	EXP 	Photodiode_polygon: autoDraw = False
316.1010 	EXP 	Photodiode_plus: autoDraw = False
316.1010 	EXP 	text: autoDraw = True
316.1010 	EXP 	Photodiode_2: autoDraw = True
316.2348 	DATA 	Mouse:  Left button up, pos=(1362,771)
316.4013 	EXP 	Photodiode_2: autoDraw = False
317.5530 	EXP 	New trial (rep=39, index=0): <Trial 39 (0 in rep 39) data={'thisN': 39, 'thisTrialN': 0, 'thisRepN': 39}>
317.5687 	EXP 	text: autoDraw = False
317.5687 	EXP 	Photodiode_2: autoDraw = False
317.5687 	EXP 	AVG: text = ''
317.5687 	EXP 	PLUS_FP: autoDraw = True
317.5687 	EXP 	AVG: autoDraw = True
317.5687 	EXP 	Photodiode_plus: autoDraw = True
317.7688 	EXP 	Photodiode_plus: autoDraw = False
318.3365 	DATA 	Mouse: Left button down, pos=(1362,771)
318.3526 	EXP 	PLUS_FP: autoDraw = False
318.3526 	EXP 	polygon: autoDraw = False
318.3526 	EXP 	AVG: autoDraw = False
318.3526 	EXP 	Photodiode_polygon: autoDraw = False
318.3526 	EXP 	Photodiode_plus: autoDraw = False
318.3526 	EXP 	text: autoDraw = True
318.3526 	EXP 	Photodiode_2: autoDraw = True
318.4700 	DATA 	Mouse:  Left button up, pos=(1362,771)
318.6531 	EXP 	Photodiode_2: autoDraw = False
319.3544 	EXP 	New trial (rep=40, index=0): <Trial 40 (0 in rep 40) data={'thisN': 40, 'thisTrialN': 0, 'thisRepN': 40}>
319.3703 	EXP 	text: autoDraw = False
319.3703 	EXP 	text: autoDraw = False
319.3703 	EXP 	Photodiode_2: autoDraw = False
319.3703 	EXP 	AVG: text = ''
319.3703 	EXP 	PLUS_FP: autoDraw = True
319.3703 	EXP 	AVG: autoDraw = True
319.3703 	EXP 	Photodiode_plus: autoDraw = True
319.5207 	DATA 	Mouse: Left button down, pos=(1362,771)
319.5371 	EXP 	PLUS_FP: autoDraw = False
319.5371 	EXP 	polygon: autoDraw = False
319.5371 	EXP 	AVG: autoDraw = False
319.5371 	EXP 	Photodiode_polygon: autoDraw = False
319.5371 	EXP 	Photodiode_plus: autoDraw = False
319.5371 	EXP 	text: autoDraw = True
319.5371 	EXP 	Photodiode_2: autoDraw = True
319.6547 	DATA 	Mouse:  Left button up, pos=(1362,771)
319.8373 	EXP 	Photodiode_2: autoDraw = False
320.7887 	EXP 	New trial (rep=41, index=0): <Trial 41 (0 in rep 41) data={'thisN': 41, 'thisTrialN': 0, 'thisRepN': 41}>
320.8047 	EXP 	text: autoDraw = False
320.8047 	EXP 	Photodiode_2: autoDraw = False
320.8047 	EXP 	AVG: text = ''
320.8047 	EXP 	PLUS_FP: autoDraw = True
320.8047 	EXP 	AVG: autoDraw = True
320.8047 	EXP 	Photodiode_plus: autoDraw = True
321.0049 	EXP 	Photodiode_plus: autoDraw = False
322.7895 	EXP 	PLUS_FP: autoDraw = False
322.7895 	EXP 	polygon: autoDraw = True
322.7895 	EXP 	Photodiode_polygon: autoDraw = True
322.8063 	EXP 	Photodiode_polygon: autoDraw = False
324.5429 	DATA 	Mouse: Left button down, pos=(1358,784)
324.5745 	EXP 	PLUS_FP: autoDraw = False
324.5745 	EXP 	polygon: autoDraw = False
324.5745 	EXP 	AVG: autoDraw = False
324.5745 	EXP 	Photodiode_polygon: autoDraw = False
324.5745 	EXP 	Photodiode_plus: autoDraw = False
324.5745 	EXP 	Photodiode_2: autoDraw = True
324.7259 	DATA 	Mouse:  Left button up, pos=(1358,784)
324.8743 	EXP 	Photodiode_2: autoDraw = False
326.1766 	EXP 	New trial (rep=42, index=0): <Trial 42 (0 in rep 42) data={'thisN': 42, 'thisTrialN': 0, 'thisRepN': 42}>
326.1926 	EXP 	text: autoDraw = False
326.1926 	EXP 	Photodiode_2: autoDraw = False
326.1926 	EXP 	AVG: text = ''
326.1926 	EXP 	PLUS_FP: autoDraw = True
326.1926 	EXP 	AVG: autoDraw = True
326.1926 	EXP 	Photodiode_plus: autoDraw = True
326.3926 	EXP 	Photodiode_plus: autoDraw = False
328.1775 	EXP 	PLUS_FP: autoDraw = False
328.1775 	EXP 	polygon: autoDraw = True
328.1775 	EXP 	Photodiode_polygon: autoDraw = True
328.1940 	EXP 	Photodiode_polygon: autoDraw = False
332.6153 	DATA 	Mouse: Left button down, pos=(1231,824)
332.6311 	EXP 	PLUS_FP: autoDraw = False
332.6311 	EXP 	polygon: autoDraw = False
332.6311 	EXP 	AVG: autoDraw = False
332.6311 	EXP 	Photodiode_polygon: autoDraw = False
332.6311 	EXP 	Photodiode_plus: autoDraw = False
332.6311 	EXP 	Photodiode_2: autoDraw = True
332.7317 	DATA 	Mouse:  Left button up, pos=(1232,820)
332.9314 	EXP 	Photodiode_2: autoDraw = False
334.2335 	EXP 	New trial (rep=43, index=0): <Trial 43 (0 in rep 43) data={'thisN': 43, 'thisTrialN': 0, 'thisRepN': 43}>
334.2492 	EXP 	text: autoDraw = False
334.2492 	EXP 	Photodiode_2: autoDraw = False
334.2492 	EXP 	AVG: text = ''
334.2492 	EXP 	PLUS_FP: autoDraw = True
334.2492 	EXP 	AVG: autoDraw = True
334.2492 	EXP 	Photodiode_plus: autoDraw = True
334.4494 	EXP 	Photodiode_plus: autoDraw = False
334.7331 	EXP 	PLUS_FP: autoDraw = False
334.7331 	EXP 	polygon: autoDraw = True
334.7331 	EXP 	Photodiode_polygon: autoDraw = True
334.7498 	EXP 	Photodiode_polygon: autoDraw = False
335.8178 	DATA 	Mouse: Left button down, pos=(1258,821)
335.8341 	EXP 	PLUS_FP: autoDraw = False
335.8341 	EXP 	polygon: autoDraw = False
335.8341 	EXP 	AVG: autoDraw = False
335.8341 	EXP 	Photodiode_polygon: autoDraw = False
335.8341 	EXP 	Photodiode_plus: autoDraw = False
335.8341 	EXP 	Photodiode_2: autoDraw = True
335.9677 	DATA 	Mouse:  Left button up, pos=(1258,821)
336.1342 	EXP 	Photodiode_2: autoDraw = False
337.4362 	EXP 	New trial (rep=44, index=0): <Trial 44 (0 in rep 44) data={'thisN': 44, 'thisTrialN': 0, 'thisRepN': 44}>
337.4517 	EXP 	text: autoDraw = False
337.4517 	EXP 	Photodiode_2: autoDraw = False
337.4517 	EXP 	AVG: text = ''
337.4517 	EXP 	PLUS_FP: autoDraw = True
337.4517 	EXP 	AVG: autoDraw = True
337.4517 	EXP 	Photodiode_plus: autoDraw = True
337.6521 	EXP 	Photodiode_plus: autoDraw = False
337.9356 	EXP 	PLUS_FP: autoDraw = False
337.9356 	EXP 	polygon: autoDraw = True
337.9356 	EXP 	Photodiode_polygon: autoDraw = True
337.9526 	EXP 	Photodiode_polygon: autoDraw = False
338.4869 	DATA 	Mouse: Left button down, pos=(1262,818)
338.5026 	EXP 	PLUS_FP: autoDraw = False
338.5026 	EXP 	polygon: autoDraw = False
338.5026 	EXP 	AVG: autoDraw = False
338.5026 	EXP 	Photodiode_polygon: autoDraw = False
338.5026 	EXP 	Photodiode_plus: autoDraw = False
338.5026 	EXP 	Photodiode_2: autoDraw = True
338.6533 	DATA 	Mouse:  Left button up, pos=(1262,816)
338.8030 	EXP 	Photodiode_2: autoDraw = False
339.7716 	DATA 	Mouse: Left button down, pos=(1260,827)
339.9208 	DATA 	Mouse:  Left button up, pos=(1263,821)
340.0886 	EXP 	New trial (rep=45, index=0): <Trial 45 (0 in rep 45) data={'thisN': 45, 'thisTrialN': 0, 'thisRepN': 45}>
340.1042 	EXP 	text: autoDraw = False
340.1042 	EXP 	Photodiode_2: autoDraw = False
340.1042 	EXP 	AVG: text = ''
340.1042 	EXP 	PLUS_FP: autoDraw = True
340.1042 	EXP 	AVG: autoDraw = True
340.1042 	EXP 	Photodiode_plus: autoDraw = True
340.3042 	EXP 	Photodiode_plus: autoDraw = False
340.5879 	EXP 	PLUS_FP: autoDraw = False
340.5879 	EXP 	polygon: autoDraw = True
340.5879 	EXP 	Photodiode_polygon: autoDraw = True
340.6045 	EXP 	Photodiode_polygon: autoDraw = False
342.3232 	DATA 	Mouse: Left button down, pos=(1273,788)
342.3395 	EXP 	PLUS_FP: autoDraw = False
342.3395 	EXP 	polygon: autoDraw = False
342.3395 	EXP 	AVG: autoDraw = False
342.3395 	EXP 	Photodiode_polygon: autoDraw = False
342.3395 	EXP 	Photodiode_plus: autoDraw = False
342.3395 	EXP 	Photodiode_2: autoDraw = True
342.4564 	DATA 	Mouse:  Left button up, pos=(1273,788)
342.6396 	EXP 	Photodiode_2: autoDraw = False
343.8584 	EXP 	New trial (rep=46, index=0): <Trial 46 (0 in rep 46) data={'thisN': 46, 'thisTrialN': 0, 'thisRepN': 46}>
343.8739 	EXP 	text: autoDraw = False
343.8739 	EXP 	Photodiode_2: autoDraw = False
343.8739 	EXP 	AVG: text = ''
343.8739 	EXP 	PLUS_FP: autoDraw = True
343.8739 	EXP 	AVG: autoDraw = True
343.8739 	EXP 	Photodiode_plus: autoDraw = True
344.0739 	EXP 	Photodiode_plus: autoDraw = False
345.8589 	EXP 	PLUS_FP: autoDraw = False
345.8589 	EXP 	polygon: autoDraw = True
345.8589 	EXP 	Photodiode_polygon: autoDraw = True
345.8758 	EXP 	Photodiode_polygon: autoDraw = False
379.9540 	DATA 	Mouse: Left button down, pos=(1352,749)
379.9707 	EXP 	PLUS_FP: autoDraw = False
379.9707 	EXP 	polygon: autoDraw = False
379.9707 	EXP 	AVG: autoDraw = False
379.9707 	EXP 	Photodiode_polygon: autoDraw = False
379.9707 	EXP 	Photodiode_plus: autoDraw = False
379.9707 	EXP 	Photodiode_2: autoDraw = True
380.1052 	DATA 	Mouse:  Left button up, pos=(1458,629)
380.2718 	EXP 	Photodiode_2: autoDraw = False
381.5894 	EXP 	New trial (rep=47, index=0): <Trial 47 (0 in rep 47) data={'thisN': 47, 'thisTrialN': 0, 'thisRepN': 47}>
381.6054 	EXP 	text: autoDraw = False
381.6054 	EXP 	Photodiode_2: autoDraw = False
381.6054 	EXP 	AVG: text = ''
381.6054 	EXP 	PLUS_FP: autoDraw = True
381.6054 	EXP 	AVG: autoDraw = True
381.6054 	EXP 	Photodiode_plus: autoDraw = True
381.8055 	EXP 	Photodiode_plus: autoDraw = False
383.5903 	EXP 	PLUS_FP: autoDraw = False
383.5903 	EXP 	polygon: autoDraw = True
383.5903 	EXP 	Photodiode_polygon: autoDraw = True
383.6070 	EXP 	Photodiode_polygon: autoDraw = False
821.4384 	DATA 	Mouse: Left button down, pos=(1904,1074)
821.4545 	EXP 	PLUS_FP: autoDraw = False
821.4545 	EXP 	polygon: autoDraw = False
821.4545 	EXP 	AVG: autoDraw = False
821.4545 	EXP 	Photodiode_polygon: autoDraw = False
821.4545 	EXP 	Photodiode_plus: autoDraw = False
821.4545 	EXP 	Photodiode_2: autoDraw = True
821.5220 	DATA 	Mouse:  Left button up, pos=(1904,1069)
821.7548 	EXP 	Photodiode_2: autoDraw = False
822.6400 	EXP 	New trial (rep=48, index=0): <Trial 48 (0 in rep 48) data={'thisN': 48, 'thisTrialN': 0, 'thisRepN': 48}>
822.6554 	EXP 	text: autoDraw = False
822.6554 	EXP 	Photodiode_2: autoDraw = False
822.6554 	EXP 	AVG: text = ''
822.6554 	EXP 	PLUS_FP: autoDraw = True
822.6554 	EXP 	AVG: autoDraw = True
822.6554 	EXP 	Photodiode_plus: autoDraw = True
822.8558 	EXP 	Photodiode_plus: autoDraw = False
823.1387 	EXP 	PLUS_FP: autoDraw = False
823.1387 	EXP 	polygon: autoDraw = True
823.1387 	EXP 	Photodiode_polygon: autoDraw = True
823.1553 	EXP 	Photodiode_polygon: autoDraw = False
824.0743 	DATA 	Mouse: Left button down, pos=(1877,1012)
824.0899 	EXP 	PLUS_FP: autoDraw = False
824.0899 	EXP 	polygon: autoDraw = False
824.0899 	EXP 	AVG: autoDraw = False
824.0899 	EXP 	Photodiode_polygon: autoDraw = False
824.0899 	EXP 	Photodiode_plus: autoDraw = False
824.0899 	EXP 	Photodiode_2: autoDraw = True
824.1574 	DATA 	Mouse:  Left button up, pos=(1877,1012)
824.3904 	EXP 	Photodiode_2: autoDraw = False
825.7592 	EXP 	New trial (rep=49, index=0): <Trial 49 (0 in rep 49) data={'thisN': 49, 'thisTrialN': 0, 'thisRepN': 49}>
825.7748 	EXP 	text: autoDraw = False
825.7748 	EXP 	Photodiode_2: autoDraw = False
825.7748 	EXP 	AVG: text = ''
825.7748 	EXP 	PLUS_FP: autoDraw = True
825.7748 	EXP 	AVG: autoDraw = True
825.7748 	EXP 	Photodiode_plus: autoDraw = True
825.9753 	EXP 	Photodiode_plus: autoDraw = False
826.2587 	EXP 	PLUS_FP: autoDraw = False
826.2587 	EXP 	polygon: autoDraw = True
826.2587 	EXP 	Photodiode_polygon: autoDraw = True
826.2753 	EXP 	Photodiode_polygon: autoDraw = False
926.8945 	DATA 	Keypress: escape
927.0099 	EXP 	Foreperiod_task: status = STOPPED
927.0257 	EXP 	polygon: autoDraw = False
927.0257 	EXP 	AVG: autoDraw = False
927.0259 	EXP 	Foreperiod_task: status = STOPPED
927.1829 	EXP 	window1: mouseVisible = True
