6.5645 	EXP 	Created window1 = Window(allowGUI=True, allowStencil=False, autoLog=True, backendConf=UNKNOWN, backgroundFit=<method-wrapper '__getattribute__' of attributeSetter object at 0x00000236826C1390>, backgroundImage=<method-wrapper '__getattribute__' of attributeSetter object at 0x00000236826C13F0>, bitsMode=UNKNOWN, blendMode='avg', bpc=(8, 8, 8), color=array([0, 0, 0]), colorSpace='rgb', depthBits=8, fullscr=<method-wrapper '__getattribute__' of attributeSetter object at 0x00000236826C3FD0>, gamma=None, gammaErrorPolicy='raise', infoMsg=UNKNOWN, lms=UNKNOWN, monitor=<psychopy.monitors.calibTools.Monitor object at 0x00000236826B4580>, multiSample=False, name='window1', numSamples=2, pos=[0.0, 0.0], screen=0, size=array([1920, 1080]), stencilBits=0, stereo=False, title='PsychoPy', units='height', useFBO=True, useRetina=False, viewOri=0.0, viewPos=None, viewScale=None, waitBlanking=True, winType='pyglet')
6.5646 	EXP 	window1: backgroundImage = ''
6.5646 	EXP 	window1: backgroundFit = 'none'
6.5647 	EXP 	window1: mouseVisible = <method-wrapper '__getattribute__' of attributeSetter object at 0x00000236826C1270>
6.5649 	EXP 	window1: mouseVisible = <method-wrapper '__getattribute__' of attributeSetter object at 0x00000236826C1270>
6.5781 	EXP 	window1: mouseVisible = <method-wrapper '__getattribute__' of attributeSetter object at 0x00000236826C1270>
6.5784 	EXP 	window1: mouseVisible = <method-wrapper '__getattribute__' of attributeSetter object at 0x00000236826C1270>
6.6464 	EXP 	window1: mouseVisible = <method-wrapper '__getattribute__' of attributeSetter object at 0x00000236826C1270>
6.6464 	EXP 	window1: mouseVisible = <method-wrapper '__getattribute__' of attributeSetter object at 0x00000236826C1270>
6.6468 	EXP 	window1: mouseVisible = <method-wrapper '__getattribute__' of attributeSetter object at 0x00000236826C1270>
6.6471 	EXP 	window1: mouseVisible = <method-wrapper '__getattribute__' of attributeSetter object at 0x00000236826C1270>
6.6923 	EXP 	window1: Attempting to measure frame rate of screen (0) ...
6.6923 	EXP 	window1: recordFrameIntervals = False
6.8703 	EXP 	window1: recordFrameIntervals = True
7.0537 	EXP 	Screen (0) actual frame rate measured at 60.01Hz
7.0538 	EXP 	window1: recordFrameIntervals = False
7.0539 	EXP 	window1: mouseVisible = False
9.0165 	EXP 	Foreperiod_task: status = STARTED
9.0166 	EXP 	window1: mouseVisible = False
9.1748 	EXP 	Created Welcome_Text = TextStim(__class__=<class 'psychopy.visual.text.TextStim'>, alignHoriz=method-wrapper(...), alignText='center', alignVert=method-wrapper(...), anchorHoriz='center', anchorVert='center', antialias=True, autoDraw=False, autoLog=True, bold=False, color=array([1., 1., 1.]), colorSpace='rgb', contrast=1.0, depth=0.0, draggable=False, flipHoriz=False, flipVert=False, font='Open Sans', fontFiles=[], height=0.05, italic=False, languageStyle='LTR', name='Welcome_Text', opacity=1, ori=0.0, pos=array([0., 0.]), rgb=UNKNOWN, text=str(...), units='height', win=Window(...), wrapWidth=1)
9.1979 	EXP 	window1: mouseVisible = False
9.2094 	EXP 	Created PLUS_FP = ShapeStim(__class__=<class 'psychopy.visual.shape.ShapeStim'>, anchor=('center', 'center'), autoDraw=False, autoLog=True, closeShape=True, color=method-wrapper(...), colorSpace='rgb', contrast=None, depth=-1.0, draggable=False, fillColor=array([1, 1, 1]), fillColorSpace='rgb', fillRGB=array([1, 1, 1]), interpolate=True, lineColor=array([1., 1., 1.]), lineColorSpace='rgb', lineRGB=array([1, 1, 1]), lineWidth=1.0, name='PLUS_FP', opacity=1, ori=0.0, pos=array([0., 0.]), size=array([0.05, 0.05]), units='height', vertices=ndarray(...), win=Window(...), windingRule=None)
9.2095 	EXP 	window1: mouseVisible = False
9.2102 	EXP 	Created polygon = ShapeStim(__class__=<class 'psychopy.visual.shape.ShapeStim'>, anchor=('center', 'center'), autoDraw=False, autoLog=True, closeShape=True, color=method-wrapper(...), colorSpace='rgb', contrast=None, depth=-2.0, draggable=False, fillColor=array([1, 1, 1]), fillColorSpace='rgb', fillRGB=array([1, 1, 1]), interpolate=True, lineColor=array([1., 1., 1.]), lineColorSpace='rgb', lineRGB=array([1, 1, 1]), lineWidth=1.0, name='polygon', opacity=1, ori=0.0, pos=array([0., 0.]), size=array([0.5, 0.5]), units='height', vertices=ndarray(...), win=Window(...), windingRule=None)
9.2103 	EXP 	window1: mouseVisible = False
9.2109 	EXP 	Created Photodiode_polygon = Rect(__class__=<class 'psychopy.visual.rect.Rect'>, anchor=('center', 'center'), autoDraw=False, autoLog=True, closeShape=True, color=method-wrapper(...), colorSpace='rgb', contrast=None, depth=-4.0, draggable=False, fillColor=array([1, 1, 1]), fillColorSpace='rgb', fillRGB=array([1, 1, 1]), interpolate=True, lineColor=array([1., 1., 1.]), lineColorSpace='rgb', lineRGB=array([1, 1, 1]), lineWidth=1.0, name='Photodiode_polygon', opacity=1, ori=0.0, pos=array([ 0.735, -0.44 ]), size=array([0.11, 0.11]), units='height', vertices=ndarray(...), win=Window(...))
9.2109 	EXP 	window1: mouseVisible = False
9.2114 	EXP 	Created Photodiode_plus = Rect(__class__=<class 'psychopy.visual.rect.Rect'>, anchor=('center', 'center'), autoDraw=False, autoLog=True, closeShape=True, color=method-wrapper(...), colorSpace='rgb', contrast=None, depth=-5.0, draggable=False, fillColor=array([1, 1, 1]), fillColorSpace='rgb', fillRGB=array([1, 1, 1]), interpolate=True, lineColor=array([1., 1., 1.]), lineColorSpace='rgb', lineRGB=array([1, 1, 1]), lineWidth=1.0, name='Photodiode_plus', opacity=1, ori=0.0, pos=array([ 0.735, -0.44 ]), size=array([0.11, 0.11]), units='height', vertices=ndarray(...), win=Window(...))
9.2115 	EXP 	window1: mouseVisible = False
9.2118 	EXP 	Created text = TextStim(__class__=<class 'psychopy.visual.text.TextStim'>, alignHoriz=method-wrapper(...), alignText='center', alignVert=method-wrapper(...), anchorHoriz='center', anchorVert='center', antialias=True, autoDraw=False, autoLog=True, bold=False, color=array([1., 1., 1.]), colorSpace='rgb', contrast=1.0, depth=0.0, draggable=False, flipHoriz=False, flipVert=False, font='Open Sans', fontFiles=[], height=0.05, italic=False, languageStyle='LTR', name='text', opacity=1, ori=0.0, pos=array([ 0.  , -0.35]), rgb=UNKNOWN, text='', units='height', win=Window(...), wrapWidth=1)
9.2119 	EXP 	window1: mouseVisible = False
9.2124 	EXP 	Created Photodiode_2 = Rect(__class__=<class 'psychopy.visual.rect.Rect'>, anchor=('center', 'center'), autoDraw=False, autoLog=True, closeShape=True, color=method-wrapper(...), colorSpace='rgb', contrast=None, depth=-2.0, draggable=False, fillColor=array([1, 1, 1]), fillColorSpace='rgb', fillRGB=array([1, 1, 1]), interpolate=True, lineColor=array([1., 1., 1.]), lineColorSpace='rgb', lineRGB=array([1, 1, 1]), lineWidth=1.0, name='Photodiode_2', opacity=1, ori=0.0, pos=array([ 0.735, -0.44 ]), size=array([0.11, 0.11]), units='height', vertices=ndarray(...), win=Window(...))
9.2124 	EXP 	window1: mouseVisible = False
9.2131 	EXP 	Created text_3 = TextStim(__class__=<class 'psychopy.visual.text.TextStim'>, alignHoriz=method-wrapper(...), alignText='center', alignVert=method-wrapper(...), anchorHoriz='center', anchorVert='center', antialias=True, autoDraw=False, autoLog=True, bold=False, color=array([1., 1., 1.]), colorSpace='rgb', contrast=1.0, depth=-1.0, draggable=False, flipHoriz=False, flipVert=False, font='Arial', fontFiles=[], height=0.05, italic=False, languageStyle='LTR', name='text_3', opacity=1, ori=0.0, pos=array([0., 0.]), rgb=UNKNOWN, text='', units='height', win=Window(...), wrapWidth=1)
0.0076 	EXP 	Welcome_Text: autoDraw = True
1.0909 	DATA 	Mouse: Left button down, pos=(789,445)
1.0957 	EXP 	New trial (rep=0, index=0): <Trial 0 (0 in rep 0) data={'thisN': 0, 'thisTrialN': 0, 'thisRepN': 0}>
1.0965 	EXP 	New trial (rep=0, index=0): <Trial 0 (0 in rep 0) data={'thisN': 0, 'thisTrialN': 0, 'thisRepN': 0}>
1.1066 	EXP 	Welcome_Text: autoDraw = False
1.1066 	EXP 	PLUS_FP: autoDraw = True
1.1066 	EXP 	Photodiode_plus: autoDraw = True
1.1740 	DATA 	Mouse:  Left button up, pos=(791,443)
1.3070 	EXP 	Photodiode_plus: autoDraw = False
3.1072 	EXP 	PLUS_FP: autoDraw = False
3.1072 	EXP 	polygon: autoDraw = True
3.1072 	EXP 	Photodiode_polygon: autoDraw = True
3.1242 	EXP 	Photodiode_polygon: autoDraw = False
3.3908 	DATA 	Mouse: Left button down, pos=(792,448)
3.4071 	EXP 	PLUS_FP: autoDraw = False
3.4071 	EXP 	polygon: autoDraw = False
3.4071 	EXP 	Photodiode_polygon: autoDraw = False
3.4071 	EXP 	Photodiode_plus: autoDraw = False
3.4071 	EXP 	Photodiode_2: autoDraw = True
3.4739 	DATA 	Mouse:  Left button up, pos=(793,448)
3.7066 	EXP 	Photodiode_2: autoDraw = False
4.9248 	EXP 	New trial (rep=1, index=0): <Trial 1 (0 in rep 1) data={'thisN': 1, 'thisTrialN': 0, 'thisRepN': 1}>
4.9404 	EXP 	text: autoDraw = False
4.9404 	EXP 	Photodiode_2: autoDraw = False
4.9404 	EXP 	PLUS_FP: autoDraw = True
4.9404 	EXP 	Photodiode_plus: autoDraw = True
5.1405 	EXP 	Photodiode_plus: autoDraw = False
6.9238 	EXP 	PLUS_FP: autoDraw = False
6.9238 	EXP 	polygon: autoDraw = True
6.9238 	EXP 	Photodiode_polygon: autoDraw = True
6.9405 	EXP 	Photodiode_polygon: autoDraw = False
7.5077 	DATA 	Mouse: Left button down, pos=(798,460)
7.5239 	EXP 	PLUS_FP: autoDraw = False
7.5239 	EXP 	polygon: autoDraw = False
7.5239 	EXP 	Photodiode_polygon: autoDraw = False
7.5239 	EXP 	Photodiode_plus: autoDraw = False
7.5239 	EXP 	Photodiode_2: autoDraw = True
7.5902 	DATA 	Mouse:  Left button up, pos=(798,457)
7.8236 	EXP 	Photodiode_2: autoDraw = False
9.1415 	EXP 	New trial (rep=2, index=0): <Trial 2 (0 in rep 2) data={'thisN': 2, 'thisTrialN': 0, 'thisRepN': 2}>
9.1566 	EXP 	text: autoDraw = False
9.1566 	EXP 	Photodiode_2: autoDraw = False
9.1566 	EXP 	PLUS_FP: autoDraw = True
9.1566 	EXP 	Photodiode_plus: autoDraw = True
9.3569 	EXP 	Photodiode_plus: autoDraw = False
11.1572 	EXP 	PLUS_FP: autoDraw = False
11.1572 	EXP 	polygon: autoDraw = True
11.1572 	EXP 	Photodiode_polygon: autoDraw = True
11.1739 	EXP 	Photodiode_polygon: autoDraw = False
11.4911 	DATA 	Mouse: Left button down, pos=(806,474)
11.5073 	EXP 	PLUS_FP: autoDraw = False
11.5073 	EXP 	polygon: autoDraw = False
11.5073 	EXP 	Photodiode_polygon: autoDraw = False
11.5073 	EXP 	Photodiode_plus: autoDraw = False
11.5073 	EXP 	Photodiode_2: autoDraw = True
11.5901 	DATA 	Mouse:  Left button up, pos=(806,474)
11.8070 	EXP 	Photodiode_2: autoDraw = False
12.8248 	EXP 	New trial (rep=3, index=0): <Trial 3 (0 in rep 3) data={'thisN': 3, 'thisTrialN': 0, 'thisRepN': 3}>
12.8405 	EXP 	text: autoDraw = False
12.8405 	EXP 	Photodiode_2: autoDraw = False
12.8405 	EXP 	PLUS_FP: autoDraw = True
12.8405 	EXP 	Photodiode_plus: autoDraw = True
13.0407 	EXP 	Photodiode_plus: autoDraw = False
14.8238 	EXP 	PLUS_FP: autoDraw = False
14.8238 	EXP 	polygon: autoDraw = True
14.8238 	EXP 	Photodiode_polygon: autoDraw = True
14.8403 	EXP 	Photodiode_polygon: autoDraw = False
15.2745 	DATA 	Mouse: Left button down, pos=(803,475)
15.2906 	EXP 	PLUS_FP: autoDraw = False
15.2906 	EXP 	polygon: autoDraw = False
15.2906 	EXP 	Photodiode_polygon: autoDraw = False
15.2906 	EXP 	Photodiode_plus: autoDraw = False
15.2906 	EXP 	Photodiode_2: autoDraw = True
15.3400 	DATA 	Mouse:  Left button up, pos=(803,475)
15.5904 	EXP 	Photodiode_2: autoDraw = False
16.6081 	EXP 	New trial (rep=4, index=0): <Trial 4 (0 in rep 4) data={'thisN': 4, 'thisTrialN': 0, 'thisRepN': 4}>
16.6238 	EXP 	text: autoDraw = False
16.6238 	EXP 	Photodiode_2: autoDraw = False
16.6238 	EXP 	PLUS_FP: autoDraw = True
16.6238 	EXP 	Photodiode_plus: autoDraw = True
16.8238 	EXP 	Photodiode_plus: autoDraw = False
18.6073 	EXP 	PLUS_FP: autoDraw = False
18.6073 	EXP 	polygon: autoDraw = True
18.6073 	EXP 	Photodiode_polygon: autoDraw = True
18.6242 	EXP 	Photodiode_polygon: autoDraw = False
18.9577 	DATA 	Mouse: Left button down, pos=(804,493)
18.9742 	EXP 	PLUS_FP: autoDraw = False
18.9742 	EXP 	polygon: autoDraw = False
18.9742 	EXP 	Photodiode_polygon: autoDraw = False
18.9742 	EXP 	Photodiode_plus: autoDraw = False
18.9742 	EXP 	Photodiode_2: autoDraw = True
19.0737 	DATA 	Mouse:  Left button up, pos=(804,493)
19.2738 	EXP 	Photodiode_2: autoDraw = False
20.5581 	EXP 	New trial (rep=5, index=0): <Trial 5 (0 in rep 5) data={'thisN': 5, 'thisTrialN': 0, 'thisRepN': 5}>
20.5738 	EXP 	text: autoDraw = False
20.5738 	EXP 	Photodiode_2: autoDraw = False
20.5738 	EXP 	PLUS_FP: autoDraw = True
20.5738 	EXP 	Photodiode_plus: autoDraw = True
20.7738 	EXP 	Photodiode_plus: autoDraw = False
22.5572 	EXP 	PLUS_FP: autoDraw = False
22.5572 	EXP 	polygon: autoDraw = True
22.5572 	EXP 	Photodiode_polygon: autoDraw = True
22.5738 	EXP 	Photodiode_polygon: autoDraw = False
22.8414 	DATA 	Mouse: Left button down, pos=(799,492)
22.8571 	EXP 	PLUS_FP: autoDraw = False
22.8571 	EXP 	polygon: autoDraw = False
22.8571 	EXP 	Photodiode_polygon: autoDraw = False
22.8571 	EXP 	Photodiode_plus: autoDraw = False
22.8571 	EXP 	Photodiode_2: autoDraw = True
22.9405 	DATA 	Mouse:  Left button up, pos=(792,488)
23.1574 	EXP 	Photodiode_2: autoDraw = False
24.2416 	EXP 	New trial (rep=6, index=0): <Trial 6 (0 in rep 6) data={'thisN': 6, 'thisTrialN': 0, 'thisRepN': 6}>
24.2572 	EXP 	text: autoDraw = False
24.2572 	EXP 	Photodiode_2: autoDraw = False
24.2572 	EXP 	PLUS_FP: autoDraw = True
24.2572 	EXP 	Photodiode_plus: autoDraw = True
24.4570 	EXP 	Photodiode_plus: autoDraw = False
26.2569 	EXP 	PLUS_FP: autoDraw = False
26.2569 	EXP 	polygon: autoDraw = True
26.2569 	EXP 	Photodiode_polygon: autoDraw = True
26.2736 	EXP 	Photodiode_polygon: autoDraw = False
26.6741 	DATA 	Mouse: Left button down, pos=(791,496)
26.6903 	EXP 	PLUS_FP: autoDraw = False
26.6903 	EXP 	polygon: autoDraw = False
26.6903 	EXP 	Photodiode_polygon: autoDraw = False
26.6903 	EXP 	Photodiode_plus: autoDraw = False
26.6903 	EXP 	Photodiode_2: autoDraw = True
26.7570 	DATA 	Mouse:  Left button up, pos=(790,493)
26.9903 	EXP 	Photodiode_2: autoDraw = False
28.2245 	EXP 	New trial (rep=7, index=0): <Trial 7 (0 in rep 7) data={'thisN': 7, 'thisTrialN': 0, 'thisRepN': 7}>
28.2403 	EXP 	text: autoDraw = False
28.2403 	EXP 	Photodiode_2: autoDraw = False
28.2403 	EXP 	PLUS_FP: autoDraw = True
28.2403 	EXP 	Photodiode_plus: autoDraw = True
28.4398 	EXP 	Photodiode_plus: autoDraw = False
30.2236 	EXP 	PLUS_FP: autoDraw = False
30.2236 	EXP 	polygon: autoDraw = True
30.2236 	EXP 	Photodiode_polygon: autoDraw = True
30.2403 	EXP 	Photodiode_polygon: autoDraw = False
30.4911 	DATA 	Mouse: Left button down, pos=(778,491)
30.5070 	EXP 	PLUS_FP: autoDraw = False
30.5070 	EXP 	polygon: autoDraw = False
30.5070 	EXP 	Photodiode_polygon: autoDraw = False
30.5070 	EXP 	Photodiode_plus: autoDraw = False
30.5070 	EXP 	Photodiode_2: autoDraw = True
30.5570 	DATA 	Mouse:  Left button up, pos=(778,491)
30.8073 	EXP 	Photodiode_2: autoDraw = False
31.8911 	EXP 	New trial (rep=8, index=0): <Trial 8 (0 in rep 8) data={'thisN': 8, 'thisTrialN': 0, 'thisRepN': 8}>
31.9070 	EXP 	text: autoDraw = False
31.9070 	EXP 	Photodiode_2: autoDraw = False
31.9070 	EXP 	PLUS_FP: autoDraw = True
31.9070 	EXP 	Photodiode_plus: autoDraw = True
32.1069 	EXP 	Photodiode_plus: autoDraw = False
33.8906 	EXP 	PLUS_FP: autoDraw = False
33.8906 	EXP 	polygon: autoDraw = True
33.8906 	EXP 	Photodiode_polygon: autoDraw = True
33.9071 	EXP 	Photodiode_polygon: autoDraw = False
34.1412 	DATA 	Mouse: Left button down, pos=(777,493)
34.1570 	EXP 	PLUS_FP: autoDraw = False
34.1570 	EXP 	polygon: autoDraw = False
34.1570 	EXP 	Photodiode_polygon: autoDraw = False
34.1570 	EXP 	Photodiode_plus: autoDraw = False
34.1570 	EXP 	Photodiode_2: autoDraw = True
34.2236 	DATA 	Mouse:  Left button up, pos=(777,491)
34.4569 	EXP 	Photodiode_2: autoDraw = False
35.6920 	EXP 	New trial (rep=9, index=0): <Trial 9 (0 in rep 9) data={'thisN': 9, 'thisTrialN': 0, 'thisRepN': 9}>
35.7071 	EXP 	text: autoDraw = False
35.7071 	EXP 	Photodiode_2: autoDraw = False
35.7071 	EXP 	PLUS_FP: autoDraw = True
35.7071 	EXP 	Photodiode_plus: autoDraw = True
35.9070 	EXP 	Photodiode_plus: autoDraw = False
37.7070 	EXP 	PLUS_FP: autoDraw = False
37.7070 	EXP 	polygon: autoDraw = True
37.7070 	EXP 	Photodiode_polygon: autoDraw = True
37.7237 	EXP 	Photodiode_polygon: autoDraw = False
37.9743 	DATA 	Mouse: Left button down, pos=(775,491)
37.9903 	EXP 	PLUS_FP: autoDraw = False
37.9903 	EXP 	polygon: autoDraw = False
37.9903 	EXP 	Photodiode_polygon: autoDraw = False
37.9903 	EXP 	Photodiode_plus: autoDraw = False
37.9903 	EXP 	Photodiode_2: autoDraw = True
38.0569 	DATA 	Mouse:  Left button up, pos=(775,491)
38.2903 	EXP 	Photodiode_2: autoDraw = False
39.1747 	EXP 	New trial (rep=10, index=0): <Trial 10 (0 in rep 10) data={'thisN': 10, 'thisTrialN': 0, 'thisRepN': 10}>
39.1904 	EXP 	text: autoDraw = False
39.1904 	EXP 	Photodiode_2: autoDraw = False
39.1904 	EXP 	PLUS_FP: autoDraw = True
39.1904 	EXP 	Photodiode_plus: autoDraw = True
39.3903 	EXP 	Photodiode_plus: autoDraw = False
41.1739 	EXP 	PLUS_FP: autoDraw = False
41.1739 	EXP 	polygon: autoDraw = True
41.1739 	EXP 	Photodiode_polygon: autoDraw = True
41.1903 	EXP 	Photodiode_polygon: autoDraw = False
41.5079 	DATA 	Mouse: Left button down, pos=(775,491)
41.5238 	EXP 	PLUS_FP: autoDraw = False
41.5238 	EXP 	polygon: autoDraw = False
41.5238 	EXP 	Photodiode_polygon: autoDraw = False
41.5238 	EXP 	Photodiode_plus: autoDraw = False
41.5238 	EXP 	Photodiode_2: autoDraw = True
41.5905 	DATA 	Mouse:  Left button up, pos=(777,487)
41.8237 	EXP 	Photodiode_2: autoDraw = False
42.9413 	EXP 	New trial (rep=11, index=0): <Trial 11 (0 in rep 11) data={'thisN': 11, 'thisTrialN': 0, 'thisRepN': 11}>
42.9570 	EXP 	text: autoDraw = False
42.9570 	EXP 	Photodiode_2: autoDraw = False
42.9570 	EXP 	PLUS_FP: autoDraw = True
42.9570 	EXP 	Photodiode_plus: autoDraw = True
43.1570 	EXP 	Photodiode_plus: autoDraw = False
44.9404 	EXP 	PLUS_FP: autoDraw = False
44.9404 	EXP 	polygon: autoDraw = True
44.9404 	EXP 	Photodiode_polygon: autoDraw = True
44.9579 	EXP 	Photodiode_polygon: autoDraw = False
45.2579 	DATA 	Mouse: Left button down, pos=(775,491)
45.2738 	EXP 	PLUS_FP: autoDraw = False
45.2738 	EXP 	polygon: autoDraw = False
45.2738 	EXP 	Photodiode_polygon: autoDraw = False
45.2738 	EXP 	Photodiode_plus: autoDraw = False
45.2738 	EXP 	Photodiode_2: autoDraw = True
45.3242 	DATA 	Mouse:  Left button up, pos=(775,491)
45.5739 	EXP 	Photodiode_2: autoDraw = False
46.9084 	EXP 	New trial (rep=12, index=0): <Trial 12 (0 in rep 12) data={'thisN': 12, 'thisTrialN': 0, 'thisRepN': 12}>
46.9236 	EXP 	text: autoDraw = False
46.9236 	EXP 	Photodiode_2: autoDraw = False
46.9236 	EXP 	PLUS_FP: autoDraw = True
46.9236 	EXP 	Photodiode_plus: autoDraw = True
47.1242 	EXP 	Photodiode_plus: autoDraw = False
48.9239 	EXP 	PLUS_FP: autoDraw = False
48.9239 	EXP 	polygon: autoDraw = True
48.9239 	EXP 	Photodiode_polygon: autoDraw = True
48.9404 	EXP 	Photodiode_polygon: autoDraw = False
49.1748 	DATA 	Mouse: Left button down, pos=(775,492)
49.1904 	EXP 	PLUS_FP: autoDraw = False
49.1904 	EXP 	polygon: autoDraw = False
49.1904 	EXP 	Photodiode_polygon: autoDraw = False
49.1904 	EXP 	Photodiode_plus: autoDraw = False
49.1904 	EXP 	Photodiode_2: autoDraw = True
49.2567 	DATA 	Mouse:  Left button up, pos=(776,492)
49.4903 	EXP 	Photodiode_2: autoDraw = False
50.4751 	EXP 	New trial (rep=13, index=0): <Trial 13 (0 in rep 13) data={'thisN': 13, 'thisTrialN': 0, 'thisRepN': 13}>
50.4903 	EXP 	text: autoDraw = False
50.4903 	EXP 	Photodiode_2: autoDraw = False
50.4903 	EXP 	PLUS_FP: autoDraw = True
50.4903 	EXP 	Photodiode_plus: autoDraw = True
50.6905 	EXP 	Photodiode_plus: autoDraw = False
52.4906 	EXP 	PLUS_FP: autoDraw = False
52.4906 	EXP 	polygon: autoDraw = True
52.4906 	EXP 	Photodiode_polygon: autoDraw = True
52.5067 	EXP 	Photodiode_polygon: autoDraw = False
52.8245 	DATA 	Mouse: Left button down, pos=(761,484)
52.8406 	EXP 	PLUS_FP: autoDraw = False
52.8406 	EXP 	polygon: autoDraw = False
52.8406 	EXP 	Photodiode_polygon: autoDraw = False
52.8406 	EXP 	Photodiode_plus: autoDraw = False
52.8406 	EXP 	Photodiode_2: autoDraw = True
52.8737 	DATA 	Mouse:  Left button up, pos=(761,484)
53.1404 	EXP 	Photodiode_2: autoDraw = False
54.3085 	EXP 	New trial (rep=14, index=0): <Trial 14 (0 in rep 14) data={'thisN': 14, 'thisTrialN': 0, 'thisRepN': 14}>
54.3237 	EXP 	text: autoDraw = False
54.3237 	EXP 	Photodiode_2: autoDraw = False
54.3237 	EXP 	PLUS_FP: autoDraw = True
54.3237 	EXP 	Photodiode_plus: autoDraw = True
54.5237 	EXP 	Photodiode_plus: autoDraw = False
56.3238 	EXP 	PLUS_FP: autoDraw = False
56.3238 	EXP 	polygon: autoDraw = True
56.3238 	EXP 	Photodiode_polygon: autoDraw = True
56.3405 	EXP 	Photodiode_polygon: autoDraw = False
56.6249 	DATA 	Mouse: Left button down, pos=(757,476)
56.6405 	EXP 	PLUS_FP: autoDraw = False
56.6405 	EXP 	polygon: autoDraw = False
56.6405 	EXP 	Photodiode_polygon: autoDraw = False
56.6405 	EXP 	Photodiode_plus: autoDraw = False
56.6405 	EXP 	Photodiode_2: autoDraw = True
56.7237 	DATA 	Mouse:  Left button up, pos=(757,475)
56.9411 	EXP 	Photodiode_2: autoDraw = False
58.0418 	EXP 	New trial (rep=15, index=0): <Trial 15 (0 in rep 15) data={'thisN': 15, 'thisTrialN': 0, 'thisRepN': 15}>
58.0571 	EXP 	text: autoDraw = False
58.0571 	EXP 	Photodiode_2: autoDraw = False
58.0571 	EXP 	PLUS_FP: autoDraw = True
58.0571 	EXP 	Photodiode_plus: autoDraw = True
58.2572 	EXP 	Photodiode_plus: autoDraw = False
60.0571 	EXP 	PLUS_FP: autoDraw = False
60.0571 	EXP 	polygon: autoDraw = True
60.0571 	EXP 	Photodiode_polygon: autoDraw = True
60.0738 	EXP 	Photodiode_polygon: autoDraw = False
60.3081 	DATA 	Mouse: Left button down, pos=(774,496)
60.3239 	EXP 	PLUS_FP: autoDraw = False
60.3239 	EXP 	polygon: autoDraw = False
60.3239 	EXP 	Photodiode_polygon: autoDraw = False
60.3239 	EXP 	Photodiode_plus: autoDraw = False
60.3239 	EXP 	Photodiode_2: autoDraw = True
60.3739 	DATA 	Mouse:  Left button up, pos=(774,495)
60.6238 	EXP 	Photodiode_2: autoDraw = False
61.9580 	EXP 	New trial (rep=16, index=0): <Trial 16 (0 in rep 16) data={'thisN': 16, 'thisTrialN': 0, 'thisRepN': 16}>
61.9739 	EXP 	text: autoDraw = False
61.9739 	EXP 	Photodiode_2: autoDraw = False
61.9739 	EXP 	PLUS_FP: autoDraw = True
61.9739 	EXP 	Photodiode_plus: autoDraw = True
62.1737 	EXP 	Photodiode_plus: autoDraw = False
63.9571 	EXP 	PLUS_FP: autoDraw = False
63.9571 	EXP 	polygon: autoDraw = True
63.9571 	EXP 	Photodiode_polygon: autoDraw = True
63.9738 	EXP 	Photodiode_polygon: autoDraw = False
64.3078 	DATA 	Mouse: Left button down, pos=(768,499)
64.3237 	EXP 	PLUS_FP: autoDraw = False
64.3237 	EXP 	polygon: autoDraw = False
64.3237 	EXP 	Photodiode_polygon: autoDraw = False
64.3237 	EXP 	Photodiode_plus: autoDraw = False
64.3237 	EXP 	Photodiode_2: autoDraw = True
64.3901 	DATA 	Mouse:  Left button up, pos=(768,499)
64.6239 	EXP 	Photodiode_2: autoDraw = False
65.8915 	EXP 	New trial (rep=17, index=0): <Trial 17 (0 in rep 17) data={'thisN': 17, 'thisTrialN': 0, 'thisRepN': 17}>
65.9072 	EXP 	text: autoDraw = False
65.9072 	EXP 	Photodiode_2: autoDraw = False
65.9072 	EXP 	PLUS_FP: autoDraw = True
65.9072 	EXP 	Photodiode_plus: autoDraw = True
66.1070 	EXP 	Photodiode_plus: autoDraw = False
67.9074 	EXP 	PLUS_FP: autoDraw = False
67.9074 	EXP 	polygon: autoDraw = True
67.9074 	EXP 	Photodiode_polygon: autoDraw = True
67.9239 	EXP 	Photodiode_polygon: autoDraw = False
69.1745 	DATA 	Mouse: Left button down, pos=(766,499)
69.1905 	EXP 	PLUS_FP: autoDraw = False
69.1905 	EXP 	polygon: autoDraw = False
69.1905 	EXP 	Photodiode_polygon: autoDraw = False
69.1905 	EXP 	Photodiode_plus: autoDraw = False
69.1905 	EXP 	Photodiode_2: autoDraw = True
69.2738 	DATA 	Mouse:  Left button up, pos=(766,499)
69.4903 	EXP 	Photodiode_2: autoDraw = False
70.7253 	EXP 	New trial (rep=18, index=0): <Trial 18 (0 in rep 18) data={'thisN': 18, 'thisTrialN': 0, 'thisRepN': 18}>
70.7405 	EXP 	text: autoDraw = False
70.7405 	EXP 	Photodiode_2: autoDraw = False
70.7405 	EXP 	PLUS_FP: autoDraw = True
70.7405 	EXP 	Photodiode_plus: autoDraw = True
70.9404 	EXP 	Photodiode_plus: autoDraw = False
72.7405 	EXP 	PLUS_FP: autoDraw = False
72.7405 	EXP 	polygon: autoDraw = True
72.7405 	EXP 	Photodiode_polygon: autoDraw = True
72.7571 	EXP 	Photodiode_polygon: autoDraw = False
73.1414 	DATA 	Mouse: Left button down, pos=(766,501)
73.1571 	EXP 	PLUS_FP: autoDraw = False
73.1571 	EXP 	polygon: autoDraw = False
73.1571 	EXP 	Photodiode_polygon: autoDraw = False
73.1571 	EXP 	Photodiode_plus: autoDraw = False
73.1571 	EXP 	Photodiode_2: autoDraw = True
73.2569 	DATA 	Mouse:  Left button up, pos=(766,501)
73.4571 	EXP 	Photodiode_2: autoDraw = False
74.4081 	EXP 	New trial (rep=19, index=0): <Trial 19 (0 in rep 19) data={'thisN': 19, 'thisTrialN': 0, 'thisRepN': 19}>
74.4238 	EXP 	text: autoDraw = False
74.4238 	EXP 	Photodiode_2: autoDraw = False
74.4238 	EXP 	PLUS_FP: autoDraw = True
74.4238 	EXP 	Photodiode_plus: autoDraw = True
74.6239 	EXP 	Photodiode_plus: autoDraw = False
76.4071 	EXP 	PLUS_FP: autoDraw = False
76.4071 	EXP 	polygon: autoDraw = True
76.4071 	EXP 	Photodiode_polygon: autoDraw = True
76.4239 	EXP 	Photodiode_polygon: autoDraw = False
76.7411 	DATA 	Mouse: Left button down, pos=(792,512)
76.7571 	EXP 	PLUS_FP: autoDraw = False
76.7571 	EXP 	polygon: autoDraw = False
76.7571 	EXP 	Photodiode_polygon: autoDraw = False
76.7571 	EXP 	Photodiode_plus: autoDraw = False
76.7571 	EXP 	Photodiode_2: autoDraw = True
76.8402 	DATA 	Mouse:  Left button up, pos=(794,512)
77.0572 	EXP 	Photodiode_2: autoDraw = False
78.1080 	EXP 	New trial (rep=20, index=0): <Trial 20 (0 in rep 20) data={'thisN': 20, 'thisTrialN': 0, 'thisRepN': 20}>
78.1242 	EXP 	text: autoDraw = False
78.1242 	EXP 	Photodiode_2: autoDraw = False
78.1242 	EXP 	PLUS_FP: autoDraw = True
78.1242 	EXP 	Photodiode_plus: autoDraw = True
78.3237 	EXP 	Photodiode_plus: autoDraw = False
80.1071 	EXP 	PLUS_FP: autoDraw = False
80.1071 	EXP 	polygon: autoDraw = True
80.1071 	EXP 	Photodiode_polygon: autoDraw = True
80.1238 	EXP 	Photodiode_polygon: autoDraw = False
80.5913 	DATA 	Mouse: Left button down, pos=(794,512)
80.6072 	EXP 	PLUS_FP: autoDraw = False
80.6072 	EXP 	polygon: autoDraw = False
80.6072 	EXP 	Photodiode_polygon: autoDraw = False
80.6072 	EXP 	Photodiode_plus: autoDraw = False
80.6072 	EXP 	Photodiode_2: autoDraw = True
80.7235 	DATA 	Mouse:  Left button up, pos=(794,512)
80.9073 	EXP 	Photodiode_2: autoDraw = False
81.7586 	DATA 	Keypress: escape
81.8579 	EXP 	Foreperiod_task: status = STOPPED
81.8738 	EXP 	Foreperiod_task: status = STOPPED
82.0419 	EXP 	window1: mouseVisible = True
