4.4578 	WARNING 	User requested fullscreen with size [1920 1080], but screen is actually [2560, 1600]. Using actual size
6.5309 	EXP 	Created window1 = Window(allowGUI=False, allowStencil=False, autoLog=True, backendConf=UNKNOWN, backgroundFit=<method-wrapper '__getattribute__' of attributeSetter object at 0x0000019640B16E90>, backgroundImage=<method-wrapper '__getattribute__' of attributeSetter object at 0x0000019640B16E30>, bitsMode=UNKNOWN, blendMode='avg', bpc=(8, 8, 8), color=array([0, 0, 0]), colorSpace='rgb', depthBits=8, fullscr=True, gamma=None, gammaErrorPolicy='raise', infoMsg=UNKNOWN, lms=UNKNOWN, monitor=<psychopy.monitors.calibTools.Monitor object at 0x0000019640BF06D0>, multiSample=False, name='window1', numSamples=2, pos=[0.0, 0.0], screen=0, size=array([2560, 1600]), stencilBits=0, stereo=False, title='PsychoPy', units='height', useFBO=True, useRetina=False, viewOri=0.0, viewPos=None, viewScale=None, waitBlanking=True, winType='pyglet')
6.5310 	EXP 	window1: backgroundImage = ''
6.5310 	EXP 	window1: backgroundFit = 'none'
6.6553 	EXP 	window1: Attempting to measure frame rate of screen (0) ...
6.6554 	EXP 	window1: recordFrameIntervals = False
6.7721 	EXP 	window1: recordFrameIntervals = True
6.8938 	EXP 	Screen (0) actual frame rate measured at 89.99Hz
6.8938 	EXP 	window1: recordFrameIntervals = False
8.5649 	EXP 	Foreperiod_task: status = STARTED
8.6178 	EXP 	Created Welcome_Text = TextStim(__class__=<class 'psychopy.visual.text.TextStim'>, alignHoriz=method-wrapper(...), alignText='center', alignVert=method-wrapper(...), anchorHoriz='center', anchorVert='center', antialias=True, autoDraw=False, autoLog=True, bold=False, color=array([1., 1., 1.]), colorSpace='rgb', contrast=1.0, depth=0.0, draggable=False, flipHoriz=False, flipVert=False, font='Open Sans', fontFiles=[], height=0.05, italic=False, languageStyle='LTR', name='Welcome_Text', opacity=1, ori=0.0, pos=array([0., 0.]), rgb=UNKNOWN, text=str(...), units='height', win=Window(...), wrapWidth=1)
8.6206 	EXP 	Created PLUS_FP = ShapeStim(__class__=<class 'psychopy.visual.shape.ShapeStim'>, anchor=('center', 'center'), autoDraw=False, autoLog=True, closeShape=True, color=method-wrapper(...), colorSpace='rgb', contrast=None, depth=-1.0, draggable=False, fillColor=array([1, 1, 1]), fillColorSpace='rgb', fillRGB=array([1, 1, 1]), interpolate=True, lineColor=array([1., 1., 1.]), lineColorSpace='rgb', lineRGB=array([1, 1, 1]), lineWidth=1.0, name='PLUS_FP', opacity=1, ori=0.0, pos=array([0., 0.]), size=array([0.05, 0.05]), units='height', vertices=ndarray(...), win=Window(...), windingRule=None)
8.6217 	EXP 	Created polygon = ShapeStim(__class__=<class 'psychopy.visual.shape.ShapeStim'>, anchor=('center', 'center'), autoDraw=False, autoLog=True, closeShape=True, color=method-wrapper(...), colorSpace='rgb', contrast=None, depth=-2.0, draggable=False, fillColor=array([1, 1, 1]), fillColorSpace='rgb', fillRGB=array([1, 1, 1]), interpolate=True, lineColor=array([1., 1., 1.]), lineColorSpace='rgb', lineRGB=array([1, 1, 1]), lineWidth=1.0, name='polygon', opacity=1, ori=0.0, pos=array([0., 0.]), size=array([0.5, 0.5]), units='height', vertices=ndarray(...), win=Window(...), windingRule=None)
8.6226 	EXP 	Created Photodiode_polygon = Rect(__class__=<class 'psychopy.visual.rect.Rect'>, anchor=('center', 'center'), autoDraw=False, autoLog=True, closeShape=True, color=method-wrapper(...), colorSpace='rgb', contrast=None, depth=-4.0, draggable=False, fillColor=array([1, 1, 1]), fillColorSpace='rgb', fillRGB=array([1, 1, 1]), interpolate=True, lineColor=array([1., 1., 1.]), lineColorSpace='rgb', lineRGB=array([1, 1, 1]), lineWidth=1.0, name='Photodiode_polygon', opacity=1, ori=0.0, pos=array([ 0.735, -0.44 ]), size=array([0.11, 0.11]), units='height', vertices=ndarray(...), win=Window(...))
8.6233 	EXP 	Created Photodiode_plus = Rect(__class__=<class 'psychopy.visual.rect.Rect'>, anchor=('center', 'center'), autoDraw=False, autoLog=True, closeShape=True, color=method-wrapper(...), colorSpace='rgb', contrast=None, depth=-5.0, draggable=False, fillColor=array([1, 1, 1]), fillColorSpace='rgb', fillRGB=array([1, 1, 1]), interpolate=True, lineColor=array([1., 1., 1.]), lineColorSpace='rgb', lineRGB=array([1, 1, 1]), lineWidth=1.0, name='Photodiode_plus', opacity=1, ori=0.0, pos=array([ 0.735, -0.44 ]), size=array([0.11, 0.11]), units='height', vertices=ndarray(...), win=Window(...))
8.6239 	EXP 	Created text = TextStim(__class__=<class 'psychopy.visual.text.TextStim'>, alignHoriz=method-wrapper(...), alignText='center', alignVert=method-wrapper(...), anchorHoriz='center', anchorVert='center', antialias=True, autoDraw=False, autoLog=True, bold=False, color=array([1., 1., 1.]), colorSpace='rgb', contrast=1.0, depth=0.0, draggable=False, flipHoriz=False, flipVert=False, font='Open Sans', fontFiles=[], height=0.05, italic=False, languageStyle='LTR', name='text', opacity=1, ori=0.0, pos=array([ 0.  , -0.35]), rgb=UNKNOWN, text='', units='height', win=Window(...), wrapWidth=1)
8.6246 	EXP 	Created Photodiode_2 = Rect(__class__=<class 'psychopy.visual.rect.Rect'>, anchor=('center', 'center'), autoDraw=False, autoLog=True, closeShape=True, color=method-wrapper(...), colorSpace='rgb', contrast=None, depth=-2.0, draggable=False, fillColor=array([1, 1, 1]), fillColorSpace='rgb', fillRGB=array([1, 1, 1]), interpolate=True, lineColor=array([1., 1., 1.]), lineColorSpace='rgb', lineRGB=array([1, 1, 1]), lineWidth=1.0, name='Photodiode_2', opacity=1, ori=0.0, pos=array([ 0.735, -0.44 ]), size=array([0.11, 0.11]), units='height', vertices=ndarray(...), win=Window(...))
8.6255 	EXP 	Created text_3 = TextStim(__class__=<class 'psychopy.visual.text.TextStim'>, alignHoriz=method-wrapper(...), alignText='center', alignVert=method-wrapper(...), anchorHoriz='center', anchorVert='center', antialias=True, autoDraw=False, autoLog=True, bold=False, color=array([1., 1., 1.]), colorSpace='rgb', contrast=1.0, depth=-1.0, draggable=False, flipHoriz=False, flipVert=False, font='Arial', fontFiles=[], height=0.05, italic=False, languageStyle='LTR', name='text_3', opacity=1, ori=0.0, pos=array([0., 0.]), rgb=UNKNOWN, text='', units='height', win=Window(...), wrapWidth=1)
0.0066 	EXP 	Welcome_Text: autoDraw = True
1.6574 	DATA 	Keypress: space
3.4138 	DATA 	Mouse: Left button down, pos=(1485,1310)
3.4153 	EXP 	New trial (rep=0, index=0): <Trial 0 (0 in rep 0) data={'thisN': 0, 'thisTrialN': 0, 'thisRepN': 0}>
3.4156 	EXP 	New trial (rep=0, index=0): <Trial 0 (0 in rep 0) data={'thisN': 0, 'thisTrialN': 0, 'thisRepN': 0}>
3.4232 	EXP 	Welcome_Text: autoDraw = False
3.4232 	EXP 	PLUS_FP: autoDraw = True
3.4232 	EXP 	Photodiode_plus: autoDraw = True
3.5795 	DATA 	Mouse:  Left button up, pos=(1485,1310)
3.6234 	EXP 	Photodiode_plus: autoDraw = False
5.4126 	EXP 	PLUS_FP: autoDraw = False
5.4126 	EXP 	polygon: autoDraw = True
5.4126 	EXP 	Photodiode_polygon: autoDraw = True
5.4238 	EXP 	Photodiode_polygon: autoDraw = False
5.8129 	DATA 	Mouse: Left button down, pos=(1485,1310)
5.8234 	EXP 	PLUS_FP: autoDraw = False
5.8234 	EXP 	polygon: autoDraw = False
5.8234 	EXP 	Photodiode_polygon: autoDraw = False
5.8234 	EXP 	Photodiode_plus: autoDraw = False
5.8234 	EXP 	Photodiode_2: autoDraw = True
6.0362 	DATA 	Mouse:  Left button up, pos=(1485,1310)
6.1235 	EXP 	Photodiode_2: autoDraw = False
7.2803 	EXP 	New trial (rep=1, index=0): <Trial 1 (0 in rep 1) data={'thisN': 1, 'thisTrialN': 0, 'thisRepN': 1}>
7.2903 	EXP 	text: autoDraw = False
7.2903 	EXP 	Photodiode_2: autoDraw = False
7.2903 	EXP 	PLUS_FP: autoDraw = True
7.2903 	EXP 	Photodiode_plus: autoDraw = True
7.4900 	EXP 	Photodiode_plus: autoDraw = False
8.7570 	EXP 	PLUS_FP: autoDraw = False
8.7570 	EXP 	polygon: autoDraw = True
8.7570 	EXP 	Photodiode_polygon: autoDraw = True
8.7680 	EXP 	Photodiode_polygon: autoDraw = False
9.1349 	DATA 	Mouse: Left button down, pos=(1485,1310)
9.1455 	EXP 	PLUS_FP: autoDraw = False
9.1455 	EXP 	polygon: autoDraw = False
9.1455 	EXP 	Photodiode_polygon: autoDraw = False
9.1455 	EXP 	Photodiode_plus: autoDraw = False
9.1455 	EXP 	Photodiode_2: autoDraw = True
9.3695 	DATA 	Mouse:  Left button up, pos=(1485,1310)
9.4457 	EXP 	Photodiode_2: autoDraw = False
10.6800 	EXP 	New trial (rep=2, index=0): <Trial 2 (0 in rep 2) data={'thisN': 2, 'thisTrialN': 0, 'thisRepN': 2}>
10.6900 	EXP 	text: autoDraw = False
10.6900 	EXP 	Photodiode_2: autoDraw = False
10.6900 	EXP 	PLUS_FP: autoDraw = True
10.6900 	EXP 	Photodiode_plus: autoDraw = True
10.8900 	EXP 	Photodiode_plus: autoDraw = False
11.1791 	EXP 	PLUS_FP: autoDraw = False
11.1791 	EXP 	polygon: autoDraw = True
11.1791 	EXP 	Photodiode_polygon: autoDraw = True
11.1901 	EXP 	Photodiode_polygon: autoDraw = False
11.6243 	DATA 	Mouse: Left button down, pos=(1485,1310)
11.6346 	EXP 	PLUS_FP: autoDraw = False
11.6346 	EXP 	polygon: autoDraw = False
11.6346 	EXP 	Photodiode_polygon: autoDraw = False
11.6346 	EXP 	Photodiode_plus: autoDraw = False
11.6346 	EXP 	Photodiode_2: autoDraw = True
11.8466 	DATA 	Mouse:  Left button up, pos=(1485,1310)
11.9348 	EXP 	Photodiode_2: autoDraw = False
13.2026 	EXP 	New trial (rep=3, index=0): <Trial 3 (0 in rep 3) data={'thisN': 3, 'thisTrialN': 0, 'thisRepN': 3}>
13.2123 	EXP 	text: autoDraw = False
13.2123 	EXP 	Photodiode_2: autoDraw = False
13.2123 	EXP 	PLUS_FP: autoDraw = True
13.2123 	EXP 	Photodiode_plus: autoDraw = True
13.4124 	EXP 	Photodiode_plus: autoDraw = False
15.2016 	EXP 	PLUS_FP: autoDraw = False
15.2016 	EXP 	polygon: autoDraw = True
15.2016 	EXP 	Photodiode_polygon: autoDraw = True
15.2126 	EXP 	Photodiode_polygon: autoDraw = False
15.5794 	DATA 	Mouse: Left button down, pos=(1485,1310)
15.5897 	EXP 	PLUS_FP: autoDraw = False
15.5897 	EXP 	polygon: autoDraw = False
15.5897 	EXP 	Photodiode_polygon: autoDraw = False
15.5897 	EXP 	Photodiode_plus: autoDraw = False
15.5897 	EXP 	Photodiode_2: autoDraw = True
15.8018 	DATA 	Mouse:  Left button up, pos=(1485,1310)
15.8900 	EXP 	Photodiode_2: autoDraw = False
17.0249 	EXP 	New trial (rep=4, index=0): <Trial 4 (0 in rep 4) data={'thisN': 4, 'thisTrialN': 0, 'thisRepN': 4}>
17.0347 	EXP 	text: autoDraw = False
17.0347 	EXP 	Photodiode_2: autoDraw = False
17.0347 	EXP 	PLUS_FP: autoDraw = True
17.0347 	EXP 	Photodiode_plus: autoDraw = True
17.2344 	EXP 	Photodiode_plus: autoDraw = False
19.0237 	EXP 	PLUS_FP: autoDraw = False
19.0237 	EXP 	polygon: autoDraw = True
19.0237 	EXP 	Photodiode_polygon: autoDraw = True
19.0348 	EXP 	Photodiode_polygon: autoDraw = False
19.4811 	DATA 	Mouse: Left button down, pos=(1485,1310)
19.4900 	EXP 	PLUS_FP: autoDraw = False
19.4900 	EXP 	polygon: autoDraw = False
19.4900 	EXP 	Photodiode_polygon: autoDraw = False
19.4900 	EXP 	Photodiode_plus: autoDraw = False
19.4900 	EXP 	Photodiode_2: autoDraw = True
19.7133 	DATA 	Mouse:  Left button up, pos=(1485,1310)
19.7899 	EXP 	Photodiode_2: autoDraw = False
20.7349 	EXP 	New trial (rep=5, index=0): <Trial 5 (0 in rep 5) data={'thisN': 5, 'thisTrialN': 0, 'thisRepN': 5}>
20.7456 	EXP 	text: autoDraw = False
20.7456 	EXP 	Photodiode_2: autoDraw = False
20.7456 	EXP 	PLUS_FP: autoDraw = True
20.7456 	EXP 	Photodiode_plus: autoDraw = True
20.9454 	EXP 	Photodiode_plus: autoDraw = False
22.7345 	EXP 	PLUS_FP: autoDraw = False
22.7345 	EXP 	polygon: autoDraw = True
22.7345 	EXP 	Photodiode_polygon: autoDraw = True
22.7457 	EXP 	Photodiode_polygon: autoDraw = False
23.1128 	DATA 	Mouse: Left button down, pos=(1485,1310)
23.1232 	EXP 	PLUS_FP: autoDraw = False
23.1232 	EXP 	polygon: autoDraw = False
23.1232 	EXP 	Photodiode_polygon: autoDraw = False
23.1232 	EXP 	Photodiode_plus: autoDraw = False
23.1232 	EXP 	Photodiode_2: autoDraw = True
23.3350 	DATA 	Mouse:  Left button up, pos=(1485,1310)
23.4232 	EXP 	Photodiode_2: autoDraw = False
24.5017 	EXP 	New trial (rep=6, index=0): <Trial 6 (0 in rep 6) data={'thisN': 6, 'thisTrialN': 0, 'thisRepN': 6}>
24.5120 	EXP 	text: autoDraw = False
24.5120 	EXP 	Photodiode_2: autoDraw = False
24.5120 	EXP 	PLUS_FP: autoDraw = True
24.5120 	EXP 	Photodiode_plus: autoDraw = True
24.7121 	EXP 	Photodiode_plus: autoDraw = False
26.5010 	EXP 	PLUS_FP: autoDraw = False
26.5010 	EXP 	polygon: autoDraw = True
26.5010 	EXP 	Photodiode_polygon: autoDraw = True
26.5120 	EXP 	Photodiode_polygon: autoDraw = False
26.9795 	DATA 	Mouse: Left button down, pos=(1485,1310)
26.9897 	EXP 	PLUS_FP: autoDraw = False
26.9897 	EXP 	polygon: autoDraw = False
26.9897 	EXP 	Photodiode_polygon: autoDraw = False
26.9897 	EXP 	Photodiode_plus: autoDraw = False
26.9897 	EXP 	Photodiode_2: autoDraw = True
27.1905 	DATA 	Mouse:  Left button up, pos=(1485,1310)
27.2898 	EXP 	Photodiode_2: autoDraw = False
28.2004 	EXP 	New trial (rep=7, index=0): <Trial 7 (0 in rep 7) data={'thisN': 7, 'thisTrialN': 0, 'thisRepN': 7}>
28.2108 	EXP 	text: autoDraw = False
28.2108 	EXP 	Photodiode_2: autoDraw = False
28.2108 	EXP 	PLUS_FP: autoDraw = True
28.2108 	EXP 	Photodiode_plus: autoDraw = True
28.4119 	EXP 	Photodiode_plus: autoDraw = False
28.7011 	EXP 	PLUS_FP: autoDraw = False
28.7011 	EXP 	polygon: autoDraw = True
28.7011 	EXP 	Photodiode_polygon: autoDraw = True
28.7121 	EXP 	Photodiode_polygon: autoDraw = False
29.1793 	DATA 	Mouse: Left button down, pos=(1485,1310)
29.1897 	EXP 	PLUS_FP: autoDraw = False
29.1897 	EXP 	polygon: autoDraw = False
29.1897 	EXP 	Photodiode_polygon: autoDraw = False
29.1897 	EXP 	Photodiode_plus: autoDraw = False
29.1897 	EXP 	Photodiode_2: autoDraw = True
29.4122 	DATA 	Mouse:  Left button up, pos=(1485,1310)
29.4897 	EXP 	Photodiode_2: autoDraw = False
30.8231 	EXP 	New trial (rep=8, index=0): <Trial 8 (0 in rep 8) data={'thisN': 8, 'thisTrialN': 0, 'thisRepN': 8}>
30.8342 	EXP 	text: autoDraw = False
30.8342 	EXP 	Photodiode_2: autoDraw = False
30.8342 	EXP 	PLUS_FP: autoDraw = True
30.8342 	EXP 	Photodiode_plus: autoDraw = True
31.0345 	EXP 	Photodiode_plus: autoDraw = False
32.8233 	EXP 	PLUS_FP: autoDraw = False
32.8233 	EXP 	polygon: autoDraw = True
32.8233 	EXP 	Photodiode_polygon: autoDraw = True
32.8344 	EXP 	Photodiode_polygon: autoDraw = False
33.2461 	DATA 	Mouse: Left button down, pos=(1485,1310)
33.2561 	EXP 	PLUS_FP: autoDraw = False
33.2561 	EXP 	polygon: autoDraw = False
33.2561 	EXP 	Photodiode_polygon: autoDraw = False
33.2561 	EXP 	Photodiode_plus: autoDraw = False
33.2561 	EXP 	Photodiode_2: autoDraw = True
33.4565 	DATA 	Mouse:  Left button up, pos=(1485,1310)
33.5562 	EXP 	Photodiode_2: autoDraw = False
34.5904 	EXP 	New trial (rep=9, index=0): <Trial 9 (0 in rep 9) data={'thisN': 9, 'thisTrialN': 0, 'thisRepN': 9}>
34.6007 	EXP 	text: autoDraw = False
34.6007 	EXP 	Photodiode_2: autoDraw = False
34.6007 	EXP 	PLUS_FP: autoDraw = True
34.6007 	EXP 	Photodiode_plus: autoDraw = True
34.8006 	EXP 	Photodiode_plus: autoDraw = False
35.0897 	EXP 	PLUS_FP: autoDraw = False
35.0897 	EXP 	polygon: autoDraw = True
35.0897 	EXP 	Photodiode_polygon: autoDraw = True
35.1009 	EXP 	Photodiode_polygon: autoDraw = False
35.5017 	DATA 	Mouse: Left button down, pos=(1485,1310)
35.5118 	EXP 	PLUS_FP: autoDraw = False
35.5118 	EXP 	polygon: autoDraw = False
35.5118 	EXP 	Photodiode_polygon: autoDraw = False
35.5118 	EXP 	Photodiode_plus: autoDraw = False
35.5118 	EXP 	Photodiode_2: autoDraw = True
35.7232 	DATA 	Mouse:  Left button up, pos=(1485,1310)
35.8116 	EXP 	Photodiode_2: autoDraw = False
37.1281 	EXP 	text: autoDraw = False
37.1281 	EXP 	Photodiode_2: autoDraw = False
37.1281 	EXP 	text_3: autoDraw = True
38.0911 	EXP 	New trial (rep=1, index=0): <Trial 1 (0 in rep 1) data={'thisN': 1, 'thisTrialN': 0, 'thisRepN': 1}>
38.0915 	EXP 	New trial (rep=0, index=0): <Trial 0 (0 in rep 0) data={'thisN': 0, 'thisTrialN': 0, 'thisRepN': 0}>
38.0920 	DATA 	Keypress: space
38.1006 	EXP 	text_3: autoDraw = False
38.1006 	EXP 	PLUS_FP: autoDraw = True
38.1006 	EXP 	Photodiode_plus: autoDraw = True
38.3005 	EXP 	Photodiode_plus: autoDraw = False
39.5011 	EXP 	PLUS_FP: autoDraw = False
39.5011 	EXP 	polygon: autoDraw = True
39.5011 	EXP 	Photodiode_polygon: autoDraw = True
39.5123 	EXP 	Photodiode_polygon: autoDraw = False
40.2016 	DATA 	Mouse: Left button down, pos=(1485,1310)
40.2119 	EXP 	PLUS_FP: autoDraw = False
40.2119 	EXP 	polygon: autoDraw = False
40.2119 	EXP 	Photodiode_polygon: autoDraw = False
40.2119 	EXP 	Photodiode_plus: autoDraw = False
40.2119 	EXP 	Photodiode_2: autoDraw = True
40.4247 	DATA 	Mouse:  Left button up, pos=(1485,1310)
40.5118 	EXP 	Photodiode_2: autoDraw = False
41.4352 	EXP 	New trial (rep=1, index=0): <Trial 1 (0 in rep 1) data={'thisN': 1, 'thisTrialN': 0, 'thisRepN': 1}>
41.4453 	EXP 	text: autoDraw = False
41.4453 	EXP 	Photodiode_2: autoDraw = False
41.4453 	EXP 	PLUS_FP: autoDraw = True
41.4453 	EXP 	Photodiode_plus: autoDraw = True
41.6453 	EXP 	Photodiode_plus: autoDraw = False
43.4343 	EXP 	PLUS_FP: autoDraw = False
43.4343 	EXP 	polygon: autoDraw = True
43.4343 	EXP 	Photodiode_polygon: autoDraw = True
43.4454 	EXP 	Photodiode_polygon: autoDraw = False
43.8128 	DATA 	Mouse: Left button down, pos=(1485,1310)
43.8231 	EXP 	PLUS_FP: autoDraw = False
43.8231 	EXP 	polygon: autoDraw = False
43.8231 	EXP 	Photodiode_polygon: autoDraw = False
43.8231 	EXP 	Photodiode_plus: autoDraw = False
43.8231 	EXP 	Photodiode_2: autoDraw = True
44.0348 	DATA 	Mouse:  Left button up, pos=(1485,1310)
44.1219 	EXP 	Photodiode_2: autoDraw = False
45.3903 	EXP 	New trial (rep=2, index=0): <Trial 2 (0 in rep 2) data={'thisN': 2, 'thisTrialN': 0, 'thisRepN': 2}>
45.4006 	EXP 	text: autoDraw = False
45.4006 	EXP 	Photodiode_2: autoDraw = False
45.4006 	EXP 	PLUS_FP: autoDraw = True
45.4006 	EXP 	Photodiode_plus: autoDraw = True
45.6007 	EXP 	Photodiode_plus: autoDraw = False
47.3899 	EXP 	PLUS_FP: autoDraw = False
47.3899 	EXP 	polygon: autoDraw = True
47.3899 	EXP 	Photodiode_polygon: autoDraw = True
47.4010 	EXP 	Photodiode_polygon: autoDraw = False
47.7803 	DATA 	Mouse: Left button down, pos=(1485,1310)
47.8008 	EXP 	PLUS_FP: autoDraw = False
47.8008 	EXP 	polygon: autoDraw = False
47.8008 	EXP 	Photodiode_polygon: autoDraw = False
47.8008 	EXP 	Photodiode_plus: autoDraw = False
47.8008 	EXP 	Photodiode_2: autoDraw = True
48.0010 	DATA 	Mouse:  Left button up, pos=(1485,1310)
48.0994 	EXP 	Photodiode_2: autoDraw = False
49.1575 	EXP 	New trial (rep=3, index=0): <Trial 3 (0 in rep 3) data={'thisN': 3, 'thisTrialN': 0, 'thisRepN': 3}>
49.1677 	EXP 	text: autoDraw = False
49.1677 	EXP 	Photodiode_2: autoDraw = False
49.1677 	EXP 	PLUS_FP: autoDraw = True
49.1677 	EXP 	Photodiode_plus: autoDraw = True
49.3673 	EXP 	Photodiode_plus: autoDraw = False
50.4007 	EXP 	PLUS_FP: autoDraw = False
50.4007 	EXP 	polygon: autoDraw = True
50.4007 	EXP 	Photodiode_polygon: autoDraw = True
50.4118 	EXP 	Photodiode_polygon: autoDraw = False
50.9460 	DATA 	Mouse: Left button down, pos=(1485,1310)
50.9561 	EXP 	PLUS_FP: autoDraw = False
50.9561 	EXP 	polygon: autoDraw = False
50.9561 	EXP 	Photodiode_polygon: autoDraw = False
50.9561 	EXP 	Photodiode_plus: autoDraw = False
50.9561 	EXP 	Photodiode_2: autoDraw = True
51.1677 	DATA 	Mouse:  Left button up, pos=(1485,1310)
51.2560 	EXP 	Photodiode_2: autoDraw = False
52.3568 	EXP 	New trial (rep=4, index=0): <Trial 4 (0 in rep 4) data={'thisN': 4, 'thisTrialN': 0, 'thisRepN': 4}>
52.3672 	EXP 	text: autoDraw = False
52.3672 	EXP 	Photodiode_2: autoDraw = False
52.3672 	EXP 	PLUS_FP: autoDraw = True
52.3672 	EXP 	Photodiode_plus: autoDraw = True
52.5672 	EXP 	Photodiode_plus: autoDraw = False
54.3562 	EXP 	PLUS_FP: autoDraw = False
54.3562 	EXP 	polygon: autoDraw = True
54.3562 	EXP 	Photodiode_polygon: autoDraw = True
54.3672 	EXP 	Photodiode_polygon: autoDraw = False
54.7013 	DATA 	Mouse: Left button down, pos=(1485,1310)
54.7117 	EXP 	PLUS_FP: autoDraw = False
54.7117 	EXP 	polygon: autoDraw = False
54.7117 	EXP 	Photodiode_polygon: autoDraw = False
54.7117 	EXP 	Photodiode_plus: autoDraw = False
54.7117 	EXP 	Photodiode_2: autoDraw = True
54.9347 	DATA 	Mouse:  Left button up, pos=(1485,1310)
55.0115 	EXP 	Photodiode_2: autoDraw = False
56.2123 	EXP 	New trial (rep=5, index=0): <Trial 5 (0 in rep 5) data={'thisN': 5, 'thisTrialN': 0, 'thisRepN': 5}>
56.2228 	EXP 	text: autoDraw = False
56.2228 	EXP 	Photodiode_2: autoDraw = False
56.2228 	EXP 	PLUS_FP: autoDraw = True
56.2228 	EXP 	Photodiode_plus: autoDraw = True
56.4227 	EXP 	Photodiode_plus: autoDraw = False
56.7117 	EXP 	PLUS_FP: autoDraw = False
56.7117 	EXP 	polygon: autoDraw = True
56.7117 	EXP 	Photodiode_polygon: autoDraw = True
56.7230 	EXP 	Photodiode_polygon: autoDraw = False
57.1012 	DATA 	Mouse: Left button down, pos=(1485,1310)
57.1115 	EXP 	PLUS_FP: autoDraw = False
57.1115 	EXP 	polygon: autoDraw = False
57.1115 	EXP 	Photodiode_polygon: autoDraw = False
57.1115 	EXP 	Photodiode_plus: autoDraw = False
57.1115 	EXP 	Photodiode_2: autoDraw = True
57.3231 	DATA 	Mouse:  Left button up, pos=(1485,1310)
57.4115 	EXP 	Photodiode_2: autoDraw = False
58.7117 	EXP 	New trial (rep=6, index=0): <Trial 6 (0 in rep 6) data={'thisN': 6, 'thisTrialN': 0, 'thisRepN': 6}>
58.7226 	EXP 	text: autoDraw = False
58.7226 	EXP 	Photodiode_2: autoDraw = False
58.7226 	EXP 	PLUS_FP: autoDraw = True
58.7226 	EXP 	Photodiode_plus: autoDraw = True
58.9229 	EXP 	Photodiode_plus: autoDraw = False
60.7115 	EXP 	PLUS_FP: autoDraw = False
60.7115 	EXP 	polygon: autoDraw = True
60.7115 	EXP 	Photodiode_polygon: autoDraw = True
60.7226 	EXP 	Photodiode_polygon: autoDraw = False
61.0345 	DATA 	Mouse: Left button down, pos=(1485,1310)
61.0448 	EXP 	PLUS_FP: autoDraw = False
61.0448 	EXP 	polygon: autoDraw = False
61.0448 	EXP 	Photodiode_polygon: autoDraw = False
61.0448 	EXP 	Photodiode_plus: autoDraw = False
61.0448 	EXP 	Photodiode_2: autoDraw = True
61.2565 	DATA 	Mouse:  Left button up, pos=(1485,1310)
61.3446 	EXP 	Photodiode_2: autoDraw = False
62.3451 	EXP 	New trial (rep=7, index=0): <Trial 7 (0 in rep 7) data={'thisN': 7, 'thisTrialN': 0, 'thisRepN': 7}>
62.3559 	EXP 	text: autoDraw = False
62.3559 	EXP 	Photodiode_2: autoDraw = False
62.3559 	EXP 	PLUS_FP: autoDraw = True
62.3559 	EXP 	Photodiode_plus: autoDraw = True
62.5560 	EXP 	Photodiode_plus: autoDraw = False
64.3448 	EXP 	PLUS_FP: autoDraw = False
64.3448 	EXP 	polygon: autoDraw = True
64.3448 	EXP 	Photodiode_polygon: autoDraw = True
64.3560 	EXP 	Photodiode_polygon: autoDraw = False
64.7785 	DATA 	Mouse: Left button down, pos=(1485,1310)
64.7891 	EXP 	PLUS_FP: autoDraw = False
64.7891 	EXP 	polygon: autoDraw = False
64.7891 	EXP 	Photodiode_polygon: autoDraw = False
64.7891 	EXP 	Photodiode_plus: autoDraw = False
64.7891 	EXP 	Photodiode_2: autoDraw = True
65.0009 	DATA 	Mouse:  Left button up, pos=(1485,1310)
65.0890 	EXP 	Photodiode_2: autoDraw = False
66.0122 	EXP 	New trial (rep=8, index=0): <Trial 8 (0 in rep 8) data={'thisN': 8, 'thisTrialN': 0, 'thisRepN': 8}>
66.0224 	EXP 	text: autoDraw = False
66.0224 	EXP 	Photodiode_2: autoDraw = False
66.0224 	EXP 	PLUS_FP: autoDraw = True
66.0224 	EXP 	Photodiode_plus: autoDraw = True
66.2225 	EXP 	Photodiode_plus: autoDraw = False
68.0118 	EXP 	PLUS_FP: autoDraw = False
68.0118 	EXP 	polygon: autoDraw = True
68.0118 	EXP 	Photodiode_polygon: autoDraw = True
68.0228 	EXP 	Photodiode_polygon: autoDraw = False
68.4128 	DATA 	Mouse: Left button down, pos=(1485,1310)
68.4229 	EXP 	PLUS_FP: autoDraw = False
68.4229 	EXP 	polygon: autoDraw = False
68.4229 	EXP 	Photodiode_polygon: autoDraw = False
68.4229 	EXP 	Photodiode_plus: autoDraw = False
68.4229 	EXP 	Photodiode_2: autoDraw = True
68.6345 	DATA 	Mouse:  Left button up, pos=(1485,1310)
68.7227 	EXP 	Photodiode_2: autoDraw = False
69.6908 	EXP 	New trial (rep=9, index=0): <Trial 9 (0 in rep 9) data={'thisN': 9, 'thisTrialN': 0, 'thisRepN': 9}>
69.7005 	EXP 	text: autoDraw = False
69.7005 	EXP 	Photodiode_2: autoDraw = False
69.7005 	EXP 	PLUS_FP: autoDraw = True
69.7005 	EXP 	Photodiode_plus: autoDraw = True
69.9003 	EXP 	Photodiode_plus: autoDraw = False
70.1896 	EXP 	PLUS_FP: autoDraw = False
70.1896 	EXP 	polygon: autoDraw = True
70.1896 	EXP 	Photodiode_polygon: autoDraw = True
70.2006 	EXP 	Photodiode_polygon: autoDraw = False
70.6467 	DATA 	Mouse: Left button down, pos=(1485,1310)
70.6673 	EXP 	PLUS_FP: autoDraw = False
70.6673 	EXP 	polygon: autoDraw = False
70.6673 	EXP 	Photodiode_polygon: autoDraw = False
70.6673 	EXP 	Photodiode_plus: autoDraw = False
70.6673 	EXP 	Photodiode_2: autoDraw = True
70.8676 	DATA 	Mouse:  Left button up, pos=(1485,1310)
70.9672 	EXP 	Photodiode_2: autoDraw = False
72.2448 	EXP 	text: autoDraw = False
72.2448 	EXP 	Photodiode_2: autoDraw = False
72.2448 	EXP 	text_3: autoDraw = True
74.0911 	EXP 	New trial (rep=2, index=0): <Trial 2 (0 in rep 2) data={'thisN': 2, 'thisTrialN': 0, 'thisRepN': 2}>
74.0914 	EXP 	New trial (rep=0, index=0): <Trial 0 (0 in rep 0) data={'thisN': 0, 'thisTrialN': 0, 'thisRepN': 0}>
74.0919 	DATA 	Keypress: space
74.1004 	EXP 	text_3: autoDraw = False
74.1004 	EXP 	PLUS_FP: autoDraw = True
74.1004 	EXP 	Photodiode_plus: autoDraw = True
74.3002 	EXP 	Photodiode_plus: autoDraw = False
76.0892 	EXP 	PLUS_FP: autoDraw = False
76.0892 	EXP 	polygon: autoDraw = True
76.0892 	EXP 	Photodiode_polygon: autoDraw = True
76.1003 	EXP 	Photodiode_polygon: autoDraw = False
76.5453 	DATA 	Mouse: Left button down, pos=(1485,1310)
76.5558 	EXP 	PLUS_FP: autoDraw = False
76.5558 	EXP 	polygon: autoDraw = False
76.5558 	EXP 	Photodiode_polygon: autoDraw = False
76.5558 	EXP 	Photodiode_plus: autoDraw = False
76.5558 	EXP 	Photodiode_2: autoDraw = True
76.7785 	DATA 	Mouse:  Left button up, pos=(1485,1310)
76.8559 	EXP 	Photodiode_2: autoDraw = False
78.2127 	EXP 	New trial (rep=1, index=0): <Trial 1 (0 in rep 1) data={'thisN': 1, 'thisTrialN': 0, 'thisRepN': 1}>
78.2225 	EXP 	text: autoDraw = False
78.2225 	EXP 	Photodiode_2: autoDraw = False
78.2225 	EXP 	PLUS_FP: autoDraw = True
78.2225 	EXP 	Photodiode_plus: autoDraw = True
78.4224 	EXP 	Photodiode_plus: autoDraw = False
80.2116 	EXP 	PLUS_FP: autoDraw = False
80.2116 	EXP 	polygon: autoDraw = True
80.2116 	EXP 	Photodiode_polygon: autoDraw = True
80.2230 	EXP 	Photodiode_polygon: autoDraw = False
80.6896 	DATA 	Mouse: Left button down, pos=(1485,1310)
80.7000 	EXP 	PLUS_FP: autoDraw = False
80.7000 	EXP 	polygon: autoDraw = False
80.7000 	EXP 	Photodiode_polygon: autoDraw = False
80.7000 	EXP 	Photodiode_plus: autoDraw = False
80.7000 	EXP 	Photodiode_2: autoDraw = True
80.9012 	DATA 	Mouse:  Left button up, pos=(1485,1310)
81.0001 	EXP 	Photodiode_2: autoDraw = False
82.3457 	EXP 	New trial (rep=2, index=0): <Trial 2 (0 in rep 2) data={'thisN': 2, 'thisTrialN': 0, 'thisRepN': 2}>
82.3556 	EXP 	text: autoDraw = False
82.3556 	EXP 	Photodiode_2: autoDraw = False
82.3556 	EXP 	PLUS_FP: autoDraw = True
82.3556 	EXP 	Photodiode_plus: autoDraw = True
82.5556 	EXP 	Photodiode_plus: autoDraw = False
84.3449 	EXP 	PLUS_FP: autoDraw = False
84.3449 	EXP 	polygon: autoDraw = True
84.3449 	EXP 	Photodiode_polygon: autoDraw = True
84.3560 	EXP 	Photodiode_polygon: autoDraw = False
84.7452 	DATA 	Mouse: Left button down, pos=(1485,1310)
84.7557 	EXP 	PLUS_FP: autoDraw = False
84.7557 	EXP 	polygon: autoDraw = False
84.7557 	EXP 	Photodiode_polygon: autoDraw = False
84.7557 	EXP 	Photodiode_plus: autoDraw = False
84.7557 	EXP 	Photodiode_2: autoDraw = True
84.9776 	DATA 	Mouse:  Left button up, pos=(1485,1310)
85.0548 	EXP 	Photodiode_2: autoDraw = False
86.0342 	EXP 	New trial (rep=3, index=0): <Trial 3 (0 in rep 3) data={'thisN': 3, 'thisTrialN': 0, 'thisRepN': 3}>
86.0445 	EXP 	text: autoDraw = False
86.0445 	EXP 	Photodiode_2: autoDraw = False
86.0445 	EXP 	PLUS_FP: autoDraw = True
86.0445 	EXP 	Photodiode_plus: autoDraw = True
86.2445 	EXP 	Photodiode_plus: autoDraw = False
86.5336 	EXP 	PLUS_FP: autoDraw = False
86.5336 	EXP 	polygon: autoDraw = True
86.5336 	EXP 	Photodiode_polygon: autoDraw = True
86.5447 	EXP 	Photodiode_polygon: autoDraw = False
86.9456 	DATA 	Mouse: Left button down, pos=(1485,1310)
86.9558 	EXP 	PLUS_FP: autoDraw = False
86.9558 	EXP 	polygon: autoDraw = False
86.9558 	EXP 	Photodiode_polygon: autoDraw = False
86.9558 	EXP 	Photodiode_plus: autoDraw = False
86.9558 	EXP 	Photodiode_2: autoDraw = True
87.1564 	DATA 	Mouse:  Left button up, pos=(1485,1310)
87.2559 	EXP 	Photodiode_2: autoDraw = False
88.2786 	EXP 	New trial (rep=4, index=0): <Trial 4 (0 in rep 4) data={'thisN': 4, 'thisTrialN': 0, 'thisRepN': 4}>
88.2891 	EXP 	text: autoDraw = False
88.2891 	EXP 	Photodiode_2: autoDraw = False
88.2891 	EXP 	PLUS_FP: autoDraw = True
88.2891 	EXP 	Photodiode_plus: autoDraw = True
88.4891 	EXP 	Photodiode_plus: autoDraw = False
88.7780 	EXP 	PLUS_FP: autoDraw = False
88.7780 	EXP 	polygon: autoDraw = True
88.7780 	EXP 	Photodiode_polygon: autoDraw = True
88.7893 	EXP 	Photodiode_polygon: autoDraw = False
89.1344 	DATA 	Mouse: Left button down, pos=(1485,1310)
89.1445 	EXP 	PLUS_FP: autoDraw = False
89.1445 	EXP 	polygon: autoDraw = False
89.1445 	EXP 	Photodiode_polygon: autoDraw = False
89.1445 	EXP 	Photodiode_plus: autoDraw = False
89.1445 	EXP 	Photodiode_2: autoDraw = True
89.3565 	DATA 	Mouse:  Left button up, pos=(1485,1310)
89.4445 	EXP 	Photodiode_2: autoDraw = False
90.6123 	EXP 	New trial (rep=5, index=0): <Trial 5 (0 in rep 5) data={'thisN': 5, 'thisTrialN': 0, 'thisRepN': 5}>
90.6226 	EXP 	text: autoDraw = False
90.6226 	EXP 	Photodiode_2: autoDraw = False
90.6226 	EXP 	PLUS_FP: autoDraw = True
90.6226 	EXP 	Photodiode_plus: autoDraw = True
90.8221 	EXP 	Photodiode_plus: autoDraw = False
91.1114 	EXP 	PLUS_FP: autoDraw = False
91.1114 	EXP 	polygon: autoDraw = True
91.1114 	EXP 	Photodiode_polygon: autoDraw = True
91.1225 	EXP 	Photodiode_polygon: autoDraw = False
91.4675 	DATA 	Mouse: Left button down, pos=(1485,1310)
91.4778 	EXP 	PLUS_FP: autoDraw = False
91.4778 	EXP 	polygon: autoDraw = False
91.4778 	EXP 	Photodiode_polygon: autoDraw = False
91.4778 	EXP 	Photodiode_plus: autoDraw = False
91.4778 	EXP 	Photodiode_2: autoDraw = True
91.6893 	DATA 	Mouse:  Left button up, pos=(1485,1310)
91.7779 	EXP 	Photodiode_2: autoDraw = False
92.7903 	EXP 	New trial (rep=6, index=0): <Trial 6 (0 in rep 6) data={'thisN': 6, 'thisTrialN': 0, 'thisRepN': 6}>
92.8000 	EXP 	text: autoDraw = False
92.8000 	EXP 	Photodiode_2: autoDraw = False
92.8000 	EXP 	PLUS_FP: autoDraw = True
92.8000 	EXP 	Photodiode_plus: autoDraw = True
93.0001 	EXP 	Photodiode_plus: autoDraw = False
94.3451 	DATA 	Mouse: Left button down, pos=(1485,1310)
94.3562 	EXP 	PLUS_FP: autoDraw = False
94.3562 	EXP 	polygon: autoDraw = False
94.3562 	EXP 	Photodiode_polygon: autoDraw = False
94.3562 	EXP 	Photodiode_plus: autoDraw = False
94.3562 	EXP 	text: autoDraw = True
94.3562 	EXP 	Photodiode_2: autoDraw = True
94.5676 	DATA 	Mouse:  Left button up, pos=(1485,1310)
94.6558 	EXP 	Photodiode_2: autoDraw = False
95.7454 	EXP 	New trial (rep=7, index=0): <Trial 7 (0 in rep 7) data={'thisN': 7, 'thisTrialN': 0, 'thisRepN': 7}>
95.7557 	EXP 	text: autoDraw = False
95.7557 	EXP 	Photodiode_2: autoDraw = False
95.7557 	EXP 	PLUS_FP: autoDraw = True
95.7557 	EXP 	Photodiode_plus: autoDraw = True
95.9557 	EXP 	Photodiode_plus: autoDraw = False
96.2445 	EXP 	PLUS_FP: autoDraw = False
96.2445 	EXP 	polygon: autoDraw = True
96.2445 	EXP 	Photodiode_polygon: autoDraw = True
96.2557 	EXP 	Photodiode_polygon: autoDraw = False
96.8568 	DATA 	Mouse: Left button down, pos=(1485,1310)
96.8667 	EXP 	PLUS_FP: autoDraw = False
96.8667 	EXP 	polygon: autoDraw = False
96.8667 	EXP 	Photodiode_polygon: autoDraw = False
96.8667 	EXP 	Photodiode_plus: autoDraw = False
96.8667 	EXP 	Photodiode_2: autoDraw = True
97.0784 	DATA 	Mouse:  Left button up, pos=(1485,1310)
97.1667 	EXP 	Photodiode_2: autoDraw = False
98.0456 	EXP 	New trial (rep=8, index=0): <Trial 8 (0 in rep 8) data={'thisN': 8, 'thisTrialN': 0, 'thisRepN': 8}>
98.0557 	EXP 	text: autoDraw = False
98.0557 	EXP 	Photodiode_2: autoDraw = False
98.0557 	EXP 	PLUS_FP: autoDraw = True
98.0557 	EXP 	Photodiode_plus: autoDraw = True
98.2556 	EXP 	Photodiode_plus: autoDraw = False
98.5447 	EXP 	PLUS_FP: autoDraw = False
98.5447 	EXP 	polygon: autoDraw = True
98.5447 	EXP 	Photodiode_polygon: autoDraw = True
98.5559 	EXP 	Photodiode_polygon: autoDraw = False
99.0454 	DATA 	Mouse: Left button down, pos=(1485,1310)
99.0555 	EXP 	PLUS_FP: autoDraw = False
99.0555 	EXP 	polygon: autoDraw = False
99.0555 	EXP 	Photodiode_polygon: autoDraw = False
99.0555 	EXP 	Photodiode_plus: autoDraw = False
99.0555 	EXP 	Photodiode_2: autoDraw = True
99.2674 	DATA 	Mouse:  Left button up, pos=(1485,1310)
99.3555 	EXP 	Photodiode_2: autoDraw = False
100.6014 	EXP 	New trial (rep=9, index=0): <Trial 9 (0 in rep 9) data={'thisN': 9, 'thisTrialN': 0, 'thisRepN': 9}>
100.6111 	EXP 	text: autoDraw = False
100.6111 	EXP 	Photodiode_2: autoDraw = False
100.6111 	EXP 	PLUS_FP: autoDraw = True
100.6111 	EXP 	Photodiode_plus: autoDraw = True
100.8107 	EXP 	Photodiode_plus: autoDraw = False
101.1002 	EXP 	PLUS_FP: autoDraw = False
101.1002 	EXP 	polygon: autoDraw = True
101.1002 	EXP 	Photodiode_polygon: autoDraw = True
101.1112 	EXP 	Photodiode_polygon: autoDraw = False
103.1126 	DATA 	Mouse: Left button down, pos=(1485,1310)
103.1330 	EXP 	PLUS_FP: autoDraw = False
103.1330 	EXP 	polygon: autoDraw = False
103.1330 	EXP 	Photodiode_polygon: autoDraw = False
103.1330 	EXP 	Photodiode_plus: autoDraw = False
103.1330 	EXP 	Photodiode_2: autoDraw = True
103.3337 	DATA 	Mouse:  Left button up, pos=(1485,1310)
103.4333 	EXP 	Photodiode_2: autoDraw = False
104.7109 	EXP 	text: autoDraw = False
104.7109 	EXP 	Photodiode_2: autoDraw = False
104.7109 	EXP 	text_3: autoDraw = True
106.0911 	EXP 	New trial (rep=3, index=0): <Trial 3 (0 in rep 3) data={'thisN': 3, 'thisTrialN': 0, 'thisRepN': 3}>
106.0915 	EXP 	New trial (rep=0, index=0): <Trial 0 (0 in rep 0) data={'thisN': 0, 'thisTrialN': 0, 'thisRepN': 0}>
106.0920 	DATA 	Keypress: space
106.0999 	EXP 	text_3: autoDraw = False
106.0999 	EXP 	PLUS_FP: autoDraw = True
106.0999 	EXP 	Photodiode_plus: autoDraw = True
106.3001 	EXP 	Photodiode_plus: autoDraw = False
106.5889 	EXP 	PLUS_FP: autoDraw = False
106.5889 	EXP 	polygon: autoDraw = True
106.5889 	EXP 	Photodiode_polygon: autoDraw = True
106.6000 	EXP 	Photodiode_polygon: autoDraw = False
107.1784 	DATA 	Mouse: Left button down, pos=(1485,1310)
107.1886 	EXP 	PLUS_FP: autoDraw = False
107.1886 	EXP 	polygon: autoDraw = False
107.1886 	EXP 	Photodiode_polygon: autoDraw = False
107.1886 	EXP 	Photodiode_plus: autoDraw = False
107.1886 	EXP 	Photodiode_2: autoDraw = True
107.3895 	DATA 	Mouse:  Left button up, pos=(1485,1310)
107.4888 	EXP 	Photodiode_2: autoDraw = False
108.6781 	EXP 	New trial (rep=1, index=0): <Trial 1 (0 in rep 1) data={'thisN': 1, 'thisTrialN': 0, 'thisRepN': 1}>
108.6887 	EXP 	text: autoDraw = False
108.6887 	EXP 	Photodiode_2: autoDraw = False
108.6887 	EXP 	PLUS_FP: autoDraw = True
108.6887 	EXP 	Photodiode_plus: autoDraw = True
108.8886 	EXP 	Photodiode_plus: autoDraw = False
110.6777 	EXP 	PLUS_FP: autoDraw = False
110.6777 	EXP 	polygon: autoDraw = True
110.6777 	EXP 	Photodiode_polygon: autoDraw = True
110.6888 	EXP 	Photodiode_polygon: autoDraw = False
111.0897 	DATA 	Mouse: Left button down, pos=(1485,1310)
111.0999 	EXP 	PLUS_FP: autoDraw = False
111.0999 	EXP 	polygon: autoDraw = False
111.0999 	EXP 	Photodiode_polygon: autoDraw = False
111.0999 	EXP 	Photodiode_plus: autoDraw = False
111.0999 	EXP 	Photodiode_2: autoDraw = True
111.2998 	DATA 	Mouse:  Left button up, pos=(1485,1310)
111.3999 	EXP 	Photodiode_2: autoDraw = False
112.7671 	EXP 	New trial (rep=2, index=0): <Trial 2 (0 in rep 2) data={'thisN': 2, 'thisTrialN': 0, 'thisRepN': 2}>
112.7774 	EXP 	text: autoDraw = False
112.7774 	EXP 	Photodiode_2: autoDraw = False
112.7774 	EXP 	PLUS_FP: autoDraw = True
112.7774 	EXP 	Photodiode_plus: autoDraw = True
112.9773 	EXP 	Photodiode_plus: autoDraw = False
113.2666 	EXP 	PLUS_FP: autoDraw = False
113.2666 	EXP 	polygon: autoDraw = True
113.2666 	EXP 	Photodiode_polygon: autoDraw = True
113.2777 	EXP 	Photodiode_polygon: autoDraw = False
113.8559 	DATA 	Mouse: Left button down, pos=(1485,1310)
113.8661 	EXP 	PLUS_FP: autoDraw = False
113.8661 	EXP 	polygon: autoDraw = False
113.8661 	EXP 	Photodiode_polygon: autoDraw = False
113.8661 	EXP 	Photodiode_plus: autoDraw = False
113.8661 	EXP 	Photodiode_2: autoDraw = True
114.0896 	DATA 	Mouse:  Left button up, pos=(1485,1310)
114.1666 	EXP 	Photodiode_2: autoDraw = False
115.3782 	EXP 	New trial (rep=3, index=0): <Trial 3 (0 in rep 3) data={'thisN': 3, 'thisTrialN': 0, 'thisRepN': 3}>
115.3886 	EXP 	text: autoDraw = False
115.3886 	EXP 	Photodiode_2: autoDraw = False
115.3886 	EXP 	PLUS_FP: autoDraw = True
115.3886 	EXP 	Photodiode_plus: autoDraw = True
115.5886 	EXP 	Photodiode_plus: autoDraw = False
116.8111 	EXP 	PLUS_FP: autoDraw = False
116.8111 	EXP 	polygon: autoDraw = True
116.8111 	EXP 	Photodiode_polygon: autoDraw = True
116.8221 	EXP 	Photodiode_polygon: autoDraw = False
117.2115 	DATA 	Mouse: Left button down, pos=(1485,1310)
117.2219 	EXP 	PLUS_FP: autoDraw = False
117.2219 	EXP 	polygon: autoDraw = False
117.2219 	EXP 	Photodiode_polygon: autoDraw = False
117.2219 	EXP 	Photodiode_plus: autoDraw = False
117.2219 	EXP 	Photodiode_2: autoDraw = True
117.4337 	DATA 	Mouse:  Left button up, pos=(1485,1310)
117.5218 	EXP 	Photodiode_2: autoDraw = False
118.8670 	EXP 	New trial (rep=4, index=0): <Trial 4 (0 in rep 4) data={'thisN': 4, 'thisTrialN': 0, 'thisRepN': 4}>
118.8774 	EXP 	text: autoDraw = False
118.8774 	EXP 	Photodiode_2: autoDraw = False
118.8774 	EXP 	PLUS_FP: autoDraw = True
118.8774 	EXP 	Photodiode_plus: autoDraw = True
119.0774 	EXP 	Photodiode_plus: autoDraw = False
120.8663 	EXP 	PLUS_FP: autoDraw = False
120.8663 	EXP 	polygon: autoDraw = True
120.8663 	EXP 	Photodiode_polygon: autoDraw = True
120.8774 	EXP 	Photodiode_polygon: autoDraw = False
121.2784 	DATA 	Mouse: Left button down, pos=(1485,1310)
121.2886 	EXP 	PLUS_FP: autoDraw = False
121.2886 	EXP 	polygon: autoDraw = False
121.2886 	EXP 	Photodiode_polygon: autoDraw = False
121.2886 	EXP 	Photodiode_plus: autoDraw = False
121.2886 	EXP 	Photodiode_2: autoDraw = True
121.5112 	DATA 	Mouse:  Left button up, pos=(1485,1310)
121.5885 	EXP 	Photodiode_2: autoDraw = False
122.6788 	EXP 	New trial (rep=5, index=0): <Trial 5 (0 in rep 5) data={'thisN': 5, 'thisTrialN': 0, 'thisRepN': 5}>
122.6886 	EXP 	text: autoDraw = False
122.6886 	EXP 	Photodiode_2: autoDraw = False
122.6886 	EXP 	PLUS_FP: autoDraw = True
122.6886 	EXP 	Photodiode_plus: autoDraw = True
122.8886 	EXP 	Photodiode_plus: autoDraw = False
123.1777 	EXP 	PLUS_FP: autoDraw = False
123.1777 	EXP 	polygon: autoDraw = True
123.1777 	EXP 	Photodiode_polygon: autoDraw = True
123.1886 	EXP 	Photodiode_polygon: autoDraw = False
124.1789 	DATA 	Mouse: Left button down, pos=(1485,1310)
124.1886 	EXP 	PLUS_FP: autoDraw = False
124.1886 	EXP 	polygon: autoDraw = False
124.1886 	EXP 	Photodiode_polygon: autoDraw = False
124.1886 	EXP 	Photodiode_plus: autoDraw = False
124.1886 	EXP 	Photodiode_2: autoDraw = True
124.3896 	DATA 	Mouse:  Left button up, pos=(1485,1310)
124.4884 	EXP 	Photodiode_2: autoDraw = False
125.7114 	EXP 	New trial (rep=6, index=0): <Trial 6 (0 in rep 6) data={'thisN': 6, 'thisTrialN': 0, 'thisRepN': 6}>
125.7217 	EXP 	text: autoDraw = False
125.7217 	EXP 	Photodiode_2: autoDraw = False
125.7217 	EXP 	PLUS_FP: autoDraw = True
125.7217 	EXP 	Photodiode_plus: autoDraw = True
125.9217 	EXP 	Photodiode_plus: autoDraw = False
127.7108 	EXP 	PLUS_FP: autoDraw = False
127.7108 	EXP 	polygon: autoDraw = True
127.7108 	EXP 	Photodiode_polygon: autoDraw = True
127.7219 	EXP 	Photodiode_polygon: autoDraw = False
128.1226 	DATA 	Mouse: Left button down, pos=(1485,1310)
128.1329 	EXP 	PLUS_FP: autoDraw = False
128.1329 	EXP 	polygon: autoDraw = False
128.1329 	EXP 	Photodiode_polygon: autoDraw = False
128.1329 	EXP 	Photodiode_plus: autoDraw = False
128.1329 	EXP 	Photodiode_2: autoDraw = True
128.3457 	DATA 	Mouse:  Left button up, pos=(1485,1310)
128.4331 	EXP 	Photodiode_2: autoDraw = False
129.7000 	EXP 	New trial (rep=7, index=0): <Trial 7 (0 in rep 7) data={'thisN': 7, 'thisTrialN': 0, 'thisRepN': 7}>
129.7106 	EXP 	text: autoDraw = False
129.7106 	EXP 	Photodiode_2: autoDraw = False
129.7106 	EXP 	PLUS_FP: autoDraw = True
129.7106 	EXP 	Photodiode_plus: autoDraw = True
129.9107 	EXP 	Photodiode_plus: autoDraw = False
131.6997 	EXP 	PLUS_FP: autoDraw = False
131.6997 	EXP 	polygon: autoDraw = True
131.6997 	EXP 	Photodiode_polygon: autoDraw = True
131.7107 	EXP 	Photodiode_polygon: autoDraw = False
132.0769 	DATA 	Mouse: Left button down, pos=(1485,1310)
132.0873 	EXP 	PLUS_FP: autoDraw = False
132.0873 	EXP 	polygon: autoDraw = False
132.0873 	EXP 	Photodiode_polygon: autoDraw = False
132.0873 	EXP 	Photodiode_plus: autoDraw = False
132.0873 	EXP 	Photodiode_2: autoDraw = True
132.3004 	DATA 	Mouse:  Left button up, pos=(1485,1310)
132.3882 	EXP 	Photodiode_2: autoDraw = False
133.5781 	EXP 	New trial (rep=8, index=0): <Trial 8 (0 in rep 8) data={'thisN': 8, 'thisTrialN': 0, 'thisRepN': 8}>
133.5883 	EXP 	text: autoDraw = False
133.5883 	EXP 	Photodiode_2: autoDraw = False
133.5883 	EXP 	PLUS_FP: autoDraw = True
133.5883 	EXP 	Photodiode_plus: autoDraw = True
133.7886 	EXP 	Photodiode_plus: autoDraw = False
134.0773 	EXP 	PLUS_FP: autoDraw = False
134.0773 	EXP 	polygon: autoDraw = True
134.0773 	EXP 	Photodiode_polygon: autoDraw = True
134.0885 	EXP 	Photodiode_polygon: autoDraw = False
134.6564 	DATA 	Mouse: Left button down, pos=(1485,1310)
134.6660 	EXP 	PLUS_FP: autoDraw = False
134.6660 	EXP 	polygon: autoDraw = False
134.6660 	EXP 	Photodiode_polygon: autoDraw = False
134.6660 	EXP 	Photodiode_plus: autoDraw = False
134.6660 	EXP 	Photodiode_2: autoDraw = True
134.8779 	DATA 	Mouse:  Left button up, pos=(1485,1310)
134.9660 	EXP 	Photodiode_2: autoDraw = False
135.9782 	EXP 	New trial (rep=9, index=0): <Trial 9 (0 in rep 9) data={'thisN': 9, 'thisTrialN': 0, 'thisRepN': 9}>
135.9884 	EXP 	text: autoDraw = False
135.9884 	EXP 	Photodiode_2: autoDraw = False
135.9884 	EXP 	PLUS_FP: autoDraw = True
135.9884 	EXP 	Photodiode_plus: autoDraw = True
136.1883 	EXP 	Photodiode_plus: autoDraw = False
136.4774 	EXP 	PLUS_FP: autoDraw = False
136.4774 	EXP 	polygon: autoDraw = True
136.4774 	EXP 	Photodiode_polygon: autoDraw = True
136.4884 	EXP 	Photodiode_polygon: autoDraw = False
137.0895 	DATA 	Mouse: Left button down, pos=(1485,1310)
137.0996 	EXP 	PLUS_FP: autoDraw = False
137.0996 	EXP 	polygon: autoDraw = False
137.0996 	EXP 	Photodiode_polygon: autoDraw = False
137.0996 	EXP 	Photodiode_plus: autoDraw = False
137.0996 	EXP 	Photodiode_2: autoDraw = True
137.3111 	DATA 	Mouse:  Left button up, pos=(1485,1310)
137.3995 	EXP 	Photodiode_2: autoDraw = False
138.7216 	EXP 	text: autoDraw = False
138.7216 	EXP 	Photodiode_2: autoDraw = False
138.7216 	EXP 	text_3: autoDraw = True
141.0581 	DATA 	Keypress: space
141.0681 	EXP 	New trial (rep=4, index=0): <Trial 4 (0 in rep 4) data={'thisN': 4, 'thisTrialN': 0, 'thisRepN': 4}>
141.0685 	EXP 	New trial (rep=0, index=0): <Trial 0 (0 in rep 0) data={'thisN': 0, 'thisTrialN': 0, 'thisRepN': 0}>
141.0772 	EXP 	text_3: autoDraw = False
141.0772 	EXP 	PLUS_FP: autoDraw = True
141.0772 	EXP 	Photodiode_plus: autoDraw = True
141.2769 	EXP 	Photodiode_plus: autoDraw = False
141.5661 	EXP 	PLUS_FP: autoDraw = False
141.5661 	EXP 	polygon: autoDraw = True
141.5661 	EXP 	Photodiode_polygon: autoDraw = True
141.5772 	EXP 	Photodiode_polygon: autoDraw = False
141.9559 	DATA 	Mouse: Left button down, pos=(1485,1310)
141.9659 	EXP 	PLUS_FP: autoDraw = False
141.9659 	EXP 	polygon: autoDraw = False
141.9659 	EXP 	Photodiode_polygon: autoDraw = False
141.9659 	EXP 	Photodiode_plus: autoDraw = False
141.9659 	EXP 	Photodiode_2: autoDraw = True
142.1784 	DATA 	Mouse:  Left button up, pos=(1485,1310)
142.2660 	EXP 	Photodiode_2: autoDraw = False
143.4002 	EXP 	New trial (rep=1, index=0): <Trial 1 (0 in rep 1) data={'thisN': 1, 'thisTrialN': 0, 'thisRepN': 1}>
143.4103 	EXP 	text: autoDraw = False
143.4103 	EXP 	Photodiode_2: autoDraw = False
143.4103 	EXP 	PLUS_FP: autoDraw = True
143.4103 	EXP 	Photodiode_plus: autoDraw = True
143.6104 	EXP 	Photodiode_plus: autoDraw = False
143.8994 	EXP 	PLUS_FP: autoDraw = False
143.8994 	EXP 	polygon: autoDraw = True
143.8994 	EXP 	Photodiode_polygon: autoDraw = True
143.9107 	EXP 	Photodiode_polygon: autoDraw = False
144.3889 	DATA 	Mouse: Left button down, pos=(1485,1310)
144.3991 	EXP 	PLUS_FP: autoDraw = False
144.3991 	EXP 	polygon: autoDraw = False
144.3991 	EXP 	Photodiode_polygon: autoDraw = False
144.3991 	EXP 	Photodiode_plus: autoDraw = False
144.3991 	EXP 	Photodiode_2: autoDraw = True
144.6108 	DATA 	Mouse:  Left button up, pos=(1485,1310)
144.6993 	EXP 	Photodiode_2: autoDraw = False
145.8442 	EXP 	New trial (rep=2, index=0): <Trial 2 (0 in rep 2) data={'thisN': 2, 'thisTrialN': 0, 'thisRepN': 2}>
145.8546 	EXP 	text: autoDraw = False
145.8546 	EXP 	Photodiode_2: autoDraw = False
145.8546 	EXP 	PLUS_FP: autoDraw = True
145.8546 	EXP 	Photodiode_plus: autoDraw = True
146.0548 	EXP 	Photodiode_plus: autoDraw = False
146.3440 	EXP 	PLUS_FP: autoDraw = False
146.3440 	EXP 	polygon: autoDraw = True
146.3440 	EXP 	Photodiode_polygon: autoDraw = True
146.3550 	EXP 	Photodiode_polygon: autoDraw = False
146.7020 	DATA 	Mouse: Left button down, pos=(1485,1310)
146.7214 	EXP 	PLUS_FP: autoDraw = False
146.7214 	EXP 	polygon: autoDraw = False
146.7214 	EXP 	Photodiode_polygon: autoDraw = False
146.7214 	EXP 	Photodiode_plus: autoDraw = False
146.7214 	EXP 	Photodiode_2: autoDraw = True
146.9221 	DATA 	Mouse:  Left button up, pos=(1485,1310)
147.0217 	EXP 	Photodiode_2: autoDraw = False
148.0230 	EXP 	New trial (rep=3, index=0): <Trial 3 (0 in rep 3) data={'thisN': 3, 'thisTrialN': 0, 'thisRepN': 3}>
148.0327 	EXP 	text: autoDraw = False
148.0327 	EXP 	Photodiode_2: autoDraw = False
148.0327 	EXP 	PLUS_FP: autoDraw = True
148.0327 	EXP 	Photodiode_plus: autoDraw = True
148.2327 	EXP 	Photodiode_plus: autoDraw = False
149.2885 	EXP 	PLUS_FP: autoDraw = False
149.2885 	EXP 	polygon: autoDraw = True
149.2885 	EXP 	Photodiode_polygon: autoDraw = True
149.2997 	EXP 	Photodiode_polygon: autoDraw = False
149.6556 	DATA 	Mouse: Left button down, pos=(1485,1310)
149.6660 	EXP 	PLUS_FP: autoDraw = False
149.6660 	EXP 	polygon: autoDraw = False
149.6660 	EXP 	Photodiode_polygon: autoDraw = False
149.6660 	EXP 	Photodiode_plus: autoDraw = False
149.6660 	EXP 	Photodiode_2: autoDraw = True
149.8777 	DATA 	Mouse:  Left button up, pos=(1485,1310)
149.9661 	EXP 	Photodiode_2: autoDraw = False
150.8552 	EXP 	New trial (rep=4, index=0): <Trial 4 (0 in rep 4) data={'thisN': 4, 'thisTrialN': 0, 'thisRepN': 4}>
150.8657 	EXP 	text: autoDraw = False
150.8657 	EXP 	Photodiode_2: autoDraw = False
150.8657 	EXP 	PLUS_FP: autoDraw = True
150.8657 	EXP 	Photodiode_plus: autoDraw = True
151.0660 	EXP 	Photodiode_plus: autoDraw = False
151.3550 	EXP 	PLUS_FP: autoDraw = False
151.3550 	EXP 	polygon: autoDraw = True
151.3550 	EXP 	Photodiode_polygon: autoDraw = True
151.3663 	EXP 	Photodiode_polygon: autoDraw = False
152.0448 	DATA 	Mouse: Left button down, pos=(1485,1310)
152.0549 	EXP 	PLUS_FP: autoDraw = False
152.0549 	EXP 	polygon: autoDraw = False
152.0549 	EXP 	Photodiode_polygon: autoDraw = False
152.0549 	EXP 	Photodiode_plus: autoDraw = False
152.0549 	EXP 	Photodiode_2: autoDraw = True
152.2666 	DATA 	Mouse:  Left button up, pos=(1485,1310)
152.3548 	EXP 	Photodiode_2: autoDraw = False
153.4561 	EXP 	New trial (rep=5, index=0): <Trial 5 (0 in rep 5) data={'thisN': 5, 'thisTrialN': 0, 'thisRepN': 5}>
153.4660 	EXP 	text: autoDraw = False
153.4660 	EXP 	Photodiode_2: autoDraw = False
153.4660 	EXP 	PLUS_FP: autoDraw = True
153.4660 	EXP 	Photodiode_plus: autoDraw = True
153.6661 	EXP 	Photodiode_plus: autoDraw = False
155.4552 	EXP 	PLUS_FP: autoDraw = False
155.4552 	EXP 	polygon: autoDraw = True
155.4552 	EXP 	Photodiode_polygon: autoDraw = True
155.4662 	EXP 	Photodiode_polygon: autoDraw = False
155.8219 	DATA 	Mouse: Left button down, pos=(1485,1310)
155.8323 	EXP 	PLUS_FP: autoDraw = False
155.8323 	EXP 	polygon: autoDraw = False
155.8323 	EXP 	Photodiode_polygon: autoDraw = False
155.8323 	EXP 	Photodiode_plus: autoDraw = False
155.8323 	EXP 	Photodiode_2: autoDraw = True
156.0445 	DATA 	Mouse:  Left button up, pos=(1485,1310)
156.1315 	EXP 	Photodiode_2: autoDraw = False
157.1560 	EXP 	New trial (rep=6, index=0): <Trial 6 (0 in rep 6) data={'thisN': 6, 'thisTrialN': 0, 'thisRepN': 6}>
157.1657 	EXP 	text: autoDraw = False
157.1657 	EXP 	Photodiode_2: autoDraw = False
157.1657 	EXP 	PLUS_FP: autoDraw = True
157.1657 	EXP 	Photodiode_plus: autoDraw = True
157.3655 	EXP 	Photodiode_plus: autoDraw = False
158.3215 	EXP 	PLUS_FP: autoDraw = False
158.3215 	EXP 	polygon: autoDraw = True
158.3215 	EXP 	Photodiode_polygon: autoDraw = True
158.3327 	EXP 	Photodiode_polygon: autoDraw = False
158.8667 	DATA 	Mouse: Left button down, pos=(1485,1310)
158.8770 	EXP 	PLUS_FP: autoDraw = False
158.8770 	EXP 	polygon: autoDraw = False
158.8770 	EXP 	Photodiode_polygon: autoDraw = False
158.8770 	EXP 	Photodiode_plus: autoDraw = False
158.8770 	EXP 	Photodiode_2: autoDraw = True
159.0887 	DATA 	Mouse:  Left button up, pos=(1485,1310)
159.1768 	EXP 	Photodiode_2: autoDraw = False
160.5554 	EXP 	New trial (rep=7, index=0): <Trial 7 (0 in rep 7) data={'thisN': 7, 'thisTrialN': 0, 'thisRepN': 7}>
160.5656 	EXP 	text: autoDraw = False
160.5656 	EXP 	Photodiode_2: autoDraw = False
160.5656 	EXP 	PLUS_FP: autoDraw = True
160.5656 	EXP 	Photodiode_plus: autoDraw = True
160.7656 	EXP 	Photodiode_plus: autoDraw = False
161.0549 	EXP 	PLUS_FP: autoDraw = False
161.0549 	EXP 	polygon: autoDraw = True
161.0549 	EXP 	Photodiode_polygon: autoDraw = True
161.0665 	EXP 	Photodiode_polygon: autoDraw = False
161.4438 	DATA 	Mouse: Left button down, pos=(1485,1310)
161.4545 	EXP 	PLUS_FP: autoDraw = False
161.4545 	EXP 	polygon: autoDraw = False
161.4545 	EXP 	Photodiode_polygon: autoDraw = False
161.4545 	EXP 	Photodiode_plus: autoDraw = False
161.4545 	EXP 	Photodiode_2: autoDraw = True
161.6560 	DATA 	Mouse:  Left button up, pos=(1485,1310)
161.7546 	EXP 	Photodiode_2: autoDraw = False
162.8999 	EXP 	New trial (rep=8, index=0): <Trial 8 (0 in rep 8) data={'thisN': 8, 'thisTrialN': 0, 'thisRepN': 8}>
162.9100 	EXP 	text: autoDraw = False
162.9100 	EXP 	Photodiode_2: autoDraw = False
162.9100 	EXP 	PLUS_FP: autoDraw = True
162.9100 	EXP 	Photodiode_plus: autoDraw = True
163.1102 	EXP 	Photodiode_plus: autoDraw = False
164.8992 	EXP 	PLUS_FP: autoDraw = False
164.8992 	EXP 	polygon: autoDraw = True
164.8992 	EXP 	Photodiode_polygon: autoDraw = True
164.9103 	EXP 	Photodiode_polygon: autoDraw = False
165.2778 	DATA 	Mouse: Left button down, pos=(1485,1310)
165.2878 	EXP 	PLUS_FP: autoDraw = False
165.2878 	EXP 	polygon: autoDraw = False
165.2878 	EXP 	Photodiode_polygon: autoDraw = False
165.2878 	EXP 	Photodiode_plus: autoDraw = False
165.2878 	EXP 	Photodiode_2: autoDraw = True
165.4884 	DATA 	Mouse:  Left button up, pos=(1485,1310)
165.5877 	EXP 	Photodiode_2: autoDraw = False
166.6668 	EXP 	New trial (rep=9, index=0): <Trial 9 (0 in rep 9) data={'thisN': 9, 'thisTrialN': 0, 'thisRepN': 9}>
166.6769 	EXP 	text: autoDraw = False
166.6769 	EXP 	Photodiode_2: autoDraw = False
166.6769 	EXP 	PLUS_FP: autoDraw = True
166.6769 	EXP 	Photodiode_plus: autoDraw = True
166.8767 	EXP 	Photodiode_plus: autoDraw = False
167.1659 	EXP 	PLUS_FP: autoDraw = False
167.1659 	EXP 	polygon: autoDraw = True
167.1659 	EXP 	Photodiode_polygon: autoDraw = True
167.1770 	EXP 	Photodiode_polygon: autoDraw = False
167.6897 	DATA 	Mouse: Left button down, pos=(1485,1310)
167.7101 	EXP 	PLUS_FP: autoDraw = False
167.7101 	EXP 	polygon: autoDraw = False
167.7101 	EXP 	Photodiode_polygon: autoDraw = False
167.7101 	EXP 	Photodiode_plus: autoDraw = False
167.7101 	EXP 	Photodiode_2: autoDraw = True
167.9120 	DATA 	Mouse:  Left button up, pos=(1485,1310)
168.0100 	EXP 	Photodiode_2: autoDraw = False
169.2989 	EXP 	text: autoDraw = False
169.2989 	EXP 	Photodiode_2: autoDraw = False
169.2989 	EXP 	text_3: autoDraw = True
170.7895 	EXP 	New trial (rep=5, index=0): <Trial 5 (0 in rep 5) data={'thisN': 5, 'thisTrialN': 0, 'thisRepN': 5}>
170.7898 	EXP 	New trial (rep=0, index=0): <Trial 0 (0 in rep 0) data={'thisN': 0, 'thisTrialN': 0, 'thisRepN': 0}>
170.7902 	DATA 	Keypress: space
170.7987 	EXP 	text_3: autoDraw = False
170.7987 	EXP 	PLUS_FP: autoDraw = True
170.7987 	EXP 	Photodiode_plus: autoDraw = True
170.9988 	EXP 	Photodiode_plus: autoDraw = False
171.2880 	EXP 	PLUS_FP: autoDraw = False
171.2880 	EXP 	polygon: autoDraw = True
171.2880 	EXP 	Photodiode_polygon: autoDraw = True
171.2990 	EXP 	Photodiode_polygon: autoDraw = False
171.8781 	DATA 	Mouse: Left button down, pos=(1485,1310)
171.8989 	EXP 	PLUS_FP: autoDraw = False
171.8989 	EXP 	polygon: autoDraw = False
171.8989 	EXP 	Photodiode_polygon: autoDraw = False
171.8989 	EXP 	Photodiode_plus: autoDraw = False
171.8989 	EXP 	Photodiode_2: autoDraw = True
172.0997 	DATA 	Mouse:  Left button up, pos=(1485,1310)
172.1990 	EXP 	Photodiode_2: autoDraw = False
173.2771 	EXP 	New trial (rep=1, index=0): <Trial 1 (0 in rep 1) data={'thisN': 1, 'thisTrialN': 0, 'thisRepN': 1}>
173.2878 	EXP 	text: autoDraw = False
173.2878 	EXP 	Photodiode_2: autoDraw = False
173.2878 	EXP 	PLUS_FP: autoDraw = True
173.2878 	EXP 	Photodiode_plus: autoDraw = True
173.4877 	EXP 	Photodiode_plus: autoDraw = False
175.2768 	EXP 	PLUS_FP: autoDraw = False
175.2768 	EXP 	polygon: autoDraw = True
175.2768 	EXP 	Photodiode_polygon: autoDraw = True
175.2881 	EXP 	Photodiode_polygon: autoDraw = False
175.8438 	DATA 	Mouse: Left button down, pos=(1485,1310)
175.8544 	EXP 	PLUS_FP: autoDraw = False
175.8544 	EXP 	polygon: autoDraw = False
175.8544 	EXP 	Photodiode_polygon: autoDraw = False
175.8544 	EXP 	Photodiode_plus: autoDraw = False
175.8544 	EXP 	Photodiode_2: autoDraw = True
176.0760 	DATA 	Mouse:  Left button up, pos=(1485,1310)
176.1534 	EXP 	Photodiode_2: autoDraw = False
177.5008 	EXP 	New trial (rep=2, index=0): <Trial 2 (0 in rep 2) data={'thisN': 2, 'thisTrialN': 0, 'thisRepN': 2}>
177.5101 	EXP 	text: autoDraw = False
177.5101 	EXP 	Photodiode_2: autoDraw = False
177.5101 	EXP 	PLUS_FP: autoDraw = True
177.5101 	EXP 	Photodiode_plus: autoDraw = True
177.7101 	EXP 	Photodiode_plus: autoDraw = False
177.9978 	EXP 	PLUS_FP: autoDraw = False
177.9978 	EXP 	polygon: autoDraw = True
177.9978 	EXP 	Photodiode_polygon: autoDraw = True
178.0090 	EXP 	Photodiode_polygon: autoDraw = False
178.4896 	DATA 	Mouse: Left button down, pos=(1485,1310)
178.4978 	EXP 	PLUS_FP: autoDraw = False
178.4978 	EXP 	polygon: autoDraw = False
178.4978 	EXP 	Photodiode_polygon: autoDraw = False
178.4978 	EXP 	Photodiode_plus: autoDraw = False
178.4978 	EXP 	Photodiode_2: autoDraw = True
178.7111 	DATA 	Mouse:  Left button up, pos=(1485,1310)
178.7990 	EXP 	Photodiode_2: autoDraw = False
179.7117 	EXP 	New trial (rep=3, index=0): <Trial 3 (0 in rep 3) data={'thisN': 3, 'thisTrialN': 0, 'thisRepN': 3}>
179.7212 	EXP 	text: autoDraw = False
179.7212 	EXP 	Photodiode_2: autoDraw = False
179.7212 	EXP 	PLUS_FP: autoDraw = True
179.7212 	EXP 	Photodiode_plus: autoDraw = True
179.9213 	EXP 	Photodiode_plus: autoDraw = False
181.7103 	EXP 	PLUS_FP: autoDraw = False
181.7103 	EXP 	polygon: autoDraw = True
181.7103 	EXP 	Photodiode_polygon: autoDraw = True
181.7214 	EXP 	Photodiode_polygon: autoDraw = False
182.1224 	DATA 	Mouse: Left button down, pos=(1485,1310)
182.1323 	EXP 	PLUS_FP: autoDraw = False
182.1323 	EXP 	polygon: autoDraw = False
182.1323 	EXP 	Photodiode_polygon: autoDraw = False
182.1323 	EXP 	Photodiode_plus: autoDraw = False
182.1323 	EXP 	Photodiode_2: autoDraw = True
182.3564 	DATA 	Mouse:  Left button up, pos=(1485,1310)
182.4324 	EXP 	Photodiode_2: autoDraw = False
183.7778 	EXP 	New trial (rep=4, index=0): <Trial 4 (0 in rep 4) data={'thisN': 4, 'thisTrialN': 0, 'thisRepN': 4}>
183.7877 	EXP 	text: autoDraw = False
183.7877 	EXP 	Photodiode_2: autoDraw = False
183.7877 	EXP 	PLUS_FP: autoDraw = True
183.7877 	EXP 	Photodiode_plus: autoDraw = True
183.9880 	EXP 	Photodiode_plus: autoDraw = False
185.7755 	EXP 	PLUS_FP: autoDraw = False
185.7755 	EXP 	polygon: autoDraw = True
185.7755 	EXP 	Photodiode_polygon: autoDraw = True
185.7866 	EXP 	Photodiode_polygon: autoDraw = False
186.2886 	DATA 	Mouse: Left button down, pos=(1485,1310)
186.2987 	EXP 	PLUS_FP: autoDraw = False
186.2987 	EXP 	polygon: autoDraw = False
186.2987 	EXP 	Photodiode_polygon: autoDraw = False
186.2987 	EXP 	Photodiode_plus: autoDraw = False
186.2987 	EXP 	Photodiode_2: autoDraw = True
186.4992 	DATA 	Mouse:  Left button up, pos=(1485,1310)
186.5990 	EXP 	Photodiode_2: autoDraw = False
187.9564 	EXP 	New trial (rep=5, index=0): <Trial 5 (0 in rep 5) data={'thisN': 5, 'thisTrialN': 0, 'thisRepN': 5}>
187.9657 	EXP 	text: autoDraw = False
187.9657 	EXP 	Photodiode_2: autoDraw = False
187.9657 	EXP 	PLUS_FP: autoDraw = True
187.9657 	EXP 	Photodiode_plus: autoDraw = True
188.1656 	EXP 	Photodiode_plus: autoDraw = False
189.9546 	EXP 	PLUS_FP: autoDraw = False
189.9546 	EXP 	polygon: autoDraw = True
189.9546 	EXP 	Photodiode_polygon: autoDraw = True
189.9656 	EXP 	Photodiode_polygon: autoDraw = False
190.5110 	DATA 	Mouse: Left button down, pos=(1485,1310)
190.5209 	EXP 	PLUS_FP: autoDraw = False
190.5209 	EXP 	polygon: autoDraw = False
190.5209 	EXP 	Photodiode_polygon: autoDraw = False
190.5209 	EXP 	Photodiode_plus: autoDraw = False
190.5209 	EXP 	Photodiode_2: autoDraw = True
190.7332 	DATA 	Mouse:  Left button up, pos=(1485,1310)
190.8213 	EXP 	Photodiode_2: autoDraw = False
191.7671 	EXP 	New trial (rep=6, index=0): <Trial 6 (0 in rep 6) data={'thisN': 6, 'thisTrialN': 0, 'thisRepN': 6}>
191.7767 	EXP 	text: autoDraw = False
191.7767 	EXP 	Photodiode_2: autoDraw = False
191.7767 	EXP 	PLUS_FP: autoDraw = True
191.7767 	EXP 	Photodiode_plus: autoDraw = True
191.9764 	EXP 	Photodiode_plus: autoDraw = False
193.7655 	EXP 	PLUS_FP: autoDraw = False
193.7655 	EXP 	polygon: autoDraw = True
193.7655 	EXP 	Photodiode_polygon: autoDraw = True
193.7766 	EXP 	Photodiode_polygon: autoDraw = False
194.2690 	DATA 	Mouse: Left button down, pos=(1485,1310)
194.2875 	EXP 	PLUS_FP: autoDraw = False
194.2875 	EXP 	polygon: autoDraw = False
194.2875 	EXP 	Photodiode_polygon: autoDraw = False
194.2875 	EXP 	Photodiode_plus: autoDraw = False
194.2875 	EXP 	Photodiode_2: autoDraw = True
194.4882 	DATA 	Mouse:  Left button up, pos=(1485,1310)
194.5877 	EXP 	Photodiode_2: autoDraw = False
195.6664 	EXP 	New trial (rep=7, index=0): <Trial 7 (0 in rep 7) data={'thisN': 7, 'thisTrialN': 0, 'thisRepN': 7}>
195.6762 	EXP 	text: autoDraw = False
195.6762 	EXP 	Photodiode_2: autoDraw = False
195.6762 	EXP 	PLUS_FP: autoDraw = True
195.6762 	EXP 	Photodiode_plus: autoDraw = True
195.8761 	EXP 	Photodiode_plus: autoDraw = False
197.6655 	EXP 	PLUS_FP: autoDraw = False
197.6655 	EXP 	polygon: autoDraw = True
197.6655 	EXP 	Photodiode_polygon: autoDraw = True
197.6765 	EXP 	Photodiode_polygon: autoDraw = False
198.0441 	DATA 	Mouse: Left button down, pos=(1485,1310)
198.0541 	EXP 	PLUS_FP: autoDraw = False
198.0541 	EXP 	polygon: autoDraw = False
198.0541 	EXP 	Photodiode_polygon: autoDraw = False
198.0541 	EXP 	Photodiode_plus: autoDraw = False
198.0541 	EXP 	Photodiode_2: autoDraw = True
198.2656 	DATA 	Mouse:  Left button up, pos=(1485,1310)
198.3541 	EXP 	Photodiode_2: autoDraw = False
199.5995 	EXP 	New trial (rep=8, index=0): <Trial 8 (0 in rep 8) data={'thisN': 8, 'thisTrialN': 0, 'thisRepN': 8}>
199.6095 	EXP 	text: autoDraw = False
199.6095 	EXP 	Photodiode_2: autoDraw = False
199.6095 	EXP 	PLUS_FP: autoDraw = True
199.6095 	EXP 	Photodiode_plus: autoDraw = True
199.8097 	EXP 	Photodiode_plus: autoDraw = False
200.0989 	EXP 	PLUS_FP: autoDraw = False
200.0989 	EXP 	polygon: autoDraw = True
200.0989 	EXP 	Photodiode_polygon: autoDraw = True
200.1098 	EXP 	Photodiode_polygon: autoDraw = False
200.5995 	DATA 	Mouse: Left button down, pos=(1485,1310)
200.6097 	EXP 	PLUS_FP: autoDraw = False
200.6097 	EXP 	polygon: autoDraw = False
200.6097 	EXP 	Photodiode_polygon: autoDraw = False
200.6097 	EXP 	Photodiode_plus: autoDraw = False
200.6097 	EXP 	Photodiode_2: autoDraw = True
200.8211 	DATA 	Mouse:  Left button up, pos=(1485,1310)
200.9095 	EXP 	Photodiode_2: autoDraw = False
201.9326 	EXP 	New trial (rep=9, index=0): <Trial 9 (0 in rep 9) data={'thisN': 9, 'thisTrialN': 0, 'thisRepN': 9}>
201.9428 	EXP 	text: autoDraw = False
201.9428 	EXP 	Photodiode_2: autoDraw = False
201.9428 	EXP 	PLUS_FP: autoDraw = True
201.9428 	EXP 	Photodiode_plus: autoDraw = True
202.1430 	EXP 	Photodiode_plus: autoDraw = False
202.4323 	EXP 	PLUS_FP: autoDraw = False
202.4323 	EXP 	polygon: autoDraw = True
202.4323 	EXP 	Photodiode_polygon: autoDraw = True
202.4432 	EXP 	Photodiode_polygon: autoDraw = False
202.8660 	DATA 	Mouse: Left button down, pos=(1485,1310)
202.8762 	EXP 	PLUS_FP: autoDraw = False
202.8762 	EXP 	polygon: autoDraw = False
202.8762 	EXP 	Photodiode_polygon: autoDraw = False
202.8762 	EXP 	Photodiode_plus: autoDraw = False
202.8762 	EXP 	Photodiode_2: autoDraw = True
203.0994 	DATA 	Mouse:  Left button up, pos=(1485,1310)
203.1764 	EXP 	Photodiode_2: autoDraw = False
204.0985 	EXP 	text: autoDraw = False
204.0985 	EXP 	Photodiode_2: autoDraw = False
204.0985 	EXP 	text_3: autoDraw = True
204.9466 	DATA 	Keypress: space
204.9558 	EXP 	New trial (rep=6, index=0): <Trial 6 (0 in rep 6) data={'thisN': 6, 'thisTrialN': 0, 'thisRepN': 6}>
204.9562 	EXP 	New trial (rep=0, index=0): <Trial 0 (0 in rep 0) data={'thisN': 0, 'thisTrialN': 0, 'thisRepN': 0}>
204.9650 	EXP 	text_3: autoDraw = False
204.9650 	EXP 	PLUS_FP: autoDraw = True
204.9650 	EXP 	Photodiode_plus: autoDraw = True
205.1652 	EXP 	Photodiode_plus: autoDraw = False
206.9541 	EXP 	PLUS_FP: autoDraw = False
206.9541 	EXP 	polygon: autoDraw = True
206.9541 	EXP 	Photodiode_polygon: autoDraw = True
206.9653 	EXP 	Photodiode_polygon: autoDraw = False
207.3999 	DATA 	Mouse: Left button down, pos=(1485,1310)
207.4095 	EXP 	PLUS_FP: autoDraw = False
207.4095 	EXP 	polygon: autoDraw = False
207.4095 	EXP 	Photodiode_polygon: autoDraw = False
207.4095 	EXP 	Photodiode_plus: autoDraw = False
207.4095 	EXP 	Photodiode_2: autoDraw = True
207.6213 	DATA 	Mouse:  Left button up, pos=(1485,1310)
207.7095 	EXP 	Photodiode_2: autoDraw = False
208.6327 	EXP 	New trial (rep=1, index=0): <Trial 1 (0 in rep 1) data={'thisN': 1, 'thisTrialN': 0, 'thisRepN': 1}>
208.6428 	EXP 	text: autoDraw = False
208.6428 	EXP 	Photodiode_2: autoDraw = False
208.6428 	EXP 	PLUS_FP: autoDraw = True
208.6428 	EXP 	Photodiode_plus: autoDraw = True
208.8427 	EXP 	Photodiode_plus: autoDraw = False
210.6320 	EXP 	PLUS_FP: autoDraw = False
210.6320 	EXP 	polygon: autoDraw = True
210.6320 	EXP 	Photodiode_polygon: autoDraw = True
210.6431 	EXP 	Photodiode_polygon: autoDraw = False
211.1106 	DATA 	Mouse: Left button down, pos=(1485,1310)
211.1204 	EXP 	PLUS_FP: autoDraw = False
211.1204 	EXP 	polygon: autoDraw = False
211.1204 	EXP 	Photodiode_polygon: autoDraw = False
211.1204 	EXP 	Photodiode_plus: autoDraw = False
211.1204 	EXP 	Photodiode_2: autoDraw = True
211.3332 	DATA 	Mouse:  Left button up, pos=(1485,1310)
211.4207 	EXP 	Photodiode_2: autoDraw = False
212.3552 	EXP 	New trial (rep=2, index=0): <Trial 2 (0 in rep 2) data={'thisN': 2, 'thisTrialN': 0, 'thisRepN': 2}>
212.3651 	EXP 	text: autoDraw = False
212.3651 	EXP 	Photodiode_2: autoDraw = False
212.3651 	EXP 	PLUS_FP: autoDraw = True
212.3651 	EXP 	Photodiode_plus: autoDraw = True
212.5650 	EXP 	Photodiode_plus: autoDraw = False
212.8540 	EXP 	PLUS_FP: autoDraw = False
212.8540 	EXP 	polygon: autoDraw = True
212.8540 	EXP 	Photodiode_polygon: autoDraw = True
212.8651 	EXP 	Photodiode_polygon: autoDraw = False
213.2659 	DATA 	Mouse: Left button down, pos=(1485,1310)
213.2758 	EXP 	PLUS_FP: autoDraw = False
213.2758 	EXP 	polygon: autoDraw = False
213.2758 	EXP 	Photodiode_polygon: autoDraw = False
213.2758 	EXP 	Photodiode_plus: autoDraw = False
213.2758 	EXP 	Photodiode_2: autoDraw = True
213.4874 	DATA 	Mouse:  Left button up, pos=(1485,1310)
213.5761 	EXP 	Photodiode_2: autoDraw = False
214.8105 	EXP 	New trial (rep=3, index=0): <Trial 3 (0 in rep 3) data={'thisN': 3, 'thisTrialN': 0, 'thisRepN': 3}>
214.8206 	EXP 	text: autoDraw = False
214.8206 	EXP 	Photodiode_2: autoDraw = False
214.8206 	EXP 	PLUS_FP: autoDraw = True
214.8206 	EXP 	Photodiode_plus: autoDraw = True
215.0206 	EXP 	Photodiode_plus: autoDraw = False
215.3097 	EXP 	PLUS_FP: autoDraw = False
215.3097 	EXP 	polygon: autoDraw = True
215.3097 	EXP 	Photodiode_polygon: autoDraw = True
215.3208 	EXP 	Photodiode_polygon: autoDraw = False
215.7336 	DATA 	Mouse: Left button down, pos=(1485,1310)
215.7536 	EXP 	PLUS_FP: autoDraw = False
215.7536 	EXP 	polygon: autoDraw = False
215.7536 	EXP 	Photodiode_polygon: autoDraw = False
215.7536 	EXP 	Photodiode_plus: autoDraw = False
215.7536 	EXP 	Photodiode_2: autoDraw = True
215.9543 	DATA 	Mouse:  Left button up, pos=(1485,1310)
216.0538 	EXP 	Photodiode_2: autoDraw = False
217.2770 	EXP 	New trial (rep=4, index=0): <Trial 4 (0 in rep 4) data={'thisN': 4, 'thisTrialN': 0, 'thisRepN': 4}>
217.2872 	EXP 	text: autoDraw = False
217.2872 	EXP 	Photodiode_2: autoDraw = False
217.2872 	EXP 	PLUS_FP: autoDraw = True
217.2872 	EXP 	Photodiode_plus: autoDraw = True
217.4872 	EXP 	Photodiode_plus: autoDraw = False
217.7763 	EXP 	PLUS_FP: autoDraw = False
217.7763 	EXP 	polygon: autoDraw = True
217.7763 	EXP 	Photodiode_polygon: autoDraw = True
217.7874 	EXP 	Photodiode_polygon: autoDraw = False
218.5546 	DATA 	Mouse: Left button down, pos=(1485,1310)
218.5649 	EXP 	PLUS_FP: autoDraw = False
218.5649 	EXP 	polygon: autoDraw = False
218.5649 	EXP 	Photodiode_polygon: autoDraw = False
218.5649 	EXP 	Photodiode_plus: autoDraw = False
218.5649 	EXP 	Photodiode_2: autoDraw = True
218.7771 	DATA 	Mouse:  Left button up, pos=(1485,1310)
218.8648 	EXP 	Photodiode_2: autoDraw = False
220.1437 	EXP 	New trial (rep=5, index=0): <Trial 5 (0 in rep 5) data={'thisN': 5, 'thisTrialN': 0, 'thisRepN': 5}>
220.1539 	EXP 	text: autoDraw = False
220.1539 	EXP 	Photodiode_2: autoDraw = False
220.1539 	EXP 	PLUS_FP: autoDraw = True
220.1539 	EXP 	Photodiode_plus: autoDraw = True
220.3536 	EXP 	Photodiode_plus: autoDraw = False
220.6428 	EXP 	PLUS_FP: autoDraw = False
220.6428 	EXP 	polygon: autoDraw = True
220.6428 	EXP 	Photodiode_polygon: autoDraw = True
220.6540 	EXP 	Photodiode_polygon: autoDraw = False
221.0099 	DATA 	Mouse: Left button down, pos=(1485,1310)
221.0203 	EXP 	PLUS_FP: autoDraw = False
221.0203 	EXP 	polygon: autoDraw = False
221.0203 	EXP 	Photodiode_polygon: autoDraw = False
221.0203 	EXP 	Photodiode_plus: autoDraw = False
221.0203 	EXP 	Photodiode_2: autoDraw = True
221.2431 	DATA 	Mouse:  Left button up, pos=(1485,1310)
221.3205 	EXP 	Photodiode_2: autoDraw = False
222.3551 	EXP 	New trial (rep=6, index=0): <Trial 6 (0 in rep 6) data={'thisN': 6, 'thisTrialN': 0, 'thisRepN': 6}>
222.3648 	EXP 	text: autoDraw = False
222.3648 	EXP 	Photodiode_2: autoDraw = False
222.3648 	EXP 	PLUS_FP: autoDraw = True
222.3648 	EXP 	Photodiode_plus: autoDraw = True
222.5650 	EXP 	Photodiode_plus: autoDraw = False
223.3335 	DATA 	Mouse: Left button down, pos=(1485,1310)
223.3539 	EXP 	PLUS_FP: autoDraw = False
223.3539 	EXP 	polygon: autoDraw = False
223.3539 	EXP 	Photodiode_polygon: autoDraw = False
223.3539 	EXP 	Photodiode_plus: autoDraw = False
223.3539 	EXP 	text: autoDraw = True
223.3539 	EXP 	Photodiode_2: autoDraw = True
223.5432 	DATA 	Mouse:  Left button up, pos=(1485,1310)
223.6539 	EXP 	Photodiode_2: autoDraw = False
224.8990 	EXP 	New trial (rep=7, index=0): <Trial 7 (0 in rep 7) data={'thisN': 7, 'thisTrialN': 0, 'thisRepN': 7}>
224.9092 	EXP 	text: autoDraw = False
224.9092 	EXP 	Photodiode_2: autoDraw = False
224.9092 	EXP 	PLUS_FP: autoDraw = True
224.9092 	EXP 	Photodiode_plus: autoDraw = True
225.1092 	EXP 	Photodiode_plus: autoDraw = False
225.3983 	EXP 	PLUS_FP: autoDraw = False
225.3983 	EXP 	polygon: autoDraw = True
225.3983 	EXP 	Photodiode_polygon: autoDraw = True
225.4094 	EXP 	Photodiode_polygon: autoDraw = False
225.8545 	DATA 	Mouse: Left button down, pos=(1485,1310)
225.8648 	EXP 	PLUS_FP: autoDraw = False
225.8648 	EXP 	polygon: autoDraw = False
225.8648 	EXP 	Photodiode_polygon: autoDraw = False
225.8648 	EXP 	Photodiode_plus: autoDraw = False
225.8648 	EXP 	Photodiode_2: autoDraw = True
226.0766 	DATA 	Mouse:  Left button up, pos=(1485,1310)
226.1649 	EXP 	Photodiode_2: autoDraw = False
227.0877 	EXP 	New trial (rep=8, index=0): <Trial 8 (0 in rep 8) data={'thisN': 8, 'thisTrialN': 0, 'thisRepN': 8}>
227.0981 	EXP 	text: autoDraw = False
227.0981 	EXP 	Photodiode_2: autoDraw = False
227.0981 	EXP 	PLUS_FP: autoDraw = True
227.0981 	EXP 	Photodiode_plus: autoDraw = True
227.2981 	EXP 	Photodiode_plus: autoDraw = False
227.5872 	EXP 	PLUS_FP: autoDraw = False
227.5872 	EXP 	polygon: autoDraw = True
227.5872 	EXP 	Photodiode_polygon: autoDraw = True
227.5984 	EXP 	Photodiode_polygon: autoDraw = False
228.0567 	DATA 	Mouse: Left button down, pos=(1485,1310)
228.0759 	EXP 	PLUS_FP: autoDraw = False
228.0759 	EXP 	polygon: autoDraw = False
228.0759 	EXP 	Photodiode_polygon: autoDraw = False
228.0759 	EXP 	Photodiode_plus: autoDraw = False
228.0759 	EXP 	Photodiode_2: autoDraw = True
228.2763 	DATA 	Mouse:  Left button up, pos=(1485,1310)
228.3758 	EXP 	Photodiode_2: autoDraw = False
229.7098 	EXP 	New trial (rep=9, index=0): <Trial 9 (0 in rep 9) data={'thisN': 9, 'thisTrialN': 0, 'thisRepN': 9}>
229.7201 	EXP 	text: autoDraw = False
229.7201 	EXP 	Photodiode_2: autoDraw = False
229.7201 	EXP 	PLUS_FP: autoDraw = True
229.7201 	EXP 	Photodiode_plus: autoDraw = True
229.9203 	EXP 	Photodiode_plus: autoDraw = False
231.7094 	EXP 	PLUS_FP: autoDraw = False
231.7094 	EXP 	polygon: autoDraw = True
231.7094 	EXP 	Photodiode_polygon: autoDraw = True
231.7206 	EXP 	Photodiode_polygon: autoDraw = False
232.2770 	DATA 	Mouse: Left button down, pos=(1485,1310)
232.2870 	EXP 	PLUS_FP: autoDraw = False
232.2870 	EXP 	polygon: autoDraw = False
232.2870 	EXP 	Photodiode_polygon: autoDraw = False
232.2870 	EXP 	Photodiode_plus: autoDraw = False
232.2870 	EXP 	Photodiode_2: autoDraw = True
232.4987 	DATA 	Mouse:  Left button up, pos=(1485,1310)
232.5871 	EXP 	Photodiode_2: autoDraw = False
233.6425 	EXP 	text: autoDraw = False
233.6425 	EXP 	Photodiode_2: autoDraw = False
233.6425 	EXP 	text_3: autoDraw = True
235.3442 	EXP 	New trial (rep=7, index=0): <Trial 7 (0 in rep 7) data={'thisN': 7, 'thisTrialN': 0, 'thisRepN': 7}>
235.3446 	EXP 	New trial (rep=0, index=0): <Trial 0 (0 in rep 0) data={'thisN': 0, 'thisTrialN': 0, 'thisRepN': 0}>
235.3452 	DATA 	Keypress: space
235.3535 	EXP 	text_3: autoDraw = False
235.3535 	EXP 	PLUS_FP: autoDraw = True
235.3535 	EXP 	Photodiode_plus: autoDraw = True
235.5535 	EXP 	Photodiode_plus: autoDraw = False
237.3426 	EXP 	PLUS_FP: autoDraw = False
237.3426 	EXP 	polygon: autoDraw = True
237.3426 	EXP 	Photodiode_polygon: autoDraw = True
237.3537 	EXP 	Photodiode_polygon: autoDraw = False
237.8333 	DATA 	Mouse: Left button down, pos=(1485,1310)
237.8423 	EXP 	PLUS_FP: autoDraw = False
237.8423 	EXP 	polygon: autoDraw = False
237.8423 	EXP 	Photodiode_polygon: autoDraw = False
237.8423 	EXP 	Photodiode_plus: autoDraw = False
237.8423 	EXP 	Photodiode_2: autoDraw = True
238.0542 	DATA 	Mouse:  Left button up, pos=(1485,1310)
238.1424 	EXP 	Photodiode_2: autoDraw = False
239.0436 	EXP 	New trial (rep=1, index=0): <Trial 1 (0 in rep 1) data={'thisN': 1, 'thisTrialN': 0, 'thisRepN': 1}>
239.0536 	EXP 	text: autoDraw = False
239.0536 	EXP 	Photodiode_2: autoDraw = False
239.0536 	EXP 	PLUS_FP: autoDraw = True
239.0536 	EXP 	Photodiode_plus: autoDraw = True
239.2535 	EXP 	Photodiode_plus: autoDraw = False
241.0427 	EXP 	PLUS_FP: autoDraw = False
241.0427 	EXP 	polygon: autoDraw = True
241.0427 	EXP 	Photodiode_polygon: autoDraw = True
241.0537 	EXP 	Photodiode_polygon: autoDraw = False
241.5771 	DATA 	Mouse: Left button down, pos=(1485,1310)
241.5868 	EXP 	PLUS_FP: autoDraw = False
241.5868 	EXP 	polygon: autoDraw = False
241.5868 	EXP 	Photodiode_polygon: autoDraw = False
241.5868 	EXP 	Photodiode_plus: autoDraw = False
241.5868 	EXP 	Photodiode_2: autoDraw = True
241.8096 	DATA 	Mouse:  Left button up, pos=(1485,1310)
241.8868 	EXP 	Photodiode_2: autoDraw = False
242.8549 	EXP 	New trial (rep=2, index=0): <Trial 2 (0 in rep 2) data={'thisN': 2, 'thisTrialN': 0, 'thisRepN': 2}>
242.8646 	EXP 	text: autoDraw = False
242.8646 	EXP 	Photodiode_2: autoDraw = False
242.8646 	EXP 	PLUS_FP: autoDraw = True
242.8646 	EXP 	Photodiode_plus: autoDraw = True
243.0645 	EXP 	Photodiode_plus: autoDraw = False
244.8537 	EXP 	PLUS_FP: autoDraw = False
244.8537 	EXP 	polygon: autoDraw = True
244.8537 	EXP 	Photodiode_polygon: autoDraw = True
244.8649 	EXP 	Photodiode_polygon: autoDraw = False
245.2322 	DATA 	Mouse: Left button down, pos=(1485,1310)
245.2421 	EXP 	PLUS_FP: autoDraw = False
245.2421 	EXP 	polygon: autoDraw = False
245.2421 	EXP 	Photodiode_polygon: autoDraw = False
245.2421 	EXP 	Photodiode_plus: autoDraw = False
245.2421 	EXP 	Photodiode_2: autoDraw = True
245.4651 	DATA 	Mouse:  Left button up, pos=(1485,1310)
245.5423 	EXP 	Photodiode_2: autoDraw = False
246.7102 	EXP 	New trial (rep=3, index=0): <Trial 3 (0 in rep 3) data={'thisN': 3, 'thisTrialN': 0, 'thisRepN': 3}>
246.7201 	EXP 	text: autoDraw = False
246.7201 	EXP 	Photodiode_2: autoDraw = False
246.7201 	EXP 	PLUS_FP: autoDraw = True
246.7201 	EXP 	Photodiode_plus: autoDraw = True
246.9200 	EXP 	Photodiode_plus: autoDraw = False
247.2092 	EXP 	PLUS_FP: autoDraw = False
247.2092 	EXP 	polygon: autoDraw = True
247.2092 	EXP 	Photodiode_polygon: autoDraw = True
247.2204 	EXP 	Photodiode_polygon: autoDraw = False
247.8334 	DATA 	Mouse: Left button down, pos=(1485,1310)
247.8423 	EXP 	PLUS_FP: autoDraw = False
247.8423 	EXP 	polygon: autoDraw = False
247.8423 	EXP 	Photodiode_polygon: autoDraw = False
247.8423 	EXP 	Photodiode_plus: autoDraw = False
247.8423 	EXP 	Photodiode_2: autoDraw = True
248.0540 	DATA 	Mouse:  Left button up, pos=(1485,1310)
248.1421 	EXP 	Photodiode_2: autoDraw = False
249.4874 	EXP 	New trial (rep=4, index=0): <Trial 4 (0 in rep 4) data={'thisN': 4, 'thisTrialN': 0, 'thisRepN': 4}>
249.4978 	EXP 	text: autoDraw = False
249.4978 	EXP 	Photodiode_2: autoDraw = False
249.4978 	EXP 	PLUS_FP: autoDraw = True
249.4978 	EXP 	Photodiode_plus: autoDraw = True
249.6978 	EXP 	Photodiode_plus: autoDraw = False
249.9870 	EXP 	PLUS_FP: autoDraw = False
249.9870 	EXP 	polygon: autoDraw = True
249.9870 	EXP 	Photodiode_polygon: autoDraw = True
249.9979 	EXP 	Photodiode_polygon: autoDraw = False
250.3654 	DATA 	Mouse: Left button down, pos=(1485,1310)
250.3755 	EXP 	PLUS_FP: autoDraw = False
250.3755 	EXP 	polygon: autoDraw = False
250.3755 	EXP 	Photodiode_polygon: autoDraw = False
250.3755 	EXP 	Photodiode_plus: autoDraw = False
250.3755 	EXP 	Photodiode_2: autoDraw = True
250.5873 	DATA 	Mouse:  Left button up, pos=(1485,1310)
250.6756 	EXP 	Photodiode_2: autoDraw = False
251.5769 	EXP 	New trial (rep=5, index=0): <Trial 5 (0 in rep 5) data={'thisN': 5, 'thisTrialN': 0, 'thisRepN': 5}>
251.5868 	EXP 	text: autoDraw = False
251.5868 	EXP 	Photodiode_2: autoDraw = False
251.5868 	EXP 	PLUS_FP: autoDraw = True
251.5868 	EXP 	Photodiode_plus: autoDraw = True
251.7868 	EXP 	Photodiode_plus: autoDraw = False
253.5755 	EXP 	PLUS_FP: autoDraw = False
253.5755 	EXP 	polygon: autoDraw = True
253.5755 	EXP 	Photodiode_polygon: autoDraw = True
253.5868 	EXP 	Photodiode_polygon: autoDraw = False
253.9548 	DATA 	Mouse: Left button down, pos=(1485,1310)
253.9644 	EXP 	PLUS_FP: autoDraw = False
253.9644 	EXP 	polygon: autoDraw = False
253.9644 	EXP 	Photodiode_polygon: autoDraw = False
253.9644 	EXP 	Photodiode_plus: autoDraw = False
253.9644 	EXP 	Photodiode_2: autoDraw = True
254.1759 	DATA 	Mouse:  Left button up, pos=(1485,1310)
254.2643 	EXP 	Photodiode_2: autoDraw = False
255.5652 	EXP 	New trial (rep=6, index=0): <Trial 6 (0 in rep 6) data={'thisN': 6, 'thisTrialN': 0, 'thisRepN': 6}>
255.5756 	EXP 	text: autoDraw = False
255.5756 	EXP 	Photodiode_2: autoDraw = False
255.5756 	EXP 	PLUS_FP: autoDraw = True
255.5756 	EXP 	Photodiode_plus: autoDraw = True
255.7755 	EXP 	Photodiode_plus: autoDraw = False
256.9868 	EXP 	PLUS_FP: autoDraw = False
256.9868 	EXP 	polygon: autoDraw = True
256.9868 	EXP 	Photodiode_polygon: autoDraw = True
256.9980 	EXP 	Photodiode_polygon: autoDraw = False
257.3988 	DATA 	Mouse: Left button down, pos=(1485,1310)
257.4087 	EXP 	PLUS_FP: autoDraw = False
257.4087 	EXP 	polygon: autoDraw = False
257.4087 	EXP 	Photodiode_polygon: autoDraw = False
257.4087 	EXP 	Photodiode_plus: autoDraw = False
257.4087 	EXP 	Photodiode_2: autoDraw = True
257.6318 	DATA 	Mouse:  Left button up, pos=(1485,1310)
257.7087 	EXP 	Photodiode_2: autoDraw = False
258.9434 	EXP 	New trial (rep=7, index=0): <Trial 7 (0 in rep 7) data={'thisN': 7, 'thisTrialN': 0, 'thisRepN': 7}>
258.9536 	EXP 	text: autoDraw = False
258.9536 	EXP 	Photodiode_2: autoDraw = False
258.9536 	EXP 	PLUS_FP: autoDraw = True
258.9536 	EXP 	Photodiode_plus: autoDraw = True
259.1533 	EXP 	Photodiode_plus: autoDraw = False
259.9647 	EXP 	PLUS_FP: autoDraw = False
259.9647 	EXP 	polygon: autoDraw = True
259.9647 	EXP 	Photodiode_polygon: autoDraw = True
259.9757 	EXP 	Photodiode_polygon: autoDraw = False
260.4202 	DATA 	Mouse: Left button down, pos=(1485,1310)
260.4308 	EXP 	PLUS_FP: autoDraw = False
260.4308 	EXP 	polygon: autoDraw = False
260.4308 	EXP 	Photodiode_polygon: autoDraw = False
260.4308 	EXP 	Photodiode_plus: autoDraw = False
260.4308 	EXP 	Photodiode_2: autoDraw = True
260.6428 	DATA 	Mouse:  Left button up, pos=(1485,1310)
260.7310 	EXP 	Photodiode_2: autoDraw = False
261.8646 	EXP 	New trial (rep=8, index=0): <Trial 8 (0 in rep 8) data={'thisN': 8, 'thisTrialN': 0, 'thisRepN': 8}>
261.8753 	EXP 	text: autoDraw = False
261.8753 	EXP 	Photodiode_2: autoDraw = False
261.8753 	EXP 	PLUS_FP: autoDraw = True
261.8753 	EXP 	Photodiode_plus: autoDraw = True
262.0754 	EXP 	Photodiode_plus: autoDraw = False
262.3646 	EXP 	PLUS_FP: autoDraw = False
262.3646 	EXP 	polygon: autoDraw = True
262.3646 	EXP 	Photodiode_polygon: autoDraw = True
262.3755 	EXP 	Photodiode_polygon: autoDraw = False
262.8103 	DATA 	Mouse: Left button down, pos=(1485,1310)
262.8199 	EXP 	PLUS_FP: autoDraw = False
262.8199 	EXP 	polygon: autoDraw = False
262.8199 	EXP 	Photodiode_polygon: autoDraw = False
262.8199 	EXP 	Photodiode_plus: autoDraw = False
262.8199 	EXP 	Photodiode_2: autoDraw = True
263.0429 	DATA 	Mouse:  Left button up, pos=(1485,1310)
263.1199 	EXP 	Photodiode_2: autoDraw = False
264.1766 	EXP 	New trial (rep=9, index=0): <Trial 9 (0 in rep 9) data={'thisN': 9, 'thisTrialN': 0, 'thisRepN': 9}>
264.1866 	EXP 	text: autoDraw = False
264.1866 	EXP 	Photodiode_2: autoDraw = False
264.1866 	EXP 	PLUS_FP: autoDraw = True
264.1866 	EXP 	Photodiode_plus: autoDraw = True
264.3867 	EXP 	Photodiode_plus: autoDraw = False
264.6754 	EXP 	PLUS_FP: autoDraw = False
264.6754 	EXP 	polygon: autoDraw = True
264.6754 	EXP 	Photodiode_polygon: autoDraw = True
264.6868 	EXP 	Photodiode_polygon: autoDraw = False
265.1772 	DATA 	Mouse: Left button down, pos=(1485,1310)
265.1865 	EXP 	PLUS_FP: autoDraw = False
265.1865 	EXP 	polygon: autoDraw = False
265.1865 	EXP 	Photodiode_polygon: autoDraw = False
265.1865 	EXP 	Photodiode_plus: autoDraw = False
265.1865 	EXP 	Photodiode_2: autoDraw = True
265.3981 	DATA 	Mouse:  Left button up, pos=(1485,1310)
265.4864 	EXP 	Photodiode_2: autoDraw = False
266.6641 	EXP 	text: autoDraw = False
266.6641 	EXP 	Photodiode_2: autoDraw = False
266.6641 	EXP 	text_3: autoDraw = True
267.7554 	DATA 	Keypress: space
267.7641 	EXP 	text_3: autoDraw = False
267.7642 	EXP 	Foreperiod_task: status = STOPPED
