5.7467 	WARNING 	User requested fullscreen with size [1920 1080], but screen is actually [2560, 1600]. Using actual size
7.9329 	EXP 	Created window1 = Window(allowGUI=False, allowStencil=False, autoLog=True, backendConf=UNKNOWN, backgroundFit=<method-wrapper '__getattribute__' of attributeSetter object at 0x000001D622D76F20>, backgroundImage=<method-wrapper '__getattribute__' of attributeSetter object at 0x000001D622D76EC0>, bitsMode=UNKNOWN, blendMode='avg', bpc=(8, 8, 8), color=array([0, 0, 0]), colorSpace='rgb', depthBits=8, fullscr=True, gamma=None, gammaErrorPolicy='raise', infoMsg=UNKNOWN, lms=UNKNOWN, monitor=<psychopy.monitors.calibTools.Monitor object at 0x000001D622E50760>, multiSample=False, name='window1', numSamples=2, pos=[0.0, 0.0], screen=0, size=array([2560, 1600]), stencilBits=0, stereo=False, title='PsychoPy', units='height', useFBO=True, useRetina=False, viewOri=0.0, viewPos=None, viewScale=None, waitBlanking=True, winType='pyglet')
7.9330 	EXP 	window1: backgroundImage = ''
7.9331 	EXP 	window1: backgroundFit = 'none'
8.0912 	EXP 	window1: Attempting to measure frame rate of screen (0) ...
8.0912 	EXP 	window1: recordFrameIntervals = False
8.2053 	EXP 	window1: recordFrameIntervals = True
8.3278 	EXP 	Screen (0) actual frame rate measured at 89.95Hz
8.3278 	EXP 	window1: recordFrameIntervals = False
9.9120 	EXP 	Foreperiod_task: status = STARTED
9.9662 	EXP 	Created Welcome_Text = TextStim(__class__=<class 'psychopy.visual.text.TextStim'>, alignHoriz=method-wrapper(...), alignText='center', alignVert=method-wrapper(...), anchorHoriz='center', anchorVert='center', antialias=True, autoDraw=False, autoLog=True, bold=False, color=array([1., 1., 1.]), colorSpace='rgb', contrast=1.0, depth=0.0, draggable=False, flipHoriz=False, flipVert=False, font='Open Sans', fontFiles=[], height=0.05, italic=False, languageStyle='LTR', name='Welcome_Text', opacity=1, ori=0.0, pos=array([0., 0.]), rgb=UNKNOWN, text=str(...), units='height', win=Window(...), wrapWidth=1)
9.9775 	EXP 	Created PLUS_FP = ShapeStim(__class__=<class 'psychopy.visual.shape.ShapeStim'>, anchor=('center', 'center'), autoDraw=False, autoLog=True, closeShape=True, color=method-wrapper(...), colorSpace='rgb', contrast=None, depth=-1.0, draggable=False, fillColor=array([1, 1, 1]), fillColorSpace='rgb', fillRGB=array([1, 1, 1]), interpolate=True, lineColor=array([1., 1., 1.]), lineColorSpace='rgb', lineRGB=array([1, 1, 1]), lineWidth=1.0, name='PLUS_FP', opacity=1, ori=0.0, pos=array([0., 0.]), size=array([0.05, 0.05]), units='height', vertices=ndarray(...), win=Window(...), windingRule=None)
9.9785 	EXP 	Created polygon = ShapeStim(__class__=<class 'psychopy.visual.shape.ShapeStim'>, anchor=('center', 'center'), autoDraw=False, autoLog=True, closeShape=True, color=method-wrapper(...), colorSpace='rgb', contrast=None, depth=-2.0, draggable=False, fillColor=array([1, 1, 1]), fillColorSpace='rgb', fillRGB=array([1, 1, 1]), interpolate=True, lineColor=array([1., 1., 1.]), lineColorSpace='rgb', lineRGB=array([1, 1, 1]), lineWidth=1.0, name='polygon', opacity=1, ori=0.0, pos=array([0., 0.]), size=array([0.5, 0.5]), units='height', vertices=ndarray(...), win=Window(...), windingRule=None)
9.9793 	EXP 	Created Photodiode_polygon = Rect(__class__=<class 'psychopy.visual.rect.Rect'>, anchor=('center', 'center'), autoDraw=False, autoLog=True, closeShape=True, color=method-wrapper(...), colorSpace='rgb', contrast=None, depth=-4.0, draggable=False, fillColor=array([1, 1, 1]), fillColorSpace='rgb', fillRGB=array([1, 1, 1]), interpolate=True, lineColor=array([1., 1., 1.]), lineColorSpace='rgb', lineRGB=array([1, 1, 1]), lineWidth=1.0, name='Photodiode_polygon', opacity=1, ori=0.0, pos=array([ 0.735, -0.44 ]), size=array([0.11, 0.11]), units='height', vertices=ndarray(...), win=Window(...))
9.9800 	EXP 	Created Photodiode_plus = Rect(__class__=<class 'psychopy.visual.rect.Rect'>, anchor=('center', 'center'), autoDraw=False, autoLog=True, closeShape=True, color=method-wrapper(...), colorSpace='rgb', contrast=None, depth=-5.0, draggable=False, fillColor=array([1, 1, 1]), fillColorSpace='rgb', fillRGB=array([1, 1, 1]), interpolate=True, lineColor=array([1., 1., 1.]), lineColorSpace='rgb', lineRGB=array([1, 1, 1]), lineWidth=1.0, name='Photodiode_plus', opacity=1, ori=0.0, pos=array([ 0.735, -0.44 ]), size=array([0.11, 0.11]), units='height', vertices=ndarray(...), win=Window(...))
9.9805 	EXP 	Created text = TextStim(__class__=<class 'psychopy.visual.text.TextStim'>, alignHoriz=method-wrapper(...), alignText='center', alignVert=method-wrapper(...), anchorHoriz='center', anchorVert='center', antialias=True, autoDraw=False, autoLog=True, bold=False, color=array([1., 1., 1.]), colorSpace='rgb', contrast=1.0, depth=0.0, draggable=False, flipHoriz=False, flipVert=False, font='Open Sans', fontFiles=[], height=0.05, italic=False, languageStyle='LTR', name='text', opacity=1, ori=0.0, pos=array([ 0.  , -0.35]), rgb=UNKNOWN, text='', units='height', win=Window(...), wrapWidth=1)
9.9812 	EXP 	Created Photodiode_2 = Rect(__class__=<class 'psychopy.visual.rect.Rect'>, anchor=('center', 'center'), autoDraw=False, autoLog=True, closeShape=True, color=method-wrapper(...), colorSpace='rgb', contrast=None, depth=-2.0, draggable=False, fillColor=array([1, 1, 1]), fillColorSpace='rgb', fillRGB=array([1, 1, 1]), interpolate=True, lineColor=array([1., 1., 1.]), lineColorSpace='rgb', lineRGB=array([1, 1, 1]), lineWidth=1.0, name='Photodiode_2', opacity=1, ori=0.0, pos=array([ 0.735, -0.44 ]), size=array([0.11, 0.11]), units='height', vertices=ndarray(...), win=Window(...))
9.9819 	EXP 	Created text_3 = TextStim(__class__=<class 'psychopy.visual.text.TextStim'>, alignHoriz=method-wrapper(...), alignText='center', alignVert=method-wrapper(...), anchorHoriz='center', anchorVert='center', antialias=True, autoDraw=False, autoLog=True, bold=False, color=array([1., 1., 1.]), colorSpace='rgb', contrast=1.0, depth=-1.0, draggable=False, flipHoriz=False, flipVert=False, font='Arial', fontFiles=[], height=0.05, italic=False, languageStyle='LTR', name='text_3', opacity=1, ori=0.0, pos=array([0., 0.]), rgb=UNKNOWN, text='', units='height', win=Window(...), wrapWidth=1)
0.0071 	EXP 	Welcome_Text: autoDraw = True
1.8347 	DATA 	Keypress: space
3.4925 	DATA 	Mouse: Left button down, pos=(716,953)
3.5050 	EXP 	New trial (rep=0, index=0): <Trial 0 (0 in rep 0) data={'thisN': 0, 'thisTrialN': 0, 'thisRepN': 0}>
3.5053 	EXP 	New trial (rep=0, index=0): <Trial 0 (0 in rep 0) data={'thisN': 0, 'thisTrialN': 0, 'thisRepN': 0}>
3.5119 	EXP 	Welcome_Text: autoDraw = False
3.5119 	EXP 	PLUS_FP: autoDraw = True
3.5119 	EXP 	Photodiode_plus: autoDraw = True
3.7119 	EXP 	Photodiode_plus: autoDraw = False
3.7125 	DATA 	Mouse:  Left button up, pos=(716,953)
5.5009 	EXP 	PLUS_FP: autoDraw = False
5.5009 	EXP 	polygon: autoDraw = True
5.5009 	EXP 	Photodiode_polygon: autoDraw = True
5.5120 	EXP 	Photodiode_polygon: autoDraw = False
5.9124 	DATA 	Mouse: Left button down, pos=(716,953)
5.9229 	EXP 	PLUS_FP: autoDraw = False
5.9229 	EXP 	polygon: autoDraw = False
5.9229 	EXP 	Photodiode_polygon: autoDraw = False
5.9229 	EXP 	Photodiode_plus: autoDraw = False
5.9229 	EXP 	Photodiode_2: autoDraw = True
6.1233 	DATA 	Mouse:  Left button up, pos=(716,953)
6.2228 	EXP 	Photodiode_2: autoDraw = False
7.4789 	EXP 	New trial (rep=1, index=0): <Trial 1 (0 in rep 1) data={'thisN': 1, 'thisTrialN': 0, 'thisRepN': 1}>
7.4897 	EXP 	text: autoDraw = False
7.4897 	EXP 	Photodiode_2: autoDraw = False
7.4897 	EXP 	PLUS_FP: autoDraw = True
7.4897 	EXP 	Photodiode_plus: autoDraw = True
7.6896 	EXP 	Photodiode_plus: autoDraw = False
9.4787 	EXP 	PLUS_FP: autoDraw = False
9.4787 	EXP 	polygon: autoDraw = True
9.4787 	EXP 	Photodiode_polygon: autoDraw = True
9.4898 	EXP 	Photodiode_polygon: autoDraw = False
9.8794 	DATA 	Mouse: Left button down, pos=(716,953)
9.8896 	EXP 	PLUS_FP: autoDraw = False
9.8896 	EXP 	polygon: autoDraw = False
9.8896 	EXP 	Photodiode_polygon: autoDraw = False
9.8896 	EXP 	Photodiode_plus: autoDraw = False
9.8896 	EXP 	Photodiode_2: autoDraw = True
10.1125 	DATA 	Mouse:  Left button up, pos=(716,953)
10.1898 	EXP 	Photodiode_2: autoDraw = False
11.0796 	EXP 	New trial (rep=2, index=0): <Trial 2 (0 in rep 2) data={'thisN': 2, 'thisTrialN': 0, 'thisRepN': 2}>
11.0894 	EXP 	text: autoDraw = False
11.0894 	EXP 	Photodiode_2: autoDraw = False
11.0894 	EXP 	PLUS_FP: autoDraw = True
11.0894 	EXP 	Photodiode_plus: autoDraw = True
11.2894 	EXP 	Photodiode_plus: autoDraw = False
13.0787 	EXP 	PLUS_FP: autoDraw = False
13.0787 	EXP 	polygon: autoDraw = True
13.0787 	EXP 	Photodiode_polygon: autoDraw = True
13.0898 	EXP 	Photodiode_polygon: autoDraw = False
13.4688 	DATA 	Mouse: Left button down, pos=(716,953)
13.4784 	EXP 	PLUS_FP: autoDraw = False
13.4784 	EXP 	polygon: autoDraw = False
13.4784 	EXP 	Photodiode_polygon: autoDraw = False
13.4784 	EXP 	Photodiode_plus: autoDraw = False
13.4784 	EXP 	Photodiode_2: autoDraw = True
13.7013 	DATA 	Mouse:  Left button up, pos=(716,953)
13.7784 	EXP 	Photodiode_2: autoDraw = False
14.7350 	EXP 	New trial (rep=3, index=0): <Trial 3 (0 in rep 3) data={'thisN': 3, 'thisTrialN': 0, 'thisRepN': 3}>
14.7451 	EXP 	text: autoDraw = False
14.7451 	EXP 	Photodiode_2: autoDraw = False
14.7451 	EXP 	PLUS_FP: autoDraw = True
14.7451 	EXP 	Photodiode_plus: autoDraw = True
14.9451 	EXP 	Photodiode_plus: autoDraw = False
16.7341 	EXP 	PLUS_FP: autoDraw = False
16.7341 	EXP 	polygon: autoDraw = True
16.7341 	EXP 	Photodiode_polygon: autoDraw = True
16.7453 	EXP 	Photodiode_polygon: autoDraw = False
17.1132 	DATA 	Mouse: Left button down, pos=(716,953)
17.1227 	EXP 	PLUS_FP: autoDraw = False
17.1227 	EXP 	polygon: autoDraw = False
17.1227 	EXP 	Photodiode_polygon: autoDraw = False
17.1227 	EXP 	Photodiode_plus: autoDraw = False
17.1227 	EXP 	Photodiode_2: autoDraw = True
17.3458 	DATA 	Mouse:  Left button up, pos=(716,953)
17.4227 	EXP 	Photodiode_2: autoDraw = False
18.6237 	EXP 	New trial (rep=4, index=0): <Trial 4 (0 in rep 4) data={'thisN': 4, 'thisTrialN': 0, 'thisRepN': 4}>
18.6340 	EXP 	text: autoDraw = False
18.6340 	EXP 	Photodiode_2: autoDraw = False
18.6340 	EXP 	PLUS_FP: autoDraw = True
18.6340 	EXP 	Photodiode_plus: autoDraw = True
18.8338 	EXP 	Photodiode_plus: autoDraw = False
20.6230 	EXP 	PLUS_FP: autoDraw = False
20.6230 	EXP 	polygon: autoDraw = True
20.6230 	EXP 	Photodiode_polygon: autoDraw = True
20.6343 	EXP 	Photodiode_polygon: autoDraw = False
21.0247 	DATA 	Mouse: Left button down, pos=(716,953)
21.0450 	EXP 	PLUS_FP: autoDraw = False
21.0450 	EXP 	polygon: autoDraw = False
21.0450 	EXP 	Photodiode_polygon: autoDraw = False
21.0450 	EXP 	Photodiode_plus: autoDraw = False
21.0450 	EXP 	Photodiode_2: autoDraw = True
21.2565 	DATA 	Mouse:  Left button up, pos=(716,953)
21.3451 	EXP 	Photodiode_2: autoDraw = False
22.2576 	EXP 	New trial (rep=5, index=0): <Trial 5 (0 in rep 5) data={'thisN': 5, 'thisTrialN': 0, 'thisRepN': 5}>
22.2673 	EXP 	text: autoDraw = False
22.2673 	EXP 	Photodiode_2: autoDraw = False
22.2673 	EXP 	PLUS_FP: autoDraw = True
22.2673 	EXP 	Photodiode_plus: autoDraw = True
22.4673 	EXP 	Photodiode_plus: autoDraw = False
24.2563 	EXP 	PLUS_FP: autoDraw = False
24.2563 	EXP 	polygon: autoDraw = True
24.2563 	EXP 	Photodiode_polygon: autoDraw = True
24.2674 	EXP 	Photodiode_polygon: autoDraw = False
24.6359 	DATA 	Mouse: Left button down, pos=(716,953)
24.6560 	EXP 	PLUS_FP: autoDraw = False
24.6560 	EXP 	polygon: autoDraw = False
24.6560 	EXP 	Photodiode_polygon: autoDraw = False
24.6560 	EXP 	Photodiode_plus: autoDraw = False
24.6560 	EXP 	Photodiode_2: autoDraw = True
24.8676 	DATA 	Mouse:  Left button up, pos=(716,953)
24.9560 	EXP 	Photodiode_2: autoDraw = False
26.0684 	EXP 	New trial (rep=6, index=0): <Trial 6 (0 in rep 6) data={'thisN': 6, 'thisTrialN': 0, 'thisRepN': 6}>
26.0783 	EXP 	text: autoDraw = False
26.0783 	EXP 	Photodiode_2: autoDraw = False
26.0783 	EXP 	PLUS_FP: autoDraw = True
26.0783 	EXP 	Photodiode_plus: autoDraw = True
26.2783 	EXP 	Photodiode_plus: autoDraw = False
28.0673 	EXP 	PLUS_FP: autoDraw = False
28.0673 	EXP 	polygon: autoDraw = True
28.0673 	EXP 	Photodiode_polygon: autoDraw = True
28.0786 	EXP 	Photodiode_polygon: autoDraw = False
28.4569 	DATA 	Mouse: Left button down, pos=(716,953)
28.4670 	EXP 	PLUS_FP: autoDraw = False
28.4670 	EXP 	polygon: autoDraw = False
28.4670 	EXP 	Photodiode_polygon: autoDraw = False
28.4670 	EXP 	Photodiode_plus: autoDraw = False
28.4670 	EXP 	Photodiode_2: autoDraw = True
28.6685 	DATA 	Mouse:  Left button up, pos=(716,953)
28.7672 	EXP 	Photodiode_2: autoDraw = False
30.0238 	EXP 	New trial (rep=7, index=0): <Trial 7 (0 in rep 7) data={'thisN': 7, 'thisTrialN': 0, 'thisRepN': 7}>
30.0339 	EXP 	text: autoDraw = False
30.0339 	EXP 	Photodiode_2: autoDraw = False
30.0339 	EXP 	PLUS_FP: autoDraw = True
30.0339 	EXP 	Photodiode_plus: autoDraw = True
30.2339 	EXP 	Photodiode_plus: autoDraw = False
32.0216 	EXP 	PLUS_FP: autoDraw = False
32.0216 	EXP 	polygon: autoDraw = True
32.0216 	EXP 	Photodiode_polygon: autoDraw = True
32.0329 	EXP 	Photodiode_polygon: autoDraw = False
32.3568 	DATA 	Mouse: Left button down, pos=(716,953)
32.3671 	EXP 	PLUS_FP: autoDraw = False
32.3671 	EXP 	polygon: autoDraw = False
32.3671 	EXP 	Photodiode_polygon: autoDraw = False
32.3671 	EXP 	Photodiode_plus: autoDraw = False
32.3671 	EXP 	Photodiode_2: autoDraw = True
32.5786 	DATA 	Mouse:  Left button up, pos=(716,953)
32.6671 	EXP 	Photodiode_2: autoDraw = False
33.6463 	EXP 	New trial (rep=8, index=0): <Trial 8 (0 in rep 8) data={'thisN': 8, 'thisTrialN': 0, 'thisRepN': 8}>
33.6559 	EXP 	text: autoDraw = False
33.6559 	EXP 	Photodiode_2: autoDraw = False
33.6559 	EXP 	PLUS_FP: autoDraw = True
33.6559 	EXP 	Photodiode_plus: autoDraw = True
33.8558 	EXP 	Photodiode_plus: autoDraw = False
35.0563 	EXP 	PLUS_FP: autoDraw = False
35.0563 	EXP 	polygon: autoDraw = True
35.0563 	EXP 	Photodiode_polygon: autoDraw = True
35.0672 	EXP 	Photodiode_polygon: autoDraw = False
35.4456 	DATA 	Mouse: Left button down, pos=(716,953)
35.4559 	EXP 	PLUS_FP: autoDraw = False
35.4559 	EXP 	polygon: autoDraw = False
35.4559 	EXP 	Photodiode_polygon: autoDraw = False
35.4559 	EXP 	Photodiode_plus: autoDraw = False
35.4559 	EXP 	Photodiode_2: autoDraw = True
35.6683 	DATA 	Mouse:  Left button up, pos=(716,953)
35.7558 	EXP 	Photodiode_2: autoDraw = False
37.0459 	EXP 	New trial (rep=9, index=0): <Trial 9 (0 in rep 9) data={'thisN': 9, 'thisTrialN': 0, 'thisRepN': 9}>
37.0558 	EXP 	text: autoDraw = False
37.0558 	EXP 	Photodiode_2: autoDraw = False
37.0558 	EXP 	PLUS_FP: autoDraw = True
37.0558 	EXP 	Photodiode_plus: autoDraw = True
37.2558 	EXP 	Photodiode_plus: autoDraw = False
37.5451 	EXP 	PLUS_FP: autoDraw = False
37.5451 	EXP 	polygon: autoDraw = True
37.5451 	EXP 	Photodiode_polygon: autoDraw = True
37.5561 	EXP 	Photodiode_polygon: autoDraw = False
38.0134 	DATA 	Mouse: Left button down, pos=(716,953)
38.0338 	EXP 	PLUS_FP: autoDraw = False
38.0338 	EXP 	polygon: autoDraw = False
38.0338 	EXP 	Photodiode_polygon: autoDraw = False
38.0338 	EXP 	Photodiode_plus: autoDraw = False
38.0338 	EXP 	Photodiode_2: autoDraw = True
38.2343 	DATA 	Mouse:  Left button up, pos=(716,953)
38.3337 	EXP 	Photodiode_2: autoDraw = False
39.3765 	EXP 	text: autoDraw = False
39.3765 	EXP 	Photodiode_2: autoDraw = False
39.3765 	EXP 	text_3: autoDraw = True
41.1688 	EXP 	New trial (rep=1, index=0): <Trial 1 (0 in rep 1) data={'thisN': 1, 'thisTrialN': 0, 'thisRepN': 1}>
41.1691 	EXP 	New trial (rep=0, index=0): <Trial 0 (0 in rep 0) data={'thisN': 0, 'thisTrialN': 0, 'thisRepN': 0}>
41.1696 	DATA 	Keypress: space
41.1780 	EXP 	text_3: autoDraw = False
41.1780 	EXP 	PLUS_FP: autoDraw = True
41.1780 	EXP 	Photodiode_plus: autoDraw = True
41.3782 	EXP 	Photodiode_plus: autoDraw = False
41.6672 	EXP 	PLUS_FP: autoDraw = False
41.6672 	EXP 	polygon: autoDraw = True
41.6672 	EXP 	Photodiode_polygon: autoDraw = True
41.6782 	EXP 	Photodiode_polygon: autoDraw = False
42.3908 	DATA 	Mouse: Left button down, pos=(716,953)
42.4002 	EXP 	PLUS_FP: autoDraw = False
42.4002 	EXP 	polygon: autoDraw = False
42.4002 	EXP 	Photodiode_polygon: autoDraw = False
42.4002 	EXP 	Photodiode_plus: autoDraw = False
42.4002 	EXP 	Photodiode_2: autoDraw = True
42.6132 	DATA 	Mouse:  Left button up, pos=(716,953)
42.7002 	EXP 	Photodiode_2: autoDraw = False
43.9225 	EXP 	New trial (rep=1, index=0): <Trial 1 (0 in rep 1) data={'thisN': 1, 'thisTrialN': 0, 'thisRepN': 1}>
43.9325 	EXP 	text: autoDraw = False
43.9325 	EXP 	Photodiode_2: autoDraw = False
43.9325 	EXP 	PLUS_FP: autoDraw = True
43.9325 	EXP 	Photodiode_plus: autoDraw = True
44.1335 	EXP 	Photodiode_plus: autoDraw = False
44.4227 	EXP 	PLUS_FP: autoDraw = False
44.4227 	EXP 	polygon: autoDraw = True
44.4227 	EXP 	Photodiode_polygon: autoDraw = True
44.4339 	EXP 	Photodiode_polygon: autoDraw = False
44.8679 	DATA 	Mouse: Left button down, pos=(716,953)
44.8780 	EXP 	PLUS_FP: autoDraw = False
44.8780 	EXP 	polygon: autoDraw = False
44.8780 	EXP 	Photodiode_polygon: autoDraw = False
44.8780 	EXP 	Photodiode_plus: autoDraw = False
44.8780 	EXP 	Photodiode_2: autoDraw = True
45.0896 	DATA 	Mouse:  Left button up, pos=(716,953)
45.1781 	EXP 	Photodiode_2: autoDraw = False
46.5460 	EXP 	New trial (rep=2, index=0): <Trial 2 (0 in rep 2) data={'thisN': 2, 'thisTrialN': 0, 'thisRepN': 2}>
46.5559 	EXP 	text: autoDraw = False
46.5559 	EXP 	Photodiode_2: autoDraw = False
46.5559 	EXP 	PLUS_FP: autoDraw = True
46.5559 	EXP 	Photodiode_plus: autoDraw = True
46.7557 	EXP 	Photodiode_plus: autoDraw = False
48.5446 	EXP 	PLUS_FP: autoDraw = False
48.5446 	EXP 	polygon: autoDraw = True
48.5446 	EXP 	Photodiode_polygon: autoDraw = True
48.5557 	EXP 	Photodiode_polygon: autoDraw = False
48.7454 	DATA 	Mouse: Left button down, pos=(716,953)
48.7555 	EXP 	PLUS_FP: autoDraw = False
48.7555 	EXP 	polygon: autoDraw = False
48.7555 	EXP 	Photodiode_polygon: autoDraw = False
48.7555 	EXP 	Photodiode_plus: autoDraw = False
48.7555 	EXP 	Photodiode_2: autoDraw = True
48.8687 	DATA 	Mouse:  Left button up, pos=(716,953)
48.8690 	DATA 	Mouse: Left button down, pos=(716,953)
49.0557 	EXP 	Photodiode_2: autoDraw = False
49.1006 	DATA 	Mouse:  Left button up, pos=(716,953)
49.9787 	EXP 	New trial (rep=3, index=0): <Trial 3 (0 in rep 3) data={'thisN': 3, 'thisTrialN': 0, 'thisRepN': 3}>
49.9889 	EXP 	text: autoDraw = False
49.9889 	EXP 	Photodiode_2: autoDraw = False
49.9889 	EXP 	PLUS_FP: autoDraw = True
49.9889 	EXP 	Photodiode_plus: autoDraw = True
50.1891 	EXP 	Photodiode_plus: autoDraw = False
51.2780 	EXP 	PLUS_FP: autoDraw = False
51.2780 	EXP 	polygon: autoDraw = True
51.2780 	EXP 	Photodiode_polygon: autoDraw = True
51.2892 	EXP 	Photodiode_polygon: autoDraw = False
51.7787 	DATA 	Mouse: Left button down, pos=(716,953)
51.7888 	EXP 	PLUS_FP: autoDraw = False
51.7888 	EXP 	polygon: autoDraw = False
51.7888 	EXP 	Photodiode_polygon: autoDraw = False
51.7888 	EXP 	Photodiode_plus: autoDraw = False
51.7888 	EXP 	Photodiode_2: autoDraw = True
52.0010 	DATA 	Mouse:  Left button up, pos=(716,953)
52.0891 	EXP 	Photodiode_2: autoDraw = False
53.3459 	EXP 	New trial (rep=4, index=0): <Trial 4 (0 in rep 4) data={'thisN': 4, 'thisTrialN': 0, 'thisRepN': 4}>
53.3559 	EXP 	text: autoDraw = False
53.3559 	EXP 	Photodiode_2: autoDraw = False
53.3559 	EXP 	PLUS_FP: autoDraw = True
53.3559 	EXP 	Photodiode_plus: autoDraw = True
53.5557 	EXP 	Photodiode_plus: autoDraw = False
53.8450 	EXP 	PLUS_FP: autoDraw = False
53.8450 	EXP 	polygon: autoDraw = True
53.8450 	EXP 	Photodiode_polygon: autoDraw = True
53.8559 	EXP 	Photodiode_polygon: autoDraw = False
54.4680 	DATA 	Mouse: Left button down, pos=(716,953)
54.4779 	EXP 	PLUS_FP: autoDraw = False
54.4779 	EXP 	polygon: autoDraw = False
54.4779 	EXP 	Photodiode_polygon: autoDraw = False
54.4779 	EXP 	Photodiode_plus: autoDraw = False
54.4779 	EXP 	Photodiode_2: autoDraw = True
54.6897 	DATA 	Mouse:  Left button up, pos=(716,953)
54.7780 	EXP 	Photodiode_2: autoDraw = False
55.9334 	EXP 	New trial (rep=5, index=0): <Trial 5 (0 in rep 5) data={'thisN': 5, 'thisTrialN': 0, 'thisRepN': 5}>
55.9433 	EXP 	text: autoDraw = False
55.9433 	EXP 	Photodiode_2: autoDraw = False
55.9433 	EXP 	PLUS_FP: autoDraw = True
55.9433 	EXP 	Photodiode_plus: autoDraw = True
56.1444 	EXP 	Photodiode_plus: autoDraw = False
56.4335 	EXP 	PLUS_FP: autoDraw = False
56.4335 	EXP 	polygon: autoDraw = True
56.4335 	EXP 	Photodiode_polygon: autoDraw = True
56.4448 	EXP 	Photodiode_polygon: autoDraw = False
57.1011 	DATA 	Mouse: Left button down, pos=(716,953)
57.1111 	EXP 	PLUS_FP: autoDraw = False
57.1111 	EXP 	polygon: autoDraw = False
57.1111 	EXP 	Photodiode_polygon: autoDraw = False
57.1111 	EXP 	Photodiode_plus: autoDraw = False
57.1111 	EXP 	Photodiode_2: autoDraw = True
57.3236 	DATA 	Mouse:  Left button up, pos=(716,953)
57.4112 	EXP 	Photodiode_2: autoDraw = False
58.7902 	EXP 	New trial (rep=6, index=0): <Trial 6 (0 in rep 6) data={'thisN': 6, 'thisTrialN': 0, 'thisRepN': 6}>
58.7998 	EXP 	text: autoDraw = False
58.7998 	EXP 	Photodiode_2: autoDraw = False
58.7998 	EXP 	PLUS_FP: autoDraw = True
58.7998 	EXP 	Photodiode_plus: autoDraw = True
59.0001 	EXP 	Photodiode_plus: autoDraw = False
59.2892 	EXP 	PLUS_FP: autoDraw = False
59.2892 	EXP 	polygon: autoDraw = True
59.2892 	EXP 	Photodiode_polygon: autoDraw = True
59.3003 	EXP 	Photodiode_polygon: autoDraw = False
59.6454 	DATA 	Mouse: Left button down, pos=(716,953)
59.6555 	EXP 	PLUS_FP: autoDraw = False
59.6555 	EXP 	polygon: autoDraw = False
59.6555 	EXP 	Photodiode_polygon: autoDraw = False
59.6555 	EXP 	Photodiode_plus: autoDraw = False
59.6555 	EXP 	Photodiode_2: autoDraw = True
59.8793 	DATA 	Mouse:  Left button up, pos=(716,953)
59.9545 	EXP 	Photodiode_2: autoDraw = False
61.0673 	EXP 	New trial (rep=7, index=0): <Trial 7 (0 in rep 7) data={'thisN': 7, 'thisTrialN': 0, 'thisRepN': 7}>
61.0777 	EXP 	text: autoDraw = False
61.0777 	EXP 	Photodiode_2: autoDraw = False
61.0777 	EXP 	PLUS_FP: autoDraw = True
61.0777 	EXP 	Photodiode_plus: autoDraw = True
61.2779 	EXP 	Photodiode_plus: autoDraw = False
63.0669 	EXP 	PLUS_FP: autoDraw = False
63.0669 	EXP 	polygon: autoDraw = True
63.0669 	EXP 	Photodiode_polygon: autoDraw = True
63.0780 	EXP 	Photodiode_polygon: autoDraw = False
64.5345 	DATA 	Mouse: Left button down, pos=(716,953)
64.5443 	EXP 	PLUS_FP: autoDraw = False
64.5443 	EXP 	polygon: autoDraw = False
64.5443 	EXP 	Photodiode_polygon: autoDraw = False
64.5443 	EXP 	Photodiode_plus: autoDraw = False
64.5443 	EXP 	Photodiode_2: autoDraw = True
64.7567 	DATA 	Mouse:  Left button up, pos=(716,953)
64.8443 	EXP 	Photodiode_2: autoDraw = False
66.1671 	EXP 	New trial (rep=8, index=0): <Trial 8 (0 in rep 8) data={'thisN': 8, 'thisTrialN': 0, 'thisRepN': 8}>
66.1777 	EXP 	text: autoDraw = False
66.1777 	EXP 	Photodiode_2: autoDraw = False
66.1777 	EXP 	PLUS_FP: autoDraw = True
66.1777 	EXP 	Photodiode_plus: autoDraw = True
66.3778 	EXP 	Photodiode_plus: autoDraw = False
68.1667 	EXP 	PLUS_FP: autoDraw = False
68.1667 	EXP 	polygon: autoDraw = True
68.1667 	EXP 	Photodiode_polygon: autoDraw = True
68.1779 	EXP 	Photodiode_polygon: autoDraw = False
68.7342 	DATA 	Mouse: Left button down, pos=(716,953)
68.7443 	EXP 	PLUS_FP: autoDraw = False
68.7443 	EXP 	polygon: autoDraw = False
68.7443 	EXP 	Photodiode_polygon: autoDraw = False
68.7443 	EXP 	Photodiode_plus: autoDraw = False
68.7443 	EXP 	Photodiode_2: autoDraw = True
68.9456 	DATA 	Mouse:  Left button up, pos=(716,953)
69.0444 	EXP 	Photodiode_2: autoDraw = False
70.1565 	EXP 	New trial (rep=9, index=0): <Trial 9 (0 in rep 9) data={'thisN': 9, 'thisTrialN': 0, 'thisRepN': 9}>
70.1665 	EXP 	text: autoDraw = False
70.1665 	EXP 	Photodiode_2: autoDraw = False
70.1665 	EXP 	PLUS_FP: autoDraw = True
70.1665 	EXP 	Photodiode_plus: autoDraw = True
70.3663 	EXP 	Photodiode_plus: autoDraw = False
70.6557 	EXP 	PLUS_FP: autoDraw = False
70.6557 	EXP 	polygon: autoDraw = True
70.6557 	EXP 	Photodiode_polygon: autoDraw = True
70.6667 	EXP 	Photodiode_polygon: autoDraw = False
71.5450 	DATA 	Mouse: Left button down, pos=(716,953)
71.5554 	EXP 	PLUS_FP: autoDraw = False
71.5554 	EXP 	polygon: autoDraw = False
71.5554 	EXP 	Photodiode_polygon: autoDraw = False
71.5554 	EXP 	Photodiode_plus: autoDraw = False
71.5554 	EXP 	Photodiode_2: autoDraw = True
71.7786 	DATA 	Mouse:  Left button up, pos=(716,953)
71.8552 	EXP 	Photodiode_2: autoDraw = False
72.8665 	EXP 	text: autoDraw = False
72.8665 	EXP 	Photodiode_2: autoDraw = False
72.8665 	EXP 	text_3: autoDraw = True
74.1343 	EXP 	New trial (rep=2, index=0): <Trial 2 (0 in rep 2) data={'thisN': 2, 'thisTrialN': 0, 'thisRepN': 2}>
74.1345 	EXP 	New trial (rep=0, index=0): <Trial 0 (0 in rep 0) data={'thisN': 0, 'thisTrialN': 0, 'thisRepN': 0}>
74.1358 	DATA 	Keypress: space
74.1440 	EXP 	text_3: autoDraw = False
74.1440 	EXP 	PLUS_FP: autoDraw = True
74.1440 	EXP 	Photodiode_plus: autoDraw = True
74.3443 	EXP 	Photodiode_plus: autoDraw = False
76.1332 	EXP 	PLUS_FP: autoDraw = False
76.1332 	EXP 	polygon: autoDraw = True
76.1332 	EXP 	Photodiode_polygon: autoDraw = True
76.1442 	EXP 	Photodiode_polygon: autoDraw = False
76.5115 	DATA 	Mouse: Left button down, pos=(716,953)
76.5218 	EXP 	PLUS_FP: autoDraw = False
76.5218 	EXP 	polygon: autoDraw = False
76.5218 	EXP 	Photodiode_polygon: autoDraw = False
76.5218 	EXP 	Photodiode_plus: autoDraw = False
76.5218 	EXP 	Photodiode_2: autoDraw = True
76.7443 	DATA 	Mouse:  Left button up, pos=(716,953)
76.8218 	EXP 	Photodiode_2: autoDraw = False
77.8227 	EXP 	New trial (rep=1, index=0): <Trial 1 (0 in rep 1) data={'thisN': 1, 'thisTrialN': 0, 'thisRepN': 1}>
77.8328 	EXP 	text: autoDraw = False
77.8328 	EXP 	Photodiode_2: autoDraw = False
77.8328 	EXP 	PLUS_FP: autoDraw = True
77.8328 	EXP 	Photodiode_plus: autoDraw = True
78.0329 	EXP 	Photodiode_plus: autoDraw = False
79.8219 	EXP 	PLUS_FP: autoDraw = False
79.8219 	EXP 	polygon: autoDraw = True
79.8219 	EXP 	Photodiode_polygon: autoDraw = True
79.8331 	EXP 	Photodiode_polygon: autoDraw = False
80.2114 	DATA 	Mouse: Left button down, pos=(716,953)
80.2216 	EXP 	PLUS_FP: autoDraw = False
80.2216 	EXP 	polygon: autoDraw = False
80.2216 	EXP 	Photodiode_polygon: autoDraw = False
80.2216 	EXP 	Photodiode_plus: autoDraw = False
80.2216 	EXP 	Photodiode_2: autoDraw = True
80.4349 	DATA 	Mouse:  Left button up, pos=(716,953)
80.5219 	EXP 	Photodiode_2: autoDraw = False
81.8889 	EXP 	New trial (rep=2, index=0): <Trial 2 (0 in rep 2) data={'thisN': 2, 'thisTrialN': 0, 'thisRepN': 2}>
81.8997 	EXP 	text: autoDraw = False
81.8997 	EXP 	Photodiode_2: autoDraw = False
81.8997 	EXP 	PLUS_FP: autoDraw = True
81.8997 	EXP 	Photodiode_plus: autoDraw = True
82.0996 	EXP 	Photodiode_plus: autoDraw = False
82.3886 	EXP 	PLUS_FP: autoDraw = False
82.3886 	EXP 	polygon: autoDraw = True
82.3886 	EXP 	Photodiode_polygon: autoDraw = True
82.3998 	EXP 	Photodiode_polygon: autoDraw = False
82.9000 	DATA 	Mouse: Left button down, pos=(716,953)
82.9105 	EXP 	PLUS_FP: autoDraw = False
82.9105 	EXP 	polygon: autoDraw = False
82.9105 	EXP 	Photodiode_polygon: autoDraw = False
82.9105 	EXP 	Photodiode_plus: autoDraw = False
82.9105 	EXP 	Photodiode_2: autoDraw = True
83.1227 	DATA 	Mouse:  Left button up, pos=(716,953)
83.2107 	EXP 	Photodiode_2: autoDraw = False
84.4447 	EXP 	New trial (rep=3, index=0): <Trial 3 (0 in rep 3) data={'thisN': 3, 'thisTrialN': 0, 'thisRepN': 3}>
84.4552 	EXP 	text: autoDraw = False
84.4552 	EXP 	Photodiode_2: autoDraw = False
84.4552 	EXP 	PLUS_FP: autoDraw = True
84.4552 	EXP 	Photodiode_plus: autoDraw = True
84.6552 	EXP 	Photodiode_plus: autoDraw = False
84.9442 	EXP 	PLUS_FP: autoDraw = False
84.9442 	EXP 	polygon: autoDraw = True
84.9442 	EXP 	Photodiode_polygon: autoDraw = True
84.9553 	EXP 	Photodiode_polygon: autoDraw = False
85.9223 	DATA 	Mouse: Left button down, pos=(716,953)
85.9328 	EXP 	PLUS_FP: autoDraw = False
85.9328 	EXP 	polygon: autoDraw = False
85.9328 	EXP 	Photodiode_polygon: autoDraw = False
85.9328 	EXP 	Photodiode_plus: autoDraw = False
85.9328 	EXP 	Photodiode_2: autoDraw = True
86.1558 	DATA 	Mouse:  Left button up, pos=(716,953)
86.2326 	EXP 	Photodiode_2: autoDraw = False
87.2001 	EXP 	New trial (rep=4, index=0): <Trial 4 (0 in rep 4) data={'thisN': 4, 'thisTrialN': 0, 'thisRepN': 4}>
87.2104 	EXP 	text: autoDraw = False
87.2104 	EXP 	Photodiode_2: autoDraw = False
87.2104 	EXP 	PLUS_FP: autoDraw = True
87.2104 	EXP 	Photodiode_plus: autoDraw = True
87.4105 	EXP 	Photodiode_plus: autoDraw = False
88.4884 	EXP 	PLUS_FP: autoDraw = False
88.4884 	EXP 	polygon: autoDraw = True
88.4884 	EXP 	Photodiode_polygon: autoDraw = True
88.4995 	EXP 	Photodiode_polygon: autoDraw = False
89.4445 	DATA 	Mouse: Left button down, pos=(709,957)
89.4551 	EXP 	PLUS_FP: autoDraw = False
89.4551 	EXP 	polygon: autoDraw = False
89.4551 	EXP 	Photodiode_polygon: autoDraw = False
89.4551 	EXP 	Photodiode_plus: autoDraw = False
89.4551 	EXP 	Photodiode_2: autoDraw = True
89.6782 	DATA 	Mouse:  Left button up, pos=(709,957)
89.7552 	EXP 	Photodiode_2: autoDraw = False
90.8893 	EXP 	New trial (rep=5, index=0): <Trial 5 (0 in rep 5) data={'thisN': 5, 'thisTrialN': 0, 'thisRepN': 5}>
90.8996 	EXP 	text: autoDraw = False
90.8996 	EXP 	Photodiode_2: autoDraw = False
90.8996 	EXP 	PLUS_FP: autoDraw = True
90.8996 	EXP 	Photodiode_plus: autoDraw = True
91.0996 	EXP 	Photodiode_plus: autoDraw = False
91.3886 	EXP 	PLUS_FP: autoDraw = False
91.3886 	EXP 	polygon: autoDraw = True
91.3886 	EXP 	Photodiode_polygon: autoDraw = True
91.3997 	EXP 	Photodiode_polygon: autoDraw = False
91.7890 	DATA 	Mouse: Left button down, pos=(709,957)
91.7992 	EXP 	PLUS_FP: autoDraw = False
91.7992 	EXP 	polygon: autoDraw = False
91.7992 	EXP 	Photodiode_polygon: autoDraw = False
91.7992 	EXP 	Photodiode_plus: autoDraw = False
91.7992 	EXP 	Photodiode_2: autoDraw = True
92.0111 	DATA 	Mouse:  Left button up, pos=(709,957)
92.0993 	EXP 	Photodiode_2: autoDraw = False
93.4110 	EXP 	New trial (rep=6, index=0): <Trial 6 (0 in rep 6) data={'thisN': 6, 'thisTrialN': 0, 'thisRepN': 6}>
93.4215 	EXP 	text: autoDraw = False
93.4215 	EXP 	Photodiode_2: autoDraw = False
93.4215 	EXP 	PLUS_FP: autoDraw = True
93.4215 	EXP 	Photodiode_plus: autoDraw = True
93.6219 	EXP 	Photodiode_plus: autoDraw = False
95.4107 	EXP 	PLUS_FP: autoDraw = False
95.4107 	EXP 	polygon: autoDraw = True
95.4107 	EXP 	Photodiode_polygon: autoDraw = True
95.4219 	EXP 	Photodiode_polygon: autoDraw = False
95.7657 	DATA 	Mouse: Left button down, pos=(709,957)
95.7762 	EXP 	PLUS_FP: autoDraw = False
95.7762 	EXP 	polygon: autoDraw = False
95.7762 	EXP 	Photodiode_polygon: autoDraw = False
95.7762 	EXP 	Photodiode_plus: autoDraw = False
95.7762 	EXP 	Photodiode_2: autoDraw = True
95.9891 	DATA 	Mouse:  Left button up, pos=(709,957)
96.0773 	EXP 	Photodiode_2: autoDraw = False
97.2445 	EXP 	New trial (rep=7, index=0): <Trial 7 (0 in rep 7) data={'thisN': 7, 'thisTrialN': 0, 'thisRepN': 7}>
97.2548 	EXP 	text: autoDraw = False
97.2548 	EXP 	Photodiode_2: autoDraw = False
97.2548 	EXP 	PLUS_FP: autoDraw = True
97.2548 	EXP 	Photodiode_plus: autoDraw = True
97.4551 	EXP 	Photodiode_plus: autoDraw = False
97.7441 	EXP 	PLUS_FP: autoDraw = False
97.7441 	EXP 	polygon: autoDraw = True
97.7441 	EXP 	Photodiode_polygon: autoDraw = True
97.7550 	EXP 	Photodiode_polygon: autoDraw = False
98.3450 	DATA 	Mouse: Left button down, pos=(709,957)
98.3659 	EXP 	PLUS_FP: autoDraw = False
98.3659 	EXP 	polygon: autoDraw = False
98.3659 	EXP 	Photodiode_polygon: autoDraw = False
98.3659 	EXP 	Photodiode_plus: autoDraw = False
98.3659 	EXP 	Photodiode_2: autoDraw = True
98.5667 	DATA 	Mouse:  Left button up, pos=(709,957)
98.6658 	EXP 	Photodiode_2: autoDraw = False
99.7787 	EXP 	New trial (rep=8, index=0): <Trial 8 (0 in rep 8) data={'thisN': 8, 'thisTrialN': 0, 'thisRepN': 8}>
99.7881 	EXP 	text: autoDraw = False
99.7881 	EXP 	Photodiode_2: autoDraw = False
99.7881 	EXP 	PLUS_FP: autoDraw = True
99.7881 	EXP 	Photodiode_plus: autoDraw = True
99.9884 	EXP 	Photodiode_plus: autoDraw = False
100.2775 	EXP 	PLUS_FP: autoDraw = False
100.2775 	EXP 	polygon: autoDraw = True
100.2775 	EXP 	Photodiode_polygon: autoDraw = True
100.2887 	EXP 	Photodiode_polygon: autoDraw = False
100.7451 	DATA 	Mouse: Left button down, pos=(709,957)
100.7549 	EXP 	PLUS_FP: autoDraw = False
100.7549 	EXP 	polygon: autoDraw = False
100.7549 	EXP 	Photodiode_polygon: autoDraw = False
100.7549 	EXP 	Photodiode_plus: autoDraw = False
100.7549 	EXP 	Photodiode_2: autoDraw = True
100.9689 	DATA 	Mouse:  Left button up, pos=(709,957)
101.0550 	EXP 	Photodiode_2: autoDraw = False
102.2452 	EXP 	New trial (rep=9, index=0): <Trial 9 (0 in rep 9) data={'thisN': 9, 'thisTrialN': 0, 'thisRepN': 9}>
102.2551 	EXP 	text: autoDraw = False
102.2551 	EXP 	Photodiode_2: autoDraw = False
102.2551 	EXP 	PLUS_FP: autoDraw = True
102.2551 	EXP 	Photodiode_plus: autoDraw = True
102.4551 	EXP 	Photodiode_plus: autoDraw = False
102.7441 	EXP 	PLUS_FP: autoDraw = False
102.7441 	EXP 	polygon: autoDraw = True
102.7441 	EXP 	Photodiode_polygon: autoDraw = True
102.7551 	EXP 	Photodiode_polygon: autoDraw = False
102.8557 	DATA 	Mouse: Left button down, pos=(709,957)
102.8660 	EXP 	PLUS_FP: autoDraw = False
102.8660 	EXP 	polygon: autoDraw = False
102.8660 	EXP 	Photodiode_polygon: autoDraw = False
102.8660 	EXP 	Photodiode_plus: autoDraw = False
102.8660 	EXP 	Photodiode_2: autoDraw = True
103.0785 	DATA 	Mouse:  Left button up, pos=(709,957)
103.1662 	EXP 	Photodiode_2: autoDraw = False
104.1993 	EXP 	text: autoDraw = False
104.1993 	EXP 	Photodiode_2: autoDraw = False
104.1993 	EXP 	text_3: autoDraw = True
105.4343 	EXP 	New trial (rep=3, index=0): <Trial 3 (0 in rep 3) data={'thisN': 3, 'thisTrialN': 0, 'thisRepN': 3}>
105.4346 	EXP 	New trial (rep=0, index=0): <Trial 0 (0 in rep 0) data={'thisN': 0, 'thisTrialN': 0, 'thisRepN': 0}>
105.4350 	DATA 	Keypress: space
105.4438 	EXP 	text_3: autoDraw = False
105.4438 	EXP 	PLUS_FP: autoDraw = True
105.4438 	EXP 	Photodiode_plus: autoDraw = True
105.6438 	EXP 	Photodiode_plus: autoDraw = False
105.9329 	EXP 	PLUS_FP: autoDraw = False
105.9329 	EXP 	polygon: autoDraw = True
105.9329 	EXP 	Photodiode_polygon: autoDraw = True
105.9438 	EXP 	Photodiode_polygon: autoDraw = False
106.8773 	DATA 	Mouse: Left button down, pos=(709,957)
106.8878 	EXP 	PLUS_FP: autoDraw = False
106.8878 	EXP 	polygon: autoDraw = False
106.8878 	EXP 	Photodiode_polygon: autoDraw = False
106.8878 	EXP 	Photodiode_plus: autoDraw = False
106.8878 	EXP 	Photodiode_2: autoDraw = True
107.0994 	DATA 	Mouse:  Left button up, pos=(709,957)
107.1879 	EXP 	Photodiode_2: autoDraw = False
108.1893 	EXP 	New trial (rep=1, index=0): <Trial 1 (0 in rep 1) data={'thisN': 1, 'thisTrialN': 0, 'thisRepN': 1}>
108.1991 	EXP 	text: autoDraw = False
108.1991 	EXP 	Photodiode_2: autoDraw = False
108.1991 	EXP 	PLUS_FP: autoDraw = True
108.1991 	EXP 	Photodiode_plus: autoDraw = True
108.3992 	EXP 	Photodiode_plus: autoDraw = False
110.1881 	EXP 	PLUS_FP: autoDraw = False
110.1881 	EXP 	polygon: autoDraw = True
110.1881 	EXP 	Photodiode_polygon: autoDraw = True
110.1991 	EXP 	Photodiode_polygon: autoDraw = False
110.8007 	DATA 	Mouse: Left button down, pos=(709,957)
110.8215 	EXP 	PLUS_FP: autoDraw = False
110.8215 	EXP 	polygon: autoDraw = False
110.8215 	EXP 	Photodiode_polygon: autoDraw = False
110.8215 	EXP 	Photodiode_plus: autoDraw = False
110.8215 	EXP 	Photodiode_2: autoDraw = True
110.9900 	DATA 	Mouse:  Left button up, pos=(709,957)
111.0001 	DATA 	Mouse: Left button down, pos=(709,957)
111.1213 	EXP 	Photodiode_2: autoDraw = False
111.2121 	DATA 	Mouse:  Left button up, pos=(709,957)
112.4777 	EXP 	New trial (rep=2, index=0): <Trial 2 (0 in rep 2) data={'thisN': 2, 'thisTrialN': 0, 'thisRepN': 2}>
112.4884 	EXP 	text: autoDraw = False
112.4884 	EXP 	Photodiode_2: autoDraw = False
112.4884 	EXP 	PLUS_FP: autoDraw = True
112.4884 	EXP 	Photodiode_plus: autoDraw = True
112.6881 	EXP 	Photodiode_plus: autoDraw = False
114.4772 	EXP 	PLUS_FP: autoDraw = False
114.4772 	EXP 	polygon: autoDraw = True
114.4772 	EXP 	Photodiode_polygon: autoDraw = True
114.4883 	EXP 	Photodiode_polygon: autoDraw = False
116.1997 	DATA 	Mouse: Left button down, pos=(709,957)
116.2100 	EXP 	PLUS_FP: autoDraw = False
116.2100 	EXP 	polygon: autoDraw = False
116.2100 	EXP 	Photodiode_polygon: autoDraw = False
116.2100 	EXP 	Photodiode_plus: autoDraw = False
116.2100 	EXP 	Photodiode_2: autoDraw = True
116.4227 	DATA 	Mouse:  Left button up, pos=(709,957)
116.5102 	EXP 	Photodiode_2: autoDraw = False
117.4568 	EXP 	New trial (rep=3, index=0): <Trial 3 (0 in rep 3) data={'thisN': 3, 'thisTrialN': 0, 'thisRepN': 3}>
117.4658 	EXP 	text: autoDraw = False
117.4658 	EXP 	Photodiode_2: autoDraw = False
117.4658 	EXP 	PLUS_FP: autoDraw = True
117.4658 	EXP 	Photodiode_plus: autoDraw = True
117.6658 	EXP 	Photodiode_plus: autoDraw = False
119.4546 	EXP 	PLUS_FP: autoDraw = False
119.4546 	EXP 	polygon: autoDraw = True
119.4546 	EXP 	Photodiode_polygon: autoDraw = True
119.4659 	EXP 	Photodiode_polygon: autoDraw = False
119.8450 	DATA 	Mouse: Left button down, pos=(709,957)
119.8656 	EXP 	PLUS_FP: autoDraw = False
119.8656 	EXP 	polygon: autoDraw = False
119.8656 	EXP 	Photodiode_polygon: autoDraw = False
119.8656 	EXP 	Photodiode_plus: autoDraw = False
119.8656 	EXP 	Photodiode_2: autoDraw = True
120.0680 	DATA 	Mouse:  Left button up, pos=(709,957)
120.1658 	EXP 	Photodiode_2: autoDraw = False
121.5113 	EXP 	New trial (rep=4, index=0): <Trial 4 (0 in rep 4) data={'thisN': 4, 'thisTrialN': 0, 'thisRepN': 4}>
121.5214 	EXP 	text: autoDraw = False
121.5214 	EXP 	Photodiode_2: autoDraw = False
121.5214 	EXP 	PLUS_FP: autoDraw = True
121.5214 	EXP 	Photodiode_plus: autoDraw = True
121.7214 	EXP 	Photodiode_plus: autoDraw = False
122.0105 	EXP 	PLUS_FP: autoDraw = False
122.0105 	EXP 	polygon: autoDraw = True
122.0105 	EXP 	Photodiode_polygon: autoDraw = True
122.0214 	EXP 	Photodiode_polygon: autoDraw = False
123.3334 	DATA 	Mouse: Left button down, pos=(709,957)
123.3436 	EXP 	PLUS_FP: autoDraw = False
123.3436 	EXP 	polygon: autoDraw = False
123.3436 	EXP 	Photodiode_polygon: autoDraw = False
123.3436 	EXP 	Photodiode_plus: autoDraw = False
123.3436 	EXP 	Photodiode_2: autoDraw = True
123.5445 	DATA 	Mouse:  Left button up, pos=(709,957)
123.6436 	EXP 	Photodiode_2: autoDraw = False
125.0114 	EXP 	New trial (rep=5, index=0): <Trial 5 (0 in rep 5) data={'thisN': 5, 'thisTrialN': 0, 'thisRepN': 5}>
125.0213 	EXP 	text: autoDraw = False
125.0213 	EXP 	Photodiode_2: autoDraw = False
125.0213 	EXP 	PLUS_FP: autoDraw = True
125.0213 	EXP 	Photodiode_plus: autoDraw = True
125.2215 	EXP 	Photodiode_plus: autoDraw = False
125.5104 	EXP 	PLUS_FP: autoDraw = False
125.5104 	EXP 	polygon: autoDraw = True
125.5104 	EXP 	Photodiode_polygon: autoDraw = True
125.5216 	EXP 	Photodiode_polygon: autoDraw = False
125.9445 	DATA 	Mouse: Left button down, pos=(709,957)
125.9545 	EXP 	PLUS_FP: autoDraw = False
125.9545 	EXP 	polygon: autoDraw = False
125.9545 	EXP 	Photodiode_polygon: autoDraw = False
125.9545 	EXP 	Photodiode_plus: autoDraw = False
125.9545 	EXP 	Photodiode_2: autoDraw = True
126.1776 	DATA 	Mouse:  Left button up, pos=(709,957)
126.2544 	EXP 	Photodiode_2: autoDraw = False
127.4336 	EXP 	New trial (rep=6, index=0): <Trial 6 (0 in rep 6) data={'thisN': 6, 'thisTrialN': 0, 'thisRepN': 6}>
127.4435 	EXP 	text: autoDraw = False
127.4435 	EXP 	Photodiode_2: autoDraw = False
127.4435 	EXP 	PLUS_FP: autoDraw = True
127.4435 	EXP 	Photodiode_plus: autoDraw = True
127.6436 	EXP 	Photodiode_plus: autoDraw = False
129.4326 	EXP 	PLUS_FP: autoDraw = False
129.4326 	EXP 	polygon: autoDraw = True
129.4326 	EXP 	Photodiode_polygon: autoDraw = True
129.4439 	EXP 	Photodiode_polygon: autoDraw = False
129.7886 	DATA 	Mouse: Left button down, pos=(709,957)
129.7988 	EXP 	PLUS_FP: autoDraw = False
129.7988 	EXP 	polygon: autoDraw = False
129.7988 	EXP 	Photodiode_polygon: autoDraw = False
129.7988 	EXP 	Photodiode_plus: autoDraw = False
129.7988 	EXP 	Photodiode_2: autoDraw = True
130.0109 	DATA 	Mouse:  Left button up, pos=(709,957)
130.0991 	EXP 	Photodiode_2: autoDraw = False
131.1227 	EXP 	New trial (rep=7, index=0): <Trial 7 (0 in rep 7) data={'thisN': 7, 'thisTrialN': 0, 'thisRepN': 7}>
131.1320 	EXP 	text: autoDraw = False
131.1320 	EXP 	Photodiode_2: autoDraw = False
131.1320 	EXP 	PLUS_FP: autoDraw = True
131.1320 	EXP 	Photodiode_plus: autoDraw = True
131.3329 	EXP 	Photodiode_plus: autoDraw = False
133.1216 	EXP 	PLUS_FP: autoDraw = False
133.1216 	EXP 	polygon: autoDraw = True
133.1216 	EXP 	Photodiode_polygon: autoDraw = True
133.1324 	EXP 	Photodiode_polygon: autoDraw = False
134.0556 	DATA 	Mouse: Left button down, pos=(709,959)
134.0655 	EXP 	PLUS_FP: autoDraw = False
134.0655 	EXP 	polygon: autoDraw = False
134.0655 	EXP 	Photodiode_polygon: autoDraw = False
134.0655 	EXP 	Photodiode_plus: autoDraw = False
134.0655 	EXP 	Photodiode_2: autoDraw = True
134.2661 	DATA 	Mouse:  Left button up, pos=(709,959)
134.3657 	EXP 	Photodiode_2: autoDraw = False
135.3111 	EXP 	New trial (rep=8, index=0): <Trial 8 (0 in rep 8) data={'thisN': 8, 'thisTrialN': 0, 'thisRepN': 8}>
135.3213 	EXP 	text: autoDraw = False
135.3213 	EXP 	Photodiode_2: autoDraw = False
135.3213 	EXP 	PLUS_FP: autoDraw = True
135.3213 	EXP 	Photodiode_plus: autoDraw = True
135.5210 	EXP 	Photodiode_plus: autoDraw = False
137.3103 	EXP 	PLUS_FP: autoDraw = False
137.3103 	EXP 	polygon: autoDraw = True
137.3103 	EXP 	Photodiode_polygon: autoDraw = True
137.3213 	EXP 	Photodiode_polygon: autoDraw = False
137.7217 	DATA 	Mouse: Left button down, pos=(709,959)
137.7321 	EXP 	PLUS_FP: autoDraw = False
137.7321 	EXP 	polygon: autoDraw = False
137.7321 	EXP 	Photodiode_polygon: autoDraw = False
137.7321 	EXP 	Photodiode_plus: autoDraw = False
137.7321 	EXP 	Photodiode_2: autoDraw = True
137.9439 	DATA 	Mouse:  Left button up, pos=(709,959)
138.0320 	EXP 	Photodiode_2: autoDraw = False
139.0115 	EXP 	New trial (rep=9, index=0): <Trial 9 (0 in rep 9) data={'thisN': 9, 'thisTrialN': 0, 'thisRepN': 9}>
139.0213 	EXP 	text: autoDraw = False
139.0213 	EXP 	Photodiode_2: autoDraw = False
139.0213 	EXP 	PLUS_FP: autoDraw = True
139.0213 	EXP 	Photodiode_plus: autoDraw = True
139.2211 	EXP 	Photodiode_plus: autoDraw = False
139.5101 	EXP 	PLUS_FP: autoDraw = False
139.5101 	EXP 	polygon: autoDraw = True
139.5101 	EXP 	Photodiode_polygon: autoDraw = True
139.5215 	EXP 	Photodiode_polygon: autoDraw = False
140.3665 	DATA 	Mouse: Left button down, pos=(709,959)
140.3767 	EXP 	PLUS_FP: autoDraw = False
140.3767 	EXP 	polygon: autoDraw = False
140.3767 	EXP 	Photodiode_polygon: autoDraw = False
140.3767 	EXP 	Photodiode_plus: autoDraw = False
140.3767 	EXP 	Photodiode_2: autoDraw = True
140.5887 	DATA 	Mouse:  Left button up, pos=(709,959)
140.6767 	EXP 	Photodiode_2: autoDraw = False
141.8101 	EXP 	text: autoDraw = False
141.8101 	EXP 	Photodiode_2: autoDraw = False
141.8101 	EXP 	text_3: autoDraw = True
142.8676 	EXP 	New trial (rep=4, index=0): <Trial 4 (0 in rep 4) data={'thisN': 4, 'thisTrialN': 0, 'thisRepN': 4}>
142.8680 	EXP 	New trial (rep=0, index=0): <Trial 0 (0 in rep 0) data={'thisN': 0, 'thisTrialN': 0, 'thisRepN': 0}>
142.8685 	DATA 	Keypress: space
142.8765 	EXP 	text_3: autoDraw = False
142.8765 	EXP 	PLUS_FP: autoDraw = True
142.8765 	EXP 	Photodiode_plus: autoDraw = True
143.0765 	EXP 	Photodiode_plus: autoDraw = False
144.8654 	EXP 	PLUS_FP: autoDraw = False
144.8654 	EXP 	polygon: autoDraw = True
144.8654 	EXP 	Photodiode_polygon: autoDraw = True
144.8767 	EXP 	Photodiode_polygon: autoDraw = False
145.4548 	DATA 	Mouse: Left button down, pos=(709,959)
145.4652 	EXP 	PLUS_FP: autoDraw = False
145.4652 	EXP 	polygon: autoDraw = False
145.4652 	EXP 	Photodiode_polygon: autoDraw = False
145.4652 	EXP 	Photodiode_plus: autoDraw = False
145.4652 	EXP 	Photodiode_2: autoDraw = True
145.6779 	DATA 	Mouse:  Left button up, pos=(709,959)
145.7654 	EXP 	Photodiode_2: autoDraw = False
146.9335 	EXP 	New trial (rep=1, index=0): <Trial 1 (0 in rep 1) data={'thisN': 1, 'thisTrialN': 0, 'thisRepN': 1}>
146.9433 	EXP 	text: autoDraw = False
146.9433 	EXP 	Photodiode_2: autoDraw = False
146.9433 	EXP 	PLUS_FP: autoDraw = True
146.9433 	EXP 	Photodiode_plus: autoDraw = True
147.1432 	EXP 	Photodiode_plus: autoDraw = False
147.4324 	EXP 	PLUS_FP: autoDraw = False
147.4324 	EXP 	polygon: autoDraw = True
147.4324 	EXP 	Photodiode_polygon: autoDraw = True
147.4435 	EXP 	Photodiode_polygon: autoDraw = False
148.6221 	DATA 	Mouse: Right button down, pos=(709,959)
148.6328 	EXP 	PLUS_FP: autoDraw = False
148.6328 	EXP 	polygon: autoDraw = False
148.6328 	EXP 	Photodiode_polygon: autoDraw = False
148.6328 	EXP 	Photodiode_plus: autoDraw = False
148.6328 	EXP 	Photodiode_2: autoDraw = True
148.6437 	DATA 	Mouse:  Right button up, pos=(709,959)
148.9320 	EXP 	Photodiode_2: autoDraw = False
150.0775 	EXP 	New trial (rep=2, index=0): <Trial 2 (0 in rep 2) data={'thisN': 2, 'thisTrialN': 0, 'thisRepN': 2}>
150.0876 	EXP 	text: autoDraw = False
150.0876 	EXP 	Photodiode_2: autoDraw = False
150.0876 	EXP 	PLUS_FP: autoDraw = True
150.0876 	EXP 	Photodiode_plus: autoDraw = True
150.2877 	EXP 	Photodiode_plus: autoDraw = False
152.0768 	EXP 	PLUS_FP: autoDraw = False
152.0768 	EXP 	polygon: autoDraw = True
152.0768 	EXP 	Photodiode_polygon: autoDraw = True
152.0879 	EXP 	Photodiode_polygon: autoDraw = False
152.4662 	DATA 	Mouse: Left button down, pos=(709,959)
152.4765 	EXP 	PLUS_FP: autoDraw = False
152.4765 	EXP 	polygon: autoDraw = False
152.4765 	EXP 	Photodiode_polygon: autoDraw = False
152.4765 	EXP 	Photodiode_plus: autoDraw = False
152.4765 	EXP 	Photodiode_2: autoDraw = True
152.6884 	DATA 	Mouse:  Left button up, pos=(709,959)
152.7765 	EXP 	Photodiode_2: autoDraw = False
154.1105 	EXP 	New trial (rep=3, index=0): <Trial 3 (0 in rep 3) data={'thisN': 3, 'thisTrialN': 0, 'thisRepN': 3}>
154.1208 	EXP 	text: autoDraw = False
154.1208 	EXP 	Photodiode_2: autoDraw = False
154.1208 	EXP 	PLUS_FP: autoDraw = True
154.1208 	EXP 	Photodiode_plus: autoDraw = True
154.3209 	EXP 	Photodiode_plus: autoDraw = False
155.5656 	EXP 	PLUS_FP: autoDraw = False
155.5656 	EXP 	polygon: autoDraw = True
155.5656 	EXP 	Photodiode_polygon: autoDraw = True
155.5769 	EXP 	Photodiode_polygon: autoDraw = False
155.9205 	DATA 	Mouse: Left button down, pos=(709,959)
155.9308 	EXP 	PLUS_FP: autoDraw = False
155.9308 	EXP 	polygon: autoDraw = False
155.9308 	EXP 	Photodiode_polygon: autoDraw = False
155.9308 	EXP 	Photodiode_plus: autoDraw = False
155.9308 	EXP 	Photodiode_2: autoDraw = True
156.1434 	DATA 	Mouse:  Left button up, pos=(709,959)
156.2320 	EXP 	Photodiode_2: autoDraw = False
157.2664 	EXP 	New trial (rep=4, index=0): <Trial 4 (0 in rep 4) data={'thisN': 4, 'thisTrialN': 0, 'thisRepN': 4}>
157.2765 	EXP 	text: autoDraw = False
157.2765 	EXP 	Photodiode_2: autoDraw = False
157.2765 	EXP 	PLUS_FP: autoDraw = True
157.2765 	EXP 	Photodiode_plus: autoDraw = True
157.4764 	EXP 	Photodiode_plus: autoDraw = False
158.5876 	EXP 	PLUS_FP: autoDraw = False
158.5876 	EXP 	polygon: autoDraw = True
158.5876 	EXP 	Photodiode_polygon: autoDraw = True
158.5986 	EXP 	Photodiode_polygon: autoDraw = False
158.9657 	DATA 	Mouse: Left button down, pos=(709,959)
158.9761 	EXP 	PLUS_FP: autoDraw = False
158.9761 	EXP 	polygon: autoDraw = False
158.9761 	EXP 	Photodiode_polygon: autoDraw = False
158.9761 	EXP 	Photodiode_plus: autoDraw = False
158.9761 	EXP 	Photodiode_2: autoDraw = True
159.1877 	DATA 	Mouse:  Left button up, pos=(709,959)
159.2766 	EXP 	Photodiode_2: autoDraw = False
160.5109 	EXP 	New trial (rep=5, index=0): <Trial 5 (0 in rep 5) data={'thisN': 5, 'thisTrialN': 0, 'thisRepN': 5}>
160.5206 	EXP 	text: autoDraw = False
160.5206 	EXP 	Photodiode_2: autoDraw = False
160.5206 	EXP 	PLUS_FP: autoDraw = True
160.5206 	EXP 	Photodiode_plus: autoDraw = True
160.7207 	EXP 	Photodiode_plus: autoDraw = False
161.0097 	EXP 	PLUS_FP: autoDraw = False
161.0097 	EXP 	polygon: autoDraw = True
161.0097 	EXP 	Photodiode_polygon: autoDraw = True
161.0209 	EXP 	Photodiode_polygon: autoDraw = False
161.4327 	DATA 	Mouse: Left button down, pos=(709,959)
161.4428 	EXP 	PLUS_FP: autoDraw = False
161.4428 	EXP 	polygon: autoDraw = False
161.4428 	EXP 	Photodiode_polygon: autoDraw = False
161.4428 	EXP 	Photodiode_plus: autoDraw = False
161.4428 	EXP 	Photodiode_2: autoDraw = True
161.6432 	DATA 	Mouse:  Left button up, pos=(709,959)
161.7430 	EXP 	Photodiode_2: autoDraw = False
162.7663 	EXP 	New trial (rep=6, index=0): <Trial 6 (0 in rep 6) data={'thisN': 6, 'thisTrialN': 0, 'thisRepN': 6}>
162.7769 	EXP 	text: autoDraw = False
162.7769 	EXP 	Photodiode_2: autoDraw = False
162.7769 	EXP 	PLUS_FP: autoDraw = True
162.7769 	EXP 	Photodiode_plus: autoDraw = True
162.7994 	DATA 	Mouse: Left button down, pos=(709,959)
162.8130 	EXP 	PLUS_FP: autoDraw = False
162.8130 	EXP 	polygon: autoDraw = False
162.8130 	EXP 	Photodiode_polygon: autoDraw = False
162.8130 	EXP 	Photodiode_plus: autoDraw = False
162.8130 	EXP 	text: autoDraw = True
162.8130 	EXP 	Photodiode_2: autoDraw = True
163.0215 	DATA 	Mouse:  Left button up, pos=(709,959)
163.1098 	EXP 	Photodiode_2: autoDraw = False
163.8541 	EXP 	text: autoDraw = False
164.0219 	EXP 	New trial (rep=7, index=0): <Trial 7 (0 in rep 7) data={'thisN': 7, 'thisTrialN': 0, 'thisRepN': 7}>
164.0318 	EXP 	text: autoDraw = False
164.0318 	EXP 	Photodiode_2: autoDraw = False
164.0318 	EXP 	PLUS_FP: autoDraw = True
164.0318 	EXP 	Photodiode_plus: autoDraw = True
164.2320 	EXP 	Photodiode_plus: autoDraw = False
166.0211 	EXP 	PLUS_FP: autoDraw = False
166.0211 	EXP 	polygon: autoDraw = True
166.0211 	EXP 	Photodiode_polygon: autoDraw = True
166.0320 	EXP 	Photodiode_polygon: autoDraw = False
166.4659 	DATA 	Mouse: Left button down, pos=(709,959)
166.4763 	EXP 	PLUS_FP: autoDraw = False
166.4763 	EXP 	polygon: autoDraw = False
166.4763 	EXP 	Photodiode_polygon: autoDraw = False
166.4763 	EXP 	Photodiode_plus: autoDraw = False
166.4763 	EXP 	Photodiode_2: autoDraw = True
166.6996 	DATA 	Mouse:  Left button up, pos=(709,959)
166.7763 	EXP 	Photodiode_2: autoDraw = False
168.0434 	EXP 	New trial (rep=8, index=0): <Trial 8 (0 in rep 8) data={'thisN': 8, 'thisTrialN': 0, 'thisRepN': 8}>
168.0528 	EXP 	text: autoDraw = False
168.0528 	EXP 	Photodiode_2: autoDraw = False
168.0528 	EXP 	PLUS_FP: autoDraw = True
168.0528 	EXP 	Photodiode_plus: autoDraw = True
168.2539 	EXP 	Photodiode_plus: autoDraw = False
168.5429 	EXP 	PLUS_FP: autoDraw = False
168.5429 	EXP 	polygon: autoDraw = True
168.5429 	EXP 	Photodiode_polygon: autoDraw = True
168.5540 	EXP 	Photodiode_polygon: autoDraw = False
169.0549 	DATA 	Mouse: Left button down, pos=(709,959)
169.0651 	EXP 	PLUS_FP: autoDraw = False
169.0651 	EXP 	polygon: autoDraw = False
169.0651 	EXP 	Photodiode_polygon: autoDraw = False
169.0651 	EXP 	Photodiode_plus: autoDraw = False
169.0651 	EXP 	Photodiode_2: autoDraw = True
169.2770 	DATA 	Mouse:  Left button up, pos=(709,959)
169.3651 	EXP 	Photodiode_2: autoDraw = False
170.6110 	EXP 	New trial (rep=9, index=0): <Trial 9 (0 in rep 9) data={'thisN': 9, 'thisTrialN': 0, 'thisRepN': 9}>
170.6208 	EXP 	text: autoDraw = False
170.6208 	EXP 	Photodiode_2: autoDraw = False
170.6208 	EXP 	PLUS_FP: autoDraw = True
170.6208 	EXP 	Photodiode_plus: autoDraw = True
170.8205 	EXP 	Photodiode_plus: autoDraw = False
171.1098 	EXP 	PLUS_FP: autoDraw = False
171.1098 	EXP 	polygon: autoDraw = True
171.1098 	EXP 	Photodiode_polygon: autoDraw = True
171.1209 	EXP 	Photodiode_polygon: autoDraw = False
171.5441 	DATA 	Mouse: Left button down, pos=(709,959)
171.5539 	EXP 	PLUS_FP: autoDraw = False
171.5539 	EXP 	polygon: autoDraw = False
171.5539 	EXP 	Photodiode_polygon: autoDraw = False
171.5539 	EXP 	Photodiode_plus: autoDraw = False
171.5539 	EXP 	Photodiode_2: autoDraw = True
171.7661 	DATA 	Mouse:  Left button up, pos=(709,959)
171.8539 	EXP 	Photodiode_2: autoDraw = False
173.1985 	EXP 	text: autoDraw = False
173.1985 	EXP 	Photodiode_2: autoDraw = False
173.1985 	EXP 	text_3: autoDraw = True
173.8775 	EXP 	New trial (rep=5, index=0): <Trial 5 (0 in rep 5) data={'thisN': 5, 'thisTrialN': 0, 'thisRepN': 5}>
173.8781 	EXP 	New trial (rep=0, index=0): <Trial 0 (0 in rep 0) data={'thisN': 0, 'thisTrialN': 0, 'thisRepN': 0}>
173.8787 	DATA 	Keypress: space
173.8873 	EXP 	text_3: autoDraw = False
173.8873 	EXP 	PLUS_FP: autoDraw = True
173.8873 	EXP 	Photodiode_plus: autoDraw = True
174.0872 	EXP 	Photodiode_plus: autoDraw = False
175.8762 	EXP 	PLUS_FP: autoDraw = False
175.8762 	EXP 	polygon: autoDraw = True
175.8762 	EXP 	Photodiode_polygon: autoDraw = True
175.8875 	EXP 	Photodiode_polygon: autoDraw = False
176.2331 	DATA 	Mouse: Left button down, pos=(709,959)
176.2428 	EXP 	PLUS_FP: autoDraw = False
176.2428 	EXP 	polygon: autoDraw = False
176.2428 	EXP 	Photodiode_polygon: autoDraw = False
176.2428 	EXP 	Photodiode_plus: autoDraw = False
176.2428 	EXP 	Photodiode_2: autoDraw = True
176.4559 	DATA 	Mouse:  Left button up, pos=(709,959)
176.5428 	EXP 	Photodiode_2: autoDraw = False
177.4770 	EXP 	New trial (rep=1, index=0): <Trial 1 (0 in rep 1) data={'thisN': 1, 'thisTrialN': 0, 'thisRepN': 1}>
177.4873 	EXP 	text: autoDraw = False
177.4873 	EXP 	Photodiode_2: autoDraw = False
177.4873 	EXP 	PLUS_FP: autoDraw = True
177.4873 	EXP 	Photodiode_plus: autoDraw = True
177.6872 	EXP 	Photodiode_plus: autoDraw = False
177.9764 	EXP 	PLUS_FP: autoDraw = False
177.9764 	EXP 	polygon: autoDraw = True
177.9764 	EXP 	Photodiode_polygon: autoDraw = True
177.9874 	EXP 	Photodiode_polygon: autoDraw = False
178.3883 	DATA 	Mouse: Left button down, pos=(709,959)
178.3982 	EXP 	PLUS_FP: autoDraw = False
178.3982 	EXP 	polygon: autoDraw = False
178.3982 	EXP 	Photodiode_polygon: autoDraw = False
178.3982 	EXP 	Photodiode_plus: autoDraw = False
178.3982 	EXP 	Photodiode_2: autoDraw = True
178.6219 	DATA 	Mouse:  Left button up, pos=(709,959)
178.6980 	EXP 	Photodiode_2: autoDraw = False
179.5887 	EXP 	New trial (rep=2, index=0): <Trial 2 (0 in rep 2) data={'thisN': 2, 'thisTrialN': 0, 'thisRepN': 2}>
179.5984 	EXP 	text: autoDraw = False
179.5984 	EXP 	Photodiode_2: autoDraw = False
179.5984 	EXP 	PLUS_FP: autoDraw = True
179.5984 	EXP 	Photodiode_plus: autoDraw = True
179.7984 	EXP 	Photodiode_plus: autoDraw = False
180.0875 	EXP 	PLUS_FP: autoDraw = False
180.0875 	EXP 	polygon: autoDraw = True
180.0875 	EXP 	Photodiode_polygon: autoDraw = True
180.0988 	EXP 	Photodiode_polygon: autoDraw = False
180.4770 	DATA 	Mouse: Left button down, pos=(709,959)
180.4871 	EXP 	PLUS_FP: autoDraw = False
180.4871 	EXP 	polygon: autoDraw = False
180.4871 	EXP 	Photodiode_polygon: autoDraw = False
180.4871 	EXP 	Photodiode_plus: autoDraw = False
180.4871 	EXP 	Photodiode_2: autoDraw = True
180.6996 	DATA 	Mouse:  Left button up, pos=(709,959)
180.7872 	EXP 	Photodiode_2: autoDraw = False
182.0663 	EXP 	New trial (rep=3, index=0): <Trial 3 (0 in rep 3) data={'thisN': 3, 'thisTrialN': 0, 'thisRepN': 3}>
182.0762 	EXP 	text: autoDraw = False
182.0762 	EXP 	Photodiode_2: autoDraw = False
182.0762 	EXP 	PLUS_FP: autoDraw = True
182.0762 	EXP 	Photodiode_plus: autoDraw = True
182.2760 	EXP 	Photodiode_plus: autoDraw = False
182.5649 	EXP 	PLUS_FP: autoDraw = False
182.5649 	EXP 	polygon: autoDraw = True
182.5649 	EXP 	Photodiode_polygon: autoDraw = True
182.5761 	EXP 	Photodiode_polygon: autoDraw = False
182.9434 	DATA 	Mouse: Left button down, pos=(709,959)
182.9538 	EXP 	PLUS_FP: autoDraw = False
182.9538 	EXP 	polygon: autoDraw = False
182.9538 	EXP 	Photodiode_polygon: autoDraw = False
182.9538 	EXP 	Photodiode_plus: autoDraw = False
182.9538 	EXP 	Photodiode_2: autoDraw = True
183.1765 	DATA 	Mouse:  Left button up, pos=(709,959)
183.2539 	EXP 	Photodiode_2: autoDraw = False
184.4322 	EXP 	New trial (rep=4, index=0): <Trial 4 (0 in rep 4) data={'thisN': 4, 'thisTrialN': 0, 'thisRepN': 4}>
184.4427 	EXP 	text: autoDraw = False
184.4427 	EXP 	Photodiode_2: autoDraw = False
184.4427 	EXP 	PLUS_FP: autoDraw = True
184.4427 	EXP 	Photodiode_plus: autoDraw = True
184.6427 	EXP 	Photodiode_plus: autoDraw = False
184.9315 	EXP 	PLUS_FP: autoDraw = False
184.9315 	EXP 	polygon: autoDraw = True
184.9315 	EXP 	Photodiode_polygon: autoDraw = True
184.9427 	EXP 	Photodiode_polygon: autoDraw = False
185.3218 	DATA 	Mouse: Left button down, pos=(709,959)
185.3315 	EXP 	PLUS_FP: autoDraw = False
185.3315 	EXP 	polygon: autoDraw = False
185.3315 	EXP 	Photodiode_polygon: autoDraw = False
185.3315 	EXP 	Photodiode_plus: autoDraw = False
185.3315 	EXP 	Photodiode_2: autoDraw = True
185.5441 	DATA 	Mouse:  Left button up, pos=(709,959)
185.6313 	EXP 	Photodiode_2: autoDraw = False
186.7770 	EXP 	New trial (rep=5, index=0): <Trial 5 (0 in rep 5) data={'thisN': 5, 'thisTrialN': 0, 'thisRepN': 5}>
186.7871 	EXP 	text: autoDraw = False
186.7871 	EXP 	Photodiode_2: autoDraw = False
186.7871 	EXP 	PLUS_FP: autoDraw = True
186.7871 	EXP 	Photodiode_plus: autoDraw = True
186.9870 	EXP 	Photodiode_plus: autoDraw = False
188.7761 	EXP 	PLUS_FP: autoDraw = False
188.7761 	EXP 	polygon: autoDraw = True
188.7761 	EXP 	Photodiode_polygon: autoDraw = True
188.7873 	EXP 	Photodiode_polygon: autoDraw = False
189.1539 	DATA 	Mouse: Left button down, pos=(709,959)
189.1644 	EXP 	PLUS_FP: autoDraw = False
189.1644 	EXP 	polygon: autoDraw = False
189.1644 	EXP 	Photodiode_polygon: autoDraw = False
189.1644 	EXP 	Photodiode_plus: autoDraw = False
189.1644 	EXP 	Photodiode_2: autoDraw = True
189.3769 	DATA 	Mouse:  Left button up, pos=(709,959)
189.4648 	EXP 	Photodiode_2: autoDraw = False
190.8211 	EXP 	New trial (rep=6, index=0): <Trial 6 (0 in rep 6) data={'thisN': 6, 'thisTrialN': 0, 'thisRepN': 6}>
190.8314 	EXP 	text: autoDraw = False
190.8314 	EXP 	Photodiode_2: autoDraw = False
190.8314 	EXP 	PLUS_FP: autoDraw = True
190.8314 	EXP 	Photodiode_plus: autoDraw = True
191.0315 	EXP 	Photodiode_plus: autoDraw = False
192.8205 	EXP 	PLUS_FP: autoDraw = False
192.8205 	EXP 	polygon: autoDraw = True
192.8205 	EXP 	Photodiode_polygon: autoDraw = True
192.8316 	EXP 	Photodiode_polygon: autoDraw = False
193.2433 	DATA 	Mouse: Left button down, pos=(709,959)
193.2536 	EXP 	PLUS_FP: autoDraw = False
193.2536 	EXP 	polygon: autoDraw = False
193.2536 	EXP 	Photodiode_polygon: autoDraw = False
193.2536 	EXP 	Photodiode_plus: autoDraw = False
193.2536 	EXP 	Photodiode_2: autoDraw = True
193.4764 	DATA 	Mouse:  Left button up, pos=(709,959)
193.5535 	EXP 	Photodiode_2: autoDraw = False
194.8320 	EXP 	New trial (rep=7, index=0): <Trial 7 (0 in rep 7) data={'thisN': 7, 'thisTrialN': 0, 'thisRepN': 7}>
194.8426 	EXP 	text: autoDraw = False
194.8426 	EXP 	Photodiode_2: autoDraw = False
194.8426 	EXP 	PLUS_FP: autoDraw = True
194.8426 	EXP 	Photodiode_plus: autoDraw = True
195.0425 	EXP 	Photodiode_plus: autoDraw = False
196.8317 	EXP 	PLUS_FP: autoDraw = False
196.8317 	EXP 	polygon: autoDraw = True
196.8317 	EXP 	Photodiode_polygon: autoDraw = True
196.8427 	EXP 	Photodiode_polygon: autoDraw = False
197.2439 	DATA 	Mouse: Left button down, pos=(709,959)
197.2536 	EXP 	PLUS_FP: autoDraw = False
197.2536 	EXP 	polygon: autoDraw = False
197.2536 	EXP 	Photodiode_polygon: autoDraw = False
197.2536 	EXP 	Photodiode_plus: autoDraw = False
197.2536 	EXP 	Photodiode_2: autoDraw = True
197.4660 	DATA 	Mouse:  Left button up, pos=(709,959)
197.5536 	EXP 	Photodiode_2: autoDraw = False
198.4657 	EXP 	New trial (rep=8, index=0): <Trial 8 (0 in rep 8) data={'thisN': 8, 'thisTrialN': 0, 'thisRepN': 8}>
198.4758 	EXP 	text: autoDraw = False
198.4758 	EXP 	Photodiode_2: autoDraw = False
198.4758 	EXP 	PLUS_FP: autoDraw = True
198.4758 	EXP 	Photodiode_plus: autoDraw = True
198.6759 	EXP 	Photodiode_plus: autoDraw = False
198.9648 	EXP 	PLUS_FP: autoDraw = False
198.9648 	EXP 	polygon: autoDraw = True
198.9648 	EXP 	Photodiode_polygon: autoDraw = True
198.9759 	EXP 	Photodiode_polygon: autoDraw = False
199.3877 	DATA 	Mouse: Left button down, pos=(709,959)
199.3979 	EXP 	PLUS_FP: autoDraw = False
199.3979 	EXP 	polygon: autoDraw = False
199.3979 	EXP 	Photodiode_polygon: autoDraw = False
199.3979 	EXP 	Photodiode_plus: autoDraw = False
199.3979 	EXP 	Photodiode_2: autoDraw = True
199.6101 	DATA 	Mouse:  Left button up, pos=(709,959)
199.6978 	EXP 	Photodiode_2: autoDraw = False
200.6438 	EXP 	New trial (rep=9, index=0): <Trial 9 (0 in rep 9) data={'thisN': 9, 'thisTrialN': 0, 'thisRepN': 9}>
200.6534 	EXP 	text: autoDraw = False
200.6534 	EXP 	Photodiode_2: autoDraw = False
200.6534 	EXP 	PLUS_FP: autoDraw = True
200.6534 	EXP 	Photodiode_plus: autoDraw = True
200.8534 	EXP 	Photodiode_plus: autoDraw = False
201.9872 	EXP 	PLUS_FP: autoDraw = False
201.9872 	EXP 	polygon: autoDraw = True
201.9872 	EXP 	Photodiode_polygon: autoDraw = True
201.9982 	EXP 	Photodiode_polygon: autoDraw = False
202.3551 	DATA 	Mouse: Left button down, pos=(709,959)
202.3645 	EXP 	PLUS_FP: autoDraw = False
202.3645 	EXP 	polygon: autoDraw = False
202.3645 	EXP 	Photodiode_polygon: autoDraw = False
202.3645 	EXP 	Photodiode_plus: autoDraw = False
202.3645 	EXP 	Photodiode_2: autoDraw = True
202.5775 	DATA 	Mouse:  Left button up, pos=(709,959)
202.6645 	EXP 	Photodiode_2: autoDraw = False
203.6758 	EXP 	text: autoDraw = False
203.6758 	EXP 	Photodiode_2: autoDraw = False
203.6758 	EXP 	text_3: autoDraw = True
204.4441 	EXP 	New trial (rep=6, index=0): <Trial 6 (0 in rep 6) data={'thisN': 6, 'thisTrialN': 0, 'thisRepN': 6}>
204.4445 	EXP 	New trial (rep=0, index=0): <Trial 0 (0 in rep 0) data={'thisN': 0, 'thisTrialN': 0, 'thisRepN': 0}>
204.4449 	DATA 	Keypress: space
204.4535 	EXP 	text_3: autoDraw = False
204.4535 	EXP 	PLUS_FP: autoDraw = True
204.4535 	EXP 	Photodiode_plus: autoDraw = True
204.6535 	EXP 	Photodiode_plus: autoDraw = False
206.4425 	EXP 	PLUS_FP: autoDraw = False
206.4425 	EXP 	polygon: autoDraw = True
206.4425 	EXP 	Photodiode_polygon: autoDraw = True
206.4538 	EXP 	Photodiode_polygon: autoDraw = False
206.8435 	DATA 	Mouse: Left button down, pos=(709,959)
206.8536 	EXP 	PLUS_FP: autoDraw = False
206.8536 	EXP 	polygon: autoDraw = False
206.8536 	EXP 	Photodiode_polygon: autoDraw = False
206.8536 	EXP 	Photodiode_plus: autoDraw = False
206.8536 	EXP 	Photodiode_2: autoDraw = True
207.0544 	DATA 	Mouse:  Left button up, pos=(709,959)
207.1532 	EXP 	Photodiode_2: autoDraw = False
208.3757 	EXP 	New trial (rep=1, index=0): <Trial 1 (0 in rep 1) data={'thisN': 1, 'thisTrialN': 0, 'thisRepN': 1}>
208.3866 	EXP 	text: autoDraw = False
208.3866 	EXP 	Photodiode_2: autoDraw = False
208.3866 	EXP 	PLUS_FP: autoDraw = True
208.3866 	EXP 	Photodiode_plus: autoDraw = True
208.5869 	EXP 	Photodiode_plus: autoDraw = False
210.3754 	EXP 	PLUS_FP: autoDraw = False
210.3754 	EXP 	polygon: autoDraw = True
210.3754 	EXP 	Photodiode_polygon: autoDraw = True
210.3866 	EXP 	Photodiode_polygon: autoDraw = False
210.7873 	DATA 	Mouse: Left button down, pos=(709,959)
210.7974 	EXP 	PLUS_FP: autoDraw = False
210.7974 	EXP 	polygon: autoDraw = False
210.7974 	EXP 	Photodiode_polygon: autoDraw = False
210.7974 	EXP 	Photodiode_plus: autoDraw = False
210.7974 	EXP 	Photodiode_2: autoDraw = True
210.9978 	DATA 	Mouse:  Left button up, pos=(709,959)
211.0976 	EXP 	Photodiode_2: autoDraw = False
212.2097 	EXP 	New trial (rep=2, index=0): <Trial 2 (0 in rep 2) data={'thisN': 2, 'thisTrialN': 0, 'thisRepN': 2}>
212.2200 	EXP 	text: autoDraw = False
212.2200 	EXP 	Photodiode_2: autoDraw = False
212.2200 	EXP 	PLUS_FP: autoDraw = True
212.2200 	EXP 	Photodiode_plus: autoDraw = True
212.4200 	EXP 	Photodiode_plus: autoDraw = False
212.7092 	EXP 	PLUS_FP: autoDraw = False
212.7092 	EXP 	polygon: autoDraw = True
212.7092 	EXP 	Photodiode_polygon: autoDraw = True
212.7203 	EXP 	Photodiode_polygon: autoDraw = False
213.1765 	DATA 	Mouse: Left button down, pos=(709,959)
213.1868 	EXP 	PLUS_FP: autoDraw = False
213.1868 	EXP 	polygon: autoDraw = False
213.1868 	EXP 	Photodiode_polygon: autoDraw = False
213.1868 	EXP 	Photodiode_plus: autoDraw = False
213.1868 	EXP 	Photodiode_2: autoDraw = True
213.3995 	DATA 	Mouse:  Left button up, pos=(709,959)
213.4864 	EXP 	Photodiode_2: autoDraw = False
214.7544 	EXP 	New trial (rep=3, index=0): <Trial 3 (0 in rep 3) data={'thisN': 3, 'thisTrialN': 0, 'thisRepN': 3}>
214.7645 	EXP 	text: autoDraw = False
214.7645 	EXP 	Photodiode_2: autoDraw = False
214.7645 	EXP 	PLUS_FP: autoDraw = True
214.7645 	EXP 	Photodiode_plus: autoDraw = True
214.9644 	EXP 	Photodiode_plus: autoDraw = False
215.2536 	EXP 	PLUS_FP: autoDraw = False
215.2536 	EXP 	polygon: autoDraw = True
215.2536 	EXP 	Photodiode_polygon: autoDraw = True
215.2647 	EXP 	Photodiode_polygon: autoDraw = False
215.6873 	DATA 	Mouse: Left button down, pos=(709,959)
215.6978 	EXP 	PLUS_FP: autoDraw = False
215.6978 	EXP 	polygon: autoDraw = False
215.6978 	EXP 	Photodiode_polygon: autoDraw = False
215.6978 	EXP 	Photodiode_plus: autoDraw = False
215.6978 	EXP 	Photodiode_2: autoDraw = True
215.8984 	DATA 	Mouse:  Left button up, pos=(709,959)
215.9978 	EXP 	Photodiode_2: autoDraw = False
217.1539 	EXP 	New trial (rep=4, index=0): <Trial 4 (0 in rep 4) data={'thisN': 4, 'thisTrialN': 0, 'thisRepN': 4}>
217.1645 	EXP 	text: autoDraw = False
217.1645 	EXP 	Photodiode_2: autoDraw = False
217.1645 	EXP 	PLUS_FP: autoDraw = True
217.1645 	EXP 	Photodiode_plus: autoDraw = True
217.3645 	EXP 	Photodiode_plus: autoDraw = False
219.1531 	EXP 	PLUS_FP: autoDraw = False
219.1531 	EXP 	polygon: autoDraw = True
219.1531 	EXP 	Photodiode_polygon: autoDraw = True
219.1642 	EXP 	Photodiode_polygon: autoDraw = False
219.5765 	DATA 	Mouse: Left button down, pos=(709,959)
219.5865 	EXP 	PLUS_FP: autoDraw = False
219.5865 	EXP 	polygon: autoDraw = False
219.5865 	EXP 	Photodiode_polygon: autoDraw = False
219.5865 	EXP 	Photodiode_plus: autoDraw = False
219.5865 	EXP 	Photodiode_2: autoDraw = True
219.7995 	DATA 	Mouse:  Left button up, pos=(709,959)
219.8867 	EXP 	Photodiode_2: autoDraw = False
221.1097 	EXP 	New trial (rep=5, index=0): <Trial 5 (0 in rep 5) data={'thisN': 5, 'thisTrialN': 0, 'thisRepN': 5}>
221.1199 	EXP 	text: autoDraw = False
221.1199 	EXP 	Photodiode_2: autoDraw = False
221.1199 	EXP 	PLUS_FP: autoDraw = True
221.1199 	EXP 	Photodiode_plus: autoDraw = True
221.3199 	EXP 	Photodiode_plus: autoDraw = False
221.6089 	EXP 	PLUS_FP: autoDraw = False
221.6089 	EXP 	polygon: autoDraw = True
221.6089 	EXP 	Photodiode_polygon: autoDraw = True
221.6200 	EXP 	Photodiode_polygon: autoDraw = False
222.0209 	DATA 	Mouse: Left button down, pos=(709,959)
222.0310 	EXP 	PLUS_FP: autoDraw = False
222.0310 	EXP 	polygon: autoDraw = False
222.0310 	EXP 	Photodiode_polygon: autoDraw = False
222.0310 	EXP 	Photodiode_plus: autoDraw = False
222.0310 	EXP 	Photodiode_2: autoDraw = True
222.2440 	DATA 	Mouse:  Left button up, pos=(709,959)
222.3310 	EXP 	Photodiode_2: autoDraw = False
223.4874 	EXP 	New trial (rep=6, index=0): <Trial 6 (0 in rep 6) data={'thisN': 6, 'thisTrialN': 0, 'thisRepN': 6}>
223.4975 	EXP 	text: autoDraw = False
223.4975 	EXP 	Photodiode_2: autoDraw = False
223.4975 	EXP 	PLUS_FP: autoDraw = True
223.4975 	EXP 	Photodiode_plus: autoDraw = True
223.6976 	EXP 	Photodiode_plus: autoDraw = False
223.9868 	EXP 	PLUS_FP: autoDraw = False
223.9868 	EXP 	polygon: autoDraw = True
223.9868 	EXP 	Photodiode_polygon: autoDraw = True
223.9978 	EXP 	Photodiode_polygon: autoDraw = False
224.3982 	DATA 	Mouse: Left button down, pos=(709,959)
224.4197 	EXP 	PLUS_FP: autoDraw = False
224.4197 	EXP 	polygon: autoDraw = False
224.4197 	EXP 	Photodiode_polygon: autoDraw = False
224.4197 	EXP 	Photodiode_plus: autoDraw = False
224.4197 	EXP 	Photodiode_2: autoDraw = True
224.6204 	DATA 	Mouse:  Left button up, pos=(709,959)
224.7198 	EXP 	Photodiode_2: autoDraw = False
225.7645 	EXP 	New trial (rep=7, index=0): <Trial 7 (0 in rep 7) data={'thisN': 7, 'thisTrialN': 0, 'thisRepN': 7}>
225.7752 	EXP 	text: autoDraw = False
225.7752 	EXP 	Photodiode_2: autoDraw = False
225.7752 	EXP 	PLUS_FP: autoDraw = True
225.7752 	EXP 	Photodiode_plus: autoDraw = True
225.9754 	EXP 	Photodiode_plus: autoDraw = False
226.2646 	EXP 	PLUS_FP: autoDraw = False
226.2646 	EXP 	polygon: autoDraw = True
226.2646 	EXP 	Photodiode_polygon: autoDraw = True
226.2757 	EXP 	Photodiode_polygon: autoDraw = False
226.6432 	DATA 	Mouse: Left button down, pos=(709,959)
226.6531 	EXP 	PLUS_FP: autoDraw = False
226.6531 	EXP 	polygon: autoDraw = False
226.6531 	EXP 	Photodiode_polygon: autoDraw = False
226.6531 	EXP 	Photodiode_plus: autoDraw = False
226.6531 	EXP 	Photodiode_2: autoDraw = True
226.8761 	DATA 	Mouse:  Left button up, pos=(709,959)
226.9531 	EXP 	Photodiode_2: autoDraw = False
227.9539 	EXP 	New trial (rep=8, index=0): <Trial 8 (0 in rep 8) data={'thisN': 8, 'thisTrialN': 0, 'thisRepN': 8}>
227.9641 	EXP 	text: autoDraw = False
227.9641 	EXP 	Photodiode_2: autoDraw = False
227.9641 	EXP 	PLUS_FP: autoDraw = True
227.9641 	EXP 	Photodiode_plus: autoDraw = True
228.1641 	EXP 	Photodiode_plus: autoDraw = False
229.9533 	EXP 	PLUS_FP: autoDraw = False
229.9533 	EXP 	polygon: autoDraw = True
229.9533 	EXP 	Photodiode_polygon: autoDraw = True
229.9644 	EXP 	Photodiode_polygon: autoDraw = False
230.3102 	DATA 	Mouse: Left button down, pos=(709,959)
230.3195 	EXP 	PLUS_FP: autoDraw = False
230.3195 	EXP 	polygon: autoDraw = False
230.3195 	EXP 	Photodiode_polygon: autoDraw = False
230.3195 	EXP 	Photodiode_plus: autoDraw = False
230.3195 	EXP 	Photodiode_2: autoDraw = True
230.5324 	DATA 	Mouse:  Left button up, pos=(709,959)
230.6198 	EXP 	Photodiode_2: autoDraw = False
231.5979 	EXP 	New trial (rep=9, index=0): <Trial 9 (0 in rep 9) data={'thisN': 9, 'thisTrialN': 0, 'thisRepN': 9}>
231.6085 	EXP 	text: autoDraw = False
231.6085 	EXP 	Photodiode_2: autoDraw = False
231.6085 	EXP 	PLUS_FP: autoDraw = True
231.6085 	EXP 	Photodiode_plus: autoDraw = True
231.8084 	EXP 	Photodiode_plus: autoDraw = False
232.0973 	EXP 	PLUS_FP: autoDraw = False
232.0973 	EXP 	polygon: autoDraw = True
232.0973 	EXP 	Photodiode_polygon: autoDraw = True
232.1084 	EXP 	Photodiode_polygon: autoDraw = False
232.4649 	DATA 	Mouse: Left button down, pos=(709,959)
232.4753 	EXP 	PLUS_FP: autoDraw = False
232.4753 	EXP 	polygon: autoDraw = False
232.4753 	EXP 	Photodiode_polygon: autoDraw = False
232.4753 	EXP 	Photodiode_plus: autoDraw = False
232.4753 	EXP 	Photodiode_2: autoDraw = True
232.6868 	DATA 	Mouse:  Left button up, pos=(709,959)
232.7750 	EXP 	Photodiode_2: autoDraw = False
233.9418 	EXP 	text: autoDraw = False
233.9418 	EXP 	Photodiode_2: autoDraw = False
233.9418 	EXP 	text_3: autoDraw = True
234.7213 	EXP 	New trial (rep=7, index=0): <Trial 7 (0 in rep 7) data={'thisN': 7, 'thisTrialN': 0, 'thisRepN': 7}>
234.7217 	EXP 	New trial (rep=0, index=0): <Trial 0 (0 in rep 0) data={'thisN': 0, 'thisTrialN': 0, 'thisRepN': 0}>
234.7222 	DATA 	Keypress: space
234.7308 	EXP 	text_3: autoDraw = False
234.7308 	EXP 	PLUS_FP: autoDraw = True
234.7308 	EXP 	Photodiode_plus: autoDraw = True
234.9307 	EXP 	Photodiode_plus: autoDraw = False
235.2199 	EXP 	PLUS_FP: autoDraw = False
235.2199 	EXP 	polygon: autoDraw = True
235.2199 	EXP 	Photodiode_polygon: autoDraw = True
235.2309 	EXP 	Photodiode_polygon: autoDraw = False
235.8221 	DATA 	Mouse: Left button down, pos=(709,959)
235.8420 	EXP 	PLUS_FP: autoDraw = False
235.8420 	EXP 	polygon: autoDraw = False
235.8420 	EXP 	Photodiode_polygon: autoDraw = False
235.8420 	EXP 	Photodiode_plus: autoDraw = False
235.8420 	EXP 	Photodiode_2: autoDraw = True
236.0438 	DATA 	Mouse:  Left button up, pos=(709,959)
236.1420 	EXP 	Photodiode_2: autoDraw = False
237.3766 	EXP 	New trial (rep=1, index=0): <Trial 1 (0 in rep 1) data={'thisN': 1, 'thisTrialN': 0, 'thisRepN': 1}>
237.3863 	EXP 	text: autoDraw = False
237.3863 	EXP 	Photodiode_2: autoDraw = False
237.3863 	EXP 	PLUS_FP: autoDraw = True
237.3863 	EXP 	Photodiode_plus: autoDraw = True
237.5864 	EXP 	Photodiode_plus: autoDraw = False
237.8751 	EXP 	PLUS_FP: autoDraw = False
237.8751 	EXP 	polygon: autoDraw = True
237.8751 	EXP 	Photodiode_polygon: autoDraw = True
237.8863 	EXP 	Photodiode_polygon: autoDraw = False
238.2647 	DATA 	Mouse: Left button down, pos=(709,959)
238.2752 	EXP 	PLUS_FP: autoDraw = False
238.2752 	EXP 	polygon: autoDraw = False
238.2752 	EXP 	Photodiode_polygon: autoDraw = False
238.2752 	EXP 	Photodiode_plus: autoDraw = False
238.2752 	EXP 	Photodiode_2: autoDraw = True
238.4867 	DATA 	Mouse:  Left button up, pos=(709,959)
238.5751 	EXP 	Photodiode_2: autoDraw = False
239.7429 	EXP 	New trial (rep=2, index=0): <Trial 2 (0 in rep 2) data={'thisN': 2, 'thisTrialN': 0, 'thisRepN': 2}>
239.7531 	EXP 	text: autoDraw = False
239.7531 	EXP 	Photodiode_2: autoDraw = False
239.7531 	EXP 	PLUS_FP: autoDraw = True
239.7531 	EXP 	Photodiode_plus: autoDraw = True
239.8980 	DATA 	Mouse: Left button down, pos=(709,959)
239.9086 	EXP 	PLUS_FP: autoDraw = False
239.9086 	EXP 	polygon: autoDraw = False
239.9086 	EXP 	Photodiode_polygon: autoDraw = False
239.9086 	EXP 	Photodiode_plus: autoDraw = False
239.9086 	EXP 	text: autoDraw = True
239.9086 	EXP 	Photodiode_2: autoDraw = True
240.1315 	DATA 	Mouse:  Left button up, pos=(709,959)
240.2088 	EXP 	Photodiode_2: autoDraw = False
241.3543 	EXP 	New trial (rep=3, index=0): <Trial 3 (0 in rep 3) data={'thisN': 3, 'thisTrialN': 0, 'thisRepN': 3}>
241.3641 	EXP 	text: autoDraw = False
241.3641 	EXP 	Photodiode_2: autoDraw = False
241.3641 	EXP 	PLUS_FP: autoDraw = True
241.3641 	EXP 	Photodiode_plus: autoDraw = True
241.5641 	EXP 	Photodiode_plus: autoDraw = False
241.8532 	EXP 	PLUS_FP: autoDraw = False
241.8532 	EXP 	polygon: autoDraw = True
241.8532 	EXP 	Photodiode_polygon: autoDraw = True
241.8642 	EXP 	Photodiode_polygon: autoDraw = False
242.2205 	DATA 	Mouse: Left button down, pos=(709,959)
242.2305 	EXP 	PLUS_FP: autoDraw = False
242.2305 	EXP 	polygon: autoDraw = False
242.2305 	EXP 	Photodiode_polygon: autoDraw = False
242.2305 	EXP 	Photodiode_plus: autoDraw = False
242.2305 	EXP 	Photodiode_2: autoDraw = True
242.4423 	DATA 	Mouse:  Left button up, pos=(709,959)
242.5308 	EXP 	Photodiode_2: autoDraw = False
243.4761 	EXP 	New trial (rep=4, index=0): <Trial 4 (0 in rep 4) data={'thisN': 4, 'thisTrialN': 0, 'thisRepN': 4}>
243.4858 	EXP 	text: autoDraw = False
243.4858 	EXP 	Photodiode_2: autoDraw = False
243.4858 	EXP 	PLUS_FP: autoDraw = True
243.4858 	EXP 	Photodiode_plus: autoDraw = True
243.6863 	EXP 	Photodiode_plus: autoDraw = False
245.4753 	EXP 	PLUS_FP: autoDraw = False
245.4753 	EXP 	polygon: autoDraw = True
245.4753 	EXP 	Photodiode_polygon: autoDraw = True
245.4865 	EXP 	Photodiode_polygon: autoDraw = False
245.8985 	DATA 	Mouse: Left button down, pos=(709,959)
245.9083 	EXP 	PLUS_FP: autoDraw = False
245.9083 	EXP 	polygon: autoDraw = False
245.9083 	EXP 	Photodiode_polygon: autoDraw = False
245.9083 	EXP 	Photodiode_plus: autoDraw = False
245.9083 	EXP 	Photodiode_2: autoDraw = True
246.1201 	DATA 	Mouse:  Left button up, pos=(709,959)
246.2083 	EXP 	Photodiode_2: autoDraw = False
247.2763 	EXP 	New trial (rep=5, index=0): <Trial 5 (0 in rep 5) data={'thisN': 5, 'thisTrialN': 0, 'thisRepN': 5}>
247.2861 	EXP 	text: autoDraw = False
247.2861 	EXP 	Photodiode_2: autoDraw = False
247.2861 	EXP 	PLUS_FP: autoDraw = True
247.2861 	EXP 	Photodiode_plus: autoDraw = True
247.4863 	EXP 	Photodiode_plus: autoDraw = False
247.7752 	EXP 	PLUS_FP: autoDraw = False
247.7752 	EXP 	polygon: autoDraw = True
247.7752 	EXP 	Photodiode_polygon: autoDraw = True
247.7863 	EXP 	Photodiode_polygon: autoDraw = False
248.1317 	DATA 	Mouse: Left button down, pos=(709,959)
248.1418 	EXP 	PLUS_FP: autoDraw = False
248.1418 	EXP 	polygon: autoDraw = False
248.1418 	EXP 	Photodiode_polygon: autoDraw = False
248.1418 	EXP 	Photodiode_plus: autoDraw = False
248.1418 	EXP 	Photodiode_2: autoDraw = True
248.3532 	DATA 	Mouse:  Left button up, pos=(709,959)
248.4405 	EXP 	Photodiode_2: autoDraw = False
249.3874 	EXP 	New trial (rep=6, index=0): <Trial 6 (0 in rep 6) data={'thisN': 6, 'thisTrialN': 0, 'thisRepN': 6}>
249.3973 	EXP 	text: autoDraw = False
249.3973 	EXP 	Photodiode_2: autoDraw = False
249.3973 	EXP 	PLUS_FP: autoDraw = True
249.3973 	EXP 	Photodiode_plus: autoDraw = True
249.5972 	EXP 	Photodiode_plus: autoDraw = False
251.3864 	EXP 	PLUS_FP: autoDraw = False
251.3864 	EXP 	polygon: autoDraw = True
251.3864 	EXP 	Photodiode_polygon: autoDraw = True
251.3974 	EXP 	Photodiode_polygon: autoDraw = False
251.7334 	DATA 	Mouse: Left button down, pos=(709,959)
251.7527 	EXP 	PLUS_FP: autoDraw = False
251.7527 	EXP 	polygon: autoDraw = False
251.7527 	EXP 	Photodiode_polygon: autoDraw = False
251.7527 	EXP 	Photodiode_plus: autoDraw = False
251.7527 	EXP 	Photodiode_2: autoDraw = True
251.9645 	DATA 	Mouse:  Left button up, pos=(709,959)
252.0527 	EXP 	Photodiode_2: autoDraw = False
253.1869 	EXP 	New trial (rep=7, index=0): <Trial 7 (0 in rep 7) data={'thisN': 7, 'thisTrialN': 0, 'thisRepN': 7}>
253.1971 	EXP 	text: autoDraw = False
253.1971 	EXP 	Photodiode_2: autoDraw = False
253.1971 	EXP 	PLUS_FP: autoDraw = True
253.1971 	EXP 	Photodiode_plus: autoDraw = True
253.3973 	EXP 	Photodiode_plus: autoDraw = False
255.1864 	EXP 	PLUS_FP: autoDraw = False
255.1864 	EXP 	polygon: autoDraw = True
255.1864 	EXP 	Photodiode_polygon: autoDraw = True
255.1974 	EXP 	Photodiode_polygon: autoDraw = False
255.5759 	DATA 	Mouse: Left button down, pos=(709,959)
255.5862 	EXP 	PLUS_FP: autoDraw = False
255.5862 	EXP 	polygon: autoDraw = False
255.5862 	EXP 	Photodiode_polygon: autoDraw = False
255.5862 	EXP 	Photodiode_plus: autoDraw = False
255.5862 	EXP 	Photodiode_2: autoDraw = True
255.7977 	DATA 	Mouse:  Left button up, pos=(709,959)
255.8859 	EXP 	Photodiode_2: autoDraw = False
257.1094 	EXP 	New trial (rep=8, index=0): <Trial 8 (0 in rep 8) data={'thisN': 8, 'thisTrialN': 0, 'thisRepN': 8}>
257.1195 	EXP 	text: autoDraw = False
257.1195 	EXP 	Photodiode_2: autoDraw = False
257.1195 	EXP 	PLUS_FP: autoDraw = True
257.1195 	EXP 	Photodiode_plus: autoDraw = True
257.3196 	EXP 	Photodiode_plus: autoDraw = False
258.2974 	EXP 	PLUS_FP: autoDraw = False
258.2974 	EXP 	polygon: autoDraw = True
258.2974 	EXP 	Photodiode_polygon: autoDraw = True
258.3085 	EXP 	Photodiode_polygon: autoDraw = False
258.7759 	DATA 	Mouse: Left button down, pos=(709,959)
258.7860 	EXP 	PLUS_FP: autoDraw = False
258.7860 	EXP 	polygon: autoDraw = False
258.7860 	EXP 	Photodiode_polygon: autoDraw = False
258.7860 	EXP 	Photodiode_plus: autoDraw = False
258.7860 	EXP 	Photodiode_2: autoDraw = True
258.9977 	DATA 	Mouse:  Left button up, pos=(709,959)
259.0859 	EXP 	Photodiode_2: autoDraw = False
260.3635 	EXP 	New trial (rep=9, index=0): <Trial 9 (0 in rep 9) data={'thisN': 9, 'thisTrialN': 0, 'thisRepN': 9}>
