30.0875 	WARNING 	User requested fullscreen with size [1920 1080], but screen is actually [1920, 1200]. Using actual size
30.8510 	EXP 	Created window1 = Window(allowGUI=True, allowStencil=False, autoLog=True, backendConf=UNKNOWN, backgroundFit=<method-wrapper '__getattribute__' of attributeSetter object at 0x0000021B12C173A0>, backgroundImage=<method-wrapper '__getattribute__' of attributeSetter object at 0x0000021B12C17340>, bitsMode=UNKNOWN, blendMode='avg', bpc=(8, 8, 8), color=array([0, 0, 0]), colorSpace='rgb', depthBits=8, fullscr=<method-wrapper '__getattribute__' of attributeSetter object at 0x0000021B12C17190>, gamma=None, gammaErrorPolicy='raise', infoMsg=UNKNOWN, lms=UNKNOWN, monitor=<psychopy.monitors.calibTools.Monitor object at 0x0000021B12D0CBB0>, multiSample=False, name='window1', numSamples=2, pos=[0.0, 0.0], screen=0, size=array([1920, 1200]), stencilBits=0, stereo=False, title='PsychoPy', units='height', useFBO=True, useRetina=False, viewOri=0.0, viewPos=None, viewScale=None, waitBlanking=True, winType='pyglet')
30.8511 	EXP 	window1: backgroundImage = ''
30.8511 	EXP 	window1: backgroundFit = 'none'
30.8512 	EXP 	window1: mouseVisible = <method-wrapper '__getattribute__' of attributeSetter object at 0x0000021B12C177C0>
30.8514 	EXP 	window1: mouseVisible = <method-wrapper '__getattribute__' of attributeSetter object at 0x0000021B12C177C0>
30.8681 	EXP 	window1: mouseVisible = <method-wrapper '__getattribute__' of attributeSetter object at 0x0000021B12C177C0>
30.8687 	EXP 	window1: mouseVisible = <method-wrapper '__getattribute__' of attributeSetter object at 0x0000021B12C177C0>
30.9302 	EXP 	window1: mouseVisible = <method-wrapper '__getattribute__' of attributeSetter object at 0x0000021B12C177C0>
30.9302 	EXP 	window1: mouseVisible = <method-wrapper '__getattribute__' of attributeSetter object at 0x0000021B12C177C0>
30.9306 	EXP 	window1: mouseVisible = <method-wrapper '__getattribute__' of attributeSetter object at 0x0000021B12C177C0>
30.9308 	EXP 	window1: mouseVisible = <method-wrapper '__getattribute__' of attributeSetter object at 0x0000021B12C177C0>
30.9554 	EXP 	window1: Attempting to measure frame rate of screen (0) ...
30.9555 	EXP 	window1: recordFrameIntervals = False
31.0930 	EXP 	window1: recordFrameIntervals = True
31.2768 	EXP 	Screen (0) actual frame rate measured at 59.93Hz
31.2769 	EXP 	window1: recordFrameIntervals = False
31.2770 	EXP 	window1: mouseVisible = False
33.4609 	EXP 	Foreperiod_task: status = STARTED
33.4611 	EXP 	window1: mouseVisible = False
33.6629 	EXP 	Created Welcome_Text = TextStim(__class__=<class 'psychopy.visual.text.TextStim'>, alignHoriz=method-wrapper(...), alignText='center', alignVert=method-wrapper(...), anchorHoriz='center', anchorVert='center', antialias=True, autoDraw=False, autoLog=True, bold=False, color=array([1., 1., 1.]), colorSpace='rgb', contrast=1.0, depth=0.0, draggable=False, flipHoriz=False, flipVert=False, font='Open Sans', fontFiles=[], height=0.05, italic=False, languageStyle='LTR', name='Welcome_Text', opacity=1, ori=0.0, pos=array([0., 0.]), rgb=UNKNOWN, text=str(...), units='height', win=Window(...), wrapWidth=1)
33.6814 	EXP 	window1: mouseVisible = False
33.6957 	EXP 	Created PLUS_FP = ShapeStim(__class__=<class 'psychopy.visual.shape.ShapeStim'>, anchor=('center', 'center'), autoDraw=False, autoLog=True, closeShape=True, color=method-wrapper(...), colorSpace='rgb', contrast=None, depth=-1.0, draggable=False, fillColor=array([1, 1, 1]), fillColorSpace='rgb', fillRGB=array([1, 1, 1]), interpolate=True, lineColor=array([1., 1., 1.]), lineColorSpace='rgb', lineRGB=array([1, 1, 1]), lineWidth=1.0, name='PLUS_FP', opacity=1, ori=0.0, pos=array([0., 0.]), size=array([0.05, 0.05]), units='height', vertices=ndarray(...), win=Window(...), windingRule=None)
33.6958 	EXP 	window1: mouseVisible = False
33.6965 	EXP 	Created polygon = ShapeStim(__class__=<class 'psychopy.visual.shape.ShapeStim'>, anchor=('center', 'center'), autoDraw=False, autoLog=True, closeShape=True, color=method-wrapper(...), colorSpace='rgb', contrast=None, depth=-2.0, draggable=False, fillColor=array([1, 1, 1]), fillColorSpace='rgb', fillRGB=array([1, 1, 1]), interpolate=True, lineColor=array([1., 1., 1.]), lineColorSpace='rgb', lineRGB=array([1, 1, 1]), lineWidth=1.0, name='polygon', opacity=1, ori=0.0, pos=array([0., 0.]), size=array([0.5, 0.5]), units='height', vertices=ndarray(...), win=Window(...), windingRule=None)
33.6965 	EXP 	window1: mouseVisible = False
33.6971 	EXP 	Created Photodiode_polygon = Rect(__class__=<class 'psychopy.visual.rect.Rect'>, anchor=('center', 'center'), autoDraw=False, autoLog=True, closeShape=True, color=method-wrapper(...), colorSpace='rgb', contrast=None, depth=-4.0, draggable=False, fillColor=array([1, 1, 1]), fillColorSpace='rgb', fillRGB=array([1, 1, 1]), interpolate=True, lineColor=array([1., 1., 1.]), lineColorSpace='rgb', lineRGB=array([1, 1, 1]), lineWidth=1.0, name='Photodiode_polygon', opacity=1, ori=0.0, pos=array([ 0.735, -0.44 ]), size=array([0.11, 0.11]), units='height', vertices=ndarray(...), win=Window(...))
33.6971 	EXP 	window1: mouseVisible = False
33.6986 	EXP 	Created Photodiode_plus = Rect(__class__=<class 'psychopy.visual.rect.Rect'>, anchor=('center', 'center'), autoDraw=False, autoLog=True, closeShape=True, color=method-wrapper(...), colorSpace='rgb', contrast=None, depth=-5.0, draggable=False, fillColor=array([1, 1, 1]), fillColorSpace='rgb', fillRGB=array([1, 1, 1]), interpolate=True, lineColor=array([1., 1., 1.]), lineColorSpace='rgb', lineRGB=array([1, 1, 1]), lineWidth=1.0, name='Photodiode_plus', opacity=1, ori=0.0, pos=array([ 0.735, -0.44 ]), size=array([0.11, 0.11]), units='height', vertices=ndarray(...), win=Window(...))
33.6986 	EXP 	window1: mouseVisible = False
33.6990 	EXP 	Created text = TextStim(__class__=<class 'psychopy.visual.text.TextStim'>, alignHoriz=method-wrapper(...), alignText='center', alignVert=method-wrapper(...), anchorHoriz='center', anchorVert='center', antialias=True, autoDraw=False, autoLog=True, bold=False, color=array([1., 1., 1.]), colorSpace='rgb', contrast=1.0, depth=0.0, draggable=False, flipHoriz=False, flipVert=False, font='Open Sans', fontFiles=[], height=0.05, italic=False, languageStyle='LTR', name='text', opacity=1, ori=0.0, pos=array([ 0.  , -0.35]), rgb=UNKNOWN, text='', units='height', win=Window(...), wrapWidth=1)
33.6990 	EXP 	window1: mouseVisible = False
33.6995 	EXP 	Created Photodiode_2 = Rect(__class__=<class 'psychopy.visual.rect.Rect'>, anchor=('center', 'center'), autoDraw=False, autoLog=True, closeShape=True, color=method-wrapper(...), colorSpace='rgb', contrast=None, depth=-2.0, draggable=False, fillColor=array([1, 1, 1]), fillColorSpace='rgb', fillRGB=array([1, 1, 1]), interpolate=True, lineColor=array([1., 1., 1.]), lineColorSpace='rgb', lineRGB=array([1, 1, 1]), lineWidth=1.0, name='Photodiode_2', opacity=1, ori=0.0, pos=array([ 0.735, -0.44 ]), size=array([0.11, 0.11]), units='height', vertices=ndarray(...), win=Window(...))
33.6995 	EXP 	window1: mouseVisible = False
33.7001 	EXP 	Created text_3 = TextStim(__class__=<class 'psychopy.visual.text.TextStim'>, alignHoriz=method-wrapper(...), alignText='center', alignVert=method-wrapper(...), anchorHoriz='center', anchorVert='center', antialias=True, autoDraw=False, autoLog=True, bold=False, color=array([1., 1., 1.]), colorSpace='rgb', contrast=1.0, depth=-1.0, draggable=False, flipHoriz=False, flipVert=False, font='Arial', fontFiles=[], height=0.05, italic=False, languageStyle='LTR', name='text_3', opacity=1, ori=0.0, pos=array([0., 0.]), rgb=UNKNOWN, text='', units='height', win=Window(...), wrapWidth=1)
0.0065 	EXP 	Welcome_Text: autoDraw = True
0.7795 	DATA 	Mouse: Left button down, pos=(1049,777)
0.7921 	EXP 	New trial (rep=0, index=0): <Trial 0 (0 in rep 0) data={'thisN': 0, 'thisTrialN': 0, 'thisRepN': 0}>
0.7924 	EXP 	New trial (rep=0, index=0): <Trial 0 (0 in rep 0) data={'thisN': 0, 'thisTrialN': 0, 'thisRepN': 0}>
0.7981 	EXP 	Welcome_Text: autoDraw = False
0.7981 	EXP 	PLUS_FP: autoDraw = True
0.7981 	EXP 	Photodiode_plus: autoDraw = True
0.8792 	DATA 	Mouse:  Left button up, pos=(1049,777)
1.0125 	EXP 	Photodiode_plus: autoDraw = False
2.7808 	EXP 	PLUS_FP: autoDraw = False
2.7808 	EXP 	polygon: autoDraw = True
2.7808 	EXP 	Photodiode_polygon: autoDraw = True
2.7975 	EXP 	Photodiode_polygon: autoDraw = False
3.0813 	DATA 	Mouse: Left button down, pos=(1049,777)
3.0974 	EXP 	PLUS_FP: autoDraw = False
3.0974 	EXP 	polygon: autoDraw = False
3.0974 	EXP 	Photodiode_polygon: autoDraw = False
3.0974 	EXP 	Photodiode_plus: autoDraw = False
3.0974 	EXP 	Photodiode_2: autoDraw = True
3.1644 	DATA 	Mouse:  Left button up, pos=(1049,777)
3.3978 	EXP 	Photodiode_2: autoDraw = False
4.8089 	EXP 	window1: mouseVisible = True
