7.8729 	EXP 	Created window1 = Window(allowGUI=True, allowStencil=False, autoLog=True, backendConf=UNKNOWN, backgroundFit=<method-wrapper '__getattribute__' of attributeSetter object at 0x000002C9906E3CA0>, backgroundImage=<method-wrapper '__getattribute__' of attributeSetter object at 0x000002C9906E3C40>, bitsMode=UNKNOWN, blendMode='avg', bpc=(8, 8, 8), color=array([0, 0, 0]), colorSpace='rgb', depthBits=8, fullscr=<method-wrapper '__getattribute__' of attributeSetter object at 0x000002C9906E3A90>, gamma=None, gammaErrorPolicy='raise', infoMsg=UNKNOWN, lms=UNKNOWN, monitor=<psychopy.monitors.calibTools.Monitor object at 0x000002C9907CCC40>, multiSample=False, name='window1', numSamples=2, pos=[0.0, 0.0], screen=0, size=array([1920, 1080]), stencilBits=0, stereo=False, title='PsychoPy', units='height', useFBO=True, useRetina=False, viewOri=0.0, viewPos=None, viewScale=None, waitBlanking=True, winType='pyglet')
7.8729 	EXP 	window1: backgroundImage = ''
7.8729 	EXP 	window1: backgroundFit = 'none'
7.8731 	EXP 	window1: mouseVisible = <method-wrapper '__getattribute__' of attributeSetter object at 0x000002C9906E3DC0>
7.8731 	EXP 	window1: mouseVisible = <method-wrapper '__getattribute__' of attributeSetter object at 0x000002C9906E3DC0>
7.8748 	EXP 	window1: mouseVisible = <method-wrapper '__getattribute__' of attributeSetter object at 0x000002C9906E3DC0>
7.8751 	EXP 	window1: mouseVisible = <method-wrapper '__getattribute__' of attributeSetter object at 0x000002C9906E3DC0>
7.8994 	EXP 	window1: mouseVisible = <method-wrapper '__getattribute__' of attributeSetter object at 0x000002C9906E3DC0>
7.8995 	EXP 	window1: mouseVisible = <method-wrapper '__getattribute__' of attributeSetter object at 0x000002C9906E3DC0>
7.8998 	EXP 	window1: mouseVisible = <method-wrapper '__getattribute__' of attributeSetter object at 0x000002C9906E3DC0>
7.9001 	EXP 	window1: mouseVisible = <method-wrapper '__getattribute__' of attributeSetter object at 0x000002C9906E3DC0>
7.9086 	EXP 	window1: Attempting to measure frame rate of screen (0) ...
7.9087 	EXP 	window1: recordFrameIntervals = False
8.0648 	EXP 	window1: recordFrameIntervals = True
8.2485 	EXP 	Screen (0) actual frame rate measured at 59.71Hz
8.2486 	EXP 	window1: recordFrameIntervals = False
8.2487 	EXP 	window1: mouseVisible = False
9.5634 	EXP 	Foreperiod_task: status = STARTED
9.5636 	EXP 	window1: mouseVisible = False
9.6266 	EXP 	Created Welcome_Text = TextStim(__class__=<class 'psychopy.visual.text.TextStim'>, alignHoriz=method-wrapper(...), alignText='center', alignVert=method-wrapper(...), anchorHoriz='center', anchorVert='center', antialias=True, autoDraw=False, autoLog=True, bold=False, color=array([1., 1., 1.]), colorSpace='rgb', contrast=1.0, depth=0.0, draggable=False, flipHoriz=False, flipVert=False, font='Open Sans', fontFiles=[], height=0.05, italic=False, languageStyle='LTR', name='Welcome_Text', opacity=1, ori=0.0, pos=array([0., 0.]), rgb=UNKNOWN, text=str(...), units='height', win=Window(...), wrapWidth=1)
9.6441 	EXP 	window1: mouseVisible = False
9.6464 	EXP 	Created PLUS_FP = ShapeStim(__class__=<class 'psychopy.visual.shape.ShapeStim'>, anchor=('center', 'center'), autoDraw=False, autoLog=True, closeShape=True, color=method-wrapper(...), colorSpace='rgb', contrast=None, depth=-1.0, draggable=False, fillColor=array([1, 1, 1]), fillColorSpace='rgb', fillRGB=array([1, 1, 1]), interpolate=True, lineColor=array([1., 1., 1.]), lineColorSpace='rgb', lineRGB=array([1, 1, 1]), lineWidth=1.0, name='PLUS_FP', opacity=1, ori=0.0, pos=array([0., 0.]), size=array([0.05, 0.05]), units='height', vertices=ndarray(...), win=Window(...), windingRule=None)
9.6465 	EXP 	window1: mouseVisible = False
9.6472 	EXP 	Created polygon = ShapeStim(__class__=<class 'psychopy.visual.shape.ShapeStim'>, anchor=('center', 'center'), autoDraw=False, autoLog=True, closeShape=True, color=method-wrapper(...), colorSpace='rgb', contrast=None, depth=-2.0, draggable=False, fillColor=array([1, 1, 1]), fillColorSpace='rgb', fillRGB=array([1, 1, 1]), interpolate=True, lineColor=array([1., 1., 1.]), lineColorSpace='rgb', lineRGB=array([1, 1, 1]), lineWidth=1.0, name='polygon', opacity=1, ori=0.0, pos=array([0., 0.]), size=array([0.5, 0.5]), units='height', vertices=ndarray(...), win=Window(...), windingRule=None)
9.6473 	EXP 	window1: mouseVisible = False
9.6481 	EXP 	Created AVG = TextStim(__class__=<class 'psychopy.visual.text.TextStim'>, alignHoriz=method-wrapper(...), alignText='center', alignVert=method-wrapper(...), anchorHoriz='center', anchorVert='center', antialias=True, autoDraw=False, autoLog=True, bold=False, color=array([1., 1., 1.]), colorSpace='rgb', contrast=1.0, depth=-4.0, draggable=False, flipHoriz=False, flipVert=False, font='Open Sans', fontFiles=[], height=0.05, italic=False, languageStyle='LTR', name='AVG', opacity=1, ori=0.0, pos=array([ 0.  , -0.35]), rgb=UNKNOWN, text='', units='height', win=Window(...), wrapWidth=1)
9.6482 	EXP 	window1: mouseVisible = False
9.6491 	EXP 	Created Photodiode_polygon = Rect(__class__=<class 'psychopy.visual.rect.Rect'>, anchor=('center', 'center'), autoDraw=False, autoLog=True, closeShape=True, color=method-wrapper(...), colorSpace='rgb', contrast=None, depth=-5.0, draggable=False, fillColor=array([1, 1, 1]), fillColorSpace='rgb', fillRGB=array([1, 1, 1]), interpolate=True, lineColor=array([1., 1., 1.]), lineColorSpace='rgb', lineRGB=array([1, 1, 1]), lineWidth=1.0, name='Photodiode_polygon', opacity=1, ori=0.0, pos=array([ 0.735, -0.44 ]), size=array([0.11, 0.11]), units='height', vertices=ndarray(...), win=Window(...))
9.6491 	EXP 	window1: mouseVisible = False
9.6497 	EXP 	Created Photodiode_plus = Rect(__class__=<class 'psychopy.visual.rect.Rect'>, anchor=('center', 'center'), autoDraw=False, autoLog=True, closeShape=True, color=method-wrapper(...), colorSpace='rgb', contrast=None, depth=-6.0, draggable=False, fillColor=array([1, 1, 1]), fillColorSpace='rgb', fillRGB=array([1, 1, 1]), interpolate=True, lineColor=array([1., 1., 1.]), lineColorSpace='rgb', lineRGB=array([1, 1, 1]), lineWidth=1.0, name='Photodiode_plus', opacity=1, ori=0.0, pos=array([ 0.735, -0.44 ]), size=array([0.11, 0.11]), units='height', vertices=ndarray(...), win=Window(...))
9.6497 	EXP 	window1: mouseVisible = False
9.6501 	EXP 	Created text = TextStim(__class__=<class 'psychopy.visual.text.TextStim'>, alignHoriz=method-wrapper(...), alignText='center', alignVert=method-wrapper(...), anchorHoriz='center', anchorVert='center', antialias=True, autoDraw=False, autoLog=True, bold=False, color=array([1., 1., 1.]), colorSpace='rgb', contrast=1.0, depth=0.0, draggable=False, flipHoriz=False, flipVert=False, font='Open Sans', fontFiles=[], height=0.05, italic=False, languageStyle='LTR', name='text', opacity=1, ori=0.0, pos=array([ 0.  , -0.35]), rgb=UNKNOWN, text='', units='height', win=Window(...), wrapWidth=1)
9.6501 	EXP 	window1: mouseVisible = False
9.6508 	EXP 	Created Photodiode_2 = Rect(__class__=<class 'psychopy.visual.rect.Rect'>, anchor=('center', 'center'), autoDraw=False, autoLog=True, closeShape=True, color=method-wrapper(...), colorSpace='rgb', contrast=None, depth=-2.0, draggable=False, fillColor=array([1, 1, 1]), fillColorSpace='rgb', fillRGB=array([1, 1, 1]), interpolate=True, lineColor=array([1., 1., 1.]), lineColorSpace='rgb', lineRGB=array([1, 1, 1]), lineWidth=1.0, name='Photodiode_2', opacity=1, ori=0.0, pos=array([ 0.735, -0.44 ]), size=array([0.11, 0.11]), units='height', vertices=ndarray(...), win=Window(...))
9.6509 	EXP 	window1: mouseVisible = False
9.6512 	EXP 	Created Instructions = TextStim(__class__=<class 'psychopy.visual.text.TextStim'>, alignHoriz=method-wrapper(...), alignText='center', alignVert=method-wrapper(...), anchorHoriz='center', anchorVert='center', antialias=True, autoDraw=False, autoLog=True, bold=False, color=array([1., 1., 1.]), colorSpace='rgb', contrast=1.0, depth=0.0, draggable=False, flipHoriz=False, flipVert=False, font='Open Sans', fontFiles=[], height=0.05, italic=False, languageStyle='LTR', name='Instructions', opacity=1, ori=0.0, pos=array([0., 0.]), rgb=UNKNOWN, text='', units='height', win=Window(...), wrapWidth=1)
0.0140 	EXP 	Welcome_Text: autoDraw = True
12.2932 	DATA 	Mouse: Left button down, pos=(753,674)
12.3097 	EXP 	New trial (rep=0, index=0): <Trial 0 (0 in rep 0) data={'thisN': 0, 'thisTrialN': 0, 'thisRepN': 0}>
12.3103 	EXP 	New trial (rep=0, index=0): <Trial 0 (0 in rep 0) data={'thisN': 0, 'thisTrialN': 0, 'thisRepN': 0}>
12.3245 	EXP 	Welcome_Text: autoDraw = False
12.3245 	EXP 	AVG: text = ''
12.3245 	EXP 	PLUS_FP: autoDraw = True
12.3245 	EXP 	AVG: autoDraw = True
12.3245 	EXP 	Photodiode_plus: autoDraw = True
12.3915 	DATA 	Mouse:  Left button up, pos=(753,674)
12.5249 	EXP 	Photodiode_plus: autoDraw = False
14.3100 	EXP 	PLUS_FP: autoDraw = False
14.3100 	EXP 	polygon: autoDraw = True
14.3100 	EXP 	Photodiode_polygon: autoDraw = True
14.3267 	EXP 	Photodiode_polygon: autoDraw = False
14.5934 	DATA 	Mouse: Left button down, pos=(754,679)
14.6102 	EXP 	PLUS_FP: autoDraw = False
14.6102 	EXP 	polygon: autoDraw = False
14.6102 	EXP 	AVG: autoDraw = False
14.6102 	EXP 	Photodiode_polygon: autoDraw = False
14.6102 	EXP 	Photodiode_plus: autoDraw = False
14.6102 	EXP 	Photodiode_2: autoDraw = True
14.6607 	DATA 	Mouse:  Left button up, pos=(754,679)
15.9289 	EXP 	New trial (rep=1, index=0): <Trial 1 (0 in rep 1) data={'thisN': 1, 'thisTrialN': 0, 'thisRepN': 1}>
15.9446 	EXP 	text: autoDraw = False
15.9446 	EXP 	Photodiode_2: autoDraw = False
15.9446 	EXP 	AVG: text = ''
15.9446 	EXP 	PLUS_FP: autoDraw = True
15.9446 	EXP 	AVG: autoDraw = True
15.9446 	EXP 	Photodiode_plus: autoDraw = True
16.1447 	EXP 	Photodiode_plus: autoDraw = False
17.9295 	EXP 	PLUS_FP: autoDraw = False
17.9295 	EXP 	polygon: autoDraw = True
17.9295 	EXP 	Photodiode_polygon: autoDraw = True
17.9462 	EXP 	Photodiode_polygon: autoDraw = False
18.1631 	DATA 	Mouse: Left button down, pos=(754,679)
18.1795 	EXP 	PLUS_FP: autoDraw = False
18.1795 	EXP 	polygon: autoDraw = False
18.1795 	EXP 	AVG: autoDraw = False
18.1795 	EXP 	Photodiode_polygon: autoDraw = False
18.1795 	EXP 	Photodiode_plus: autoDraw = False
18.1795 	EXP 	Photodiode_2: autoDraw = True
18.2307 	DATA 	Mouse:  Left button up, pos=(754,679)
19.4804 	EXP 	New trial (rep=2, index=0): <Trial 2 (0 in rep 2) data={'thisN': 2, 'thisTrialN': 0, 'thisRepN': 2}>
19.4973 	EXP 	text: autoDraw = False
19.4973 	EXP 	Photodiode_2: autoDraw = False
19.4973 	EXP 	AVG: text = ''
19.4973 	EXP 	PLUS_FP: autoDraw = True
19.4973 	EXP 	AVG: autoDraw = True
19.4973 	EXP 	Photodiode_plus: autoDraw = True
19.6977 	EXP 	Photodiode_plus: autoDraw = False
21.4816 	EXP 	PLUS_FP: autoDraw = False
21.4816 	EXP 	polygon: autoDraw = True
21.4816 	EXP 	Photodiode_polygon: autoDraw = True
21.4988 	EXP 	Photodiode_polygon: autoDraw = False
21.8334 	DATA 	Mouse: Left button down, pos=(747,679)
21.8495 	EXP 	PLUS_FP: autoDraw = False
21.8495 	EXP 	polygon: autoDraw = False
21.8495 	EXP 	AVG: autoDraw = False
21.8495 	EXP 	Photodiode_polygon: autoDraw = False
21.8495 	EXP 	Photodiode_plus: autoDraw = False
21.8495 	EXP 	Photodiode_2: autoDraw = True
21.9006 	DATA 	Mouse:  Left button up, pos=(747,679)
23.0680 	EXP 	New trial (rep=3, index=0): <Trial 3 (0 in rep 3) data={'thisN': 3, 'thisTrialN': 0, 'thisRepN': 3}>
23.0839 	EXP 	text: autoDraw = False
23.0839 	EXP 	Photodiode_2: autoDraw = False
23.0839 	EXP 	AVG: text = ''
23.0839 	EXP 	PLUS_FP: autoDraw = True
23.0839 	EXP 	AVG: autoDraw = True
23.0839 	EXP 	Photodiode_plus: autoDraw = True
23.2842 	EXP 	Photodiode_plus: autoDraw = False
23.5677 	EXP 	PLUS_FP: autoDraw = False
23.5677 	EXP 	polygon: autoDraw = True
23.5677 	EXP 	Photodiode_polygon: autoDraw = True
23.5846 	EXP 	Photodiode_polygon: autoDraw = False
24.1350 	DATA 	Mouse: Left button down, pos=(745,679)
24.1511 	EXP 	PLUS_FP: autoDraw = False
24.1511 	EXP 	polygon: autoDraw = False
24.1511 	EXP 	AVG: autoDraw = False
24.1511 	EXP 	Photodiode_polygon: autoDraw = False
24.1511 	EXP 	Photodiode_plus: autoDraw = False
24.1511 	EXP 	Photodiode_2: autoDraw = True
24.2352 	DATA 	Mouse:  Left button up, pos=(745,679)
24.6521 	EXP 	Photodiode_2: autoDraw = False
25.3534 	EXP 	New trial (rep=4, index=0): <Trial 4 (0 in rep 4) data={'thisN': 4, 'thisTrialN': 0, 'thisRepN': 4}>
25.3687 	EXP 	text: autoDraw = False
25.3687 	EXP 	Photodiode_2: autoDraw = False
25.3687 	EXP 	AVG: text = ''
25.3687 	EXP 	PLUS_FP: autoDraw = True
25.3687 	EXP 	AVG: autoDraw = True
25.3687 	EXP 	Photodiode_plus: autoDraw = True
25.5691 	EXP 	Photodiode_plus: autoDraw = False
25.8528 	EXP 	PLUS_FP: autoDraw = False
25.8528 	EXP 	polygon: autoDraw = True
25.8528 	EXP 	Photodiode_polygon: autoDraw = True
25.8694 	EXP 	Photodiode_polygon: autoDraw = False
26.1886 	DATA 	Mouse: Left button down, pos=(745,679)
26.2197 	EXP 	PLUS_FP: autoDraw = False
26.2197 	EXP 	polygon: autoDraw = False
26.2197 	EXP 	AVG: autoDraw = False
26.2197 	EXP 	Photodiode_polygon: autoDraw = False
26.2197 	EXP 	Photodiode_plus: autoDraw = False
26.2197 	EXP 	Photodiode_2: autoDraw = True
26.2705 	DATA 	Mouse:  Left button up, pos=(745,679)
26.7201 	EXP 	Photodiode_2: autoDraw = False
27.5551 	EXP 	New trial (rep=5, index=0): <Trial 5 (0 in rep 5) data={'thisN': 5, 'thisTrialN': 0, 'thisRepN': 5}>
27.5709 	EXP 	text: autoDraw = False
27.5709 	EXP 	Photodiode_2: autoDraw = False
27.5709 	EXP 	AVG: text = ''
27.5709 	EXP 	PLUS_FP: autoDraw = True
27.5709 	EXP 	AVG: autoDraw = True
27.5709 	EXP 	Photodiode_plus: autoDraw = True
27.7715 	EXP 	Photodiode_plus: autoDraw = False
29.5552 	EXP 	PLUS_FP: autoDraw = False
29.5552 	EXP 	polygon: autoDraw = True
29.5552 	EXP 	Photodiode_polygon: autoDraw = True
29.5720 	EXP 	Photodiode_polygon: autoDraw = False
29.8058 	DATA 	Mouse: Left button down, pos=(745,679)
29.8221 	EXP 	PLUS_FP: autoDraw = False
29.8221 	EXP 	polygon: autoDraw = False
29.8221 	EXP 	AVG: autoDraw = False
29.8221 	EXP 	Photodiode_polygon: autoDraw = False
29.8221 	EXP 	Photodiode_plus: autoDraw = False
29.8221 	EXP 	Photodiode_2: autoDraw = True
29.8898 	DATA 	Mouse:  Left button up, pos=(745,679)
31.3414 	EXP 	New trial (rep=6, index=0): <Trial 6 (0 in rep 6) data={'thisN': 6, 'thisTrialN': 0, 'thisRepN': 6}>
31.3574 	EXP 	text: autoDraw = False
31.3574 	EXP 	Photodiode_2: autoDraw = False
31.3574 	EXP 	AVG: text = ''
31.3574 	EXP 	PLUS_FP: autoDraw = True
31.3574 	EXP 	AVG: autoDraw = True
31.3574 	EXP 	Photodiode_plus: autoDraw = True
31.5575 	EXP 	Photodiode_plus: autoDraw = False
31.8412 	EXP 	PLUS_FP: autoDraw = False
31.8412 	EXP 	polygon: autoDraw = True
31.8412 	EXP 	Photodiode_polygon: autoDraw = True
31.8578 	EXP 	Photodiode_polygon: autoDraw = False
32.2086 	DATA 	Mouse: Left button down, pos=(743,673)
32.2247 	EXP 	PLUS_FP: autoDraw = False
32.2247 	EXP 	polygon: autoDraw = False
32.2247 	EXP 	AVG: autoDraw = False
32.2247 	EXP 	Photodiode_polygon: autoDraw = False
32.2247 	EXP 	Photodiode_plus: autoDraw = False
32.2247 	EXP 	Photodiode_2: autoDraw = True
32.2587 	DATA 	Mouse:  Left button up, pos=(743,673)
32.7253 	EXP 	Photodiode_2: autoDraw = False
33.5433 	EXP 	New trial (rep=7, index=0): <Trial 7 (0 in rep 7) data={'thisN': 7, 'thisTrialN': 0, 'thisRepN': 7}>
33.5592 	EXP 	text: autoDraw = False
33.5592 	EXP 	Photodiode_2: autoDraw = False
33.5592 	EXP 	AVG: text = ''
33.5592 	EXP 	PLUS_FP: autoDraw = True
33.5592 	EXP 	AVG: autoDraw = True
33.5592 	EXP 	Photodiode_plus: autoDraw = True
33.7594 	EXP 	Photodiode_plus: autoDraw = False
34.0429 	EXP 	PLUS_FP: autoDraw = False
34.0429 	EXP 	polygon: autoDraw = True
34.0429 	EXP 	Photodiode_polygon: autoDraw = True
34.0596 	EXP 	Photodiode_polygon: autoDraw = False
34.3940 	DATA 	Mouse: Left button down, pos=(743,673)
34.4099 	EXP 	PLUS_FP: autoDraw = False
34.4099 	EXP 	polygon: autoDraw = False
34.4099 	EXP 	AVG: autoDraw = False
34.4099 	EXP 	Photodiode_polygon: autoDraw = False
34.4099 	EXP 	Photodiode_plus: autoDraw = False
34.4099 	EXP 	Photodiode_2: autoDraw = True
34.4938 	DATA 	Mouse:  Left button up, pos=(743,673)
34.9103 	EXP 	Photodiode_2: autoDraw = False
35.9289 	EXP 	New trial (rep=8, index=0): <Trial 8 (0 in rep 8) data={'thisN': 8, 'thisTrialN': 0, 'thisRepN': 8}>
35.9445 	EXP 	text: autoDraw = False
35.9445 	EXP 	Photodiode_2: autoDraw = False
35.9445 	EXP 	AVG: text = ''
35.9445 	EXP 	PLUS_FP: autoDraw = True
35.9445 	EXP 	AVG: autoDraw = True
35.9445 	EXP 	Photodiode_plus: autoDraw = True
36.1447 	EXP 	Photodiode_plus: autoDraw = False
36.4283 	EXP 	PLUS_FP: autoDraw = False
36.4283 	EXP 	polygon: autoDraw = True
36.4283 	EXP 	Photodiode_polygon: autoDraw = True
36.4450 	EXP 	Photodiode_polygon: autoDraw = False
36.7794 	DATA 	Mouse: Left button down, pos=(743,673)
36.7953 	EXP 	PLUS_FP: autoDraw = False
36.7953 	EXP 	polygon: autoDraw = False
36.7953 	EXP 	AVG: autoDraw = False
36.7953 	EXP 	Photodiode_polygon: autoDraw = False
36.7953 	EXP 	Photodiode_plus: autoDraw = False
36.7953 	EXP 	Photodiode_2: autoDraw = True
36.8458 	DATA 	Mouse:  Left button up, pos=(743,673)
37.2955 	EXP 	Photodiode_2: autoDraw = False
38.3638 	EXP 	New trial (rep=9, index=0): <Trial 9 (0 in rep 9) data={'thisN': 9, 'thisTrialN': 0, 'thisRepN': 9}>
38.3797 	EXP 	text: autoDraw = False
38.3797 	EXP 	Photodiode_2: autoDraw = False
38.3797 	EXP 	AVG: text = ''
38.3797 	EXP 	PLUS_FP: autoDraw = True
38.3797 	EXP 	AVG: autoDraw = True
38.3797 	EXP 	Photodiode_plus: autoDraw = True
38.5800 	EXP 	Photodiode_plus: autoDraw = False
38.8637 	EXP 	PLUS_FP: autoDraw = False
38.8637 	EXP 	polygon: autoDraw = True
38.8637 	EXP 	Photodiode_polygon: autoDraw = True
38.8803 	EXP 	Photodiode_polygon: autoDraw = False
39.2480 	DATA 	Mouse: Left button down, pos=(730,676)
39.2640 	EXP 	PLUS_FP: autoDraw = False
39.2640 	EXP 	polygon: autoDraw = False
39.2640 	EXP 	AVG: autoDraw = False
39.2640 	EXP 	Photodiode_polygon: autoDraw = False
39.2640 	EXP 	Photodiode_plus: autoDraw = False
39.2640 	EXP 	Photodiode_2: autoDraw = True
39.3480 	DATA 	Mouse:  Left button up, pos=(730,676)
39.7643 	EXP 	Photodiode_2: autoDraw = False
40.9162 	EXP 	New trial (rep=10, index=0): <Trial 10 (0 in rep 10) data={'thisN': 10, 'thisTrialN': 0, 'thisRepN': 10}>
40.9323 	EXP 	text: autoDraw = False
40.9323 	EXP 	Photodiode_2: autoDraw = False
40.9323 	EXP 	AVG: text = ''
40.9323 	EXP 	PLUS_FP: autoDraw = True
40.9323 	EXP 	AVG: autoDraw = True
40.9323 	EXP 	Photodiode_plus: autoDraw = True
41.1326 	EXP 	Photodiode_plus: autoDraw = False
41.4161 	EXP 	PLUS_FP: autoDraw = False
41.4161 	EXP 	polygon: autoDraw = True
41.4161 	EXP 	Photodiode_polygon: autoDraw = True
41.4324 	EXP 	Photodiode_polygon: autoDraw = False
41.6845 	DATA 	Mouse: Left button down, pos=(730,676)
41.7161 	EXP 	PLUS_FP: autoDraw = False
41.7161 	EXP 	polygon: autoDraw = False
41.7161 	EXP 	AVG: autoDraw = False
41.7161 	EXP 	Photodiode_polygon: autoDraw = False
41.7161 	EXP 	Photodiode_plus: autoDraw = False
41.7161 	EXP 	Photodiode_2: autoDraw = True
41.7999 	DATA 	Mouse:  Left button up, pos=(730,676)
42.2165 	EXP 	Photodiode_2: autoDraw = False
43.2849 	EXP 	New trial (rep=11, index=0): <Trial 11 (0 in rep 11) data={'thisN': 11, 'thisTrialN': 0, 'thisRepN': 11}>
43.3007 	EXP 	text: autoDraw = False
43.3007 	EXP 	Photodiode_2: autoDraw = False
43.3007 	EXP 	AVG: text = ''
43.3007 	EXP 	PLUS_FP: autoDraw = True
43.3007 	EXP 	AVG: autoDraw = True
43.3007 	EXP 	Photodiode_plus: autoDraw = True
43.5008 	EXP 	Photodiode_plus: autoDraw = False
45.2857 	EXP 	PLUS_FP: autoDraw = False
45.2857 	EXP 	polygon: autoDraw = True
45.2857 	EXP 	Photodiode_polygon: autoDraw = True
45.3022 	EXP 	Photodiode_polygon: autoDraw = False
45.5358 	DATA 	Mouse: Left button down, pos=(763,633)
45.5522 	EXP 	PLUS_FP: autoDraw = False
45.5522 	EXP 	polygon: autoDraw = False
45.5522 	EXP 	AVG: autoDraw = False
45.5522 	EXP 	Photodiode_polygon: autoDraw = False
45.5522 	EXP 	Photodiode_plus: autoDraw = False
45.5522 	EXP 	Photodiode_2: autoDraw = True
45.6198 	DATA 	Mouse:  Left button up, pos=(763,633)
47.0879 	EXP 	New trial (rep=12, index=0): <Trial 12 (0 in rep 12) data={'thisN': 12, 'thisTrialN': 0, 'thisRepN': 12}>
47.1038 	EXP 	text: autoDraw = False
47.1038 	EXP 	Photodiode_2: autoDraw = False
47.1038 	EXP 	AVG: text = ''
47.1038 	EXP 	PLUS_FP: autoDraw = True
47.1038 	EXP 	AVG: autoDraw = True
47.1038 	EXP 	Photodiode_plus: autoDraw = True
47.3039 	EXP 	Photodiode_plus: autoDraw = False
49.0888 	EXP 	PLUS_FP: autoDraw = False
49.0888 	EXP 	polygon: autoDraw = True
49.0888 	EXP 	Photodiode_polygon: autoDraw = True
49.1055 	EXP 	Photodiode_polygon: autoDraw = False
49.3064 	DATA 	Mouse: Left button down, pos=(784,655)
49.3224 	EXP 	PLUS_FP: autoDraw = False
49.3224 	EXP 	polygon: autoDraw = False
49.3224 	EXP 	AVG: autoDraw = False
49.3224 	EXP 	Photodiode_polygon: autoDraw = False
49.3224 	EXP 	Photodiode_plus: autoDraw = False
49.3224 	EXP 	Photodiode_2: autoDraw = True
49.3900 	DATA 	Mouse:  Left button up, pos=(784,655)
50.9417 	EXP 	New trial (rep=13, index=0): <Trial 13 (0 in rep 13) data={'thisN': 13, 'thisTrialN': 0, 'thisRepN': 13}>
50.9573 	EXP 	text: autoDraw = False
50.9573 	EXP 	Photodiode_2: autoDraw = False
50.9573 	EXP 	AVG: text = ''
50.9573 	EXP 	PLUS_FP: autoDraw = True
50.9573 	EXP 	AVG: autoDraw = True
50.9573 	EXP 	Photodiode_plus: autoDraw = True
51.1574 	EXP 	Photodiode_plus: autoDraw = False
52.9422 	EXP 	PLUS_FP: autoDraw = False
52.9422 	EXP 	polygon: autoDraw = True
52.9422 	EXP 	Photodiode_polygon: autoDraw = True
52.9587 	EXP 	Photodiode_polygon: autoDraw = False
53.2094 	DATA 	Mouse: Left button down, pos=(784,655)
53.2258 	EXP 	PLUS_FP: autoDraw = False
53.2258 	EXP 	polygon: autoDraw = False
53.2258 	EXP 	AVG: autoDraw = False
53.2258 	EXP 	Photodiode_polygon: autoDraw = False
53.2258 	EXP 	Photodiode_plus: autoDraw = False
53.2258 	EXP 	Photodiode_2: autoDraw = True
53.2767 	DATA 	Mouse:  Left button up, pos=(784,655)
54.5275 	EXP 	New trial (rep=14, index=0): <Trial 14 (0 in rep 14) data={'thisN': 14, 'thisTrialN': 0, 'thisRepN': 14}>
54.5433 	EXP 	text: autoDraw = False
54.5433 	EXP 	Photodiode_2: autoDraw = False
54.5433 	EXP 	AVG: text = ''
54.5433 	EXP 	PLUS_FP: autoDraw = True
54.5433 	EXP 	AVG: autoDraw = True
54.5433 	EXP 	Photodiode_plus: autoDraw = True
54.7432 	EXP 	Photodiode_plus: autoDraw = False
56.5283 	EXP 	PLUS_FP: autoDraw = False
56.5283 	EXP 	polygon: autoDraw = True
56.5283 	EXP 	Photodiode_polygon: autoDraw = True
56.5450 	EXP 	Photodiode_polygon: autoDraw = False
56.9791 	DATA 	Mouse: Left button down, pos=(784,668)
56.9954 	EXP 	PLUS_FP: autoDraw = False
56.9954 	EXP 	polygon: autoDraw = False
56.9954 	EXP 	AVG: autoDraw = False
56.9954 	EXP 	Photodiode_polygon: autoDraw = False
56.9954 	EXP 	Photodiode_plus: autoDraw = False
56.9954 	EXP 	Photodiode_2: autoDraw = True
57.0626 	DATA 	Mouse:  Left button up, pos=(784,668)
58.6313 	EXP 	New trial (rep=15, index=0): <Trial 15 (0 in rep 15) data={'thisN': 15, 'thisTrialN': 0, 'thisRepN': 15}>
58.6467 	EXP 	text: autoDraw = False
58.6467 	EXP 	Photodiode_2: autoDraw = False
58.6467 	EXP 	AVG: text = ''
58.6467 	EXP 	PLUS_FP: autoDraw = True
58.6467 	EXP 	AVG: autoDraw = True
58.6467 	EXP 	Photodiode_plus: autoDraw = True
58.8470 	EXP 	Photodiode_plus: autoDraw = False
60.0820 	EXP 	PLUS_FP: autoDraw = False
60.0820 	EXP 	polygon: autoDraw = True
60.0820 	EXP 	Photodiode_polygon: autoDraw = True
60.0982 	EXP 	Photodiode_polygon: autoDraw = False
60.3323 	DATA 	Mouse: Left button down, pos=(871,708)
60.3482 	EXP 	PLUS_FP: autoDraw = False
60.3482 	EXP 	polygon: autoDraw = False
60.3482 	EXP 	AVG: autoDraw = False
60.3482 	EXP 	Photodiode_polygon: autoDraw = False
60.3482 	EXP 	Photodiode_plus: autoDraw = False
60.3482 	EXP 	Photodiode_2: autoDraw = True
60.4320 	DATA 	Mouse:  Left button up, pos=(871,708)
61.7992 	EXP 	Photodiode_2: autoDraw = False
61.8668 	EXP 	New trial (rep=16, index=0): <Trial 16 (0 in rep 16) data={'thisN': 16, 'thisTrialN': 0, 'thisRepN': 16}>
61.8828 	EXP 	text: autoDraw = False
61.8828 	EXP 	Photodiode_2: autoDraw = False
61.8828 	EXP 	AVG: text = ''
61.8828 	EXP 	PLUS_FP: autoDraw = True
61.8828 	EXP 	AVG: autoDraw = True
61.8828 	EXP 	Photodiode_plus: autoDraw = True
62.0830 	EXP 	Photodiode_plus: autoDraw = False
63.8677 	EXP 	PLUS_FP: autoDraw = False
63.8677 	EXP 	polygon: autoDraw = True
63.8677 	EXP 	Photodiode_polygon: autoDraw = True
63.8845 	EXP 	Photodiode_polygon: autoDraw = False
64.1349 	DATA 	Mouse: Left button down, pos=(871,708)
64.1513 	EXP 	PLUS_FP: autoDraw = False
64.1513 	EXP 	polygon: autoDraw = False
64.1513 	EXP 	AVG: autoDraw = False
64.1513 	EXP 	Photodiode_polygon: autoDraw = False
64.1513 	EXP 	Photodiode_plus: autoDraw = False
64.1513 	EXP 	Photodiode_2: autoDraw = True
64.2351 	DATA 	Mouse:  Left button up, pos=(871,708)
65.4365 	EXP 	New trial (rep=17, index=0): <Trial 17 (0 in rep 17) data={'thisN': 17, 'thisTrialN': 0, 'thisRepN': 17}>
65.4522 	EXP 	text: autoDraw = False
65.4522 	EXP 	Photodiode_2: autoDraw = False
65.4522 	EXP 	AVG: text = ''
65.4522 	EXP 	PLUS_FP: autoDraw = True
65.4522 	EXP 	AVG: autoDraw = True
65.4522 	EXP 	Photodiode_plus: autoDraw = True
65.6526 	EXP 	Photodiode_plus: autoDraw = False
67.4380 	EXP 	PLUS_FP: autoDraw = False
67.4380 	EXP 	polygon: autoDraw = True
67.4380 	EXP 	Photodiode_polygon: autoDraw = True
67.4543 	EXP 	Photodiode_polygon: autoDraw = False
67.7216 	DATA 	Mouse: Left button down, pos=(887,742)
67.7375 	EXP 	PLUS_FP: autoDraw = False
67.7375 	EXP 	polygon: autoDraw = False
67.7375 	EXP 	AVG: autoDraw = False
67.7375 	EXP 	Photodiode_polygon: autoDraw = False
67.7375 	EXP 	Photodiode_plus: autoDraw = False
67.7375 	EXP 	Photodiode_2: autoDraw = True
67.8221 	DATA 	Mouse:  Left button up, pos=(887,742)
69.0229 	EXP 	New trial (rep=18, index=0): <Trial 18 (0 in rep 18) data={'thisN': 18, 'thisTrialN': 0, 'thisRepN': 18}>
69.0387 	EXP 	text: autoDraw = False
69.0387 	EXP 	Photodiode_2: autoDraw = False
69.0387 	EXP 	AVG: text = ''
69.0387 	EXP 	PLUS_FP: autoDraw = True
69.0387 	EXP 	AVG: autoDraw = True
69.0387 	EXP 	Photodiode_plus: autoDraw = True
69.2389 	EXP 	Photodiode_plus: autoDraw = False
71.0238 	EXP 	PLUS_FP: autoDraw = False
71.0238 	EXP 	polygon: autoDraw = True
71.0238 	EXP 	Photodiode_polygon: autoDraw = True
71.0406 	EXP 	Photodiode_polygon: autoDraw = False
71.2578 	DATA 	Mouse: Left button down, pos=(881,742)
71.2737 	EXP 	PLUS_FP: autoDraw = False
71.2737 	EXP 	polygon: autoDraw = False
71.2737 	EXP 	AVG: autoDraw = False
71.2737 	EXP 	Photodiode_polygon: autoDraw = False
71.2737 	EXP 	Photodiode_plus: autoDraw = False
71.2737 	EXP 	Photodiode_2: autoDraw = True
71.3745 	DATA 	Mouse:  Left button up, pos=(881,742)
72.7931 	EXP 	New trial (rep=19, index=0): <Trial 19 (0 in rep 19) data={'thisN': 19, 'thisTrialN': 0, 'thisRepN': 19}>
72.8088 	EXP 	text: autoDraw = False
72.8088 	EXP 	Photodiode_2: autoDraw = False
72.8088 	EXP 	AVG: text = ''
72.8088 	EXP 	PLUS_FP: autoDraw = True
72.8088 	EXP 	AVG: autoDraw = True
72.8088 	EXP 	Photodiode_plus: autoDraw = True
73.0087 	EXP 	Photodiode_plus: autoDraw = False
74.7929 	EXP 	PLUS_FP: autoDraw = False
74.7929 	EXP 	polygon: autoDraw = True
74.7929 	EXP 	Photodiode_polygon: autoDraw = True
74.8101 	EXP 	Photodiode_polygon: autoDraw = False
75.0274 	DATA 	Mouse: Left button down, pos=(881,742)
75.0437 	EXP 	PLUS_FP: autoDraw = False
75.0437 	EXP 	polygon: autoDraw = False
75.0437 	EXP 	AVG: autoDraw = False
75.0437 	EXP 	Photodiode_polygon: autoDraw = False
75.0437 	EXP 	Photodiode_plus: autoDraw = False
75.0437 	EXP 	Photodiode_2: autoDraw = True
75.1277 	DATA 	Mouse:  Left button up, pos=(881,742)
76.3629 	EXP 	New trial (rep=20, index=0): <Trial 20 (0 in rep 20) data={'thisN': 20, 'thisTrialN': 0, 'thisRepN': 20}>
76.3782 	EXP 	text: autoDraw = False
76.3782 	EXP 	Photodiode_2: autoDraw = False
76.3782 	EXP 	AVG: text = ''
76.3782 	EXP 	PLUS_FP: autoDraw = True
76.3782 	EXP 	AVG: autoDraw = True
76.3782 	EXP 	Photodiode_plus: autoDraw = True
76.5786 	EXP 	Photodiode_plus: autoDraw = False
78.3631 	EXP 	PLUS_FP: autoDraw = False
78.3631 	EXP 	polygon: autoDraw = True
78.3631 	EXP 	Photodiode_polygon: autoDraw = True
78.3798 	EXP 	Photodiode_polygon: autoDraw = False
78.7652 	DATA 	Mouse: Left button down, pos=(878,738)
78.7968 	EXP 	PLUS_FP: autoDraw = False
78.7968 	EXP 	polygon: autoDraw = False
78.7968 	EXP 	AVG: autoDraw = False
78.7968 	EXP 	Photodiode_polygon: autoDraw = False
78.7968 	EXP 	Photodiode_plus: autoDraw = False
78.7968 	EXP 	Photodiode_2: autoDraw = True
78.8806 	DATA 	Mouse:  Left button up, pos=(878,738)
80.4495 	EXP 	New trial (rep=21, index=0): <Trial 21 (0 in rep 21) data={'thisN': 21, 'thisTrialN': 0, 'thisRepN': 21}>
80.4652 	EXP 	text: autoDraw = False
80.4652 	EXP 	Photodiode_2: autoDraw = False
80.4652 	EXP 	AVG: text = ''
80.4652 	EXP 	PLUS_FP: autoDraw = True
80.4652 	EXP 	AVG: autoDraw = True
80.4652 	EXP 	Photodiode_plus: autoDraw = True
80.6651 	EXP 	Photodiode_plus: autoDraw = False
82.4500 	EXP 	PLUS_FP: autoDraw = False
82.4500 	EXP 	polygon: autoDraw = True
82.4500 	EXP 	Photodiode_polygon: autoDraw = True
82.4666 	EXP 	Photodiode_polygon: autoDraw = False
82.5843 	DATA 	Mouse: Left button down, pos=(874,738)
82.6000 	EXP 	PLUS_FP: autoDraw = False
82.6000 	EXP 	polygon: autoDraw = False
82.6000 	EXP 	AVG: autoDraw = False
82.6000 	EXP 	Photodiode_polygon: autoDraw = False
82.6000 	EXP 	Photodiode_plus: autoDraw = False
82.6000 	EXP 	Photodiode_2: autoDraw = True
82.6838 	DATA 	Mouse:  Left button up, pos=(874,738)
83.9688 	EXP 	New trial (rep=22, index=0): <Trial 22 (0 in rep 22) data={'thisN': 22, 'thisTrialN': 0, 'thisRepN': 22}>
83.9849 	EXP 	text: autoDraw = False
83.9849 	EXP 	Photodiode_2: autoDraw = False
83.9849 	EXP 	AVG: text = ''
83.9849 	EXP 	PLUS_FP: autoDraw = True
83.9849 	EXP 	AVG: autoDraw = True
83.9849 	EXP 	Photodiode_plus: autoDraw = True
84.1846 	EXP 	Photodiode_plus: autoDraw = False
84.3183 	DATA 	Keypress: escape
84.4194 	EXP 	Foreperiod_task: status = STOPPED
84.4346 	EXP 	PLUS_FP: autoDraw = False
84.4346 	EXP 	AVG: autoDraw = False
84.4347 	EXP 	Foreperiod_task: status = STOPPED
84.5761 	EXP 	window1: mouseVisible = True
